Reading lines...
Read 20910 sentence pairs
Trimmed to 20910 sentence pairs
Counting words...
Counted words:
scan_in 15
scan_out 15
GPU unavailable, training with CPU
Initialized model GRU
Training SCAN model GRU on split 'around_right' for 10000 iterations on device cpu, intermediate rep? True, tag 3
Reading lines...
Read 15225 sentence pairs
Trimmed to 15225 sentence pairs
Counting words...
Counted words:
scan_in 15
scan_out 15
Loaded data from scan/SCAN-master/around_right_train_inter.txt
15225 examples. Sample pair: ['run left and jump left', 'and left run left jump']
Reading lines...
Read 5685 sentence pairs
Trimmed to 5685 sentence pairs
Counting words...
Counted words:
scan_in 15
scan_out 15
Loaded data from scan/SCAN-master/around_right_test_inter.txt
5685 examples. Sample pair: ['walk around left thrice after turn around right thrice', 'after thrice around walk left thrice around turn right']
Starting training: 10000 iterations
Hits 0/100 test samples
Duration (Remaining): 0m 43s (- 6m 33s) Iters: (1000 10%) Loss avg: 1.4552
Hits 2/100 test samples
Duration (Remaining): 1m 21s (- 5m 26s) Iters: (2000 20%) Loss avg: 0.6769
Hits 23/100 test samples
Duration (Remaining): 1m 48s (- 4m 14s) Iters: (3000 30%) Loss avg: 0.2535
Hits 87/100 test samples
Duration (Remaining): 2m 16s (- 3m 25s) Iters: (4000 40%) Loss avg: 0.0706
Hits 97/100 test samples
Duration (Remaining): 2m 42s (- 2m 42s) Iters: (5000 50%) Loss avg: 0.0190
Hits 100/100 test samples
Duration (Remaining): 3m 9s (- 2m 6s) Iters: (6000 60%) Loss avg: 0.0398
Hits 96/100 test samples
Duration (Remaining): 3m 37s (- 1m 33s) Iters: (7000 70%) Loss avg: 0.0113
Hits 100/100 test samples
Duration (Remaining): 4m 11s (- 1m 2s) Iters: (8000 80%) Loss avg: 0.0039
Hits 100/100 test samples
Duration (Remaining): 4m 42s (- 0m 31s) Iters: (9000 90%) Loss avg: 0.0352
Hits 100/100 test samples
Duration (Remaining): 5m 14s (- 0m 0s) Iters: (10000 100%) Loss avg: 0.0027
Hits 100/100 test samples
Evaluating training split accuracy
Evaluation accuracy: 93/100 = 0.93%
Evaluating test split accuracy
Evaluation accuracy: 71/100 = 0.71%
Saved model at saved/around_right_inter_10000_3.pt
