Reading lines...
Read 20910 sentence pairs
Trimmed to 20910 sentence pairs
Counting words...
Counted words:
scan_in 15
scan_out 8
Training on cuda:3
Initialized model GRU_A
Training SCAN model GRU_A on split 'around_right' for 2000 iterations on device cuda:3, intermediate rep? False, tag None
Reading lines...
Read 15225 sentence pairs
Trimmed to 15225 sentence pairs
Counting words...
Counted words:
scan_in 15
scan_out 8
Loaded data from scan/SCAN-master/around_right_train.txt
15225 examples. Sample pair: ['walk opposite left twice and walk', 'I_TURN_LEFT I_TURN_LEFT I_WALK I_TURN_LEFT I_TURN_LEFT I_WALK I_WALK']
Reading lines...
Read 5685 sentence pairs
Trimmed to 5685 sentence pairs
Counting words...
Counted words:
scan_in 15
scan_out 8
Loaded data from scan/SCAN-master/around_right_test.txt
5685 examples. Sample pair: ['jump around left and turn around right twice', 'I_TURN_LEFT I_JUMP I_TURN_LEFT I_JUMP I_TURN_LEFT I_JUMP I_TURN_LEFT I_JUMP I_TURN_RIGHT I_TURN_RIGHT I_TURN_RIGHT I_TURN_RIGHT I_TURN_RIGHT I_TURN_RIGHT I_TURN_RIGHT I_TURN_RIGHT']
Starting training: 2000 iterations
Hits 0/100 test samples
Duration (Remaining): 8m 53s (- 8m 53s) Iters: (1000 50%) Loss avg: 1.2566
Hits 0/100 test samples
Duration (Remaining): 12m 52s (- 0m 0s) Iters: (2000 100%) Loss avg: 0.9423
Hits 2/100 test samples
Evaluating training split accuracy
Evaluation accuracy: 8/100 = 0.08%
Evaluating test split accuracy
Evaluation accuracy: 0/100 = 0.00%
Saved model at saved/around_right_2000.pt
Reading lines...
Read 20910 sentence pairs
Trimmed to 20910 sentence pairs
Counting words...
Counted words:
scan_in 15
scan_out 8
Training on cuda:3
Initialized model GRU_A
Training SCAN model GRU_A on split 'around_right' for 1000 iterations on device cuda:3, intermediate rep? False, tag None
Reading lines...
Read 15225 sentence pairs
Trimmed to 15225 sentence pairs
Counting words...
Counted words:
scan_in 15
scan_out 8
Loaded data from scan/SCAN-master/around_right_train.txt
15225 examples. Sample pair: ['look around left after jump right thrice', 'I_TURN_RIGHT I_JUMP I_TURN_RIGHT I_JUMP I_TURN_RIGHT I_JUMP I_TURN_LEFT I_LOOK I_TURN_LEFT I_LOOK I_TURN_LEFT I_LOOK I_TURN_LEFT I_LOOK']
Reading lines...
Read 5685 sentence pairs
Trimmed to 5685 sentence pairs
Counting words...
Counted words:
scan_in 15
scan_out 8
Loaded data from scan/SCAN-master/around_right_test.txt
5685 examples. Sample pair: ['run opposite right twice after jump around right twice', 'I_TURN_RIGHT I_JUMP I_TURN_RIGHT I_JUMP I_TURN_RIGHT I_JUMP I_TURN_RIGHT I_JUMP I_TURN_RIGHT I_JUMP I_TURN_RIGHT I_JUMP I_TURN_RIGHT I_JUMP I_TURN_RIGHT I_JUMP I_TURN_RIGHT I_TURN_RIGHT I_RUN I_TURN_RIGHT I_TURN_RIGHT I_RUN']
Starting training: 1000 iterations
Hits 0/100 test samples
Duration (Remaining): 3m 35s (- 0m 0s) Iters: (1000 100%) Loss avg: 1.2770
Hits 0/100 test samples
Evaluating training split accuracy
Evaluation accuracy: 1/100 = 0.01%
Evaluating test split accuracy
Evaluation accuracy: 0/100 = 0.00%
Saved model at saved/around_right_1000.pt
Reading lines...
Read 20910 sentence pairs
Trimmed to 20910 sentence pairs
Counting words...
Counted words:
scan_in 15
scan_out 8
Training on cuda:3
Initialized model GRU_A
Training SCAN model GRU_A on split 'around_right' for 150000 iterations on device cuda:3, intermediate rep? False, tag None
Reading lines...
Read 15225 sentence pairs
Trimmed to 15225 sentence pairs
Counting words...
Counted words:
scan_in 15
scan_out 8
Loaded data from scan/SCAN-master/around_right_train.txt
15225 examples. Sample pair: ['look thrice after walk left twice', 'I_TURN_LEFT I_WALK I_TURN_LEFT I_WALK I_LOOK I_LOOK I_LOOK']
Reading lines...
Read 5685 sentence pairs
Trimmed to 5685 sentence pairs
Counting words...
Counted words:
scan_in 15
scan_out 8
Loaded data from scan/SCAN-master/around_right_test.txt
5685 examples. Sample pair: ['turn around right twice and walk around left', 'I_TURN_RIGHT I_TURN_RIGHT I_TURN_RIGHT I_TURN_RIGHT I_TURN_RIGHT I_TURN_RIGHT I_TURN_RIGHT I_TURN_RIGHT I_TURN_LEFT I_WALK I_TURN_LEFT I_WALK I_TURN_LEFT I_WALK I_TURN_LEFT I_WALK']
Starting training: 150000 iterations
Hits 0/100 test samples
Duration (Remaining): 5m 55s (- 883m 7s) Iters: (1000 0%) Loss avg: 1.2712
Hits 0/100 test samples
Duration (Remaining): 10m 6s (- 748m 31s) Iters: (2000 1%) Loss avg: 0.9414
Hits 4/100 test samples
Duration (Remaining): 15m 4s (- 738m 55s) Iters: (3000 2%) Loss avg: 0.7943
Hits 2/100 test samples
Duration (Remaining): 19m 12s (- 701m 14s) Iters: (4000 2%) Loss avg: 0.6577
Hits 9/100 test samples
Duration (Remaining): 23m 23s (- 678m 27s) Iters: (5000 3%) Loss avg: 0.5713
Hits 12/100 test samples
Duration (Remaining): 27m 35s (- 662m 20s) Iters: (6000 4%) Loss avg: 0.4703
Hits 16/100 test samples
Duration (Remaining): 31m 53s (- 651m 25s) Iters: (7000 4%) Loss avg: 0.4195
Hits 30/100 test samples
Duration (Remaining): 35m 57s (- 638m 23s) Iters: (8000 5%) Loss avg: 0.3787
Hits 28/100 test samples
Duration (Remaining): 40m 14s (- 630m 34s) Iters: (9000 6%) Loss avg: 0.3515
Hits 31/100 test samples
Duration (Remaining): 44m 30s (- 623m 4s) Iters: (10000 6%) Loss avg: 0.3084
Hits 33/100 test samples
Duration (Remaining): 48m 46s (- 616m 17s) Iters: (11000 7%) Loss avg: 0.2985
Hits 46/100 test samples
Duration (Remaining): 53m 2s (- 609m 57s) Iters: (12000 8%) Loss avg: 0.2541
Hits 51/100 test samples
Duration (Remaining): 57m 12s (- 602m 48s) Iters: (13000 8%) Loss avg: 0.2604
Hits 52/100 test samples
Duration (Remaining): 61m 19s (- 595m 47s) Iters: (14000 9%) Loss avg: 0.2515
Hits 44/100 test samples
Duration (Remaining): 65m 32s (- 589m 49s) Iters: (15000 10%) Loss avg: 0.2055
Hits 58/100 test samples
Duration (Remaining): 69m 44s (- 584m 5s) Iters: (16000 10%) Loss avg: 0.2103
Hits 66/100 test samples
Duration (Remaining): 73m 52s (- 577m 58s) Iters: (17000 11%) Loss avg: 0.2007
Hits 60/100 test samples
Duration (Remaining): 77m 59s (- 571m 53s) Iters: (18000 12%) Loss avg: 0.1878
Hits 58/100 test samples
Duration (Remaining): 82m 2s (- 565m 37s) Iters: (19000 12%) Loss avg: 0.2086
Hits 62/100 test samples
Duration (Remaining): 86m 8s (- 559m 52s) Iters: (20000 13%) Loss avg: 0.1612
Hits 64/100 test samples
Duration (Remaining): 90m 17s (- 554m 37s) Iters: (21000 14%) Loss avg: 0.1607
Hits 54/100 test samples
Duration (Remaining): 94m 26s (- 549m 29s) Iters: (22000 14%) Loss avg: 0.1537
Hits 59/100 test samples
Duration (Remaining): 98m 39s (- 544m 47s) Iters: (23000 15%) Loss avg: 0.1679
Hits 57/100 test samples
Duration (Remaining): 102m 54s (- 540m 16s) Iters: (24000 16%) Loss avg: 0.1492
Hits 61/100 test samples
Duration (Remaining): 107m 4s (- 535m 23s) Iters: (25000 16%) Loss avg: 0.1415
Hits 58/100 test samples
Duration (Remaining): 111m 12s (- 530m 20s) Iters: (26000 17%) Loss avg: 0.1322
Hits 72/100 test samples
Duration (Remaining): 115m 23s (- 525m 39s) Iters: (27000 18%) Loss avg: 0.1410
Hits 70/100 test samples
Duration (Remaining): 119m 28s (- 520m 33s) Iters: (28000 18%) Loss avg: 0.1416
Hits 65/100 test samples
Duration (Remaining): 123m 39s (- 515m 57s) Iters: (29000 19%) Loss avg: 0.1455
Hits 67/100 test samples
Duration (Remaining): 127m 48s (- 511m 15s) Iters: (30000 20%) Loss avg: 0.1025
Hits 65/100 test samples
Duration (Remaining): 132m 1s (- 506m 48s) Iters: (31000 20%) Loss avg: 0.1012
Hits 64/100 test samples
Duration (Remaining): 136m 12s (- 502m 16s) Iters: (32000 21%) Loss avg: 0.1095
Hits 67/100 test samples
Duration (Remaining): 140m 20s (- 497m 33s) Iters: (33000 22%) Loss avg: 0.1348
Hits 64/100 test samples
Duration (Remaining): 144m 28s (- 492m 55s) Iters: (34000 22%) Loss avg: 0.1285
Hits 77/100 test samples
Duration (Remaining): 148m 35s (- 488m 15s) Iters: (35000 23%) Loss avg: 0.1160
Hits 65/100 test samples
Duration (Remaining): 152m 47s (- 483m 50s) Iters: (36000 24%) Loss avg: 0.0961
Hits 78/100 test samples
Duration (Remaining): 156m 57s (- 479m 22s) Iters: (37000 24%) Loss avg: 0.0977
Hits 68/100 test samples
Duration (Remaining): 161m 13s (- 475m 11s) Iters: (38000 25%) Loss avg: 0.0875
Hits 71/100 test samples
Duration (Remaining): 165m 20s (- 470m 34s) Iters: (39000 26%) Loss avg: 0.0901
Hits 64/100 test samples
Duration (Remaining): 169m 26s (- 465m 58s) Iters: (40000 26%) Loss avg: 0.1045
Hits 76/100 test samples
Duration (Remaining): 173m 36s (- 461m 32s) Iters: (41000 27%) Loss avg: 0.0854
Hits 79/100 test samples
Duration (Remaining): 177m 41s (- 456m 54s) Iters: (42000 28%) Loss avg: 0.0792
Hits 74/100 test samples
Duration (Remaining): 181m 54s (- 452m 38s) Iters: (43000 28%) Loss avg: 0.0639
Hits 80/100 test samples
Duration (Remaining): 186m 10s (- 448m 29s) Iters: (44000 29%) Loss avg: 0.0938
Hits 74/100 test samples
Duration (Remaining): 190m 26s (- 444m 20s) Iters: (45000 30%) Loss avg: 0.0865
Hits 71/100 test samples
Duration (Remaining): 194m 42s (- 440m 11s) Iters: (46000 30%) Loss avg: 0.0695
Hits 76/100 test samples
Duration (Remaining): 198m 57s (- 436m 0s) Iters: (47000 31%) Loss avg: 0.0715
Hits 78/100 test samples
Duration (Remaining): 203m 16s (- 431m 57s) Iters: (48000 32%) Loss avg: 0.0650
Hits 73/100 test samples
Duration (Remaining): 207m 20s (- 427m 23s) Iters: (49000 32%) Loss avg: 0.0862
Hits 73/100 test samples
Duration (Remaining): 211m 37s (- 423m 15s) Iters: (50000 33%) Loss avg: 0.0807
Hits 71/100 test samples
Duration (Remaining): 215m 56s (- 419m 11s) Iters: (51000 34%) Loss avg: 0.0799
Hits 83/100 test samples
Duration (Remaining): 220m 13s (- 415m 2s) Iters: (52000 34%) Loss avg: 0.0737
Hits 75/100 test samples
Duration (Remaining): 224m 34s (- 411m 0s) Iters: (53000 35%) Loss avg: 0.0694
Hits 54/100 test samples
Duration (Remaining): 228m 58s (- 407m 4s) Iters: (54000 36%) Loss avg: 0.0532
Hits 72/100 test samples
Duration (Remaining): 233m 27s (- 403m 14s) Iters: (55000 36%) Loss avg: 0.0708
Hits 77/100 test samples
Duration (Remaining): 237m 42s (- 398m 59s) Iters: (56000 37%) Loss avg: 0.0692
Hits 79/100 test samples
Duration (Remaining): 242m 5s (- 394m 58s) Iters: (57000 38%) Loss avg: 0.0583
Hits 79/100 test samples
Duration (Remaining): 246m 26s (- 390m 54s) Iters: (58000 38%) Loss avg: 0.0639
Hits 77/100 test samples
Duration (Remaining): 250m 47s (- 386m 48s) Iters: (59000 39%) Loss avg: 0.0583
Hits 83/100 test samples
Duration (Remaining): 255m 17s (- 382m 56s) Iters: (60000 40%) Loss avg: 0.0490
Hits 81/100 test samples
Duration (Remaining): 259m 30s (- 378m 37s) Iters: (61000 40%) Loss avg: 0.0621
Hits 84/100 test samples
Duration (Remaining): 264m 3s (- 374m 46s) Iters: (62000 41%) Loss avg: 0.0377
Hits 78/100 test samples
Duration (Remaining): 268m 22s (- 370m 36s) Iters: (63000 42%) Loss avg: 0.0478
Hits 80/100 test samples
Duration (Remaining): 272m 38s (- 366m 21s) Iters: (64000 42%) Loss avg: 0.0457
Hits 85/100 test samples
Duration (Remaining): 277m 21s (- 362m 41s) Iters: (65000 43%) Loss avg: 0.0584
Hits 82/100 test samples
Duration (Remaining): 281m 35s (- 358m 23s) Iters: (66000 44%) Loss avg: 0.0544
Hits 79/100 test samples
Duration (Remaining): 286m 0s (- 354m 18s) Iters: (67000 44%) Loss avg: 0.0396
Hits 88/100 test samples
Duration (Remaining): 290m 33s (- 350m 23s) Iters: (68000 45%) Loss avg: 0.0495
Hits 92/100 test samples
Duration (Remaining): 294m 48s (- 346m 4s) Iters: (69000 46%) Loss avg: 0.0467
Hits 91/100 test samples
Duration (Remaining): 299m 26s (- 342m 13s) Iters: (70000 46%) Loss avg: 0.0301
Hits 89/100 test samples
Duration (Remaining): 304m 8s (- 338m 24s) Iters: (71000 47%) Loss avg: 0.0277
Hits 90/100 test samples
Duration (Remaining): 308m 18s (- 334m 0s) Iters: (72000 48%) Loss avg: 0.0318
Hits 76/100 test samples
Duration (Remaining): 312m 45s (- 329m 54s) Iters: (73000 48%) Loss avg: 0.0449
Hits 88/100 test samples
Duration (Remaining): 317m 28s (- 326m 3s) Iters: (74000 49%) Loss avg: 0.0313
Hits 90/100 test samples
Duration (Remaining): 321m 38s (- 321m 38s) Iters: (75000 50%) Loss avg: 0.0511
Hits 83/100 test samples
Duration (Remaining): 326m 24s (- 317m 49s) Iters: (76000 50%) Loss avg: 0.0414
Hits 90/100 test samples
Duration (Remaining): 331m 3s (- 313m 51s) Iters: (77000 51%) Loss avg: 0.0445
Hits 90/100 test samples
Duration (Remaining): 335m 16s (- 309m 29s) Iters: (78000 52%) Loss avg: 0.0391
Hits 88/100 test samples
Duration (Remaining): 339m 39s (- 305m 16s) Iters: (79000 52%) Loss avg: 0.0642
Hits 94/100 test samples
Duration (Remaining): 344m 12s (- 301m 11s) Iters: (80000 53%) Loss avg: 0.0302
Hits 93/100 test samples
Duration (Remaining): 348m 54s (- 297m 13s) Iters: (81000 54%) Loss avg: 0.0448
Hits 87/100 test samples
Duration (Remaining): 353m 13s (- 292m 54s) Iters: (82000 54%) Loss avg: 0.0457
Hits 95/100 test samples
Duration (Remaining): 357m 47s (- 288m 48s) Iters: (83000 55%) Loss avg: 0.0365
Hits 93/100 test samples
Duration (Remaining): 362m 30s (- 284m 49s) Iters: (84000 56%) Loss avg: 0.0253
Hits 94/100 test samples
Duration (Remaining): 366m 58s (- 280m 38s) Iters: (85000 56%) Loss avg: 0.0285
Hits 93/100 test samples
Duration (Remaining): 371m 31s (- 276m 28s) Iters: (86000 57%) Loss avg: 0.0303
Hits 89/100 test samples
Duration (Remaining): 376m 11s (- 272m 24s) Iters: (87000 57%) Loss avg: 0.0281
Hits 96/100 test samples
Duration (Remaining): 380m 37s (- 268m 9s) Iters: (88000 58%) Loss avg: 0.0658
Hits 93/100 test samples
Duration (Remaining): 385m 4s (- 263m 55s) Iters: (89000 59%) Loss avg: 0.0427
Hits 93/100 test samples
Duration (Remaining): 389m 33s (- 259m 42s) Iters: (90000 60%) Loss avg: 0.0316
Hits 98/100 test samples
Duration (Remaining): 393m 49s (- 255m 20s) Iters: (91000 60%) Loss avg: 0.0185
Hits 93/100 test samples
Duration (Remaining): 398m 2s (- 250m 56s) Iters: (92000 61%) Loss avg: 0.0324
Hits 90/100 test samples
Duration (Remaining): 402m 31s (- 246m 42s) Iters: (93000 62%) Loss avg: 0.0332
Hits 88/100 test samples
Duration (Remaining): 406m 43s (- 242m 18s) Iters: (94000 62%) Loss avg: 0.0405
Hits 97/100 test samples
Duration (Remaining): 410m 59s (- 237m 56s) Iters: (95000 63%) Loss avg: 0.0310
Hits 96/100 test samples
Duration (Remaining): 415m 38s (- 233m 47s) Iters: (96000 64%) Loss avg: 0.0192
Hits 94/100 test samples
Duration (Remaining): 419m 48s (- 229m 22s) Iters: (97000 64%) Loss avg: 0.0363
Hits 96/100 test samples
Duration (Remaining): 424m 2s (- 225m 0s) Iters: (98000 65%) Loss avg: 0.0484
Hits 94/100 test samples
Duration (Remaining): 428m 50s (- 220m 55s) Iters: (99000 66%) Loss avg: 0.0229
Hits 98/100 test samples
Duration (Remaining): 433m 5s (- 216m 32s) Iters: (100000 66%) Loss avg: 0.0214
Hits 88/100 test samples
Duration (Remaining): 437m 22s (- 212m 11s) Iters: (101000 67%) Loss avg: 0.0281
Hits 95/100 test samples
Duration (Remaining): 442m 13s (- 208m 6s) Iters: (102000 68%) Loss avg: 0.0419
Hits 85/100 test samples
Duration (Remaining): 446m 31s (- 203m 45s) Iters: (103000 68%) Loss avg: 0.0216
Hits 95/100 test samples
Duration (Remaining): 450m 38s (- 199m 19s) Iters: (104000 69%) Loss avg: 0.0153
Hits 93/100 test samples
Duration (Remaining): 454m 57s (- 194m 58s) Iters: (105000 70%) Loss avg: 0.0292
Hits 96/100 test samples
Duration (Remaining): 459m 10s (- 190m 35s) Iters: (106000 70%) Loss avg: 0.0393
Hits 94/100 test samples
Duration (Remaining): 463m 26s (- 186m 14s) Iters: (107000 71%) Loss avg: 0.0241
Hits 96/100 test samples
Duration (Remaining): 467m 38s (- 181m 51s) Iters: (108000 72%) Loss avg: 0.0304
Hits 99/100 test samples
Duration (Remaining): 471m 49s (- 177m 28s) Iters: (109000 72%) Loss avg: 0.0215
Hits 97/100 test samples
Duration (Remaining): 475m 56s (- 173m 4s) Iters: (110000 73%) Loss avg: 0.0157
Hits 99/100 test samples
Duration (Remaining): 480m 8s (- 168m 41s) Iters: (111000 74%) Loss avg: 0.0147
Hits 96/100 test samples
Duration (Remaining): 484m 21s (- 164m 20s) Iters: (112000 74%) Loss avg: 0.0121
Hits 97/100 test samples
Duration (Remaining): 488m 30s (- 159m 57s) Iters: (113000 75%) Loss avg: 0.0297
Hits 95/100 test samples
Duration (Remaining): 492m 49s (- 155m 37s) Iters: (114000 76%) Loss avg: 0.0154
Hits 95/100 test samples
Duration (Remaining): 496m 27s (- 151m 5s) Iters: (115000 76%) Loss avg: 0.0438
Hits 97/100 test samples
Duration (Remaining): 500m 1s (- 146m 33s) Iters: (116000 77%) Loss avg: 0.0686
Hits 90/100 test samples
Duration (Remaining): 503m 29s (- 142m 0s) Iters: (117000 78%) Loss avg: 0.0332
Hits 95/100 test samples
Duration (Remaining): 506m 20s (- 137m 18s) Iters: (118000 78%) Loss avg: 0.0147
Hits 98/100 test samples
Duration (Remaining): 507m 13s (- 132m 7s) Iters: (119000 79%) Loss avg: 0.0575
Hits 85/100 test samples
Duration (Remaining): 508m 5s (- 127m 1s) Iters: (120000 80%) Loss avg: 0.0792
Hits 87/100 test samples
Duration (Remaining): 508m 59s (- 121m 59s) Iters: (121000 80%) Loss avg: 0.0341
Hits 96/100 test samples
Duration (Remaining): 509m 51s (- 117m 1s) Iters: (122000 81%) Loss avg: 0.0305
Hits 93/100 test samples
Duration (Remaining): 510m 44s (- 112m 6s) Iters: (123000 82%) Loss avg: 0.0186
Hits 96/100 test samples
Duration (Remaining): 511m 36s (- 107m 16s) Iters: (124000 82%) Loss avg: 0.0093
Hits 100/100 test samples
Duration (Remaining): 512m 29s (- 102m 29s) Iters: (125000 83%) Loss avg: 0.0143
Hits 89/100 test samples
Duration (Remaining): 513m 22s (- 97m 47s) Iters: (126000 84%) Loss avg: 0.0480
Hits 93/100 test samples
Duration (Remaining): 514m 16s (- 93m 8s) Iters: (127000 84%) Loss avg: 0.0181
Hits 95/100 test samples
Duration (Remaining): 515m 9s (- 88m 32s) Iters: (128000 85%) Loss avg: 0.0330
Hits 96/100 test samples
Duration (Remaining): 516m 3s (- 84m 0s) Iters: (129000 86%) Loss avg: 0.0245
Hits 96/100 test samples
Duration (Remaining): 516m 54s (- 79m 31s) Iters: (130000 86%) Loss avg: 0.0308
Hits 92/100 test samples
Duration (Remaining): 517m 49s (- 75m 6s) Iters: (131000 87%) Loss avg: 0.0149
Hits 99/100 test samples
Duration (Remaining): 518m 42s (- 70m 43s) Iters: (132000 88%) Loss avg: 0.0142
Hits 98/100 test samples
Duration (Remaining): 519m 34s (- 66m 24s) Iters: (133000 88%) Loss avg: 0.0469
Hits 91/100 test samples
Duration (Remaining): 520m 28s (- 62m 8s) Iters: (134000 89%) Loss avg: 0.0332
Hits 94/100 test samples
Duration (Remaining): 521m 22s (- 57m 55s) Iters: (135000 90%) Loss avg: 0.0122
Hits 88/100 test samples
Duration (Remaining): 522m 17s (- 53m 45s) Iters: (136000 90%) Loss avg: 0.0140
Hits 98/100 test samples
Duration (Remaining): 523m 10s (- 49m 38s) Iters: (137000 91%) Loss avg: 0.0085
Hits 98/100 test samples
Duration (Remaining): 524m 4s (- 45m 34s) Iters: (138000 92%) Loss avg: 0.0110
Hits 96/100 test samples
Duration (Remaining): 524m 58s (- 41m 32s) Iters: (139000 92%) Loss avg: 0.0148
Hits 97/100 test samples
Duration (Remaining): 525m 52s (- 37m 33s) Iters: (140000 93%) Loss avg: 0.0460
Hits 92/100 test samples
Duration (Remaining): 526m 45s (- 33m 37s) Iters: (141000 94%) Loss avg: 0.0263
Hits 93/100 test samples
Duration (Remaining): 527m 39s (- 29m 43s) Iters: (142000 94%) Loss avg: 0.0110
Hits 98/100 test samples
Duration (Remaining): 528m 32s (- 25m 52s) Iters: (143000 95%) Loss avg: 0.0093
Hits 99/100 test samples
Duration (Remaining): 529m 25s (- 22m 3s) Iters: (144000 96%) Loss avg: 0.0184
Hits 97/100 test samples
Duration (Remaining): 530m 19s (- 18m 17s) Iters: (145000 96%) Loss avg: 0.0207
Hits 96/100 test samples
Duration (Remaining): 531m 10s (- 14m 33s) Iters: (146000 97%) Loss avg: 0.0909
Hits 91/100 test samples
Duration (Remaining): 532m 3s (- 10m 51s) Iters: (147000 98%) Loss avg: 0.0390
Hits 84/100 test samples
Duration (Remaining): 532m 55s (- 7m 12s) Iters: (148000 98%) Loss avg: 0.0180
Hits 95/100 test samples
Duration (Remaining): 533m 49s (- 3m 34s) Iters: (149000 99%) Loss avg: 0.0153
Hits 99/100 test samples
Duration (Remaining): 534m 42s (- 0m 0s) Iters: (150000 100%) Loss avg: 0.0055
Hits 98/100 test samples
Evaluating training split accuracy
Evaluation accuracy: 15054/15225 = 0.99%
Evaluating test split accuracy
Evaluation accuracy: 73/5685 = 0.01%
Saved model at saved/around_right_150000.pt
