Reading lines...
Read 20910 sentence pairs
Trimmed to 20910 sentence pairs
Counting words...
Counted words:
scan_in 15
scan_out 15
GPU unavailable, training with CPU
Initialized model GRU
Training SCAN model GRU on split 'around_right' for 10000 iterations on device cpu, intermediate rep? False, tag None
Reading lines...
Read 15225 sentence pairs
Trimmed to 15225 sentence pairs
Counting words...
Counted words:
scan_in 15
scan_out 15
Loaded data from scan/SCAN-master/around_right_train_copy.txt
15225 examples. Sample pair: ['walk around left thrice after jump opposite left thrice', 'walk around left thrice after jump opposite left thrice']
Reading lines...
Read 5685 sentence pairs
Trimmed to 5685 sentence pairs
Counting words...
Counted words:
scan_in 15
scan_out 15
Loaded data from scan/SCAN-master/around_right_test_copy.txt
5685 examples. Sample pair: ['look around right after look around left thrice', 'look around right after look around left thrice']
Starting training: 10000 iterations
Hits 0/100 test samples
Duration (Remaining): 0m 27s (- 4m 4s) Iters: (1000 10%) Loss avg: 1.4288
Hits 5/100 test samples
Duration (Remaining): 0m 53s (- 3m 35s) Iters: (2000 20%) Loss avg: 0.4983
Hits 73/100 test samples
Duration (Remaining): 1m 28s (- 3m 26s) Iters: (3000 30%) Loss avg: 0.1354
Hits 87/100 test samples
Duration (Remaining): 1m 58s (- 2m 58s) Iters: (4000 40%) Loss avg: 0.0430
Hits 100/100 test samples
Duration (Remaining): 2m 26s (- 2m 26s) Iters: (5000 50%) Loss avg: 0.0355
Hits 98/100 test samples
Duration (Remaining): 2m 51s (- 1m 54s) Iters: (6000 60%) Loss avg: 0.0129
Hits 98/100 test samples
Duration (Remaining): 3m 17s (- 1m 24s) Iters: (7000 70%) Loss avg: 0.0482
Hits 99/100 test samples
Duration (Remaining): 3m 42s (- 0m 55s) Iters: (8000 80%) Loss avg: 0.0093
Hits 100/100 test samples
Duration (Remaining): 4m 10s (- 0m 27s) Iters: (9000 90%) Loss avg: 0.0051
Hits 100/100 test samples
Duration (Remaining): 4m 36s (- 0m 0s) Iters: (10000 100%) Loss avg: 0.0251
Hits 100/100 test samples
Evaluating training split accuracy
Evaluation accuracy: 15208/15225 = 1.00%
Evaluating test split accuracy
Evaluation accuracy: 1557/5685 = 0.27%
Saved model at saved/around_right_10000_(0).pt
