Reading lines...
Read 20910 sentence pairs
Trimmed to 20910 sentence pairs
Counting words...
Counted words:
scan_in 15
scan_out 15
Training on cuda:4
Initialized model GRU
Training SCAN model GRU on split 'around_right' for 2000 iterations on device cuda:4, intermediate rep? True, tag None
Reading lines...
Read 15225 sentence pairs
Trimmed to 15225 sentence pairs
Counting words...
Counted words:
scan_in 15
scan_out 15
Loaded data from scan/SCAN-master/around_right_train_inter.txt
15225 examples. Sample pair: ['look left after look left', 'after left look left look']
Reading lines...
Read 5685 sentence pairs
Trimmed to 5685 sentence pairs
Counting words...
Counted words:
scan_in 15
scan_out 15
Loaded data from scan/SCAN-master/around_right_test_inter.txt
5685 examples. Sample pair: ['walk around right after look left thrice', 'after around walk right thrice left look']
Starting training: 2000 iterations
Hits 0/100 test samples
Duration (Remaining): 0m 32s (- 0m 32s) Iters: (1000 50%) Loss avg: 1.4827
Hits 1/100 test samples
Duration (Remaining): 1m 5s (- 0m 0s) Iters: (2000 100%) Loss avg: 0.7122
Hits 16/100 test samples
Evaluating training split accuracy
Evaluation accuracy: 5/100 = 0.05%
Evaluating test split accuracy
Evaluation accuracy: 0/100 = 0.00%
Saved model at saved/around_right_inter_2000.pt
Reading lines...
Read 20910 sentence pairs
Trimmed to 20910 sentence pairs
Counting words...
Counted words:
scan_in 15
scan_out 15
Training on cuda:3
Initialized model GRU
Training SCAN model GRU on split 'around_right' for 2000 iterations on device cuda:3, intermediate rep? True, tag None
Reading lines...
Read 15225 sentence pairs
Trimmed to 15225 sentence pairs
Counting words...
Counted words:
scan_in 15
scan_out 15
Loaded data from scan/SCAN-master/around_right_train_inter.txt
15225 examples. Sample pair: ['jump twice and turn opposite right', 'and twice jump opposite turn right']
Reading lines...
Read 5685 sentence pairs
Trimmed to 5685 sentence pairs
Counting words...
Counted words:
scan_in 15
scan_out 15
Loaded data from scan/SCAN-master/around_right_test_inter.txt
5685 examples. Sample pair: ['turn around right thrice and walk right twice', 'and thrice around turn right twice right walk']
Starting training: 2000 iterations
Hits 0/100 test samples
Duration (Remaining): 4m 44s (- 4m 44s) Iters: (1000 50%) Loss avg: 1.3929
Hits 2/100 test samples
Duration (Remaining): 9m 11s (- 0m 0s) Iters: (2000 100%) Loss avg: 0.6679
Hits 14/100 test samples
Evaluating training split accuracy
Evaluation accuracy: 9/100 = 0.09%
Evaluating test split accuracy
Evaluation accuracy: 2/100 = 0.02%
Saved model at saved/around_right_inter_2000.pt
Reading lines...
Read 20910 sentence pairs
Trimmed to 20910 sentence pairs
Counting words...
Counted words:
scan_in 15
scan_out 15
Training on cuda:3
Initialized model GRU
Training SCAN model GRU on split 'around_right' for 1000 iterations on device cuda:3, intermediate rep? True, tag None
Reading lines...
Read 15225 sentence pairs
Trimmed to 15225 sentence pairs
Counting words...
Counted words:
scan_in 15
scan_out 15
Loaded data from scan/SCAN-master/around_right_train_inter.txt
15225 examples. Sample pair: ['look around left thrice after walk opposite right', 'after thrice around look left opposite walk right']
Reading lines...
Read 5685 sentence pairs
Trimmed to 5685 sentence pairs
Counting words...
Counted words:
scan_in 15
scan_out 15
Loaded data from scan/SCAN-master/around_right_test_inter.txt
5685 examples. Sample pair: ['run left twice after jump around right twice', 'after twice left run twice around jump right']
Starting training: 1000 iterations
Hits 0/100 test samples
Duration (Remaining): 1m 45s (- 0m 0s) Iters: (1000 100%) Loss avg: 1.4509
Hits 0/100 test samples
Evaluating training split accuracy
Evaluation accuracy: 0/100 = 0.00%
Evaluating test split accuracy
Evaluation accuracy: 0/100 = 0.00%
Saved model at saved/around_right_inter_1000.pt
Reading lines...
Read 20910 sentence pairs
Trimmed to 20910 sentence pairs
Counting words...
Counted words:
scan_in 15
scan_out 15
Training on cuda:3
Initialized model GRU
Training SCAN model GRU on split 'around_right' for 150000 iterations on device cuda:3, intermediate rep? True, tag None
Reading lines...
Read 15225 sentence pairs
Trimmed to 15225 sentence pairs
Counting words...
Counted words:
scan_in 15
scan_out 15
Loaded data from scan/SCAN-master/around_right_train_inter.txt
15225 examples. Sample pair: ['look thrice and jump around left thrice', 'and thrice look thrice around jump left']
Reading lines...
Read 5685 sentence pairs
Trimmed to 5685 sentence pairs
Counting words...
Counted words:
scan_in 15
scan_out 15
Loaded data from scan/SCAN-master/around_right_test_inter.txt
5685 examples. Sample pair: ['run around right twice after look opposite right', 'after twice around run right opposite look right']
Starting training: 150000 iterations
Hits 0/100 test samples
Duration (Remaining): 2m 49s (- 419m 52s) Iters: (1000 0%) Loss avg: 1.4389
Hits 0/100 test samples
Duration (Remaining): 4m 31s (- 334m 22s) Iters: (2000 1%) Loss avg: 0.6519
Hits 3/100 test samples
Duration (Remaining): 6m 24s (- 314m 11s) Iters: (3000 2%) Loss avg: 0.3902
Hits 32/100 test samples
Duration (Remaining): 8m 11s (- 299m 13s) Iters: (4000 2%) Loss avg: 0.1618
Hits 89/100 test samples
Duration (Remaining): 9m 59s (- 289m 58s) Iters: (5000 3%) Loss avg: 0.0577
Hits 100/100 test samples
Duration (Remaining): 11m 46s (- 282m 46s) Iters: (6000 4%) Loss avg: 0.0162
Hits 100/100 test samples
Duration (Remaining): 13m 30s (- 275m 55s) Iters: (7000 4%) Loss avg: 0.0198
Hits 98/100 test samples
Duration (Remaining): 15m 13s (- 270m 6s) Iters: (8000 5%) Loss avg: 0.0060
Hits 100/100 test samples
Duration (Remaining): 16m 51s (- 264m 0s) Iters: (9000 6%) Loss avg: 0.0142
Hits 100/100 test samples
Duration (Remaining): 18m 29s (- 258m 54s) Iters: (10000 6%) Loss avg: 0.0112
Hits 100/100 test samples
Duration (Remaining): 20m 4s (- 253m 46s) Iters: (11000 7%) Loss avg: 0.0097
Hits 100/100 test samples
Duration (Remaining): 21m 41s (- 249m 32s) Iters: (12000 8%) Loss avg: 0.0019
Hits 100/100 test samples
Duration (Remaining): 23m 19s (- 245m 46s) Iters: (13000 8%) Loss avg: 0.0008
Hits 100/100 test samples
Duration (Remaining): 24m 55s (- 242m 11s) Iters: (14000 9%) Loss avg: 0.0004
Hits 100/100 test samples
Duration (Remaining): 26m 31s (- 238m 44s) Iters: (15000 10%) Loss avg: 0.0003
Hits 100/100 test samples
Duration (Remaining): 28m 8s (- 235m 37s) Iters: (16000 10%) Loss avg: 0.0002
Hits 100/100 test samples
Duration (Remaining): 29m 40s (- 232m 12s) Iters: (17000 11%) Loss avg: 0.0323
Hits 77/100 test samples
Duration (Remaining): 31m 14s (- 229m 4s) Iters: (18000 12%) Loss avg: 0.0163
Hits 100/100 test samples
Duration (Remaining): 32m 50s (- 226m 27s) Iters: (19000 12%) Loss avg: 0.0013
Hits 100/100 test samples
Duration (Remaining): 34m 26s (- 223m 52s) Iters: (20000 13%) Loss avg: 0.0011
Hits 100/100 test samples
Duration (Remaining): 36m 1s (- 221m 16s) Iters: (21000 14%) Loss avg: 0.0005
Hits 100/100 test samples
Duration (Remaining): 37m 35s (- 218m 45s) Iters: (22000 14%) Loss avg: 0.0002
Hits 100/100 test samples
Duration (Remaining): 39m 12s (- 216m 32s) Iters: (23000 15%) Loss avg: 0.0446
Hits 99/100 test samples
Duration (Remaining): 40m 49s (- 214m 21s) Iters: (24000 16%) Loss avg: 0.0021
Hits 100/100 test samples
Duration (Remaining): 42m 26s (- 212m 14s) Iters: (25000 16%) Loss avg: 0.0008
Hits 100/100 test samples
Duration (Remaining): 44m 4s (- 210m 12s) Iters: (26000 17%) Loss avg: 0.0005
Hits 100/100 test samples
Duration (Remaining): 45m 42s (- 208m 12s) Iters: (27000 18%) Loss avg: 0.0004
Hits 100/100 test samples
Duration (Remaining): 47m 17s (- 206m 5s) Iters: (28000 18%) Loss avg: 0.0002
Hits 100/100 test samples
Duration (Remaining): 48m 54s (- 204m 5s) Iters: (29000 19%) Loss avg: 0.0001
Hits 100/100 test samples
Duration (Remaining): 50m 31s (- 202m 5s) Iters: (30000 20%) Loss avg: 0.0001
Hits 100/100 test samples
Duration (Remaining): 52m 6s (- 200m 0s) Iters: (31000 20%) Loss avg: 0.0000
Hits 100/100 test samples
Duration (Remaining): 53m 41s (- 197m 58s) Iters: (32000 21%) Loss avg: 0.0000
Hits 100/100 test samples
Duration (Remaining): 55m 21s (- 196m 15s) Iters: (33000 22%) Loss avg: 0.0493
Hits 95/100 test samples
Duration (Remaining): 56m 59s (- 194m 25s) Iters: (34000 22%) Loss avg: 0.0089
Hits 99/100 test samples
Duration (Remaining): 58m 37s (- 192m 36s) Iters: (35000 23%) Loss avg: 0.0021
Hits 100/100 test samples
Duration (Remaining): 60m 15s (- 190m 50s) Iters: (36000 24%) Loss avg: 0.0004
Hits 100/100 test samples
Duration (Remaining): 61m 52s (- 188m 57s) Iters: (37000 24%) Loss avg: 0.0002
Hits 100/100 test samples
Duration (Remaining): 63m 29s (- 187m 8s) Iters: (38000 25%) Loss avg: 0.0002
Hits 100/100 test samples
Duration (Remaining): 65m 4s (- 185m 12s) Iters: (39000 26%) Loss avg: 0.0001
Hits 100/100 test samples
Duration (Remaining): 66m 43s (- 183m 30s) Iters: (40000 26%) Loss avg: 0.0001
Hits 100/100 test samples
Duration (Remaining): 68m 22s (- 181m 45s) Iters: (41000 27%) Loss avg: 0.0000
Hits 100/100 test samples
Duration (Remaining): 69m 58s (- 179m 56s) Iters: (42000 28%) Loss avg: 0.0000
Hits 100/100 test samples
Duration (Remaining): 71m 38s (- 178m 15s) Iters: (43000 28%) Loss avg: 0.0000
Hits 100/100 test samples
Duration (Remaining): 73m 16s (- 176m 31s) Iters: (44000 29%) Loss avg: 0.0000
Hits 100/100 test samples
Duration (Remaining): 74m 54s (- 174m 46s) Iters: (45000 30%) Loss avg: 0.0000
Hits 100/100 test samples
Duration (Remaining): 76m 32s (- 173m 2s) Iters: (46000 30%) Loss avg: 0.0000
Hits 100/100 test samples
Duration (Remaining): 78m 10s (- 171m 18s) Iters: (47000 31%) Loss avg: 0.0000
Hits 100/100 test samples
Duration (Remaining): 79m 45s (- 169m 29s) Iters: (48000 32%) Loss avg: 0.0016
Hits 100/100 test samples
Duration (Remaining): 81m 20s (- 167m 40s) Iters: (49000 32%) Loss avg: 0.0724
Hits 99/100 test samples
Duration (Remaining): 82m 57s (- 165m 54s) Iters: (50000 33%) Loss avg: 0.0059
Hits 100/100 test samples
Duration (Remaining): 84m 32s (- 164m 7s) Iters: (51000 34%) Loss avg: 0.0004
Hits 100/100 test samples
Duration (Remaining): 86m 8s (- 162m 20s) Iters: (52000 34%) Loss avg: 0.0002
Hits 100/100 test samples
Duration (Remaining): 87m 47s (- 160m 41s) Iters: (53000 35%) Loss avg: 0.0170
Hits 100/100 test samples
Duration (Remaining): 89m 25s (- 158m 58s) Iters: (54000 36%) Loss avg: 0.0004
Hits 100/100 test samples
Duration (Remaining): 91m 4s (- 157m 18s) Iters: (55000 36%) Loss avg: 0.0001
Hits 100/100 test samples
Duration (Remaining): 92m 40s (- 155m 33s) Iters: (56000 37%) Loss avg: 0.0001
Hits 100/100 test samples
Duration (Remaining): 94m 18s (- 153m 53s) Iters: (57000 38%) Loss avg: 0.0001
Hits 100/100 test samples
Duration (Remaining): 95m 58s (- 152m 13s) Iters: (58000 38%) Loss avg: 0.0000
Hits 100/100 test samples
Duration (Remaining): 97m 36s (- 150m 33s) Iters: (59000 39%) Loss avg: 0.0000
Hits 100/100 test samples
Duration (Remaining): 99m 15s (- 148m 53s) Iters: (60000 40%) Loss avg: 0.0000
Hits 100/100 test samples
Duration (Remaining): 100m 54s (- 147m 13s) Iters: (61000 40%) Loss avg: 0.0000
Hits 100/100 test samples
Duration (Remaining): 102m 31s (- 145m 31s) Iters: (62000 41%) Loss avg: 0.0201
Hits 98/100 test samples
Duration (Remaining): 104m 7s (- 143m 47s) Iters: (63000 42%) Loss avg: 0.0098
Hits 100/100 test samples
Duration (Remaining): 105m 43s (- 142m 3s) Iters: (64000 42%) Loss avg: 0.0003
Hits 100/100 test samples
Duration (Remaining): 107m 21s (- 140m 23s) Iters: (65000 43%) Loss avg: 0.0001
Hits 100/100 test samples
Duration (Remaining): 108m 58s (- 138m 42s) Iters: (66000 44%) Loss avg: 0.0015
Hits 100/100 test samples
Duration (Remaining): 110m 39s (- 137m 5s) Iters: (67000 44%) Loss avg: 0.0001
Hits 100/100 test samples
Duration (Remaining): 112m 16s (- 135m 23s) Iters: (68000 45%) Loss avg: 0.0311
Hits 99/100 test samples
Duration (Remaining): 113m 53s (- 133m 42s) Iters: (69000 46%) Loss avg: 0.0012
Hits 100/100 test samples
Duration (Remaining): 115m 33s (- 132m 3s) Iters: (70000 46%) Loss avg: 0.0002
Hits 100/100 test samples
Duration (Remaining): 117m 11s (- 130m 23s) Iters: (71000 47%) Loss avg: 0.0002
Hits 100/100 test samples
Duration (Remaining): 118m 50s (- 128m 44s) Iters: (72000 48%) Loss avg: 0.0002
Hits 100/100 test samples
Duration (Remaining): 120m 30s (- 127m 6s) Iters: (73000 48%) Loss avg: 0.0001
Hits 100/100 test samples
Duration (Remaining): 122m 7s (- 125m 25s) Iters: (74000 49%) Loss avg: 0.0000
Hits 100/100 test samples
Duration (Remaining): 123m 45s (- 123m 45s) Iters: (75000 50%) Loss avg: 0.0000
Hits 100/100 test samples
Duration (Remaining): 125m 25s (- 122m 7s) Iters: (76000 50%) Loss avg: 0.0000
Hits 100/100 test samples
Duration (Remaining): 127m 4s (- 120m 28s) Iters: (77000 51%) Loss avg: 0.0000
Hits 100/100 test samples
Duration (Remaining): 128m 42s (- 118m 48s) Iters: (78000 52%) Loss avg: 0.0000
Hits 100/100 test samples
Duration (Remaining): 130m 19s (- 117m 7s) Iters: (79000 52%) Loss avg: 0.0483
Hits 94/100 test samples
Duration (Remaining): 131m 58s (- 115m 28s) Iters: (80000 53%) Loss avg: 0.0035
Hits 100/100 test samples
Duration (Remaining): 133m 36s (- 113m 48s) Iters: (81000 54%) Loss avg: 0.0046
Hits 100/100 test samples
Duration (Remaining): 135m 13s (- 112m 8s) Iters: (82000 54%) Loss avg: 0.0003
Hits 100/100 test samples
Duration (Remaining): 136m 52s (- 110m 29s) Iters: (83000 55%) Loss avg: 0.0002
Hits 100/100 test samples
Duration (Remaining): 138m 31s (- 108m 50s) Iters: (84000 56%) Loss avg: 0.0001
Hits 100/100 test samples
Duration (Remaining): 140m 9s (- 107m 10s) Iters: (85000 56%) Loss avg: 0.0001
Hits 100/100 test samples
Duration (Remaining): 141m 49s (- 105m 32s) Iters: (86000 57%) Loss avg: 0.0000
Hits 100/100 test samples
Duration (Remaining): 143m 28s (- 103m 53s) Iters: (87000 57%) Loss avg: 0.0000
Hits 100/100 test samples
Duration (Remaining): 145m 5s (- 102m 13s) Iters: (88000 58%) Loss avg: 0.0000
Hits 100/100 test samples
Duration (Remaining): 146m 43s (- 100m 33s) Iters: (89000 59%) Loss avg: 0.0000
Hits 100/100 test samples
Duration (Remaining): 148m 22s (- 98m 55s) Iters: (90000 60%) Loss avg: 0.0000
Hits 100/100 test samples
Duration (Remaining): 150m 1s (- 97m 16s) Iters: (91000 60%) Loss avg: 0.0000
Hits 100/100 test samples
Duration (Remaining): 151m 40s (- 95m 37s) Iters: (92000 61%) Loss avg: 0.0000
Hits 100/100 test samples
Duration (Remaining): 153m 19s (- 93m 58s) Iters: (93000 62%) Loss avg: 0.0000
Hits 100/100 test samples
Duration (Remaining): 154m 57s (- 92m 19s) Iters: (94000 62%) Loss avg: 0.0000
Hits 100/100 test samples
Duration (Remaining): 156m 34s (- 90m 39s) Iters: (95000 63%) Loss avg: 0.0000
Hits 100/100 test samples
Duration (Remaining): 158m 13s (- 89m 0s) Iters: (96000 64%) Loss avg: 0.0407
Hits 100/100 test samples
Duration (Remaining): 159m 52s (- 87m 21s) Iters: (97000 64%) Loss avg: 0.0008
Hits 100/100 test samples
Duration (Remaining): 161m 31s (- 85m 42s) Iters: (98000 65%) Loss avg: 0.0095
Hits 100/100 test samples
Duration (Remaining): 163m 10s (- 84m 3s) Iters: (99000 66%) Loss avg: 0.0003
Hits 100/100 test samples
Duration (Remaining): 164m 48s (- 82m 24s) Iters: (100000 66%) Loss avg: 0.0001
Hits 100/100 test samples
Duration (Remaining): 166m 28s (- 80m 45s) Iters: (101000 67%) Loss avg: 0.0002
Hits 100/100 test samples
Duration (Remaining): 168m 6s (- 79m 6s) Iters: (102000 68%) Loss avg: 0.0001
Hits 100/100 test samples
Duration (Remaining): 169m 44s (- 77m 27s) Iters: (103000 68%) Loss avg: 0.0000
Hits 100/100 test samples
Duration (Remaining): 171m 23s (- 75m 48s) Iters: (104000 69%) Loss avg: 0.0001
Hits 100/100 test samples
Duration (Remaining): 173m 0s (- 74m 8s) Iters: (105000 70%) Loss avg: 0.0000
Hits 100/100 test samples
Duration (Remaining): 174m 39s (- 72m 29s) Iters: (106000 70%) Loss avg: 0.0000
Hits 100/100 test samples
Duration (Remaining): 176m 18s (- 70m 50s) Iters: (107000 71%) Loss avg: 0.0000
Hits 100/100 test samples
Duration (Remaining): 177m 56s (- 69m 11s) Iters: (108000 72%) Loss avg: 0.0000
Hits 100/100 test samples
Duration (Remaining): 179m 33s (- 67m 32s) Iters: (109000 72%) Loss avg: 0.0000
Hits 100/100 test samples
Duration (Remaining): 181m 13s (- 65m 53s) Iters: (110000 73%) Loss avg: 0.0000
Hits 100/100 test samples
Duration (Remaining): 182m 45s (- 64m 12s) Iters: (111000 74%) Loss avg: 0.0230
Hits 100/100 test samples
Duration (Remaining): 184m 22s (- 62m 33s) Iters: (112000 74%) Loss avg: 0.0026
Hits 100/100 test samples
Duration (Remaining): 185m 59s (- 60m 54s) Iters: (113000 75%) Loss avg: 0.0002
Hits 100/100 test samples
Duration (Remaining): 187m 31s (- 59m 13s) Iters: (114000 76%) Loss avg: 0.0010
Hits 100/100 test samples
Duration (Remaining): 189m 3s (- 57m 32s) Iters: (115000 76%) Loss avg: 0.0002
Hits 100/100 test samples
Duration (Remaining): 190m 36s (- 55m 52s) Iters: (116000 77%) Loss avg: 0.0010
Hits 100/100 test samples
Duration (Remaining): 192m 8s (- 54m 11s) Iters: (117000 78%) Loss avg: 0.0001
Hits 100/100 test samples
Duration (Remaining): 193m 39s (- 52m 31s) Iters: (118000 78%) Loss avg: 0.0001
Hits 100/100 test samples
Duration (Remaining): 195m 11s (- 50m 50s) Iters: (119000 79%) Loss avg: 0.0001
Hits 100/100 test samples
Duration (Remaining): 196m 40s (- 49m 10s) Iters: (120000 80%) Loss avg: 0.0001
Hits 100/100 test samples
Duration (Remaining): 198m 12s (- 47m 30s) Iters: (121000 80%) Loss avg: 0.0000
Hits 100/100 test samples
Duration (Remaining): 199m 44s (- 45m 50s) Iters: (122000 81%) Loss avg: 0.0000
Hits 100/100 test samples
Duration (Remaining): 201m 17s (- 44m 11s) Iters: (123000 82%) Loss avg: 0.0000
Hits 100/100 test samples
Duration (Remaining): 202m 50s (- 42m 31s) Iters: (124000 82%) Loss avg: 0.0000
Hits 100/100 test samples
Duration (Remaining): 204m 21s (- 40m 52s) Iters: (125000 83%) Loss avg: 0.0000
Hits 100/100 test samples
Duration (Remaining): 205m 55s (- 39m 13s) Iters: (126000 84%) Loss avg: 0.0000
Hits 100/100 test samples
Duration (Remaining): 207m 26s (- 37m 34s) Iters: (127000 84%) Loss avg: 0.0000
Hits 100/100 test samples
Duration (Remaining): 208m 58s (- 35m 55s) Iters: (128000 85%) Loss avg: 0.0044
Hits 100/100 test samples
Duration (Remaining): 210m 33s (- 34m 16s) Iters: (129000 86%) Loss avg: 0.0144
Hits 100/100 test samples
Duration (Remaining): 212m 13s (- 32m 38s) Iters: (130000 86%) Loss avg: 0.0001
Hits 100/100 test samples
Duration (Remaining): 213m 45s (- 31m 0s) Iters: (131000 87%) Loss avg: 0.0000
Hits 100/100 test samples
Duration (Remaining): 215m 17s (- 29m 21s) Iters: (132000 88%) Loss avg: 0.0000
Hits 100/100 test samples
Duration (Remaining): 216m 50s (- 27m 43s) Iters: (133000 88%) Loss avg: 0.0000
Hits 100/100 test samples
Duration (Remaining): 218m 25s (- 26m 4s) Iters: (134000 89%) Loss avg: 0.0000
Hits 100/100 test samples
Duration (Remaining): 219m 57s (- 24m 26s) Iters: (135000 90%) Loss avg: 0.0000
Hits 100/100 test samples
Duration (Remaining): 221m 30s (- 22m 48s) Iters: (136000 90%) Loss avg: 0.0000
Hits 100/100 test samples
Duration (Remaining): 223m 2s (- 21m 9s) Iters: (137000 91%) Loss avg: 0.0291
Hits 100/100 test samples
Duration (Remaining): 224m 39s (- 19m 32s) Iters: (138000 92%) Loss avg: 0.0045
Hits 100/100 test samples
Duration (Remaining): 226m 13s (- 17m 54s) Iters: (139000 92%) Loss avg: 0.0003
Hits 100/100 test samples
Duration (Remaining): 227m 45s (- 16m 16s) Iters: (140000 93%) Loss avg: 0.0001
Hits 100/100 test samples
Duration (Remaining): 229m 12s (- 14m 37s) Iters: (141000 94%) Loss avg: 0.0000
Hits 100/100 test samples
Duration (Remaining): 230m 46s (- 13m 0s) Iters: (142000 94%) Loss avg: 0.0000
Hits 100/100 test samples
Duration (Remaining): 232m 20s (- 11m 22s) Iters: (143000 95%) Loss avg: 0.0000
Hits 100/100 test samples
Duration (Remaining): 233m 53s (- 9m 44s) Iters: (144000 96%) Loss avg: 0.0000
Hits 100/100 test samples
Duration (Remaining): 235m 24s (- 8m 7s) Iters: (145000 96%) Loss avg: 0.0000
Hits 100/100 test samples
Duration (Remaining): 237m 2s (- 6m 29s) Iters: (146000 97%) Loss avg: 0.0000
Hits 100/100 test samples
Duration (Remaining): 238m 34s (- 4m 52s) Iters: (147000 98%) Loss avg: 0.0000
Hits 100/100 test samples
Duration (Remaining): 240m 7s (- 3m 14s) Iters: (148000 98%) Loss avg: 0.0000
Hits 100/100 test samples
Duration (Remaining): 241m 40s (- 1m 37s) Iters: (149000 99%) Loss avg: 0.0000
Hits 100/100 test samples
Duration (Remaining): 243m 3s (- 0m 0s) Iters: (150000 100%) Loss avg: 0.0000
Hits 100/100 test samples
Evaluating training split accuracy
Evaluation accuracy: 15224/15225 = 1.00%
Evaluating test split accuracy
Evaluation accuracy: 2189/5685 = 0.39%
Saved model at saved/around_right_inter_150000.pt
