Reading lines...
Read 20910 sentence pairs
Trimmed to 20910 sentence pairs
Counting words...
Counted words:
scan_in 15
scan_out 14
GPU unavailable, training with CPU
Initialized model GRU
Training SCAN model GRU on split 'jump_around_right' for 10000 iterations on device cpu, intermediate rep? False, tag None
Reading lines...
Read 21890 sentence pairs
Trimmed to 21890 sentence pairs
Counting words...
Counted words:
scan_in 15
scan_out 14
Loaded data from scan/SCAN-master/jump_around_right_train_inter2.txt
21890 examples. Sample pair: ['jump right after turn opposite right', 'after']
Reading lines...
Read 1208 sentence pairs
Trimmed to 1208 sentence pairs
Counting words...
Counted words:
scan_in 15
scan_out 6
Loaded data from scan/SCAN-master/jump_around_right_test_inter2.txt
1208 examples. Sample pair: ['jump around right thrice and turn around left twice', 'and']
Starting training: 10000 iterations
Hits 0/100 test samples
Duration (Remaining): 0m 31s (- 4m 43s) Iters: (1000 10%) Loss avg: 0.0886
Hits 99/100 test samples
Duration (Remaining): 0m 55s (- 3m 42s) Iters: (2000 20%) Loss avg: 0.0239
Hits 99/100 test samples
Duration (Remaining): 1m 18s (- 3m 3s) Iters: (3000 30%) Loss avg: 0.0026
Hits 100/100 test samples
Duration (Remaining): 1m 42s (- 2m 33s) Iters: (4000 40%) Loss avg: 0.0067
Hits 100/100 test samples
Duration (Remaining): 2m 7s (- 2m 7s) Iters: (5000 50%) Loss avg: 0.0023
Hits 100/100 test samples
Duration (Remaining): 2m 32s (- 1m 41s) Iters: (6000 60%) Loss avg: 0.0029
Hits 100/100 test samples
Duration (Remaining): 2m 57s (- 1m 15s) Iters: (7000 70%) Loss avg: 0.0014
Hits 100/100 test samples
Duration (Remaining): 3m 21s (- 0m 50s) Iters: (8000 80%) Loss avg: 0.0073
Hits 100/100 test samples
Duration (Remaining): 3m 45s (- 0m 25s) Iters: (9000 90%) Loss avg: 0.0020
Hits 100/100 test samples
Duration (Remaining): 4m 8s (- 0m 0s) Iters: (10000 100%) Loss avg: 0.0007
Hits 100/100 test samples
Evaluating training split accuracy
Evaluation accuracy: 21876/21890 = 1.00%
Evaluating test split accuracy
Evaluation accuracy: 1208/1208 = 1.00%
Saved model at saved/jump_around_right_10000.pt
