Reading lines...
Read 20910 sentence pairs
Trimmed to 20910 sentence pairs
Counting words...
Counted words:
scan_in 15
scan_out 15
Training on cuda:2
Initialized model GRU_A
Training SCAN model GRU_A on split 'jump_around_right' for 150000 iterations on device cuda:2, intermediate rep? True, tag None
Reading lines...
Read 21890 sentence pairs
Trimmed to 21890 sentence pairs
Counting words...
Counted words:
scan_in 15
scan_out 15
Loaded data from scan/SCAN-master/jump_around_right_train_inter.txt
21890 examples. Sample pair: ['jump around right', 'around jump right']
Reading lines...
Read 1208 sentence pairs
Trimmed to 1208 sentence pairs
Counting words...
Counted words:
scan_in 15
scan_out 15
Loaded data from scan/SCAN-master/jump_around_right_test_inter.txt
1208 examples. Sample pair: ['jump around right and jump opposite left thrice', 'and around jump right thrice opposite jump left']
Starting training: 150000 iterations
Hits 0/100 test samples
Duration (Remaining): 4m 23s (- 653m 13s) Iters: (1000 0%) Loss avg: 0.9721
Hits 65/100 test samples
Duration (Remaining): 7m 30s (- 555m 56s) Iters: (2000 1%) Loss avg: 0.2279
Hits 90/100 test samples
Duration (Remaining): 10m 40s (- 522m 45s) Iters: (3000 2%) Loss avg: 0.0983
Hits 99/100 test samples
Duration (Remaining): 14m 16s (- 521m 2s) Iters: (4000 2%) Loss avg: 0.1130
Hits 99/100 test samples
Duration (Remaining): 17m 32s (- 508m 54s) Iters: (5000 3%) Loss avg: 0.0502
Hits 100/100 test samples
Duration (Remaining): 20m 35s (- 494m 14s) Iters: (6000 4%) Loss avg: 0.0419
Hits 92/100 test samples
Duration (Remaining): 23m 53s (- 488m 2s) Iters: (7000 4%) Loss avg: 0.0417
Hits 98/100 test samples
Duration (Remaining): 26m 58s (- 478m 42s) Iters: (8000 5%) Loss avg: 0.0413
Hits 95/100 test samples
Duration (Remaining): 30m 11s (- 472m 55s) Iters: (9000 6%) Loss avg: 0.0507
Hits 99/100 test samples
Duration (Remaining): 33m 18s (- 466m 19s) Iters: (10000 6%) Loss avg: 0.0191
Hits 98/100 test samples
Duration (Remaining): 36m 20s (- 459m 16s) Iters: (11000 7%) Loss avg: 0.0285
Hits 99/100 test samples
Duration (Remaining): 39m 29s (- 454m 8s) Iters: (12000 8%) Loss avg: 0.0212
Hits 100/100 test samples
Duration (Remaining): 42m 35s (- 448m 55s) Iters: (13000 8%) Loss avg: 0.0054
Hits 99/100 test samples
Duration (Remaining): 45m 51s (- 445m 24s) Iters: (14000 9%) Loss avg: 0.0188
Hits 96/100 test samples
Duration (Remaining): 48m 54s (- 440m 9s) Iters: (15000 10%) Loss avg: 0.0506
Hits 100/100 test samples
Duration (Remaining): 51m 59s (- 435m 25s) Iters: (16000 10%) Loss avg: 0.0058
Hits 99/100 test samples
Duration (Remaining): 55m 11s (- 431m 51s) Iters: (17000 11%) Loss avg: 0.0019
Hits 100/100 test samples
Duration (Remaining): 58m 13s (- 426m 59s) Iters: (18000 12%) Loss avg: 0.0030
Hits 99/100 test samples
Duration (Remaining): 61m 19s (- 422m 47s) Iters: (19000 12%) Loss avg: 0.0681
Hits 99/100 test samples
Duration (Remaining): 64m 27s (- 418m 56s) Iters: (20000 13%) Loss avg: 0.0187
Hits 98/100 test samples
Duration (Remaining): 67m 30s (- 414m 40s) Iters: (21000 14%) Loss avg: 0.0143
Hits 100/100 test samples
Duration (Remaining): 70m 35s (- 410m 44s) Iters: (22000 14%) Loss avg: 0.0131
Hits 100/100 test samples
Duration (Remaining): 73m 42s (- 407m 0s) Iters: (23000 15%) Loss avg: 0.0202
Hits 97/100 test samples
Duration (Remaining): 76m 47s (- 403m 8s) Iters: (24000 16%) Loss avg: 0.0197
Hits 100/100 test samples
Duration (Remaining): 79m 53s (- 399m 26s) Iters: (25000 16%) Loss avg: 0.0117
Hits 100/100 test samples
Duration (Remaining): 82m 57s (- 395m 36s) Iters: (26000 17%) Loss avg: 0.0076
Hits 99/100 test samples
Duration (Remaining): 86m 3s (- 392m 3s) Iters: (27000 18%) Loss avg: 0.0148
Hits 100/100 test samples
Duration (Remaining): 89m 7s (- 388m 21s) Iters: (28000 18%) Loss avg: 0.0010
Hits 100/100 test samples
Duration (Remaining): 92m 11s (- 384m 39s) Iters: (29000 19%) Loss avg: 0.0055
Hits 95/100 test samples
Duration (Remaining): 95m 18s (- 381m 13s) Iters: (30000 20%) Loss avg: 0.0267
Hits 100/100 test samples
Duration (Remaining): 98m 23s (- 377m 42s) Iters: (31000 20%) Loss avg: 0.0026
Hits 99/100 test samples
Duration (Remaining): 101m 29s (- 374m 15s) Iters: (32000 21%) Loss avg: 0.0263
Hits 100/100 test samples
Duration (Remaining): 104m 36s (- 370m 51s) Iters: (33000 22%) Loss avg: 0.0012
Hits 100/100 test samples
Duration (Remaining): 107m 40s (- 367m 20s) Iters: (34000 22%) Loss avg: 0.0036
Hits 97/100 test samples
Duration (Remaining): 110m 44s (- 363m 53s) Iters: (35000 23%) Loss avg: 0.0025
Hits 99/100 test samples
Duration (Remaining): 113m 49s (- 360m 25s) Iters: (36000 24%) Loss avg: 0.0239
Hits 91/100 test samples
Duration (Remaining): 116m 54s (- 357m 1s) Iters: (37000 24%) Loss avg: 0.0086
Hits 100/100 test samples
Duration (Remaining): 119m 58s (- 353m 36s) Iters: (38000 25%) Loss avg: 0.0130
Hits 100/100 test samples
Duration (Remaining): 123m 2s (- 350m 12s) Iters: (39000 26%) Loss avg: 0.0083
Hits 100/100 test samples
Duration (Remaining): 126m 9s (- 346m 57s) Iters: (40000 26%) Loss avg: 0.0007
Hits 99/100 test samples
Duration (Remaining): 129m 14s (- 343m 35s) Iters: (41000 27%) Loss avg: 0.0005
Hits 100/100 test samples
Duration (Remaining): 132m 19s (- 340m 16s) Iters: (42000 28%) Loss avg: 0.0004
Hits 100/100 test samples
Duration (Remaining): 135m 25s (- 336m 58s) Iters: (43000 28%) Loss avg: 0.0001
Hits 100/100 test samples
Duration (Remaining): 138m 30s (- 333m 39s) Iters: (44000 29%) Loss avg: 0.0002
Hits 100/100 test samples
Duration (Remaining): 141m 33s (- 330m 18s) Iters: (45000 30%) Loss avg: 0.0006
Hits 100/100 test samples
Duration (Remaining): 144m 39s (- 327m 4s) Iters: (46000 30%) Loss avg: 0.0920
Hits 97/100 test samples
Duration (Remaining): 147m 47s (- 323m 52s) Iters: (47000 31%) Loss avg: 0.0109
Hits 100/100 test samples
Duration (Remaining): 150m 52s (- 320m 35s) Iters: (48000 32%) Loss avg: 0.0145
Hits 99/100 test samples
Duration (Remaining): 153m 55s (- 317m 16s) Iters: (49000 32%) Loss avg: 0.0043
Hits 100/100 test samples
Duration (Remaining): 157m 1s (- 314m 3s) Iters: (50000 33%) Loss avg: 0.0009
Hits 99/100 test samples
Duration (Remaining): 160m 9s (- 310m 53s) Iters: (51000 34%) Loss avg: 0.0039
Hits 100/100 test samples
Duration (Remaining): 163m 15s (- 307m 40s) Iters: (52000 34%) Loss avg: 0.0036
Hits 99/100 test samples
Duration (Remaining): 166m 21s (- 304m 28s) Iters: (53000 35%) Loss avg: 0.0439
Hits 86/100 test samples
Duration (Remaining): 169m 26s (- 301m 14s) Iters: (54000 36%) Loss avg: 0.0237
Hits 100/100 test samples
Duration (Remaining): 172m 30s (- 297m 58s) Iters: (55000 36%) Loss avg: 0.0042
Hits 99/100 test samples
Duration (Remaining): 175m 37s (- 294m 47s) Iters: (56000 37%) Loss avg: 0.0056
Hits 99/100 test samples
Duration (Remaining): 178m 41s (- 291m 32s) Iters: (57000 38%) Loss avg: 0.0142
Hits 98/100 test samples
Duration (Remaining): 181m 48s (- 288m 23s) Iters: (58000 38%) Loss avg: 0.0063
Hits 100/100 test samples
Duration (Remaining): 184m 55s (- 285m 13s) Iters: (59000 39%) Loss avg: 0.0026
Hits 100/100 test samples
Duration (Remaining): 188m 3s (- 282m 4s) Iters: (60000 40%) Loss avg: 0.0026
Hits 100/100 test samples
Duration (Remaining): 191m 12s (- 278m 58s) Iters: (61000 40%) Loss avg: 0.0023
Hits 99/100 test samples
Duration (Remaining): 194m 18s (- 275m 47s) Iters: (62000 41%) Loss avg: 0.0020
Hits 100/100 test samples
Duration (Remaining): 197m 23s (- 272m 35s) Iters: (63000 42%) Loss avg: 0.0024
Hits 100/100 test samples
Duration (Remaining): 200m 32s (- 269m 28s) Iters: (64000 42%) Loss avg: 0.0038
Hits 99/100 test samples
Duration (Remaining): 203m 44s (- 266m 26s) Iters: (65000 43%) Loss avg: 0.0207
Hits 96/100 test samples
Duration (Remaining): 206m 52s (- 263m 17s) Iters: (66000 44%) Loss avg: 0.0058
Hits 100/100 test samples
Duration (Remaining): 210m 1s (- 260m 10s) Iters: (67000 44%) Loss avg: 0.0063
Hits 100/100 test samples
Duration (Remaining): 213m 7s (- 256m 59s) Iters: (68000 45%) Loss avg: 0.0014
Hits 99/100 test samples
Duration (Remaining): 216m 12s (- 253m 48s) Iters: (69000 46%) Loss avg: 0.0006
Hits 100/100 test samples
Duration (Remaining): 219m 20s (- 250m 40s) Iters: (70000 46%) Loss avg: 0.0003
Hits 100/100 test samples
Duration (Remaining): 222m 36s (- 247m 41s) Iters: (71000 47%) Loss avg: 0.0015
Hits 100/100 test samples
Duration (Remaining): 225m 42s (- 244m 31s) Iters: (72000 48%) Loss avg: 0.0009
Hits 100/100 test samples
Duration (Remaining): 229m 0s (- 241m 33s) Iters: (73000 48%) Loss avg: 0.0397
Hits 95/100 test samples
Duration (Remaining): 232m 31s (- 238m 48s) Iters: (74000 49%) Loss avg: 0.0267
Hits 97/100 test samples
Duration (Remaining): 235m 36s (- 235m 36s) Iters: (75000 50%) Loss avg: 0.0075
Hits 100/100 test samples
Duration (Remaining): 238m 46s (- 232m 29s) Iters: (76000 50%) Loss avg: 0.0046
Hits 100/100 test samples
Duration (Remaining): 242m 13s (- 229m 38s) Iters: (77000 51%) Loss avg: 0.0006
Hits 100/100 test samples
Duration (Remaining): 245m 20s (- 226m 27s) Iters: (78000 52%) Loss avg: 0.0004
Hits 100/100 test samples
Duration (Remaining): 248m 27s (- 223m 17s) Iters: (79000 52%) Loss avg: 0.0059
Hits 100/100 test samples
Duration (Remaining): 251m 47s (- 220m 19s) Iters: (80000 53%) Loss avg: 0.0063
Hits 100/100 test samples
Duration (Remaining): 255m 0s (- 217m 13s) Iters: (81000 54%) Loss avg: 0.0018
Hits 100/100 test samples
Duration (Remaining): 258m 6s (- 214m 2s) Iters: (82000 54%) Loss avg: 0.0057
Hits 100/100 test samples
Duration (Remaining): 261m 20s (- 210m 57s) Iters: (83000 55%) Loss avg: 0.0018
Hits 99/100 test samples
Duration (Remaining): 264m 43s (- 207m 59s) Iters: (84000 56%) Loss avg: 0.0002
Hits 100/100 test samples
Duration (Remaining): 267m 54s (- 204m 52s) Iters: (85000 56%) Loss avg: 0.0001
Hits 100/100 test samples
Duration (Remaining): 271m 1s (- 201m 41s) Iters: (86000 57%) Loss avg: 0.0005
Hits 99/100 test samples
Duration (Remaining): 274m 28s (- 198m 45s) Iters: (87000 57%) Loss avg: 0.0018
Hits 98/100 test samples
Duration (Remaining): 277m 53s (- 195m 47s) Iters: (88000 58%) Loss avg: 0.0271
Hits 100/100 test samples
Duration (Remaining): 280m 58s (- 192m 34s) Iters: (89000 59%) Loss avg: 0.0015
Hits 100/100 test samples
Duration (Remaining): 284m 16s (- 189m 31s) Iters: (90000 60%) Loss avg: 0.0053
Hits 100/100 test samples
Duration (Remaining): 287m 34s (- 186m 27s) Iters: (91000 60%) Loss avg: 0.0012
Hits 100/100 test samples
Duration (Remaining): 290m 56s (- 183m 24s) Iters: (92000 61%) Loss avg: 0.0002
Hits 100/100 test samples
Duration (Remaining): 294m 0s (- 180m 12s) Iters: (93000 62%) Loss avg: 0.0008
Hits 100/100 test samples
Duration (Remaining): 297m 11s (- 177m 3s) Iters: (94000 62%) Loss avg: 0.0001
Hits 100/100 test samples
Duration (Remaining): 300m 42s (- 174m 5s) Iters: (95000 63%) Loss avg: 0.0010
Hits 100/100 test samples
Duration (Remaining): 304m 18s (- 171m 10s) Iters: (96000 64%) Loss avg: 0.0151
Hits 94/100 test samples
Duration (Remaining): 307m 22s (- 167m 56s) Iters: (97000 64%) Loss avg: 0.0172
Hits 100/100 test samples
Duration (Remaining): 310m 39s (- 164m 50s) Iters: (98000 65%) Loss avg: 0.0016
Hits 100/100 test samples
Duration (Remaining): 313m 59s (- 161m 45s) Iters: (99000 66%) Loss avg: 0.0020
Hits 100/100 test samples
Duration (Remaining): 317m 19s (- 158m 39s) Iters: (100000 66%) Loss avg: 0.0153
Hits 99/100 test samples
Duration (Remaining): 320m 25s (- 155m 27s) Iters: (101000 67%) Loss avg: 0.0055
Hits 100/100 test samples
Duration (Remaining): 323m 37s (- 152m 17s) Iters: (102000 68%) Loss avg: 0.0082
Hits 100/100 test samples
Duration (Remaining): 327m 5s (- 149m 15s) Iters: (103000 68%) Loss avg: 0.0010
Hits 99/100 test samples
Duration (Remaining): 330m 39s (- 146m 15s) Iters: (104000 69%) Loss avg: 0.0043
Hits 100/100 test samples
Duration (Remaining): 333m 43s (- 143m 1s) Iters: (105000 70%) Loss avg: 0.0016
Hits 99/100 test samples
Duration (Remaining): 336m 54s (- 139m 51s) Iters: (106000 70%) Loss avg: 0.0036
Hits 100/100 test samples
Duration (Remaining): 340m 16s (- 136m 44s) Iters: (107000 71%) Loss avg: 0.0025
Hits 100/100 test samples
Duration (Remaining): 343m 31s (- 133m 35s) Iters: (108000 72%) Loss avg: 0.0152
Hits 99/100 test samples
Duration (Remaining): 347m 13s (- 130m 36s) Iters: (109000 72%) Loss avg: 0.0012
Hits 100/100 test samples
Duration (Remaining): 350m 23s (- 127m 24s) Iters: (110000 73%) Loss avg: 0.0018
Hits 100/100 test samples
Duration (Remaining): 353m 46s (- 124m 17s) Iters: (111000 74%) Loss avg: 0.0036
Hits 100/100 test samples
Duration (Remaining): 356m 58s (- 121m 6s) Iters: (112000 74%) Loss avg: 0.0002
Hits 100/100 test samples
Duration (Remaining): 360m 43s (- 118m 6s) Iters: (113000 75%) Loss avg: 0.0161
Hits 81/100 test samples
Duration (Remaining): 363m 50s (- 114m 53s) Iters: (114000 76%) Loss avg: 0.0597
Hits 99/100 test samples
Duration (Remaining): 367m 7s (- 111m 44s) Iters: (115000 76%) Loss avg: 0.0139
Hits 100/100 test samples
Duration (Remaining): 370m 26s (- 108m 34s) Iters: (116000 77%) Loss avg: 0.0053
Hits 100/100 test samples
Duration (Remaining): 374m 4s (- 105m 30s) Iters: (117000 78%) Loss avg: 0.0010
Hits 100/100 test samples
Duration (Remaining): 377m 33s (- 102m 23s) Iters: (118000 78%) Loss avg: 0.0068
Hits 100/100 test samples
Duration (Remaining): 380m 40s (- 99m 10s) Iters: (119000 79%) Loss avg: 0.0009
Hits 100/100 test samples
Duration (Remaining): 383m 51s (- 95m 57s) Iters: (120000 80%) Loss avg: 0.0081
Hits 100/100 test samples
Duration (Remaining): 387m 21s (- 92m 50s) Iters: (121000 80%) Loss avg: 0.0017
Hits 100/100 test samples
Duration (Remaining): 390m 41s (- 89m 40s) Iters: (122000 81%) Loss avg: 0.0017
Hits 100/100 test samples
Duration (Remaining): 393m 49s (- 86m 26s) Iters: (123000 82%) Loss avg: 0.0003
Hits 100/100 test samples
Duration (Remaining): 396m 54s (- 83m 13s) Iters: (124000 82%) Loss avg: 0.0067
Hits 100/100 test samples
Duration (Remaining): 400m 7s (- 80m 1s) Iters: (125000 83%) Loss avg: 0.0023
Hits 98/100 test samples
Duration (Remaining): 403m 29s (- 76m 51s) Iters: (126000 84%) Loss avg: 0.0089
Hits 99/100 test samples
Duration (Remaining): 406m 35s (- 73m 38s) Iters: (127000 84%) Loss avg: 0.0012
Hits 100/100 test samples
Duration (Remaining): 409m 40s (- 70m 24s) Iters: (128000 85%) Loss avg: 0.0008
Hits 100/100 test samples
Duration (Remaining): 413m 4s (- 67m 14s) Iters: (129000 86%) Loss avg: 0.0039
Hits 100/100 test samples
Duration (Remaining): 416m 26s (- 64m 4s) Iters: (130000 86%) Loss avg: 0.0056
Hits 100/100 test samples
Duration (Remaining): 419m 31s (- 60m 50s) Iters: (131000 87%) Loss avg: 0.0010
Hits 99/100 test samples
Duration (Remaining): 422m 35s (- 57m 37s) Iters: (132000 88%) Loss avg: 0.0140
Hits 99/100 test samples
Duration (Remaining): 426m 2s (- 54m 27s) Iters: (133000 88%) Loss avg: 0.0010
Hits 100/100 test samples
Duration (Remaining): 429m 31s (- 51m 17s) Iters: (134000 89%) Loss avg: 0.0026
Hits 99/100 test samples
Duration (Remaining): 432m 36s (- 48m 4s) Iters: (135000 90%) Loss avg: 0.0033
Hits 100/100 test samples
Duration (Remaining): 435m 42s (- 44m 51s) Iters: (136000 90%) Loss avg: 0.0014
Hits 100/100 test samples
Duration (Remaining): 438m 58s (- 41m 39s) Iters: (137000 91%) Loss avg: 0.0001
Hits 100/100 test samples
Duration (Remaining): 442m 36s (- 38m 29s) Iters: (138000 92%) Loss avg: 0.0065
Hits 100/100 test samples
Duration (Remaining): 445m 52s (- 35m 17s) Iters: (139000 92%) Loss avg: 0.0431
Hits 99/100 test samples
Duration (Remaining): 448m 58s (- 32m 4s) Iters: (140000 93%) Loss avg: 0.0024
Hits 100/100 test samples
Duration (Remaining): 452m 2s (- 28m 51s) Iters: (141000 94%) Loss avg: 0.0005
Hits 99/100 test samples
Duration (Remaining): 455m 6s (- 25m 38s) Iters: (142000 94%) Loss avg: 0.0002
Hits 98/100 test samples
Duration (Remaining): 458m 10s (- 22m 25s) Iters: (143000 95%) Loss avg: 0.0115
Hits 100/100 test samples
Duration (Remaining): 461m 16s (- 19m 13s) Iters: (144000 96%) Loss avg: 0.0016
Hits 100/100 test samples
Duration (Remaining): 464m 21s (- 16m 0s) Iters: (145000 96%) Loss avg: 0.0196
Hits 100/100 test samples
Duration (Remaining): 467m 27s (- 12m 48s) Iters: (146000 97%) Loss avg: 0.0012
Hits 100/100 test samples
Duration (Remaining): 470m 32s (- 9m 36s) Iters: (147000 98%) Loss avg: 0.0004
Hits 100/100 test samples
Duration (Remaining): 473m 35s (- 6m 23s) Iters: (148000 98%) Loss avg: 0.0003
Hits 100/100 test samples
Duration (Remaining): 476m 38s (- 3m 11s) Iters: (149000 99%) Loss avg: 0.0051
Hits 100/100 test samples
Duration (Remaining): 479m 24s (- 0m 0s) Iters: (150000 100%) Loss avg: 0.0071
Hits 100/100 test samples
Evaluating training split accuracy
Evaluation accuracy: 21804/21890 = 1.00%
Evaluating test split accuracy
Evaluation accuracy: 1206/1208 = 1.00%
Saved model at saved/jump_around_right_inter_150000.pt
