Reading lines...
Read 20910 sentence pairs
Trimmed to 20910 sentence pairs
Counting words...
Counted words:
scan_in 15
scan_out 15
GPU unavailable, training with CPU
Initialized model GRU
Training SCAN model GRU on split 'jump_around_right' for 5000 iterations on device cpu, intermediate rep? True, tag 2
Reading lines...
Read 21890 sentence pairs
Trimmed to 21890 sentence pairs
Counting words...
Counted words:
scan_in 15
scan_out 15
Loaded data from scan/SCAN-master/jump_around_right_train_inter.txt
21890 examples. Sample pair: ['look around right twice after jump', 'after twice around look right jump']
Reading lines...
Read 1208 sentence pairs
Trimmed to 1208 sentence pairs
Counting words...
Counted words:
scan_in 15
scan_out 15
Loaded data from scan/SCAN-master/jump_around_right_test_inter.txt
1208 examples. Sample pair: ['walk right thrice after jump around right', 'after thrice right walk around jump right']
Starting training: 5000 iterations
Hits 0/100 test samples
Duration (Remaining): 0m 22s (- 1m 31s) Iters: (1000 20%) Loss avg: 1.4107
Hits 11/100 test samples
Duration (Remaining): 0m 48s (- 1m 13s) Iters: (2000 40%) Loss avg: 0.6588
Hits 15/100 test samples
Duration (Remaining): 1m 16s (- 0m 51s) Iters: (3000 60%) Loss avg: 0.3672
Hits 49/100 test samples
Duration (Remaining): 1m 44s (- 0m 26s) Iters: (4000 80%) Loss avg: 0.1819
Hits 82/100 test samples
Duration (Remaining): 2m 17s (- 0m 0s) Iters: (5000 100%) Loss avg: 0.0835
Hits 99/100 test samples
Evaluating training split accuracy
Evaluation accuracy: 21708/21890 = 0.99%
Evaluating test split accuracy
Evaluation accuracy: 1201/1208 = 0.99%
Saved model at saved/jump_around_right_inter_5000_2.pt
