Reading lines...
Read 20910 sentence pairs
Trimmed to 20910 sentence pairs
Counting words...
Counted words:
scan_in 15
scan_out 8
Training on cuda:1
Initialized model GRU
Training SCAN model GRU on split 'jump' for 2000 iterations on device cuda:1, intermediate rep? False, tag None
Reading lines...
Read 14670 sentence pairs
Trimmed to 14670 sentence pairs
Counting words...
Counted words:
scan_in 15
scan_out 8
Loaded data from scan/SCAN-master/jump_train.txt
14670 examples. Sample pair: ['walk right after run left thrice', 'I_TURN_LEFT I_RUN I_TURN_LEFT I_RUN I_TURN_LEFT I_RUN I_TURN_RIGHT I_WALK']
Reading lines...
Read 7706 sentence pairs
Trimmed to 7706 sentence pairs
Counting words...
Counted words:
scan_in 15
scan_out 8
Loaded data from scan/SCAN-master/jump_test.txt
7706 examples. Sample pair: ['jump opposite right and jump around left', 'I_TURN_RIGHT I_TURN_RIGHT I_JUMP I_TURN_LEFT I_JUMP I_TURN_LEFT I_JUMP I_TURN_LEFT I_JUMP I_TURN_LEFT I_JUMP']
Starting training: 2000 iterations
Hits 0/100 test samples
Duration (Remaining): 0m 45s (- 0m 45s) Iters: (1000 50%) Loss avg: 1.1197
Hits 12/100 test samples
Duration (Remaining): 1m 29s (- 0m 0s) Iters: (2000 100%) Loss avg: 0.7814
Hits 6/100 test samples
Evaluating training split accuracy
Evaluation accuracy: 11/100 = 0.11%
Evaluating test split accuracy
Evaluation accuracy: 0/100 = 0.00%
Saved model at saved/jump_2000.pt
Reading lines...
Read 20910 sentence pairs
Trimmed to 20910 sentence pairs
Counting words...
Counted words:
scan_in 15
scan_out 8
Training on cuda:1
Initialized model GRU
Training SCAN model GRU on split 'jump' for 2000 iterations on device cuda:1, intermediate rep? False, tag None
Reading lines...
Read 14670 sentence pairs
Trimmed to 14670 sentence pairs
Counting words...
Counted words:
scan_in 15
scan_out 8
Loaded data from scan/SCAN-master/jump_train.txt
14670 examples. Sample pair: ['jump', 'I_JUMP']
Reading lines...
Read 7706 sentence pairs
Trimmed to 7706 sentence pairs
Counting words...
Counted words:
scan_in 15
scan_out 8
Loaded data from scan/SCAN-master/jump_test.txt
7706 examples. Sample pair: ['jump opposite right twice and look opposite right twice', 'I_TURN_RIGHT I_TURN_RIGHT I_JUMP I_TURN_RIGHT I_TURN_RIGHT I_JUMP I_TURN_RIGHT I_TURN_RIGHT I_LOOK I_TURN_RIGHT I_TURN_RIGHT I_LOOK']
Starting training: 2000 iterations
Hits 0/100 test samples
Duration (Remaining): 2m 44s (- 2m 44s) Iters: (1000 50%) Loss avg: 1.1387
Hits 5/100 test samples
Duration (Remaining): 4m 59s (- 0m 0s) Iters: (2000 100%) Loss avg: 0.7908
Hits 16/100 test samples
Evaluating training split accuracy
Evaluation accuracy: 16/100 = 0.16%
Evaluating test split accuracy
Evaluation accuracy: 0/100 = 0.00%
Saved model at saved/jump_2000.pt
Reading lines...
Read 20910 sentence pairs
Trimmed to 20910 sentence pairs
Counting words...
Counted words:
scan_in 15
scan_out 8
Training on cuda:1
Initialized model GRU
Training SCAN model GRU on split 'jump' for 1000 iterations on device cuda:1, intermediate rep? False, tag None
Reading lines...
Read 14670 sentence pairs
Trimmed to 14670 sentence pairs
Counting words...
Counted words:
scan_in 15
scan_out 8
Loaded data from scan/SCAN-master/jump_train.txt
14670 examples. Sample pair: ['run opposite right twice after run around left thrice', 'I_TURN_LEFT I_RUN I_TURN_LEFT I_RUN I_TURN_LEFT I_RUN I_TURN_LEFT I_RUN I_TURN_LEFT I_RUN I_TURN_LEFT I_RUN I_TURN_LEFT I_RUN I_TURN_LEFT I_RUN I_TURN_LEFT I_RUN I_TURN_LEFT I_RUN I_TURN_LEFT I_RUN I_TURN_LEFT I_RUN I_TURN_RIGHT I_TURN_RIGHT I_RUN I_TURN_RIGHT I_TURN_RIGHT I_RUN']
Reading lines...
Read 7706 sentence pairs
Trimmed to 7706 sentence pairs
Counting words...
Counted words:
scan_in 15
scan_out 8
Loaded data from scan/SCAN-master/jump_test.txt
7706 examples. Sample pair: ['walk opposite left and jump left twice', 'I_TURN_LEFT I_TURN_LEFT I_WALK I_TURN_LEFT I_JUMP I_TURN_LEFT I_JUMP']
Starting training: 1000 iterations
Hits 0/100 test samples
Duration (Remaining): 1m 51s (- 0m 0s) Iters: (1000 100%) Loss avg: 1.1283
Hits 11/100 test samples
Evaluating training split accuracy
Evaluation accuracy: 7/100 = 0.07%
Evaluating test split accuracy
Evaluation accuracy: 0/100 = 0.00%
Saved model at saved/jump_1000.pt
Reading lines...
Read 20910 sentence pairs
Trimmed to 20910 sentence pairs
Counting words...
Counted words:
scan_in 15
scan_out 8
Training on cuda:1
Initialized model GRU
Training SCAN model GRU on split 'jump' for 150000 iterations on device cuda:1, intermediate rep? False, tag None
Reading lines...
Read 14670 sentence pairs
Trimmed to 14670 sentence pairs
Counting words...
Counted words:
scan_in 15
scan_out 8
Loaded data from scan/SCAN-master/jump_train.txt
14670 examples. Sample pair: ['turn opposite right and turn opposite right', 'I_TURN_RIGHT I_TURN_RIGHT I_TURN_RIGHT I_TURN_RIGHT']
Reading lines...
Read 7706 sentence pairs
Trimmed to 7706 sentence pairs
Counting words...
Counted words:
scan_in 15
scan_out 8
Loaded data from scan/SCAN-master/jump_test.txt
7706 examples. Sample pair: ['jump right and run opposite right twice', 'I_TURN_RIGHT I_JUMP I_TURN_RIGHT I_TURN_RIGHT I_RUN I_TURN_RIGHT I_TURN_RIGHT I_RUN']
Starting training: 150000 iterations
Hits 0/100 test samples
Duration (Remaining): 3m 30s (- 521m 51s) Iters: (1000 0%) Loss avg: 1.0818
Hits 8/100 test samples
Duration (Remaining): 5m 51s (- 433m 47s) Iters: (2000 1%) Loss avg: 0.7483
Hits 13/100 test samples
Duration (Remaining): 8m 7s (- 397m 47s) Iters: (3000 2%) Loss avg: 0.5930
Hits 14/100 test samples
Duration (Remaining): 10m 28s (- 382m 16s) Iters: (4000 2%) Loss avg: 0.5224
Hits 17/100 test samples
Duration (Remaining): 12m 44s (- 369m 18s) Iters: (5000 3%) Loss avg: 0.4422
Hits 20/100 test samples
Duration (Remaining): 14m 57s (- 359m 9s) Iters: (6000 4%) Loss avg: 0.4178
Hits 29/100 test samples
Duration (Remaining): 17m 7s (- 350m 0s) Iters: (7000 4%) Loss avg: 0.3699
Hits 28/100 test samples
Duration (Remaining): 19m 8s (- 339m 53s) Iters: (8000 5%) Loss avg: 0.3421
Hits 32/100 test samples
Duration (Remaining): 21m 11s (- 332m 0s) Iters: (9000 6%) Loss avg: 0.3345
Hits 31/100 test samples
Duration (Remaining): 23m 18s (- 326m 14s) Iters: (10000 6%) Loss avg: 0.3142
Hits 31/100 test samples
Duration (Remaining): 25m 23s (- 320m 49s) Iters: (11000 7%) Loss avg: 0.2881
Hits 39/100 test samples
Duration (Remaining): 27m 29s (- 316m 8s) Iters: (12000 8%) Loss avg: 0.3013
Hits 40/100 test samples
Duration (Remaining): 29m 32s (- 311m 23s) Iters: (13000 8%) Loss avg: 0.2480
Hits 36/100 test samples
Duration (Remaining): 31m 33s (- 306m 34s) Iters: (14000 9%) Loss avg: 0.2163
Hits 51/100 test samples
Duration (Remaining): 33m 36s (- 302m 28s) Iters: (15000 10%) Loss avg: 0.2101
Hits 40/100 test samples
Duration (Remaining): 35m 40s (- 298m 44s) Iters: (16000 10%) Loss avg: 0.2067
Hits 41/100 test samples
Duration (Remaining): 37m 47s (- 295m 43s) Iters: (17000 11%) Loss avg: 0.1872
Hits 46/100 test samples
Duration (Remaining): 39m 54s (- 292m 42s) Iters: (18000 12%) Loss avg: 0.1935
Hits 64/100 test samples
Duration (Remaining): 42m 1s (- 289m 44s) Iters: (19000 12%) Loss avg: 0.1622
Hits 52/100 test samples
Duration (Remaining): 44m 8s (- 286m 55s) Iters: (20000 13%) Loss avg: 0.1646
Hits 49/100 test samples
Duration (Remaining): 46m 15s (- 284m 11s) Iters: (21000 14%) Loss avg: 0.1569
Hits 47/100 test samples
Duration (Remaining): 48m 20s (- 281m 17s) Iters: (22000 14%) Loss avg: 0.1491
Hits 54/100 test samples
Duration (Remaining): 50m 27s (- 278m 37s) Iters: (23000 15%) Loss avg: 0.1383
Hits 63/100 test samples
Duration (Remaining): 52m 31s (- 275m 45s) Iters: (24000 16%) Loss avg: 0.1144
Hits 62/100 test samples
Duration (Remaining): 54m 33s (- 272m 49s) Iters: (25000 16%) Loss avg: 0.1171
Hits 60/100 test samples
Duration (Remaining): 56m 39s (- 270m 12s) Iters: (26000 17%) Loss avg: 0.1120
Hits 61/100 test samples
Duration (Remaining): 58m 44s (- 267m 36s) Iters: (27000 18%) Loss avg: 0.1358
Hits 64/100 test samples
Duration (Remaining): 60m 43s (- 264m 34s) Iters: (28000 18%) Loss avg: 0.1017
Hits 70/100 test samples
Duration (Remaining): 62m 52s (- 262m 19s) Iters: (29000 19%) Loss avg: 0.1201
Hits 60/100 test samples
Duration (Remaining): 64m 59s (- 259m 56s) Iters: (30000 20%) Loss avg: 0.1047
Hits 64/100 test samples
Duration (Remaining): 67m 8s (- 257m 45s) Iters: (31000 20%) Loss avg: 0.0919
Hits 69/100 test samples
Duration (Remaining): 69m 13s (- 255m 16s) Iters: (32000 21%) Loss avg: 0.0891
Hits 76/100 test samples
Duration (Remaining): 71m 19s (- 252m 51s) Iters: (33000 22%) Loss avg: 0.0918
Hits 81/100 test samples
Duration (Remaining): 73m 25s (- 250m 29s) Iters: (34000 22%) Loss avg: 0.0777
Hits 69/100 test samples
Duration (Remaining): 75m 30s (- 248m 4s) Iters: (35000 23%) Loss avg: 0.0869
Hits 87/100 test samples
Duration (Remaining): 77m 39s (- 245m 54s) Iters: (36000 24%) Loss avg: 0.0803
Hits 75/100 test samples
Duration (Remaining): 79m 49s (- 243m 47s) Iters: (37000 24%) Loss avg: 0.0634
Hits 74/100 test samples
Duration (Remaining): 81m 59s (- 241m 39s) Iters: (38000 25%) Loss avg: 0.0732
Hits 82/100 test samples
Duration (Remaining): 84m 5s (- 239m 20s) Iters: (39000 26%) Loss avg: 0.0643
Hits 65/100 test samples
Duration (Remaining): 86m 10s (- 236m 57s) Iters: (40000 26%) Loss avg: 0.0774
Hits 88/100 test samples
Duration (Remaining): 88m 16s (- 234m 39s) Iters: (41000 27%) Loss avg: 0.0493
Hits 88/100 test samples
Duration (Remaining): 90m 26s (- 232m 33s) Iters: (42000 28%) Loss avg: 0.0673
Hits 79/100 test samples
Duration (Remaining): 92m 33s (- 230m 19s) Iters: (43000 28%) Loss avg: 0.0724
Hits 73/100 test samples
Duration (Remaining): 94m 41s (- 228m 6s) Iters: (44000 29%) Loss avg: 0.0505
Hits 64/100 test samples
Duration (Remaining): 96m 44s (- 225m 43s) Iters: (45000 30%) Loss avg: 0.0574
Hits 89/100 test samples
Duration (Remaining): 98m 46s (- 223m 18s) Iters: (46000 30%) Loss avg: 0.0527
Hits 96/100 test samples
Duration (Remaining): 100m 51s (- 221m 2s) Iters: (47000 31%) Loss avg: 0.0317
Hits 89/100 test samples
Duration (Remaining): 102m 51s (- 218m 34s) Iters: (48000 32%) Loss avg: 0.0454
Hits 85/100 test samples
Duration (Remaining): 104m 57s (- 216m 20s) Iters: (49000 32%) Loss avg: 0.0710
Hits 94/100 test samples
Duration (Remaining): 107m 2s (- 214m 4s) Iters: (50000 33%) Loss avg: 0.0422
Hits 85/100 test samples
Duration (Remaining): 109m 6s (- 211m 47s) Iters: (51000 34%) Loss avg: 0.0371
Hits 95/100 test samples
Duration (Remaining): 111m 9s (- 209m 29s) Iters: (52000 34%) Loss avg: 0.0459
Hits 86/100 test samples
Duration (Remaining): 113m 17s (- 207m 20s) Iters: (53000 35%) Loss avg: 0.0427
Hits 90/100 test samples
Duration (Remaining): 115m 23s (- 205m 9s) Iters: (54000 36%) Loss avg: 0.0394
Hits 93/100 test samples
Duration (Remaining): 117m 31s (- 203m 0s) Iters: (55000 36%) Loss avg: 0.0322
Hits 86/100 test samples
Duration (Remaining): 119m 42s (- 200m 56s) Iters: (56000 37%) Loss avg: 0.0361
Hits 82/100 test samples
Duration (Remaining): 121m 53s (- 198m 52s) Iters: (57000 38%) Loss avg: 0.0342
Hits 84/100 test samples
Duration (Remaining): 123m 59s (- 196m 40s) Iters: (58000 38%) Loss avg: 0.0390
Hits 94/100 test samples
Duration (Remaining): 126m 6s (- 194m 29s) Iters: (59000 39%) Loss avg: 0.0398
Hits 84/100 test samples
Duration (Remaining): 128m 14s (- 192m 21s) Iters: (60000 40%) Loss avg: 0.0332
Hits 91/100 test samples
Duration (Remaining): 130m 25s (- 190m 17s) Iters: (61000 40%) Loss avg: 0.0278
Hits 93/100 test samples
Duration (Remaining): 132m 33s (- 188m 8s) Iters: (62000 41%) Loss avg: 0.0281
Hits 93/100 test samples
Duration (Remaining): 134m 44s (- 186m 4s) Iters: (63000 42%) Loss avg: 0.0306
Hits 91/100 test samples
Duration (Remaining): 136m 53s (- 183m 56s) Iters: (64000 42%) Loss avg: 0.0259
Hits 92/100 test samples
Duration (Remaining): 138m 59s (- 181m 45s) Iters: (65000 43%) Loss avg: 0.0274
Hits 79/100 test samples
Duration (Remaining): 141m 7s (- 179m 37s) Iters: (66000 44%) Loss avg: 0.0277
Hits 89/100 test samples
Duration (Remaining): 143m 18s (- 177m 31s) Iters: (67000 44%) Loss avg: 0.0333
Hits 93/100 test samples
Duration (Remaining): 145m 27s (- 175m 24s) Iters: (68000 45%) Loss avg: 0.0266
Hits 94/100 test samples
Duration (Remaining): 147m 36s (- 173m 16s) Iters: (69000 46%) Loss avg: 0.0474
Hits 95/100 test samples
Duration (Remaining): 149m 48s (- 171m 12s) Iters: (70000 46%) Loss avg: 0.0345
Hits 97/100 test samples
Duration (Remaining): 151m 55s (- 169m 2s) Iters: (71000 47%) Loss avg: 0.0202
Hits 96/100 test samples
Duration (Remaining): 154m 1s (- 166m 51s) Iters: (72000 48%) Loss avg: 0.0240
Hits 87/100 test samples
Duration (Remaining): 156m 9s (- 164m 42s) Iters: (73000 48%) Loss avg: 0.0193
Hits 94/100 test samples
Duration (Remaining): 158m 16s (- 162m 32s) Iters: (74000 49%) Loss avg: 0.0168
Hits 95/100 test samples
Duration (Remaining): 160m 24s (- 160m 24s) Iters: (75000 50%) Loss avg: 0.0162
Hits 96/100 test samples
Duration (Remaining): 162m 32s (- 158m 15s) Iters: (76000 50%) Loss avg: 0.0136
Hits 99/100 test samples
Duration (Remaining): 164m 43s (- 156m 9s) Iters: (77000 51%) Loss avg: 0.0214
Hits 93/100 test samples
Duration (Remaining): 166m 52s (- 154m 2s) Iters: (78000 52%) Loss avg: 0.0213
Hits 94/100 test samples
Duration (Remaining): 168m 56s (- 151m 49s) Iters: (79000 52%) Loss avg: 0.0212
Hits 94/100 test samples
Duration (Remaining): 171m 3s (- 149m 40s) Iters: (80000 53%) Loss avg: 0.0126
Hits 93/100 test samples
Duration (Remaining): 173m 14s (- 147m 34s) Iters: (81000 54%) Loss avg: 0.0234
Hits 96/100 test samples
Duration (Remaining): 175m 22s (- 145m 25s) Iters: (82000 54%) Loss avg: 0.0157
Hits 98/100 test samples
Duration (Remaining): 177m 31s (- 143m 17s) Iters: (83000 55%) Loss avg: 0.0223
Hits 98/100 test samples
Duration (Remaining): 179m 41s (- 141m 11s) Iters: (84000 56%) Loss avg: 0.0108
Hits 90/100 test samples
Duration (Remaining): 181m 48s (- 139m 1s) Iters: (85000 56%) Loss avg: 0.0112
Hits 99/100 test samples
Duration (Remaining): 183m 50s (- 136m 48s) Iters: (86000 57%) Loss avg: 0.0276
Hits 97/100 test samples
Duration (Remaining): 185m 57s (- 134m 39s) Iters: (87000 57%) Loss avg: 0.0134
Hits 95/100 test samples
Duration (Remaining): 187m 56s (- 132m 25s) Iters: (88000 58%) Loss avg: 0.0155
Hits 99/100 test samples
Duration (Remaining): 189m 57s (- 130m 11s) Iters: (89000 59%) Loss avg: 0.0225
Hits 98/100 test samples
Duration (Remaining): 191m 56s (- 127m 57s) Iters: (90000 60%) Loss avg: 0.0206
Hits 95/100 test samples
Duration (Remaining): 193m 54s (- 125m 43s) Iters: (91000 60%) Loss avg: 0.0120
Hits 98/100 test samples
Duration (Remaining): 195m 54s (- 123m 30s) Iters: (92000 61%) Loss avg: 0.0086
Hits 83/100 test samples
Duration (Remaining): 197m 54s (- 121m 18s) Iters: (93000 62%) Loss avg: 0.0226
Hits 97/100 test samples
Duration (Remaining): 199m 55s (- 119m 6s) Iters: (94000 62%) Loss avg: 0.0055
Hits 98/100 test samples
Duration (Remaining): 201m 54s (- 116m 53s) Iters: (95000 63%) Loss avg: 0.0036
Hits 99/100 test samples
Duration (Remaining): 203m 57s (- 114m 43s) Iters: (96000 64%) Loss avg: 0.0101
Hits 94/100 test samples
Duration (Remaining): 205m 55s (- 112m 31s) Iters: (97000 64%) Loss avg: 0.0068
Hits 98/100 test samples
Duration (Remaining): 207m 55s (- 110m 19s) Iters: (98000 65%) Loss avg: 0.0276
Hits 86/100 test samples
Duration (Remaining): 209m 55s (- 108m 8s) Iters: (99000 66%) Loss avg: 0.0213
Hits 99/100 test samples
Duration (Remaining): 212m 6s (- 106m 3s) Iters: (100000 66%) Loss avg: 0.0097
Hits 98/100 test samples
Duration (Remaining): 214m 5s (- 103m 51s) Iters: (101000 67%) Loss avg: 0.0068
Hits 100/100 test samples
Duration (Remaining): 216m 7s (- 101m 42s) Iters: (102000 68%) Loss avg: 0.0057
Hits 99/100 test samples
Duration (Remaining): 218m 8s (- 99m 32s) Iters: (103000 68%) Loss avg: 0.0095
Hits 100/100 test samples
Duration (Remaining): 220m 9s (- 97m 22s) Iters: (104000 69%) Loss avg: 0.0142
Hits 99/100 test samples
Duration (Remaining): 222m 10s (- 95m 13s) Iters: (105000 70%) Loss avg: 0.0153
Hits 93/100 test samples
Duration (Remaining): 224m 18s (- 93m 6s) Iters: (106000 70%) Loss avg: 0.0340
Hits 98/100 test samples
Duration (Remaining): 226m 18s (- 90m 56s) Iters: (107000 71%) Loss avg: 0.0099
Hits 97/100 test samples
Duration (Remaining): 228m 19s (- 88m 47s) Iters: (108000 72%) Loss avg: 0.0064
Hits 99/100 test samples
Duration (Remaining): 230m 13s (- 86m 35s) Iters: (109000 72%) Loss avg: 0.0137
Hits 99/100 test samples
Duration (Remaining): 232m 15s (- 84m 27s) Iters: (110000 73%) Loss avg: 0.0162
Hits 100/100 test samples
Duration (Remaining): 234m 17s (- 82m 19s) Iters: (111000 74%) Loss avg: 0.0043
Hits 99/100 test samples
Duration (Remaining): 235m 54s (- 80m 2s) Iters: (112000 74%) Loss avg: 0.0094
Hits 99/100 test samples
Duration (Remaining): 237m 11s (- 77m 39s) Iters: (113000 75%) Loss avg: 0.0033
Hits 99/100 test samples
Duration (Remaining): 238m 4s (- 75m 10s) Iters: (114000 76%) Loss avg: 0.0118
Hits 97/100 test samples
Duration (Remaining): 238m 58s (- 72m 43s) Iters: (115000 76%) Loss avg: 0.0306
Hits 98/100 test samples
Duration (Remaining): 239m 54s (- 70m 18s) Iters: (116000 77%) Loss avg: 0.0159
Hits 98/100 test samples
Duration (Remaining): 240m 49s (- 67m 55s) Iters: (117000 78%) Loss avg: 0.0153
Hits 92/100 test samples
Duration (Remaining): 241m 34s (- 65m 30s) Iters: (118000 78%) Loss avg: 0.0121
Hits 99/100 test samples
Duration (Remaining): 242m 17s (- 63m 7s) Iters: (119000 79%) Loss avg: 0.0045
Hits 98/100 test samples
Duration (Remaining): 243m 1s (- 60m 45s) Iters: (120000 80%) Loss avg: 0.0044
Hits 100/100 test samples
Duration (Remaining): 243m 45s (- 58m 25s) Iters: (121000 80%) Loss avg: 0.0094
Hits 98/100 test samples
Duration (Remaining): 244m 28s (- 56m 6s) Iters: (122000 81%) Loss avg: 0.0116
Hits 95/100 test samples
Duration (Remaining): 245m 12s (- 53m 49s) Iters: (123000 82%) Loss avg: 0.0100
Hits 98/100 test samples
Duration (Remaining): 245m 54s (- 51m 33s) Iters: (124000 82%) Loss avg: 0.0040
Hits 99/100 test samples
Duration (Remaining): 246m 55s (- 49m 23s) Iters: (125000 83%) Loss avg: 0.0063
Hits 92/100 test samples
Duration (Remaining): 247m 45s (- 47m 11s) Iters: (126000 84%) Loss avg: 0.0104
Hits 99/100 test samples
Duration (Remaining): 248m 34s (- 45m 1s) Iters: (127000 84%) Loss avg: 0.0064
Hits 98/100 test samples
Duration (Remaining): 249m 19s (- 42m 51s) Iters: (128000 85%) Loss avg: 0.0295
Hits 97/100 test samples
Duration (Remaining): 250m 7s (- 40m 43s) Iters: (129000 86%) Loss avg: 0.0387
Hits 100/100 test samples
Duration (Remaining): 250m 51s (- 38m 35s) Iters: (130000 86%) Loss avg: 0.0137
Hits 100/100 test samples
Duration (Remaining): 251m 26s (- 36m 28s) Iters: (131000 87%) Loss avg: 0.0032
Hits 100/100 test samples
Duration (Remaining): 252m 1s (- 34m 22s) Iters: (132000 88%) Loss avg: 0.0103
Hits 99/100 test samples
Duration (Remaining): 252m 37s (- 32m 17s) Iters: (133000 88%) Loss avg: 0.0093
Hits 97/100 test samples
Duration (Remaining): 253m 12s (- 30m 14s) Iters: (134000 89%) Loss avg: 0.0091
Hits 98/100 test samples
Duration (Remaining): 253m 48s (- 28m 12s) Iters: (135000 90%) Loss avg: 0.0175
Hits 99/100 test samples
Duration (Remaining): 254m 24s (- 26m 11s) Iters: (136000 90%) Loss avg: 0.0436
Hits 93/100 test samples
Duration (Remaining): 255m 8s (- 24m 12s) Iters: (137000 91%) Loss avg: 0.0387
Hits 93/100 test samples
Duration (Remaining): 255m 48s (- 22m 14s) Iters: (138000 92%) Loss avg: 0.0336
Hits 99/100 test samples
Duration (Remaining): 256m 32s (- 20m 18s) Iters: (139000 92%) Loss avg: 0.0274
Hits 92/100 test samples
Duration (Remaining): 257m 16s (- 18m 22s) Iters: (140000 93%) Loss avg: 0.0331
Hits 98/100 test samples
Duration (Remaining): 258m 0s (- 16m 28s) Iters: (141000 94%) Loss avg: 0.0089
Hits 98/100 test samples
Duration (Remaining): 258m 43s (- 14m 34s) Iters: (142000 94%) Loss avg: 0.0049
Hits 98/100 test samples
Duration (Remaining): 259m 17s (- 12m 41s) Iters: (143000 95%) Loss avg: 0.0059
Hits 96/100 test samples
Duration (Remaining): 259m 53s (- 10m 49s) Iters: (144000 96%) Loss avg: 0.0058
Hits 99/100 test samples
Duration (Remaining): 260m 27s (- 8m 58s) Iters: (145000 96%) Loss avg: 0.0140
Hits 98/100 test samples
Duration (Remaining): 261m 3s (- 7m 9s) Iters: (146000 97%) Loss avg: 0.0057
Hits 97/100 test samples
Duration (Remaining): 261m 38s (- 5m 20s) Iters: (147000 98%) Loss avg: 0.0274
Hits 100/100 test samples
Duration (Remaining): 262m 16s (- 3m 32s) Iters: (148000 98%) Loss avg: 0.0041
Hits 100/100 test samples
Duration (Remaining): 262m 52s (- 1m 45s) Iters: (149000 99%) Loss avg: 0.0029
Hits 100/100 test samples
Duration (Remaining): 263m 27s (- 0m 0s) Iters: (150000 100%) Loss avg: 0.0150
Hits 100/100 test samples
Evaluating training split accuracy
Evaluation accuracy: 14605/14670 = 1.00%
Evaluating test split accuracy
Evaluation accuracy: 0/7706 = 0.00%
Saved model at saved/jump_150000.pt
