Reading lines...
Read 20910 sentence pairs
Trimmed to 20910 sentence pairs
Counting words...
Counted words:
scan_in 15
scan_out 15
GPU unavailable, training with CPU
Initialized model GRU
Training SCAN model GRU on split 'jump' for 150000 iterations on device cpu, intermediate rep? True, tag 2
Reading lines...
Read 14670 sentence pairs
Trimmed to 14670 sentence pairs
Counting words...
Counted words:
scan_in 15
scan_out 15
Loaded data from scan/SCAN-master/jump_train_inter.txt
14670 examples. Sample pair: ['walk and look opposite right twice', 'and walk twice opposite look right']
Reading lines...
Read 7706 sentence pairs
Trimmed to 7706 sentence pairs
Counting words...
Counted words:
scan_in 15
scan_out 15
Loaded data from scan/SCAN-master/jump_test_inter.txt
7706 examples. Sample pair: ['jump opposite right twice and run around right twice', 'and twice opposite jump right twice around run right']
Starting training: 150000 iterations
Hits 0/100 test samples
Duration (Remaining): 0m 34s (- 86m 44s) Iters: (1000 0%) Loss avg: 1.3679
Hits 11/100 test samples
Duration (Remaining): 1m 4s (- 79m 28s) Iters: (2000 1%) Loss avg: 0.6577
Hits 31/100 test samples
Duration (Remaining): 1m 33s (- 76m 26s) Iters: (3000 2%) Loss avg: 0.3009
Hits 77/100 test samples
Duration (Remaining): 2m 2s (- 74m 28s) Iters: (4000 2%) Loss avg: 0.1208
Hits 100/100 test samples
Duration (Remaining): 2m 29s (- 72m 18s) Iters: (5000 3%) Loss avg: 0.0427
Hits 99/100 test samples
Duration (Remaining): 3m 6s (- 74m 38s) Iters: (6000 4%) Loss avg: 0.0207
Hits 100/100 test samples
Duration (Remaining): 3m 43s (- 76m 12s) Iters: (7000 4%) Loss avg: 0.0041
Hits 100/100 test samples
Duration (Remaining): 4m 13s (- 75m 7s) Iters: (8000 5%) Loss avg: 0.0125
Hits 100/100 test samples
Duration (Remaining): 4m 41s (- 73m 36s) Iters: (9000 6%) Loss avg: 0.0019
Hits 100/100 test samples
Duration (Remaining): 5m 9s (- 72m 9s) Iters: (10000 6%) Loss avg: 0.0008
Hits 100/100 test samples
Duration (Remaining): 5m 38s (- 71m 15s) Iters: (11000 7%) Loss avg: 0.0005
Hits 99/100 test samples
Duration (Remaining): 6m 10s (- 70m 59s) Iters: (12000 8%) Loss avg: 0.0581
Hits 99/100 test samples
Duration (Remaining): 6m 43s (- 70m 56s) Iters: (13000 8%) Loss avg: 0.0036
Hits 100/100 test samples
Duration (Remaining): 7m 16s (- 70m 44s) Iters: (14000 9%) Loss avg: 0.0051
Hits 100/100 test samples
Duration (Remaining): 7m 43s (- 69m 32s) Iters: (15000 10%) Loss avg: 0.0027
Hits 100/100 test samples
Duration (Remaining): 8m 11s (- 68m 35s) Iters: (16000 10%) Loss avg: 0.0016
Hits 100/100 test samples
Duration (Remaining): 8m 37s (- 67m 28s) Iters: (17000 11%) Loss avg: 0.0004
Hits 100/100 test samples
Duration (Remaining): 9m 3s (- 66m 29s) Iters: (18000 12%) Loss avg: 0.0003
Hits 100/100 test samples
Duration (Remaining): 9m 31s (- 65m 41s) Iters: (19000 12%) Loss avg: 0.0137
Hits 100/100 test samples
Duration (Remaining): 10m 0s (- 65m 2s) Iters: (20000 13%) Loss avg: 0.0007
Hits 100/100 test samples
Duration (Remaining): 10m 27s (- 64m 11s) Iters: (21000 14%) Loss avg: 0.0009
Hits 100/100 test samples
Duration (Remaining): 10m 53s (- 63m 23s) Iters: (22000 14%) Loss avg: 0.0115
Hits 100/100 test samples
Duration (Remaining): 11m 20s (- 62m 36s) Iters: (23000 15%) Loss avg: 0.0004
Hits 100/100 test samples
Duration (Remaining): 11m 49s (- 62m 5s) Iters: (24000 16%) Loss avg: 0.0002
Hits 100/100 test samples
Duration (Remaining): 12m 19s (- 61m 39s) Iters: (25000 16%) Loss avg: 0.0001
Hits 100/100 test samples
Duration (Remaining): 12m 57s (- 61m 49s) Iters: (26000 17%) Loss avg: 0.0002
Hits 100/100 test samples
Duration (Remaining): 13m 26s (- 61m 12s) Iters: (27000 18%) Loss avg: 0.0001
Hits 100/100 test samples
Duration (Remaining): 13m 54s (- 60m 35s) Iters: (28000 18%) Loss avg: 0.0000
Hits 100/100 test samples
Duration (Remaining): 14m 22s (- 60m 0s) Iters: (29000 19%) Loss avg: 0.0454
Hits 100/100 test samples
Duration (Remaining): 14m 57s (- 59m 50s) Iters: (30000 20%) Loss avg: 0.0063
Hits 100/100 test samples
Duration (Remaining): 15m 25s (- 59m 12s) Iters: (31000 20%) Loss avg: 0.0023
Hits 100/100 test samples
Duration (Remaining): 15m 53s (- 58m 37s) Iters: (32000 21%) Loss avg: 0.0009
Hits 100/100 test samples
Duration (Remaining): 16m 21s (- 57m 58s) Iters: (33000 22%) Loss avg: 0.0004
Hits 100/100 test samples
Duration (Remaining): 16m 47s (- 57m 17s) Iters: (34000 22%) Loss avg: 0.0002
Hits 100/100 test samples
Duration (Remaining): 17m 16s (- 56m 46s) Iters: (35000 23%) Loss avg: 0.0001
Hits 100/100 test samples
Duration (Remaining): 17m 44s (- 56m 9s) Iters: (36000 24%) Loss avg: 0.0002
Hits 100/100 test samples
Duration (Remaining): 18m 12s (- 55m 36s) Iters: (37000 24%) Loss avg: 0.0277
Hits 98/100 test samples
Duration (Remaining): 18m 42s (- 55m 9s) Iters: (38000 25%) Loss avg: 0.0127
Hits 100/100 test samples
Duration (Remaining): 19m 13s (- 54m 43s) Iters: (39000 26%) Loss avg: 0.0017
Hits 100/100 test samples
Duration (Remaining): 19m 42s (- 54m 11s) Iters: (40000 26%) Loss avg: 0.0003
Hits 100/100 test samples
Duration (Remaining): 20m 11s (- 53m 40s) Iters: (41000 27%) Loss avg: 0.0001
Hits 100/100 test samples
Duration (Remaining): 20m 42s (- 53m 16s) Iters: (42000 28%) Loss avg: 0.0001
Hits 100/100 test samples
Duration (Remaining): 21m 15s (- 52m 53s) Iters: (43000 28%) Loss avg: 0.0005
Hits 100/100 test samples
Duration (Remaining): 21m 51s (- 52m 40s) Iters: (44000 29%) Loss avg: 0.0017
Hits 100/100 test samples
Duration (Remaining): 22m 23s (- 52m 14s) Iters: (45000 30%) Loss avg: 0.0001
Hits 100/100 test samples
Duration (Remaining): 23m 16s (- 52m 36s) Iters: (46000 30%) Loss avg: 0.0001
Hits 100/100 test samples
Duration (Remaining): 24m 0s (- 52m 37s) Iters: (47000 31%) Loss avg: 0.0081
Hits 100/100 test samples
Duration (Remaining): 24m 55s (- 52m 58s) Iters: (48000 32%) Loss avg: 0.0003
Hits 100/100 test samples
Duration (Remaining): 25m 29s (- 52m 32s) Iters: (49000 32%) Loss avg: 0.0084
Hits 99/100 test samples
Duration (Remaining): 26m 3s (- 52m 6s) Iters: (50000 33%) Loss avg: 0.0036
Hits 100/100 test samples
Duration (Remaining): 26m 34s (- 51m 35s) Iters: (51000 34%) Loss avg: 0.0002
Hits 100/100 test samples
Duration (Remaining): 27m 13s (- 51m 18s) Iters: (52000 34%) Loss avg: 0.0001
Hits 100/100 test samples
Duration (Remaining): 27m 50s (- 50m 57s) Iters: (53000 35%) Loss avg: 0.0001
Hits 100/100 test samples
Duration (Remaining): 28m 44s (- 51m 6s) Iters: (54000 36%) Loss avg: 0.0000
Hits 100/100 test samples
Duration (Remaining): 29m 28s (- 50m 55s) Iters: (55000 36%) Loss avg: 0.0000
Hits 100/100 test samples
Duration (Remaining): 30m 5s (- 50m 30s) Iters: (56000 37%) Loss avg: 0.0000
Hits 100/100 test samples
Duration (Remaining): 30m 39s (- 50m 0s) Iters: (57000 38%) Loss avg: 0.0000
Hits 100/100 test samples
Duration (Remaining): 31m 19s (- 49m 41s) Iters: (58000 38%) Loss avg: 0.0000
Hits 100/100 test samples
Duration (Remaining): 31m 49s (- 49m 4s) Iters: (59000 39%) Loss avg: 0.0121
Hits 100/100 test samples
Duration (Remaining): 32m 25s (- 48m 38s) Iters: (60000 40%) Loss avg: 0.0003
Hits 100/100 test samples
Duration (Remaining): 33m 4s (- 48m 15s) Iters: (61000 40%) Loss avg: 0.0002
Hits 100/100 test samples
Duration (Remaining): 33m 32s (- 47m 37s) Iters: (62000 41%) Loss avg: 0.0001
Hits 100/100 test samples
Duration (Remaining): 34m 2s (- 46m 59s) Iters: (63000 42%) Loss avg: 0.0001
Hits 100/100 test samples
Duration (Remaining): 34m 28s (- 46m 18s) Iters: (64000 42%) Loss avg: 0.0004
Hits 100/100 test samples
Duration (Remaining): 34m 56s (- 45m 41s) Iters: (65000 43%) Loss avg: 0.0114
Hits 100/100 test samples
Duration (Remaining): 35m 23s (- 45m 2s) Iters: (66000 44%) Loss avg: 0.0002
Hits 100/100 test samples
Duration (Remaining): 35m 50s (- 44m 23s) Iters: (67000 44%) Loss avg: 0.0001
Hits 100/100 test samples
Duration (Remaining): 36m 18s (- 43m 47s) Iters: (68000 45%) Loss avg: 0.0003
Hits 100/100 test samples
Duration (Remaining): 36m 45s (- 43m 9s) Iters: (69000 46%) Loss avg: 0.0001
Hits 100/100 test samples
Duration (Remaining): 37m 16s (- 42m 35s) Iters: (70000 46%) Loss avg: 0.0000
Hits 100/100 test samples
Duration (Remaining): 37m 46s (- 42m 2s) Iters: (71000 47%) Loss avg: 0.0000
Hits 100/100 test samples
Duration (Remaining): 38m 19s (- 41m 31s) Iters: (72000 48%) Loss avg: 0.0000
Hits 100/100 test samples
Duration (Remaining): 38m 53s (- 41m 1s) Iters: (73000 48%) Loss avg: 0.0000
Hits 100/100 test samples
Duration (Remaining): 39m 29s (- 40m 33s) Iters: (74000 49%) Loss avg: 0.0000
Hits 100/100 test samples
Duration (Remaining): 40m 6s (- 40m 6s) Iters: (75000 50%) Loss avg: 0.0248
Hits 99/100 test samples
Duration (Remaining): 40m 37s (- 39m 33s) Iters: (76000 50%) Loss avg: 0.0017
Hits 100/100 test samples
Duration (Remaining): 41m 18s (- 39m 10s) Iters: (77000 51%) Loss avg: 0.0005
Hits 100/100 test samples
Duration (Remaining): 41m 53s (- 38m 40s) Iters: (78000 52%) Loss avg: 0.0001
Hits 100/100 test samples
Duration (Remaining): 42m 28s (- 38m 10s) Iters: (79000 52%) Loss avg: 0.0001
Hits 100/100 test samples
Duration (Remaining): 43m 3s (- 37m 40s) Iters: (80000 53%) Loss avg: 0.0001
Hits 100/100 test samples
Duration (Remaining): 43m 42s (- 37m 14s) Iters: (81000 54%) Loss avg: 0.0001
Hits 100/100 test samples
Duration (Remaining): 44m 11s (- 36m 38s) Iters: (82000 54%) Loss avg: 0.0000
Hits 99/100 test samples
Duration (Remaining): 44m 43s (- 36m 6s) Iters: (83000 55%) Loss avg: 0.0122
Hits 99/100 test samples
Duration (Remaining): 45m 15s (- 35m 33s) Iters: (84000 56%) Loss avg: 0.0005
Hits 100/100 test samples
Duration (Remaining): 45m 46s (- 35m 0s) Iters: (85000 56%) Loss avg: 0.0010
Hits 100/100 test samples
Duration (Remaining): 46m 23s (- 34m 31s) Iters: (86000 57%) Loss avg: 0.0001
Hits 100/100 test samples
Duration (Remaining): 47m 16s (- 34m 14s) Iters: (87000 57%) Loss avg: 0.0000
Hits 100/100 test samples
Duration (Remaining): 47m 46s (- 33m 39s) Iters: (88000 58%) Loss avg: 0.0000
Hits 100/100 test samples
Duration (Remaining): 48m 17s (- 33m 5s) Iters: (89000 59%) Loss avg: 0.0000
Hits 100/100 test samples
Duration (Remaining): 48m 45s (- 32m 30s) Iters: (90000 60%) Loss avg: 0.0000
Hits 100/100 test samples
Duration (Remaining): 49m 18s (- 31m 58s) Iters: (91000 60%) Loss avg: 0.0000
Hits 100/100 test samples
Duration (Remaining): 49m 50s (- 31m 25s) Iters: (92000 61%) Loss avg: 0.0117
Hits 100/100 test samples
Duration (Remaining): 50m 27s (- 30m 55s) Iters: (93000 62%) Loss avg: 0.0002
Hits 100/100 test samples
Duration (Remaining): 51m 1s (- 30m 23s) Iters: (94000 62%) Loss avg: 0.0000
Hits 100/100 test samples
Duration (Remaining): 51m 31s (- 29m 49s) Iters: (95000 63%) Loss avg: 0.0000
Hits 100/100 test samples
Duration (Remaining): 51m 59s (- 29m 14s) Iters: (96000 64%) Loss avg: 0.0000
Hits 100/100 test samples
Duration (Remaining): 52m 27s (- 28m 39s) Iters: (97000 64%) Loss avg: 0.0230
Hits 99/100 test samples
Duration (Remaining): 52m 55s (- 28m 4s) Iters: (98000 65%) Loss avg: 0.0010
Hits 100/100 test samples
Duration (Remaining): 53m 25s (- 27m 31s) Iters: (99000 66%) Loss avg: 0.0002
Hits 100/100 test samples
Duration (Remaining): 53m 52s (- 26m 56s) Iters: (100000 66%) Loss avg: 0.0000
Hits 100/100 test samples
Duration (Remaining): 54m 19s (- 26m 21s) Iters: (101000 67%) Loss avg: 0.0000
Hits 100/100 test samples
Duration (Remaining): 54m 58s (- 25m 52s) Iters: (102000 68%) Loss avg: 0.0000
Hits 100/100 test samples
Reading lines...
Read 20910 sentence pairs
Trimmed to 20910 sentence pairs
Counting words...
Counted words:
scan_in 15
scan_out 15
GPU unavailable, training with CPU
Initialized model GRU
Training SCAN model GRU on split 'jump' for 5000 iterations on device cpu, intermediate rep? True, tag 2
Reading lines...
Read 14670 sentence pairs
Trimmed to 14670 sentence pairs
Counting words...
Counted words:
scan_in 15
scan_out 15
Loaded data from scan/SCAN-master/jump_train_inter.txt
14670 examples. Sample pair: ['run around left thrice and run thrice', 'and thrice around run left thrice run']
Reading lines...
Read 7706 sentence pairs
Trimmed to 7706 sentence pairs
Counting words...
Counted words:
scan_in 15
scan_out 15
Loaded data from scan/SCAN-master/jump_test_inter.txt
7706 examples. Sample pair: ['walk around left twice and jump left thrice', 'and twice around walk left thrice left jump']
Starting training: 5000 iterations
Hits 0/100 test samples
Duration (Remaining): 0m 26s (- 1m 45s) Iters: (1000 20%) Loss avg: 1.3203
Hits 10/100 test samples
Duration (Remaining): 0m 54s (- 1m 21s) Iters: (2000 40%) Loss avg: 0.6262
Hits 35/100 test samples
Duration (Remaining): 1m 20s (- 0m 53s) Iters: (3000 60%) Loss avg: 0.2424
Hits 80/100 test samples
Duration (Remaining): 1m 46s (- 0m 26s) Iters: (4000 80%) Loss avg: 0.0737
Hits 100/100 test samples
Duration (Remaining): 2m 12s (- 0m 0s) Iters: (5000 100%) Loss avg: 0.0285
Hits 100/100 test samples
Evaluating training split accuracy
Evaluation accuracy: 14586/14670 = 0.99%
Evaluating test split accuracy
Evaluation accuracy: 0/7706 = 0.00%
Saved model at saved/jump_inter_5000_2.pt
