Reading lines...
Read 20910 sentence pairs
Trimmed to 20910 sentence pairs
Counting words...
Counted words:
scan_in 15
scan_out 15
GPU unavailable, training with CPU
Initialized model GRU
Training SCAN model GRU on split 'jump_around_right' for 10000 iterations on device cpu, intermediate rep? True, tag 3
Reading lines...
Read 21890 sentence pairs
Trimmed to 21890 sentence pairs
Counting words...
Counted words:
scan_in 15
scan_out 15
Loaded data from scan/SCAN-master/jump_around_right_train_inter.txt
21890 examples. Sample pair: ['look left twice after turn around right thrice', 'after twice left look thrice around turn right']
Reading lines...
Read 1208 sentence pairs
Trimmed to 1208 sentence pairs
Counting words...
Counted words:
scan_in 15
scan_out 15
Loaded data from scan/SCAN-master/jump_around_right_test_inter.txt
1208 examples. Sample pair: ['turn opposite left after jump around right', 'after opposite turn left around jump right']
Starting training: 10000 iterations
Hits 0/100 test samples
Duration (Remaining): 0m 27s (- 4m 4s) Iters: (1000 10%) Loss avg: 1.3313
Hits 11/100 test samples
Duration (Remaining): 0m 54s (- 3m 36s) Iters: (2000 20%) Loss avg: 0.6486
Hits 31/100 test samples
Duration (Remaining): 1m 22s (- 3m 13s) Iters: (3000 30%) Loss avg: 0.2762
Hits 82/100 test samples
Duration (Remaining): 1m 50s (- 2m 46s) Iters: (4000 40%) Loss avg: 0.0722
Hits 100/100 test samples
Duration (Remaining): 2m 19s (- 2m 19s) Iters: (5000 50%) Loss avg: 0.0308
Hits 99/100 test samples
Duration (Remaining): 2m 49s (- 1m 52s) Iters: (6000 60%) Loss avg: 0.0104
Hits 100/100 test samples
Duration (Remaining): 3m 16s (- 1m 24s) Iters: (7000 70%) Loss avg: 0.0292
Hits 96/100 test samples
Duration (Remaining): 3m 45s (- 0m 56s) Iters: (8000 80%) Loss avg: 0.0125
Hits 100/100 test samples
Duration (Remaining): 4m 14s (- 0m 28s) Iters: (9000 90%) Loss avg: 0.0020
Hits 100/100 test samples
Duration (Remaining): 4m 45s (- 0m 0s) Iters: (10000 100%) Loss avg: 0.0012
Hits 100/100 test samples
Evaluating training split accuracy
Evaluation accuracy: 98/100 = 0.98%
Evaluating test split accuracy
Evaluation accuracy: 100/100 = 1.00%
Saved model at saved/jump_around_right_inter_10000_3.pt
