Reading lines...
Read 20910 sentence pairs
Trimmed to 20910 sentence pairs
Counting words...
Counted words:
scan_in 15
scan_out 15
Training on cuda:4
Initialized model GRU_A
Training SCAN model GRU_A on split 'length' for 2000 iterations on device cuda:4, intermediate rep? True, tag None
Reading lines...
Read 16990 sentence pairs
Trimmed to 16990 sentence pairs
Counting words...
Counted words:
scan_in 15
scan_out 15
Loaded data from scan/SCAN-master/length_train_inter.txt
16990 examples. Sample pair: ['turn opposite left after jump opposite left thrice', 'after opposite turn left thrice opposite jump left']
Reading lines...
Read 3920 sentence pairs
Trimmed to 3920 sentence pairs
Counting words...
Counted words:
scan_in 15
scan_out 15
Loaded data from scan/SCAN-master/length_test_inter.txt
3920 examples. Sample pair: ['turn around left twice after look around right twice', 'after twice around turn left twice around look right']
Starting training: 2000 iterations
Hits 0/100 test samples
Duration (Remaining): 6m 13s (- 6m 13s) Iters: (1000 50%) Loss avg: 1.1238
Hits 40/100 test samples
Duration (Remaining): 11m 30s (- 0m 0s) Iters: (2000 100%) Loss avg: 0.2863
Hits 96/100 test samples
Evaluating training split accuracy
Evaluation accuracy: 62/100 = 0.62%
Evaluating test split accuracy
Evaluation accuracy: 83/100 = 0.83%
Saved model at saved/length_inter_2000.pt
Reading lines...
Read 20910 sentence pairs
Trimmed to 20910 sentence pairs
Counting words...
Counted words:
scan_in 15
scan_out 15
Training on cuda:4
Initialized model GRU_A
Training SCAN model GRU_A on split 'length' for 1000 iterations on device cuda:4, intermediate rep? True, tag None
Reading lines...
Read 16990 sentence pairs
Trimmed to 16990 sentence pairs
Counting words...
Counted words:
scan_in 15
scan_out 15
Loaded data from scan/SCAN-master/length_train_inter.txt
16990 examples. Sample pair: ['run right thrice after jump', 'after thrice right run jump']
Reading lines...
Read 3920 sentence pairs
Trimmed to 3920 sentence pairs
Counting words...
Counted words:
scan_in 15
scan_out 15
Loaded data from scan/SCAN-master/length_test_inter.txt
3920 examples. Sample pair: ['walk around right thrice and look right', 'and thrice around walk right right look']
Starting training: 1000 iterations
Hits 0/100 test samples
Duration (Remaining): 3m 15s (- 0m 0s) Iters: (1000 100%) Loss avg: 0.8881
Hits 83/100 test samples
Evaluating training split accuracy
Evaluation accuracy: 4/100 = 0.04%
Evaluating test split accuracy
Evaluation accuracy: 78/100 = 0.78%
Saved model at saved/length_inter_1000.pt
Reading lines...
Read 20910 sentence pairs
Trimmed to 20910 sentence pairs
Counting words...
Counted words:
scan_in 15
scan_out 15
Training on cuda:4
Initialized model GRU_A
Training SCAN model GRU_A on split 'length' for 150000 iterations on device cuda:4, intermediate rep? True, tag None
Reading lines...
Read 16990 sentence pairs
Trimmed to 16990 sentence pairs
Counting words...
Counted words:
scan_in 15
scan_out 15
Loaded data from scan/SCAN-master/length_train_inter.txt
16990 examples. Sample pair: ['jump left thrice and run', 'and thrice left jump run']
Reading lines...
Read 3920 sentence pairs
Trimmed to 3920 sentence pairs
Counting words...
Counted words:
scan_in 15
scan_out 15
Loaded data from scan/SCAN-master/length_test_inter.txt
3920 examples. Sample pair: ['turn opposite left and walk around left thrice', 'and opposite turn left thrice around walk left']
Starting training: 150000 iterations
Hits 0/100 test samples
Duration (Remaining): 4m 31s (- 674m 18s) Iters: (1000 0%) Loss avg: 0.8280
Hits 82/100 test samples
Duration (Remaining): 7m 42s (- 569m 56s) Iters: (2000 1%) Loss avg: 0.1197
Hits 96/100 test samples
Duration (Remaining): 10m 57s (- 537m 18s) Iters: (3000 2%) Loss avg: 0.1293
Hits 98/100 test samples
Duration (Remaining): 14m 47s (- 539m 59s) Iters: (4000 2%) Loss avg: 0.0721
Hits 92/100 test samples
Duration (Remaining): 17m 53s (- 518m 47s) Iters: (5000 3%) Loss avg: 0.0641
Hits 94/100 test samples
Duration (Remaining): 21m 0s (- 504m 16s) Iters: (6000 4%) Loss avg: 0.0829
Hits 99/100 test samples
Duration (Remaining): 24m 16s (- 495m 54s) Iters: (7000 4%) Loss avg: 0.0332
Hits 99/100 test samples
Duration (Remaining): 27m 25s (- 486m 53s) Iters: (8000 5%) Loss avg: 0.0510
Hits 99/100 test samples
Duration (Remaining): 30m 40s (- 480m 40s) Iters: (9000 6%) Loss avg: 0.0130
Hits 99/100 test samples
Duration (Remaining): 33m 48s (- 473m 19s) Iters: (10000 6%) Loss avg: 0.0817
Hits 97/100 test samples
Duration (Remaining): 36m 54s (- 466m 25s) Iters: (11000 7%) Loss avg: 0.0313
Hits 100/100 test samples
Duration (Remaining): 40m 8s (- 461m 41s) Iters: (12000 8%) Loss avg: 0.0110
Hits 100/100 test samples
Duration (Remaining): 43m 17s (- 456m 14s) Iters: (13000 8%) Loss avg: 0.0295
Hits 93/100 test samples
Duration (Remaining): 46m 35s (- 452m 36s) Iters: (14000 9%) Loss avg: 0.0197
Hits 96/100 test samples
Duration (Remaining): 49m 44s (- 447m 36s) Iters: (15000 10%) Loss avg: 0.0263
Hits 98/100 test samples
Duration (Remaining): 52m 55s (- 443m 16s) Iters: (16000 10%) Loss avg: 0.0105
Hits 100/100 test samples
Duration (Remaining): 56m 2s (- 438m 28s) Iters: (17000 11%) Loss avg: 0.0567
Hits 93/100 test samples
Duration (Remaining): 59m 10s (- 433m 56s) Iters: (18000 12%) Loss avg: 0.0469
Hits 99/100 test samples
Duration (Remaining): 62m 20s (- 429m 48s) Iters: (19000 12%) Loss avg: 0.0197
Hits 99/100 test samples
Duration (Remaining): 65m 27s (- 425m 31s) Iters: (20000 13%) Loss avg: 0.0094
Hits 100/100 test samples
Duration (Remaining): 68m 35s (- 421m 18s) Iters: (21000 14%) Loss avg: 0.0258
Hits 100/100 test samples
Duration (Remaining): 71m 40s (- 417m 2s) Iters: (22000 14%) Loss avg: 0.0095
Hits 100/100 test samples
Duration (Remaining): 74m 48s (- 413m 3s) Iters: (23000 15%) Loss avg: 0.0529
Hits 99/100 test samples
Duration (Remaining): 77m 57s (- 409m 14s) Iters: (24000 16%) Loss avg: 0.0051
Hits 100/100 test samples
Duration (Remaining): 81m 9s (- 405m 45s) Iters: (25000 16%) Loss avg: 0.0034
Hits 98/100 test samples
Duration (Remaining): 84m 23s (- 402m 29s) Iters: (26000 17%) Loss avg: 0.0012
Hits 100/100 test samples
Duration (Remaining): 87m 37s (- 399m 10s) Iters: (27000 18%) Loss avg: 0.0038
Hits 96/100 test samples
Duration (Remaining): 90m 50s (- 395m 49s) Iters: (28000 18%) Loss avg: 0.0640
Hits 100/100 test samples
Duration (Remaining): 94m 4s (- 392m 33s) Iters: (29000 19%) Loss avg: 0.0058
Hits 100/100 test samples
Duration (Remaining): 97m 56s (- 391m 44s) Iters: (30000 20%) Loss avg: 0.0273
Hits 98/100 test samples
Duration (Remaining): 102m 33s (- 393m 39s) Iters: (31000 20%) Loss avg: 0.0053
Hits 99/100 test samples
Duration (Remaining): 107m 10s (- 395m 13s) Iters: (32000 21%) Loss avg: 0.0456
Hits 100/100 test samples
Duration (Remaining): 111m 48s (- 396m 24s) Iters: (33000 22%) Loss avg: 0.0192
Hits 98/100 test samples
Duration (Remaining): 116m 26s (- 397m 14s) Iters: (34000 22%) Loss avg: 0.0233
Hits 99/100 test samples
Duration (Remaining): 121m 3s (- 397m 46s) Iters: (35000 23%) Loss avg: 0.0050
Hits 100/100 test samples
Duration (Remaining): 125m 42s (- 398m 4s) Iters: (36000 24%) Loss avg: 0.0048
Hits 100/100 test samples
Duration (Remaining): 130m 19s (- 398m 1s) Iters: (37000 24%) Loss avg: 0.0120
Hits 99/100 test samples
Duration (Remaining): 134m 57s (- 397m 47s) Iters: (38000 25%) Loss avg: 0.0086
Hits 100/100 test samples
Duration (Remaining): 139m 37s (- 397m 22s) Iters: (39000 26%) Loss avg: 0.0294
Hits 100/100 test samples
Duration (Remaining): 144m 14s (- 396m 40s) Iters: (40000 26%) Loss avg: 0.0284
Hits 99/100 test samples
Duration (Remaining): 148m 51s (- 395m 43s) Iters: (41000 27%) Loss avg: 0.0156
Hits 100/100 test samples
Duration (Remaining): 153m 29s (- 394m 40s) Iters: (42000 28%) Loss avg: 0.0016
Hits 100/100 test samples
Duration (Remaining): 158m 7s (- 393m 29s) Iters: (43000 28%) Loss avg: 0.0012
Hits 100/100 test samples
Duration (Remaining): 162m 49s (- 392m 14s) Iters: (44000 29%) Loss avg: 0.0185
Hits 99/100 test samples
Duration (Remaining): 167m 29s (- 390m 48s) Iters: (45000 30%) Loss avg: 0.0018
Hits 99/100 test samples
Duration (Remaining): 172m 11s (- 389m 17s) Iters: (46000 30%) Loss avg: 0.0123
Hits 98/100 test samples
Duration (Remaining): 176m 48s (- 387m 28s) Iters: (47000 31%) Loss avg: 0.0242
Hits 100/100 test samples
Duration (Remaining): 181m 28s (- 385m 37s) Iters: (48000 32%) Loss avg: 0.0114
Hits 100/100 test samples
Duration (Remaining): 186m 10s (- 383m 45s) Iters: (49000 32%) Loss avg: 0.0078
Hits 100/100 test samples
Duration (Remaining): 190m 54s (- 381m 49s) Iters: (50000 33%) Loss avg: 0.0011
Hits 100/100 test samples
Duration (Remaining): 195m 32s (- 379m 34s) Iters: (51000 34%) Loss avg: 0.0042
Hits 95/100 test samples
Duration (Remaining): 200m 14s (- 377m 22s) Iters: (52000 34%) Loss avg: 0.0134
Hits 100/100 test samples
Duration (Remaining): 205m 0s (- 375m 11s) Iters: (53000 35%) Loss avg: 0.0131
Hits 99/100 test samples
Duration (Remaining): 209m 40s (- 372m 44s) Iters: (54000 36%) Loss avg: 0.0055
Hits 100/100 test samples
Duration (Remaining): 214m 19s (- 370m 11s) Iters: (55000 36%) Loss avg: 0.0007
Hits 100/100 test samples
Duration (Remaining): 218m 59s (- 367m 35s) Iters: (56000 37%) Loss avg: 0.0012
Hits 100/100 test samples
Duration (Remaining): 223m 50s (- 365m 13s) Iters: (57000 38%) Loss avg: 0.0002
Hits 100/100 test samples
Duration (Remaining): 228m 41s (- 362m 45s) Iters: (58000 38%) Loss avg: 0.0219
Hits 94/100 test samples
Duration (Remaining): 233m 43s (- 360m 29s) Iters: (59000 39%) Loss avg: 0.0438
Hits 100/100 test samples
Duration (Remaining): 238m 24s (- 357m 36s) Iters: (60000 40%) Loss avg: 0.0077
Hits 100/100 test samples
Duration (Remaining): 243m 23s (- 355m 6s) Iters: (61000 40%) Loss avg: 0.0042
Hits 98/100 test samples
Duration (Remaining): 248m 2s (- 352m 2s) Iters: (62000 41%) Loss avg: 0.0735
Hits 94/100 test samples
Duration (Remaining): 252m 59s (- 349m 22s) Iters: (63000 42%) Loss avg: 0.0567
Hits 97/100 test samples
Duration (Remaining): 257m 39s (- 346m 13s) Iters: (64000 42%) Loss avg: 0.0144
Hits 100/100 test samples
Duration (Remaining): 262m 31s (- 343m 18s) Iters: (65000 43%) Loss avg: 0.0031
Hits 100/100 test samples
Duration (Remaining): 267m 31s (- 340m 28s) Iters: (66000 44%) Loss avg: 0.0009
Hits 100/100 test samples
Duration (Remaining): 272m 8s (- 337m 7s) Iters: (67000 44%) Loss avg: 0.0006
Hits 100/100 test samples
Duration (Remaining): 277m 18s (- 334m 24s) Iters: (68000 45%) Loss avg: 0.0003
Hits 100/100 test samples
Duration (Remaining): 282m 0s (- 331m 2s) Iters: (69000 46%) Loss avg: 0.0002
Hits 100/100 test samples
Duration (Remaining): 287m 3s (- 328m 4s) Iters: (70000 46%) Loss avg: 0.0136
Hits 100/100 test samples
Duration (Remaining): 292m 1s (- 324m 56s) Iters: (71000 47%) Loss avg: 0.0352
Hits 99/100 test samples
Duration (Remaining): 296m 45s (- 321m 29s) Iters: (72000 48%) Loss avg: 0.0056
Hits 99/100 test samples
Duration (Remaining): 302m 5s (- 318m 38s) Iters: (73000 48%) Loss avg: 0.0014
Hits 100/100 test samples
Duration (Remaining): 306m 55s (- 315m 13s) Iters: (74000 49%) Loss avg: 0.0028
Hits 100/100 test samples
Duration (Remaining): 311m 43s (- 311m 43s) Iters: (75000 50%) Loss avg: 0.0030
Hits 99/100 test samples
Duration (Remaining): 316m 58s (- 308m 37s) Iters: (76000 50%) Loss avg: 0.0144
Hits 100/100 test samples
Duration (Remaining): 321m 35s (- 304m 53s) Iters: (77000 51%) Loss avg: 0.0036
Hits 100/100 test samples
Duration (Remaining): 326m 43s (- 301m 35s) Iters: (78000 52%) Loss avg: 0.0014
Hits 100/100 test samples
Duration (Remaining): 331m 48s (- 298m 12s) Iters: (79000 52%) Loss avg: 0.0158
Hits 97/100 test samples
Duration (Remaining): 336m 35s (- 294m 30s) Iters: (80000 53%) Loss avg: 0.0179
Hits 99/100 test samples
Duration (Remaining): 341m 31s (- 290m 55s) Iters: (81000 54%) Loss avg: 0.0016
Hits 100/100 test samples
Duration (Remaining): 346m 38s (- 287m 27s) Iters: (82000 54%) Loss avg: 0.0003
Hits 100/100 test samples
Duration (Remaining): 351m 28s (- 283m 42s) Iters: (83000 55%) Loss avg: 0.0159
Hits 100/100 test samples
Duration (Remaining): 356m 24s (- 280m 1s) Iters: (84000 56%) Loss avg: 0.0241
Hits 100/100 test samples
Duration (Remaining): 361m 45s (- 276m 38s) Iters: (85000 56%) Loss avg: 0.0092
Hits 100/100 test samples
Duration (Remaining): 366m 39s (- 272m 52s) Iters: (86000 57%) Loss avg: 0.0108
Hits 100/100 test samples
Duration (Remaining): 371m 40s (- 269m 8s) Iters: (87000 57%) Loss avg: 0.0038
Hits 100/100 test samples
Duration (Remaining): 376m 53s (- 265m 32s) Iters: (88000 58%) Loss avg: 0.0098
Hits 98/100 test samples
Duration (Remaining): 381m 40s (- 261m 35s) Iters: (89000 59%) Loss avg: 0.0066
Hits 98/100 test samples
Duration (Remaining): 386m 43s (- 257m 48s) Iters: (90000 60%) Loss avg: 0.0040
Hits 100/100 test samples
Duration (Remaining): 391m 38s (- 253m 55s) Iters: (91000 60%) Loss avg: 0.0007
Hits 100/100 test samples
Duration (Remaining): 396m 17s (- 249m 50s) Iters: (92000 61%) Loss avg: 0.0104
Hits 100/100 test samples
Duration (Remaining): 401m 16s (- 245m 56s) Iters: (93000 62%) Loss avg: 0.0018
Hits 100/100 test samples
Duration (Remaining): 405m 57s (- 241m 51s) Iters: (94000 62%) Loss avg: 0.0223
Hits 98/100 test samples
Duration (Remaining): 410m 37s (- 237m 43s) Iters: (95000 63%) Loss avg: 0.0088
Hits 98/100 test samples
Duration (Remaining): 415m 45s (- 233m 51s) Iters: (96000 64%) Loss avg: 0.0061
Hits 100/100 test samples
Duration (Remaining): 420m 27s (- 229m 43s) Iters: (97000 64%) Loss avg: 0.0005
Hits 100/100 test samples
Duration (Remaining): 425m 11s (- 225m 36s) Iters: (98000 65%) Loss avg: 0.0018
Hits 100/100 test samples
Duration (Remaining): 430m 20s (- 221m 41s) Iters: (99000 66%) Loss avg: 0.0297
Hits 99/100 test samples
Duration (Remaining): 434m 56s (- 217m 28s) Iters: (100000 66%) Loss avg: 0.0036
Hits 100/100 test samples
Duration (Remaining): 439m 58s (- 213m 27s) Iters: (101000 67%) Loss avg: 0.0093
Hits 100/100 test samples
Duration (Remaining): 445m 3s (- 209m 26s) Iters: (102000 68%) Loss avg: 0.0020
Hits 100/100 test samples
Duration (Remaining): 449m 43s (- 205m 12s) Iters: (103000 68%) Loss avg: 0.0003
Hits 100/100 test samples
Duration (Remaining): 454m 21s (- 200m 58s) Iters: (104000 69%) Loss avg: 0.0273
Hits 100/100 test samples
Duration (Remaining): 459m 0s (- 196m 43s) Iters: (105000 70%) Loss avg: 0.0046
Hits 100/100 test samples
Duration (Remaining): 463m 39s (- 192m 27s) Iters: (106000 70%) Loss avg: 0.0048
Hits 100/100 test samples
Duration (Remaining): 468m 19s (- 188m 12s) Iters: (107000 71%) Loss avg: 0.0090
Hits 100/100 test samples
Duration (Remaining): 472m 59s (- 183m 56s) Iters: (108000 72%) Loss avg: 0.0014
Hits 100/100 test samples
Duration (Remaining): 477m 40s (- 179m 40s) Iters: (109000 72%) Loss avg: 0.0054
Hits 100/100 test samples
Duration (Remaining): 482m 18s (- 175m 23s) Iters: (110000 73%) Loss avg: 0.0012
Hits 100/100 test samples
Duration (Remaining): 486m 56s (- 171m 5s) Iters: (111000 74%) Loss avg: 0.0003
Hits 100/100 test samples
Duration (Remaining): 491m 37s (- 166m 48s) Iters: (112000 74%) Loss avg: 0.0010
Hits 99/100 test samples
Duration (Remaining): 496m 16s (- 162m 29s) Iters: (113000 75%) Loss avg: 0.0142
Hits 100/100 test samples
Duration (Remaining): 500m 54s (- 158m 10s) Iters: (114000 76%) Loss avg: 0.0003
Hits 100/100 test samples
Duration (Remaining): 505m 31s (- 153m 51s) Iters: (115000 76%) Loss avg: 0.0013
Hits 99/100 test samples
Duration (Remaining): 510m 13s (- 149m 32s) Iters: (116000 77%) Loss avg: 0.0012
Hits 96/100 test samples
Duration (Remaining): 514m 52s (- 145m 13s) Iters: (117000 78%) Loss avg: 0.0125
Hits 100/100 test samples
Duration (Remaining): 519m 31s (- 140m 53s) Iters: (118000 78%) Loss avg: 0.0027
Hits 100/100 test samples
Duration (Remaining): 524m 11s (- 136m 33s) Iters: (119000 79%) Loss avg: 0.0178
Hits 100/100 test samples
Duration (Remaining): 528m 51s (- 132m 12s) Iters: (120000 80%) Loss avg: 0.0046
Hits 100/100 test samples
Duration (Remaining): 533m 30s (- 127m 51s) Iters: (121000 80%) Loss avg: 0.0018
Hits 100/100 test samples
Duration (Remaining): 538m 8s (- 123m 30s) Iters: (122000 81%) Loss avg: 0.0084
Hits 100/100 test samples
Duration (Remaining): 542m 49s (- 119m 9s) Iters: (123000 82%) Loss avg: 0.0084
Hits 99/100 test samples
Duration (Remaining): 547m 29s (- 114m 47s) Iters: (124000 82%) Loss avg: 0.0011
Hits 100/100 test samples
Duration (Remaining): 552m 8s (- 110m 25s) Iters: (125000 83%) Loss avg: 0.0009
Hits 100/100 test samples
Duration (Remaining): 556m 51s (- 106m 4s) Iters: (126000 84%) Loss avg: 0.0007
Hits 100/100 test samples
Duration (Remaining): 561m 29s (- 101m 41s) Iters: (127000 84%) Loss avg: 0.0016
Hits 100/100 test samples
Duration (Remaining): 566m 10s (- 97m 18s) Iters: (128000 85%) Loss avg: 0.0203
Hits 96/100 test samples
Duration (Remaining): 570m 52s (- 92m 55s) Iters: (129000 86%) Loss avg: 0.0091
Hits 100/100 test samples
Duration (Remaining): 575m 14s (- 88m 29s) Iters: (130000 86%) Loss avg: 0.0045
Hits 98/100 test samples
Duration (Remaining): 579m 37s (- 84m 4s) Iters: (131000 87%) Loss avg: 0.0005
Hits 100/100 test samples
Duration (Remaining): 583m 58s (- 79m 38s) Iters: (132000 88%) Loss avg: 0.0392
Hits 98/100 test samples
Duration (Remaining): 588m 9s (- 75m 10s) Iters: (133000 88%) Loss avg: 0.0007
Hits 99/100 test samples
Duration (Remaining): 592m 4s (- 70m 41s) Iters: (134000 89%) Loss avg: 0.0002
Hits 100/100 test samples
Duration (Remaining): 596m 2s (- 66m 13s) Iters: (135000 90%) Loss avg: 0.0003
Hits 100/100 test samples
Duration (Remaining): 600m 0s (- 61m 45s) Iters: (136000 90%) Loss avg: 0.0008
Hits 100/100 test samples
Duration (Remaining): 603m 57s (- 57m 18s) Iters: (137000 91%) Loss avg: 0.0105
Hits 98/100 test samples
Duration (Remaining): 607m 54s (- 52m 51s) Iters: (138000 92%) Loss avg: 0.0018
Hits 100/100 test samples
Duration (Remaining): 611m 53s (- 48m 25s) Iters: (139000 92%) Loss avg: 0.0013
Hits 100/100 test samples
Duration (Remaining): 615m 50s (- 43m 59s) Iters: (140000 93%) Loss avg: 0.0052
Hits 100/100 test samples
Duration (Remaining): 619m 49s (- 39m 33s) Iters: (141000 94%) Loss avg: 0.0002
Hits 100/100 test samples
Duration (Remaining): 623m 48s (- 35m 8s) Iters: (142000 94%) Loss avg: 0.0001
Hits 100/100 test samples
Duration (Remaining): 627m 46s (- 30m 43s) Iters: (143000 95%) Loss avg: 0.0010
Hits 100/100 test samples
Duration (Remaining): 631m 43s (- 26m 19s) Iters: (144000 96%) Loss avg: 0.0003
Hits 100/100 test samples
Duration (Remaining): 635m 40s (- 21m 55s) Iters: (145000 96%) Loss avg: 0.0020
Hits 99/100 test samples
Duration (Remaining): 639m 38s (- 17m 31s) Iters: (146000 97%) Loss avg: 0.0175
Hits 98/100 test samples
Duration (Remaining): 643m 35s (- 13m 8s) Iters: (147000 98%) Loss avg: 0.0391
Hits 100/100 test samples
Duration (Remaining): 647m 33s (- 8m 45s) Iters: (148000 98%) Loss avg: 0.0074
Hits 99/100 test samples
Duration (Remaining): 651m 33s (- 4m 22s) Iters: (149000 99%) Loss avg: 0.0043
Hits 100/100 test samples
Duration (Remaining): 655m 31s (- 0m 0s) Iters: (150000 100%) Loss avg: 0.0265
Hits 98/100 test samples
Evaluating training split accuracy
Evaluation accuracy: 16829/16990 = 0.99%
Evaluating test split accuracy
Evaluation accuracy: 3849/3920 = 0.98%
Saved model at saved/length_inter_150000.pt
