Reading lines...
Read 20910 sentence pairs
Trimmed to 20910 sentence pairs
Counting words...
Counted words:
scan_in 15
scan_out 8
Training on cuda:6
Initialized model GRU
Training SCAN model GRU on split 'length' for 2000 iterations on device cuda:6, intermediate rep? False, tag None
Reading lines...
Read 16990 sentence pairs
Trimmed to 16990 sentence pairs
Counting words...
Counted words:
scan_in 15
scan_out 8
Loaded data from scan/SCAN-master/length_train.txt
16990 examples. Sample pair: ['run opposite right twice and jump opposite left', 'I_TURN_RIGHT I_TURN_RIGHT I_RUN I_TURN_RIGHT I_TURN_RIGHT I_RUN I_TURN_LEFT I_TURN_LEFT I_JUMP']
Reading lines...
Read 3920 sentence pairs
Trimmed to 3920 sentence pairs
Counting words...
Counted words:
scan_in 15
scan_out 8
Loaded data from scan/SCAN-master/length_test.txt
3920 examples. Sample pair: ['jump around right thrice after walk around right', 'I_TURN_RIGHT I_WALK I_TURN_RIGHT I_WALK I_TURN_RIGHT I_WALK I_TURN_RIGHT I_WALK I_TURN_RIGHT I_JUMP I_TURN_RIGHT I_JUMP I_TURN_RIGHT I_JUMP I_TURN_RIGHT I_JUMP I_TURN_RIGHT I_JUMP I_TURN_RIGHT I_JUMP I_TURN_RIGHT I_JUMP I_TURN_RIGHT I_JUMP I_TURN_RIGHT I_JUMP I_TURN_RIGHT I_JUMP I_TURN_RIGHT I_JUMP I_TURN_RIGHT I_JUMP']
Starting training: 2000 iterations
Hits 0/100 test samples
Duration (Remaining): 0m 38s (- 0m 38s) Iters: (1000 50%) Loss avg: 1.2560
Hits 1/100 test samples
Duration (Remaining): 1m 17s (- 0m 0s) Iters: (2000 100%) Loss avg: 0.8177
Hits 5/100 test samples
Evaluating training split accuracy
Evaluation accuracy: 16/100 = 0.16%
Evaluating test split accuracy
Evaluation accuracy: 1/100 = 0.01%
Saved model at saved/length_2000.pt
Reading lines...
Read 20910 sentence pairs
Trimmed to 20910 sentence pairs
Counting words...
Counted words:
scan_in 15
scan_out 8
Training on cuda:4
Initialized model GRU
Training SCAN model GRU on split 'length' for 2000 iterations on device cuda:4, intermediate rep? False, tag None
Reading lines...
Read 16990 sentence pairs
Trimmed to 16990 sentence pairs
Counting words...
Counted words:
scan_in 15
scan_out 8
Loaded data from scan/SCAN-master/length_train.txt
16990 examples. Sample pair: ['jump left twice and run around right twice', 'I_TURN_LEFT I_JUMP I_TURN_LEFT I_JUMP I_TURN_RIGHT I_RUN I_TURN_RIGHT I_RUN I_TURN_RIGHT I_RUN I_TURN_RIGHT I_RUN I_TURN_RIGHT I_RUN I_TURN_RIGHT I_RUN I_TURN_RIGHT I_RUN I_TURN_RIGHT I_RUN']
Reading lines...
Read 3920 sentence pairs
Trimmed to 3920 sentence pairs
Counting words...
Counted words:
scan_in 15
scan_out 8
Loaded data from scan/SCAN-master/length_test.txt
3920 examples. Sample pair: ['look and walk around left thrice', 'I_LOOK I_TURN_LEFT I_WALK I_TURN_LEFT I_WALK I_TURN_LEFT I_WALK I_TURN_LEFT I_WALK I_TURN_LEFT I_WALK I_TURN_LEFT I_WALK I_TURN_LEFT I_WALK I_TURN_LEFT I_WALK I_TURN_LEFT I_WALK I_TURN_LEFT I_WALK I_TURN_LEFT I_WALK I_TURN_LEFT I_WALK']
Starting training: 2000 iterations
Hits 0/100 test samples
Duration (Remaining): 5m 25s (- 5m 25s) Iters: (1000 50%) Loss avg: 1.3030
Hits 0/100 test samples
Duration (Remaining): 10m 13s (- 0m 0s) Iters: (2000 100%) Loss avg: 0.8872
Hits 0/100 test samples
Evaluating training split accuracy
Evaluation accuracy: 7/100 = 0.07%
Evaluating test split accuracy
Evaluation accuracy: 1/100 = 0.01%
Saved model at saved/length_2000.pt
Reading lines...
Read 20910 sentence pairs
Trimmed to 20910 sentence pairs
Counting words...
Counted words:
scan_in 15
scan_out 8
Training on cuda:4
Initialized model GRU
Training SCAN model GRU on split 'length' for 1000 iterations on device cuda:4, intermediate rep? False, tag None
Reading lines...
Read 16990 sentence pairs
Trimmed to 16990 sentence pairs
Counting words...
Counted words:
scan_in 15
scan_out 8
Loaded data from scan/SCAN-master/length_train.txt
16990 examples. Sample pair: ['run left thrice and run opposite left thrice', 'I_TURN_LEFT I_RUN I_TURN_LEFT I_RUN I_TURN_LEFT I_RUN I_TURN_LEFT I_TURN_LEFT I_RUN I_TURN_LEFT I_TURN_LEFT I_RUN I_TURN_LEFT I_TURN_LEFT I_RUN']
Reading lines...
Read 3920 sentence pairs
Trimmed to 3920 sentence pairs
Counting words...
Counted words:
scan_in 15
scan_out 8
Loaded data from scan/SCAN-master/length_test.txt
3920 examples. Sample pair: ['look around right thrice after walk opposite right thrice', 'I_TURN_RIGHT I_TURN_RIGHT I_WALK I_TURN_RIGHT I_TURN_RIGHT I_WALK I_TURN_RIGHT I_TURN_RIGHT I_WALK I_TURN_RIGHT I_LOOK I_TURN_RIGHT I_LOOK I_TURN_RIGHT I_LOOK I_TURN_RIGHT I_LOOK I_TURN_RIGHT I_LOOK I_TURN_RIGHT I_LOOK I_TURN_RIGHT I_LOOK I_TURN_RIGHT I_LOOK I_TURN_RIGHT I_LOOK I_TURN_RIGHT I_LOOK I_TURN_RIGHT I_LOOK I_TURN_RIGHT I_LOOK']
Starting training: 1000 iterations
Hits 0/100 test samples
Duration (Remaining): 1m 48s (- 0m 0s) Iters: (1000 100%) Loss avg: 1.2827
Hits 0/100 test samples
Evaluating training split accuracy
Evaluation accuracy: 0/100 = 0.00%
Evaluating test split accuracy
Evaluation accuracy: 0/100 = 0.00%
Saved model at saved/length_1000.pt
Reading lines...
Read 20910 sentence pairs
Trimmed to 20910 sentence pairs
Counting words...
Counted words:
scan_in 15
scan_out 8
Training on cuda:4
Initialized model GRU
Training SCAN model GRU on split 'length' for 150000 iterations on device cuda:4, intermediate rep? False, tag None
Reading lines...
Read 16990 sentence pairs
Trimmed to 16990 sentence pairs
Counting words...
Counted words:
scan_in 15
scan_out 8
Loaded data from scan/SCAN-master/length_train.txt
16990 examples. Sample pair: ['run left thrice after walk opposite left', 'I_TURN_LEFT I_TURN_LEFT I_WALK I_TURN_LEFT I_RUN I_TURN_LEFT I_RUN I_TURN_LEFT I_RUN']
Reading lines...
Read 3920 sentence pairs
Trimmed to 3920 sentence pairs
Counting words...
Counted words:
scan_in 15
scan_out 8
Loaded data from scan/SCAN-master/length_test.txt
3920 examples. Sample pair: ['run and jump around right thrice', 'I_RUN I_TURN_RIGHT I_JUMP I_TURN_RIGHT I_JUMP I_TURN_RIGHT I_JUMP I_TURN_RIGHT I_JUMP I_TURN_RIGHT I_JUMP I_TURN_RIGHT I_JUMP I_TURN_RIGHT I_JUMP I_TURN_RIGHT I_JUMP I_TURN_RIGHT I_JUMP I_TURN_RIGHT I_JUMP I_TURN_RIGHT I_JUMP I_TURN_RIGHT I_JUMP']
Starting training: 150000 iterations
Hits 0/100 test samples
Duration (Remaining): 2m 50s (- 422m 28s) Iters: (1000 0%) Loss avg: 1.2475
Hits 0/100 test samples
Duration (Remaining): 4m 57s (- 367m 5s) Iters: (2000 1%) Loss avg: 0.8654
Hits 1/100 test samples
Duration (Remaining): 7m 7s (- 348m 45s) Iters: (3000 2%) Loss avg: 0.6814
Hits 7/100 test samples
Duration (Remaining): 9m 15s (- 338m 1s) Iters: (4000 2%) Loss avg: 0.5765
Hits 12/100 test samples
Duration (Remaining): 11m 21s (- 329m 36s) Iters: (5000 3%) Loss avg: 0.4674
Hits 21/100 test samples
Duration (Remaining): 13m 29s (- 323m 38s) Iters: (6000 4%) Loss avg: 0.3951
Hits 31/100 test samples
Duration (Remaining): 15m 26s (- 315m 24s) Iters: (7000 4%) Loss avg: 0.3667
Hits 35/100 test samples
Duration (Remaining): 17m 22s (- 308m 19s) Iters: (8000 5%) Loss avg: 0.3343
Hits 37/100 test samples
Duration (Remaining): 19m 17s (- 302m 16s) Iters: (9000 6%) Loss avg: 0.3141
Hits 48/100 test samples
Duration (Remaining): 21m 9s (- 296m 13s) Iters: (10000 6%) Loss avg: 0.2634
Hits 35/100 test samples
Duration (Remaining): 23m 0s (- 290m 42s) Iters: (11000 7%) Loss avg: 0.2691
Hits 54/100 test samples
Duration (Remaining): 24m 52s (- 286m 4s) Iters: (12000 8%) Loss avg: 0.2172
Hits 50/100 test samples
Duration (Remaining): 26m 48s (- 282m 34s) Iters: (13000 8%) Loss avg: 0.1969
Hits 52/100 test samples
Duration (Remaining): 28m 42s (- 278m 52s) Iters: (14000 9%) Loss avg: 0.1940
Hits 75/100 test samples
Duration (Remaining): 30m 36s (- 275m 24s) Iters: (15000 10%) Loss avg: 0.1788
Hits 61/100 test samples
Duration (Remaining): 32m 30s (- 272m 12s) Iters: (16000 10%) Loss avg: 0.1515
Hits 69/100 test samples
Duration (Remaining): 34m 21s (- 268m 45s) Iters: (17000 11%) Loss avg: 0.1498
Hits 71/100 test samples
Duration (Remaining): 36m 12s (- 265m 30s) Iters: (18000 12%) Loss avg: 0.1380
Hits 70/100 test samples
Duration (Remaining): 38m 3s (- 262m 24s) Iters: (19000 12%) Loss avg: 0.1368
Hits 68/100 test samples
Duration (Remaining): 39m 57s (- 259m 43s) Iters: (20000 13%) Loss avg: 0.1157
Hits 85/100 test samples
Duration (Remaining): 41m 49s (- 256m 56s) Iters: (21000 14%) Loss avg: 0.1248
Hits 74/100 test samples
Duration (Remaining): 43m 43s (- 254m 22s) Iters: (22000 14%) Loss avg: 0.1000
Hits 64/100 test samples
Duration (Remaining): 45m 37s (- 251m 57s) Iters: (23000 15%) Loss avg: 0.1000
Hits 68/100 test samples
Duration (Remaining): 47m 32s (- 249m 36s) Iters: (24000 16%) Loss avg: 0.1007
Hits 67/100 test samples
Duration (Remaining): 49m 26s (- 247m 14s) Iters: (25000 16%) Loss avg: 0.0916
Hits 47/100 test samples
Duration (Remaining): 51m 20s (- 244m 53s) Iters: (26000 17%) Loss avg: 0.1029
Hits 85/100 test samples
Duration (Remaining): 53m 14s (- 242m 32s) Iters: (27000 18%) Loss avg: 0.0765
Hits 83/100 test samples
Duration (Remaining): 55m 8s (- 240m 16s) Iters: (28000 18%) Loss avg: 0.0815
Hits 95/100 test samples
Duration (Remaining): 57m 4s (- 238m 8s) Iters: (29000 19%) Loss avg: 0.0755
Hits 62/100 test samples
Duration (Remaining): 58m 58s (- 235m 55s) Iters: (30000 20%) Loss avg: 0.0763
Hits 80/100 test samples
Duration (Remaining): 60m 51s (- 233m 37s) Iters: (31000 20%) Loss avg: 0.0629
Hits 84/100 test samples
Duration (Remaining): 62m 46s (- 231m 30s) Iters: (32000 21%) Loss avg: 0.0765
Hits 88/100 test samples
Duration (Remaining): 64m 40s (- 229m 16s) Iters: (33000 22%) Loss avg: 0.0750
Hits 90/100 test samples
Duration (Remaining): 66m 34s (- 227m 8s) Iters: (34000 22%) Loss avg: 0.0542
Hits 83/100 test samples
Duration (Remaining): 68m 28s (- 224m 58s) Iters: (35000 23%) Loss avg: 0.0501
Hits 88/100 test samples
Duration (Remaining): 70m 16s (- 222m 32s) Iters: (36000 24%) Loss avg: 0.0755
Hits 76/100 test samples
Duration (Remaining): 72m 11s (- 220m 27s) Iters: (37000 24%) Loss avg: 0.0666
Hits 92/100 test samples
Duration (Remaining): 74m 9s (- 218m 32s) Iters: (38000 25%) Loss avg: 0.0631
Hits 90/100 test samples
Duration (Remaining): 75m 59s (- 216m 18s) Iters: (39000 26%) Loss avg: 0.0476
Hits 85/100 test samples
Duration (Remaining): 77m 52s (- 214m 8s) Iters: (40000 26%) Loss avg: 0.0592
Hits 86/100 test samples
Duration (Remaining): 79m 42s (- 211m 54s) Iters: (41000 27%) Loss avg: 0.0649
Hits 90/100 test samples
Duration (Remaining): 81m 34s (- 209m 46s) Iters: (42000 28%) Loss avg: 0.0535
Hits 89/100 test samples
Duration (Remaining): 83m 25s (- 207m 35s) Iters: (43000 28%) Loss avg: 0.0415
Hits 93/100 test samples
Duration (Remaining): 85m 15s (- 205m 24s) Iters: (44000 29%) Loss avg: 0.0566
Hits 91/100 test samples
Duration (Remaining): 87m 11s (- 203m 27s) Iters: (45000 30%) Loss avg: 0.0440
Hits 94/100 test samples
Duration (Remaining): 89m 7s (- 201m 29s) Iters: (46000 30%) Loss avg: 0.0398
Hits 94/100 test samples
Duration (Remaining): 91m 3s (- 199m 33s) Iters: (47000 31%) Loss avg: 0.0458
Hits 87/100 test samples
Duration (Remaining): 92m 59s (- 197m 36s) Iters: (48000 32%) Loss avg: 0.0596
Hits 75/100 test samples
Duration (Remaining): 94m 54s (- 195m 37s) Iters: (49000 32%) Loss avg: 0.0366
Hits 92/100 test samples
Duration (Remaining): 96m 48s (- 193m 37s) Iters: (50000 33%) Loss avg: 0.0293
Hits 86/100 test samples
Duration (Remaining): 98m 43s (- 191m 39s) Iters: (51000 34%) Loss avg: 0.0420
Hits 89/100 test samples
Duration (Remaining): 100m 37s (- 189m 37s) Iters: (52000 34%) Loss avg: 0.0314
Hits 78/100 test samples
Duration (Remaining): 102m 31s (- 187m 38s) Iters: (53000 35%) Loss avg: 0.0549
Hits 87/100 test samples
Duration (Remaining): 104m 28s (- 185m 43s) Iters: (54000 36%) Loss avg: 0.0625
Hits 95/100 test samples
Duration (Remaining): 106m 23s (- 183m 46s) Iters: (55000 36%) Loss avg: 0.0313
Hits 96/100 test samples
Duration (Remaining): 108m 21s (- 181m 53s) Iters: (56000 37%) Loss avg: 0.0208
Hits 94/100 test samples
Duration (Remaining): 110m 18s (- 179m 58s) Iters: (57000 38%) Loss avg: 0.0289
Hits 99/100 test samples
Duration (Remaining): 112m 16s (- 178m 5s) Iters: (58000 38%) Loss avg: 0.0377
Hits 94/100 test samples
Duration (Remaining): 114m 14s (- 176m 12s) Iters: (59000 39%) Loss avg: 0.0435
Hits 93/100 test samples
Duration (Remaining): 116m 13s (- 174m 19s) Iters: (60000 40%) Loss avg: 0.0354
Hits 96/100 test samples
Duration (Remaining): 118m 11s (- 172m 27s) Iters: (61000 40%) Loss avg: 0.0267
Hits 99/100 test samples
Duration (Remaining): 120m 9s (- 170m 32s) Iters: (62000 41%) Loss avg: 0.0193
Hits 94/100 test samples
Duration (Remaining): 122m 7s (- 168m 39s) Iters: (63000 42%) Loss avg: 0.0364
Hits 93/100 test samples
Duration (Remaining): 124m 7s (- 166m 47s) Iters: (64000 42%) Loss avg: 0.0298
Hits 92/100 test samples
Duration (Remaining): 126m 6s (- 164m 54s) Iters: (65000 43%) Loss avg: 0.0128
Hits 97/100 test samples
Duration (Remaining): 128m 5s (- 163m 1s) Iters: (66000 44%) Loss avg: 0.0288
Hits 90/100 test samples
Duration (Remaining): 130m 2s (- 161m 5s) Iters: (67000 44%) Loss avg: 0.0355
Hits 97/100 test samples
Duration (Remaining): 131m 58s (- 159m 9s) Iters: (68000 45%) Loss avg: 0.0146
Hits 98/100 test samples
Duration (Remaining): 133m 56s (- 157m 14s) Iters: (69000 46%) Loss avg: 0.0286
Hits 92/100 test samples
Duration (Remaining): 135m 54s (- 155m 19s) Iters: (70000 46%) Loss avg: 0.0156
Hits 94/100 test samples
Duration (Remaining): 137m 53s (- 153m 25s) Iters: (71000 47%) Loss avg: 0.0187
Hits 96/100 test samples
Duration (Remaining): 139m 50s (- 151m 29s) Iters: (72000 48%) Loss avg: 0.0365
Hits 94/100 test samples
Duration (Remaining): 141m 46s (- 149m 32s) Iters: (73000 48%) Loss avg: 0.0254
Hits 96/100 test samples
Duration (Remaining): 143m 41s (- 147m 34s) Iters: (74000 49%) Loss avg: 0.0221
Hits 97/100 test samples
Duration (Remaining): 145m 37s (- 145m 37s) Iters: (75000 50%) Loss avg: 0.0264
Hits 95/100 test samples
Duration (Remaining): 147m 35s (- 143m 42s) Iters: (76000 50%) Loss avg: 0.0146
Hits 98/100 test samples
Duration (Remaining): 149m 33s (- 141m 47s) Iters: (77000 51%) Loss avg: 0.0117
Hits 97/100 test samples
Duration (Remaining): 151m 30s (- 139m 51s) Iters: (78000 52%) Loss avg: 0.0180
Hits 99/100 test samples
Duration (Remaining): 153m 28s (- 137m 55s) Iters: (79000 52%) Loss avg: 0.0134
Hits 90/100 test samples
Duration (Remaining): 155m 24s (- 135m 58s) Iters: (80000 53%) Loss avg: 0.0206
Hits 98/100 test samples
Duration (Remaining): 157m 20s (- 134m 1s) Iters: (81000 54%) Loss avg: 0.0238
Hits 97/100 test samples
Duration (Remaining): 159m 19s (- 132m 7s) Iters: (82000 54%) Loss avg: 0.0323
Hits 98/100 test samples
Duration (Remaining): 161m 15s (- 130m 10s) Iters: (83000 55%) Loss avg: 0.0182
Hits 98/100 test samples
Duration (Remaining): 163m 14s (- 128m 15s) Iters: (84000 56%) Loss avg: 0.0105
Hits 98/100 test samples
Duration (Remaining): 165m 9s (- 126m 18s) Iters: (85000 56%) Loss avg: 0.0111
Hits 99/100 test samples
Duration (Remaining): 167m 7s (- 124m 22s) Iters: (86000 57%) Loss avg: 0.0213
Hits 99/100 test samples
Duration (Remaining): 169m 3s (- 122m 25s) Iters: (87000 57%) Loss avg: 0.0087
Hits 94/100 test samples
Duration (Remaining): 171m 2s (- 120m 30s) Iters: (88000 58%) Loss avg: 0.0286
Hits 95/100 test samples
Duration (Remaining): 172m 59s (- 118m 34s) Iters: (89000 59%) Loss avg: 0.0158
Hits 100/100 test samples
Duration (Remaining): 174m 58s (- 116m 38s) Iters: (90000 60%) Loss avg: 0.0184
Hits 100/100 test samples
Duration (Remaining): 176m 56s (- 114m 43s) Iters: (91000 60%) Loss avg: 0.0115
Hits 96/100 test samples
Duration (Remaining): 178m 53s (- 112m 46s) Iters: (92000 61%) Loss avg: 0.0163
Hits 99/100 test samples
Duration (Remaining): 180m 51s (- 110m 51s) Iters: (93000 62%) Loss avg: 0.0109
Hits 94/100 test samples
Duration (Remaining): 182m 44s (- 108m 52s) Iters: (94000 62%) Loss avg: 0.0176
Hits 95/100 test samples
Duration (Remaining): 184m 37s (- 106m 53s) Iters: (95000 63%) Loss avg: 0.0218
Hits 98/100 test samples
Duration (Remaining): 186m 30s (- 104m 54s) Iters: (96000 64%) Loss avg: 0.0189
Hits 100/100 test samples
Duration (Remaining): 188m 23s (- 102m 56s) Iters: (97000 64%) Loss avg: 0.0074
Hits 97/100 test samples
Duration (Remaining): 190m 14s (- 100m 56s) Iters: (98000 65%) Loss avg: 0.0085
Hits 96/100 test samples
Duration (Remaining): 192m 5s (- 98m 57s) Iters: (99000 66%) Loss avg: 0.0053
Hits 100/100 test samples
Duration (Remaining): 193m 55s (- 96m 57s) Iters: (100000 66%) Loss avg: 0.0030
Hits 99/100 test samples
Duration (Remaining): 195m 46s (- 94m 58s) Iters: (101000 67%) Loss avg: 0.0198
Hits 98/100 test samples
Duration (Remaining): 197m 34s (- 92m 58s) Iters: (102000 68%) Loss avg: 0.0345
Hits 94/100 test samples
Duration (Remaining): 199m 25s (- 90m 59s) Iters: (103000 68%) Loss avg: 0.0054
Hits 100/100 test samples
Duration (Remaining): 201m 10s (- 88m 58s) Iters: (104000 69%) Loss avg: 0.0037
Hits 100/100 test samples
Duration (Remaining): 202m 59s (- 86m 59s) Iters: (105000 70%) Loss avg: 0.0030
Hits 99/100 test samples
Duration (Remaining): 204m 48s (- 85m 0s) Iters: (106000 70%) Loss avg: 0.0033
Hits 97/100 test samples
Duration (Remaining): 206m 39s (- 83m 3s) Iters: (107000 71%) Loss avg: 0.0216
Hits 97/100 test samples
Duration (Remaining): 208m 29s (- 81m 4s) Iters: (108000 72%) Loss avg: 0.0045
Hits 100/100 test samples
Duration (Remaining): 210m 20s (- 79m 7s) Iters: (109000 72%) Loss avg: 0.0136
Hits 99/100 test samples
Duration (Remaining): 212m 17s (- 77m 11s) Iters: (110000 73%) Loss avg: 0.0125
Hits 99/100 test samples
Duration (Remaining): 214m 6s (- 75m 13s) Iters: (111000 74%) Loss avg: 0.0077
Hits 99/100 test samples
Duration (Remaining): 215m 57s (- 73m 16s) Iters: (112000 74%) Loss avg: 0.0108
Hits 99/100 test samples
Duration (Remaining): 217m 51s (- 71m 20s) Iters: (113000 75%) Loss avg: 0.0051
Hits 99/100 test samples
Duration (Remaining): 219m 41s (- 69m 22s) Iters: (114000 76%) Loss avg: 0.0049
Hits 99/100 test samples
Duration (Remaining): 221m 31s (- 67m 25s) Iters: (115000 76%) Loss avg: 0.0194
Hits 95/100 test samples
Duration (Remaining): 223m 23s (- 65m 28s) Iters: (116000 77%) Loss avg: 0.0088
Hits 99/100 test samples
Duration (Remaining): 225m 16s (- 63m 32s) Iters: (117000 78%) Loss avg: 0.0030
Hits 99/100 test samples
Duration (Remaining): 227m 6s (- 61m 35s) Iters: (118000 78%) Loss avg: 0.0190
Hits 100/100 test samples
Duration (Remaining): 228m 55s (- 59m 38s) Iters: (119000 79%) Loss avg: 0.0058
Hits 99/100 test samples
Duration (Remaining): 230m 46s (- 57m 41s) Iters: (120000 80%) Loss avg: 0.0024
Hits 100/100 test samples
Duration (Remaining): 232m 37s (- 55m 45s) Iters: (121000 80%) Loss avg: 0.0088
Hits 100/100 test samples
Duration (Remaining): 234m 28s (- 53m 48s) Iters: (122000 81%) Loss avg: 0.0074
Hits 100/100 test samples
Duration (Remaining): 236m 18s (- 51m 52s) Iters: (123000 82%) Loss avg: 0.0042
Hits 98/100 test samples
Duration (Remaining): 238m 13s (- 49m 57s) Iters: (124000 82%) Loss avg: 0.0024
Hits 99/100 test samples
Duration (Remaining): 239m 38s (- 47m 55s) Iters: (125000 83%) Loss avg: 0.0061
Hits 97/100 test samples
Duration (Remaining): 240m 24s (- 45m 47s) Iters: (126000 84%) Loss avg: 0.0398
Hits 99/100 test samples
Duration (Remaining): 241m 9s (- 43m 40s) Iters: (127000 84%) Loss avg: 0.0064
Hits 99/100 test samples
Duration (Remaining): 241m 52s (- 41m 34s) Iters: (128000 85%) Loss avg: 0.0065
Hits 98/100 test samples
Duration (Remaining): 242m 36s (- 39m 29s) Iters: (129000 86%) Loss avg: 0.0144
Hits 99/100 test samples
Duration (Remaining): 243m 18s (- 37m 25s) Iters: (130000 86%) Loss avg: 0.0092
Hits 99/100 test samples
Duration (Remaining): 243m 57s (- 35m 22s) Iters: (131000 87%) Loss avg: 0.0089
Hits 100/100 test samples
Duration (Remaining): 244m 34s (- 33m 21s) Iters: (132000 88%) Loss avg: 0.0026
Hits 99/100 test samples
Duration (Remaining): 245m 12s (- 31m 20s) Iters: (133000 88%) Loss avg: 0.0087
Hits 96/100 test samples
Duration (Remaining): 245m 48s (- 29m 21s) Iters: (134000 89%) Loss avg: 0.0079
Hits 97/100 test samples
Duration (Remaining): 246m 32s (- 27m 23s) Iters: (135000 90%) Loss avg: 0.0034
Hits 100/100 test samples
Duration (Remaining): 247m 14s (- 25m 27s) Iters: (136000 90%) Loss avg: 0.0024
Hits 100/100 test samples
Duration (Remaining): 247m 54s (- 23m 31s) Iters: (137000 91%) Loss avg: 0.0066
Hits 100/100 test samples
Duration (Remaining): 248m 33s (- 21m 36s) Iters: (138000 92%) Loss avg: 0.0110
Hits 100/100 test samples
Duration (Remaining): 249m 5s (- 19m 42s) Iters: (139000 92%) Loss avg: 0.0055
Hits 100/100 test samples
Duration (Remaining): 249m 42s (- 17m 50s) Iters: (140000 93%) Loss avg: 0.0161
Hits 100/100 test samples
Duration (Remaining): 250m 25s (- 15m 59s) Iters: (141000 94%) Loss avg: 0.0058
Hits 99/100 test samples
Duration (Remaining): 251m 6s (- 14m 8s) Iters: (142000 94%) Loss avg: 0.0046
Hits 100/100 test samples
Duration (Remaining): 251m 37s (- 12m 19s) Iters: (143000 95%) Loss avg: 0.0037
Hits 98/100 test samples
Duration (Remaining): 252m 8s (- 10m 30s) Iters: (144000 96%) Loss avg: 0.0220
Hits 100/100 test samples
Duration (Remaining): 252m 38s (- 8m 42s) Iters: (145000 96%) Loss avg: 0.0051
Hits 100/100 test samples
Duration (Remaining): 253m 10s (- 6m 56s) Iters: (146000 97%) Loss avg: 0.0050
Hits 100/100 test samples
Duration (Remaining): 253m 41s (- 5m 10s) Iters: (147000 98%) Loss avg: 0.0008
Hits 100/100 test samples
Duration (Remaining): 254m 14s (- 3m 26s) Iters: (148000 98%) Loss avg: 0.0059
Hits 93/100 test samples
Duration (Remaining): 254m 53s (- 1m 42s) Iters: (149000 99%) Loss avg: 0.0190
Hits 96/100 test samples
Duration (Remaining): 255m 31s (- 0m 0s) Iters: (150000 100%) Loss avg: 0.0220
Hits 98/100 test samples
Evaluating training split accuracy
Evaluation accuracy: 16844/16990 = 0.99%
Evaluating test split accuracy
Evaluation accuracy: 363/3920 = 0.09%
Saved model at saved/length_150000.pt
