Reading lines...
Read 20910 sentence pairs
Trimmed to 20910 sentence pairs
Counting words...
Counted words:
scan_in 15
scan_out 15
GPU unavailable, training with CPU
Initialized model GRU
Training SCAN model GRU on split 'mcd' for 150000 iterations on device cpu, intermediate rep? True, tag 4
Reading lines...
Read 8365 sentence pairs
Trimmed to 8365 sentence pairs
Counting words...
Counted words:
scan_in 15
scan_out 15
Loaded data from scan/SCAN-master/mcd_train_inter.txt
8365 examples. Sample pair: ['run and jump', 'and run jump']
Reading lines...
Read 1045 sentence pairs
Trimmed to 1045 sentence pairs
Counting words...
Counted words:
scan_in 15
scan_out 15
Loaded data from scan/SCAN-master/mcd_test_inter.txt
1045 examples. Sample pair: ['jump around right thrice after turn left', 'after thrice around jump right left turn']
Starting training: 150000 iterations
Hits 0/100 test samples
Duration (Remaining): 0m 35s (- 88m 31s) Iters: (1000 0%) Loss avg: 1.5226
Hits 0/100 test samples
Duration (Remaining): 1m 2s (- 77m 0s) Iters: (2000 1%) Loss avg: 0.7270
Hits 17/100 test samples
Duration (Remaining): 1m 30s (- 74m 10s) Iters: (3000 2%) Loss avg: 0.3842
Hits 58/100 test samples
Duration (Remaining): 1m 58s (- 72m 8s) Iters: (4000 2%) Loss avg: 0.1826
Hits 94/100 test samples
Duration (Remaining): 2m 26s (- 71m 0s) Iters: (5000 3%) Loss avg: 0.0603
Hits 97/100 test samples
Duration (Remaining): 2m 56s (- 70m 43s) Iters: (6000 4%) Loss avg: 0.0416
Hits 98/100 test samples
Duration (Remaining): 3m 35s (- 73m 20s) Iters: (7000 4%) Loss avg: 0.0182
Hits 100/100 test samples
Duration (Remaining): 4m 3s (- 71m 58s) Iters: (8000 5%) Loss avg: 0.0054
Hits 99/100 test samples
Duration (Remaining): 4m 51s (- 76m 3s) Iters: (9000 6%) Loss avg: 0.0532
Hits 100/100 test samples
Duration (Remaining): 5m 18s (- 74m 12s) Iters: (10000 6%) Loss avg: 0.0137
Hits 99/100 test samples
Duration (Remaining): 5m 49s (- 73m 31s) Iters: (11000 7%) Loss avg: 0.0065
Hits 100/100 test samples
Duration (Remaining): 6m 16s (- 72m 14s) Iters: (12000 8%) Loss avg: 0.0033
Hits 99/100 test samples
Duration (Remaining): 6m 45s (- 71m 10s) Iters: (13000 8%) Loss avg: 0.0463
Hits 100/100 test samples
Duration (Remaining): 7m 12s (- 70m 1s) Iters: (14000 9%) Loss avg: 0.0021
Hits 100/100 test samples
Duration (Remaining): 7m 40s (- 69m 3s) Iters: (15000 10%) Loss avg: 0.0020
Hits 100/100 test samples
Duration (Remaining): 8m 8s (- 68m 10s) Iters: (16000 10%) Loss avg: 0.0006
Hits 100/100 test samples
Duration (Remaining): 8m 37s (- 67m 28s) Iters: (17000 11%) Loss avg: 0.0006
Hits 100/100 test samples
Duration (Remaining): 9m 16s (- 68m 2s) Iters: (18000 12%) Loss avg: 0.0403
Hits 99/100 test samples
Duration (Remaining): 9m 50s (- 67m 53s) Iters: (19000 12%) Loss avg: 0.0186
Hits 99/100 test samples
Duration (Remaining): 10m 17s (- 66m 54s) Iters: (20000 13%) Loss avg: 0.0013
Hits 100/100 test samples
Duration (Remaining): 10m 45s (- 66m 7s) Iters: (21000 14%) Loss avg: 0.0007
Hits 100/100 test samples
Duration (Remaining): 11m 12s (- 65m 12s) Iters: (22000 14%) Loss avg: 0.0004
Hits 100/100 test samples
Duration (Remaining): 11m 39s (- 64m 23s) Iters: (23000 15%) Loss avg: 0.0305
Hits 99/100 test samples
Duration (Remaining): 12m 9s (- 63m 47s) Iters: (24000 16%) Loss avg: 0.0083
Hits 100/100 test samples
Duration (Remaining): 12m 35s (- 62m 59s) Iters: (25000 16%) Loss avg: 0.0007
Hits 100/100 test samples
Duration (Remaining): 13m 2s (- 62m 13s) Iters: (26000 17%) Loss avg: 0.0017
Hits 100/100 test samples
Duration (Remaining): 13m 29s (- 61m 29s) Iters: (27000 18%) Loss avg: 0.0004
Hits 100/100 test samples
Duration (Remaining): 13m 57s (- 60m 47s) Iters: (28000 18%) Loss avg: 0.0002
Hits 100/100 test samples
Duration (Remaining): 14m 24s (- 60m 6s) Iters: (29000 19%) Loss avg: 0.0001
Hits 100/100 test samples
Duration (Remaining): 14m 51s (- 59m 25s) Iters: (30000 20%) Loss avg: 0.0001
Hits 100/100 test samples
Duration (Remaining): 15m 19s (- 58m 49s) Iters: (31000 20%) Loss avg: 0.0327
Hits 85/100 test samples
Duration (Remaining): 15m 59s (- 58m 57s) Iters: (32000 21%) Loss avg: 0.0196
Hits 100/100 test samples
Duration (Remaining): 16m 36s (- 58m 53s) Iters: (33000 22%) Loss avg: 0.0008
Hits 100/100 test samples
Duration (Remaining): 17m 8s (- 58m 29s) Iters: (34000 22%) Loss avg: 0.0004
Hits 100/100 test samples
Duration (Remaining): 17m 42s (- 58m 11s) Iters: (35000 23%) Loss avg: 0.0002
Hits 100/100 test samples
Duration (Remaining): 18m 16s (- 57m 52s) Iters: (36000 24%) Loss avg: 0.0002
Hits 100/100 test samples
Duration (Remaining): 18m 48s (- 57m 25s) Iters: (37000 24%) Loss avg: 0.0001
Hits 100/100 test samples
Duration (Remaining): 19m 21s (- 57m 4s) Iters: (38000 25%) Loss avg: 0.0001
Hits 100/100 test samples
Duration (Remaining): 19m 49s (- 56m 25s) Iters: (39000 26%) Loss avg: 0.0243
Hits 99/100 test samples
Duration (Remaining): 20m 16s (- 55m 45s) Iters: (40000 26%) Loss avg: 0.0026
Hits 100/100 test samples
Duration (Remaining): 20m 45s (- 55m 12s) Iters: (41000 27%) Loss avg: 0.0008
Hits 100/100 test samples
Duration (Remaining): 21m 24s (- 55m 3s) Iters: (42000 28%) Loss avg: 0.0050
Hits 100/100 test samples
Duration (Remaining): 21m 57s (- 54m 38s) Iters: (43000 28%) Loss avg: 0.0002
Hits 100/100 test samples
Duration (Remaining): 22m 26s (- 54m 3s) Iters: (44000 29%) Loss avg: 0.0001
Hits 100/100 test samples
Duration (Remaining): 22m 55s (- 53m 29s) Iters: (45000 30%) Loss avg: 0.0001
Hits 100/100 test samples
Duration (Remaining): 23m 22s (- 52m 50s) Iters: (46000 30%) Loss avg: 0.0001
Hits 100/100 test samples
Duration (Remaining): 23m 48s (- 52m 11s) Iters: (47000 31%) Loss avg: 0.0001
Hits 100/100 test samples
Duration (Remaining): 24m 15s (- 51m 32s) Iters: (48000 32%) Loss avg: 0.0741
Hits 99/100 test samples
Duration (Remaining): 24m 41s (- 50m 52s) Iters: (49000 32%) Loss avg: 0.0017
Hits 100/100 test samples
Duration (Remaining): 25m 9s (- 50m 19s) Iters: (50000 33%) Loss avg: 0.0010
Hits 100/100 test samples
Duration (Remaining): 25m 39s (- 49m 48s) Iters: (51000 34%) Loss avg: 0.0006
Hits 100/100 test samples
Duration (Remaining): 26m 6s (- 49m 11s) Iters: (52000 34%) Loss avg: 0.0004
Hits 100/100 test samples
Duration (Remaining): 26m 46s (- 49m 0s) Iters: (53000 35%) Loss avg: 0.0003
Hits 100/100 test samples
Duration (Remaining): 27m 17s (- 48m 30s) Iters: (54000 36%) Loss avg: 0.0001
Hits 100/100 test samples
Duration (Remaining): 27m 54s (- 48m 12s) Iters: (55000 36%) Loss avg: 0.0001
Hits 100/100 test samples
Duration (Remaining): 28m 50s (- 48m 25s) Iters: (56000 37%) Loss avg: 0.0000
Hits 100/100 test samples
Duration (Remaining): 29m 35s (- 48m 17s) Iters: (57000 38%) Loss avg: 0.0000
Hits 100/100 test samples
Duration (Remaining): 30m 18s (- 48m 5s) Iters: (58000 38%) Loss avg: 0.0000
Hits 100/100 test samples
Duration (Remaining): 31m 4s (- 47m 55s) Iters: (59000 39%) Loss avg: 0.0000
Hits 100/100 test samples
Duration (Remaining): 31m 41s (- 47m 32s) Iters: (60000 40%) Loss avg: 0.0000
Hits 100/100 test samples
Duration (Remaining): 32m 31s (- 47m 26s) Iters: (61000 40%) Loss avg: 0.0268
Hits 99/100 test samples
Duration (Remaining): 33m 3s (- 46m 55s) Iters: (62000 41%) Loss avg: 0.0032
Hits 100/100 test samples
Duration (Remaining): 33m 30s (- 46m 17s) Iters: (63000 42%) Loss avg: 0.0009
Hits 100/100 test samples
Duration (Remaining): 34m 2s (- 45m 44s) Iters: (64000 42%) Loss avg: 0.0002
Hits 100/100 test samples
Duration (Remaining): 34m 29s (- 45m 6s) Iters: (65000 43%) Loss avg: 0.0001
Hits 100/100 test samples
Duration (Remaining): 34m 55s (- 44m 27s) Iters: (66000 44%) Loss avg: 0.0001
Hits 100/100 test samples
Duration (Remaining): 35m 21s (- 43m 47s) Iters: (67000 44%) Loss avg: 0.0001
Hits 100/100 test samples
Duration (Remaining): 35m 53s (- 43m 17s) Iters: (68000 45%) Loss avg: 0.0002
Hits 100/100 test samples
Duration (Remaining): 36m 20s (- 42m 39s) Iters: (69000 46%) Loss avg: 0.0332
Hits 99/100 test samples
Duration (Remaining): 36m 45s (- 42m 1s) Iters: (70000 46%) Loss avg: 0.0175
Hits 100/100 test samples
Duration (Remaining): 37m 11s (- 41m 23s) Iters: (71000 47%) Loss avg: 0.0005
Hits 100/100 test samples
Duration (Remaining): 37m 37s (- 40m 46s) Iters: (72000 48%) Loss avg: 0.0002
Hits 100/100 test samples
Duration (Remaining): 38m 5s (- 40m 10s) Iters: (73000 48%) Loss avg: 0.0001
Hits 100/100 test samples
Duration (Remaining): 38m 39s (- 39m 42s) Iters: (74000 49%) Loss avg: 0.0001
Hits 100/100 test samples
Duration (Remaining): 39m 13s (- 39m 13s) Iters: (75000 50%) Loss avg: 0.0001
Hits 100/100 test samples
Duration (Remaining): 39m 39s (- 38m 36s) Iters: (76000 50%) Loss avg: 0.0000
Hits 100/100 test samples
Duration (Remaining): 40m 5s (- 38m 0s) Iters: (77000 51%) Loss avg: 0.0000
Hits 100/100 test samples
Duration (Remaining): 40m 32s (- 37m 25s) Iters: (78000 52%) Loss avg: 0.0307
Hits 98/100 test samples
Duration (Remaining): 40m 59s (- 36m 50s) Iters: (79000 52%) Loss avg: 0.0037
Hits 100/100 test samples
Duration (Remaining): 41m 26s (- 36m 16s) Iters: (80000 53%) Loss avg: 0.0003
Hits 100/100 test samples
Duration (Remaining): 41m 52s (- 35m 40s) Iters: (81000 54%) Loss avg: 0.0001
Hits 100/100 test samples
Duration (Remaining): 42m 21s (- 35m 7s) Iters: (82000 54%) Loss avg: 0.0001
Hits 100/100 test samples
Duration (Remaining): 42m 51s (- 34m 35s) Iters: (83000 55%) Loss avg: 0.0001
Hits 100/100 test samples
Duration (Remaining): 43m 18s (- 34m 1s) Iters: (84000 56%) Loss avg: 0.0000
Hits 100/100 test samples
Duration (Remaining): 43m 46s (- 33m 28s) Iters: (85000 56%) Loss avg: 0.0000
Hits 100/100 test samples
Duration (Remaining): 44m 15s (- 32m 55s) Iters: (86000 57%) Loss avg: 0.0000
Hits 100/100 test samples
Duration (Remaining): 44m 45s (- 32m 24s) Iters: (87000 57%) Loss avg: 0.0000
Hits 100/100 test samples
Duration (Remaining): 45m 16s (- 31m 53s) Iters: (88000 58%) Loss avg: 0.0000
Hits 100/100 test samples
Duration (Remaining): 45m 48s (- 31m 23s) Iters: (89000 59%) Loss avg: 0.0000
Hits 100/100 test samples
Duration (Remaining): 46m 14s (- 30m 49s) Iters: (90000 60%) Loss avg: 0.0302
Hits 100/100 test samples
Duration (Remaining): 46m 40s (- 30m 15s) Iters: (91000 60%) Loss avg: 0.0041
Hits 100/100 test samples
Duration (Remaining): 47m 7s (- 29m 42s) Iters: (92000 61%) Loss avg: 0.0010
Hits 100/100 test samples
Duration (Remaining): 47m 33s (- 29m 9s) Iters: (93000 62%) Loss avg: 0.0002
Hits 100/100 test samples
Duration (Remaining): 48m 1s (- 28m 36s) Iters: (94000 62%) Loss avg: 0.0001
Hits 100/100 test samples
Duration (Remaining): 48m 28s (- 28m 3s) Iters: (95000 63%) Loss avg: 0.0001
Hits 100/100 test samples
Duration (Remaining): 48m 56s (- 27m 31s) Iters: (96000 64%) Loss avg: 0.0000
Hits 100/100 test samples
Duration (Remaining): 49m 25s (- 27m 0s) Iters: (97000 64%) Loss avg: 0.0000
Hits 100/100 test samples
Duration (Remaining): 49m 58s (- 26m 31s) Iters: (98000 65%) Loss avg: 0.0009
Hits 100/100 test samples
Duration (Remaining): 50m 25s (- 25m 58s) Iters: (99000 66%) Loss avg: 0.0001
Hits 100/100 test samples
Duration (Remaining): 50m 53s (- 25m 26s) Iters: (100000 66%) Loss avg: 0.0001
Hits 99/100 test samples
Duration (Remaining): 51m 25s (- 24m 56s) Iters: (101000 67%) Loss avg: 0.0023
Hits 100/100 test samples
Duration (Remaining): 51m 58s (- 24m 27s) Iters: (102000 68%) Loss avg: 0.0001
Hits 100/100 test samples
Duration (Remaining): 52m 27s (- 23m 56s) Iters: (103000 68%) Loss avg: 0.0003
Hits 98/100 test samples
Duration (Remaining): 52m 54s (- 23m 23s) Iters: (104000 69%) Loss avg: 0.0066
Hits 100/100 test samples
Duration (Remaining): 53m 24s (- 22m 53s) Iters: (105000 70%) Loss avg: 0.0003
Hits 100/100 test samples
Duration (Remaining): 53m 59s (- 22m 24s) Iters: (106000 70%) Loss avg: 0.0001
Hits 100/100 test samples
Duration (Remaining): 54m 39s (- 21m 57s) Iters: (107000 71%) Loss avg: 0.0038
Hits 97/100 test samples
Duration (Remaining): 55m 13s (- 21m 28s) Iters: (108000 72%) Loss avg: 0.0009
Hits 100/100 test samples
Duration (Remaining): 55m 58s (- 21m 3s) Iters: (109000 72%) Loss avg: 0.0148
Hits 100/100 test samples
Duration (Remaining): 56m 31s (- 20m 33s) Iters: (110000 73%) Loss avg: 0.0074
Hits 100/100 test samples
Duration (Remaining): 57m 6s (- 20m 3s) Iters: (111000 74%) Loss avg: 0.0005
Hits 100/100 test samples
Duration (Remaining): 57m 38s (- 19m 33s) Iters: (112000 74%) Loss avg: 0.0001
Hits 100/100 test samples
Duration (Remaining): 58m 6s (- 19m 1s) Iters: (113000 75%) Loss avg: 0.0001
Hits 100/100 test samples
Duration (Remaining): 58m 33s (- 18m 29s) Iters: (114000 76%) Loss avg: 0.0000
Hits 100/100 test samples
Duration (Remaining): 59m 8s (- 17m 59s) Iters: (115000 76%) Loss avg: 0.0000
Hits 100/100 test samples
Duration (Remaining): 59m 41s (- 17m 29s) Iters: (116000 77%) Loss avg: 0.0000
Hits 100/100 test samples
Duration (Remaining): 60m 16s (- 16m 59s) Iters: (117000 78%) Loss avg: 0.0000
Hits 100/100 test samples
Duration (Remaining): 60m 49s (- 16m 29s) Iters: (118000 78%) Loss avg: 0.0000
Hits 100/100 test samples
Duration (Remaining): 61m 25s (- 16m 0s) Iters: (119000 79%) Loss avg: 0.0000
Hits 100/100 test samples
Duration (Remaining): 62m 0s (- 15m 30s) Iters: (120000 80%) Loss avg: 0.0000
Hits 100/100 test samples
Duration (Remaining): 62m 38s (- 15m 0s) Iters: (121000 80%) Loss avg: 0.0000
Hits 100/100 test samples
Duration (Remaining): 63m 18s (- 14m 31s) Iters: (122000 81%) Loss avg: 0.0000
Hits 100/100 test samples
Duration (Remaining): 63m 43s (- 13m 59s) Iters: (123000 82%) Loss avg: 0.0000
Hits 100/100 test samples
Duration (Remaining): 64m 7s (- 13m 26s) Iters: (124000 82%) Loss avg: 0.0000
Hits 100/100 test samples
Duration (Remaining): 64m 31s (- 12m 54s) Iters: (125000 83%) Loss avg: 0.0000
Hits 100/100 test samples
Duration (Remaining): 64m 55s (- 12m 22s) Iters: (126000 84%) Loss avg: 0.0178
Hits 100/100 test samples
Duration (Remaining): 65m 20s (- 11m 50s) Iters: (127000 84%) Loss avg: 0.0003
Hits 100/100 test samples
Duration (Remaining): 65m 47s (- 11m 18s) Iters: (128000 85%) Loss avg: 0.0001
Hits 100/100 test samples
Duration (Remaining): 66m 12s (- 10m 46s) Iters: (129000 86%) Loss avg: 0.0001
Hits 100/100 test samples
Duration (Remaining): 66m 36s (- 10m 14s) Iters: (130000 86%) Loss avg: 0.0009
Hits 96/100 test samples
Duration (Remaining): 67m 2s (- 9m 43s) Iters: (131000 87%) Loss avg: 0.0166
Hits 100/100 test samples
Duration (Remaining): 67m 27s (- 9m 11s) Iters: (132000 88%) Loss avg: 0.0017
Hits 100/100 test samples
Duration (Remaining): 67m 51s (- 8m 40s) Iters: (133000 88%) Loss avg: 0.0003
Hits 100/100 test samples
Duration (Remaining): 68m 15s (- 8m 9s) Iters: (134000 89%) Loss avg: 0.0001
Hits 100/100 test samples
Duration (Remaining): 68m 42s (- 7m 38s) Iters: (135000 90%) Loss avg: 0.0022
Hits 100/100 test samples
Duration (Remaining): 69m 10s (- 7m 7s) Iters: (136000 90%) Loss avg: 0.0001
Hits 100/100 test samples
Duration (Remaining): 69m 43s (- 6m 37s) Iters: (137000 91%) Loss avg: 0.0000
Hits 100/100 test samples
Duration (Remaining): 70m 15s (- 6m 6s) Iters: (138000 92%) Loss avg: 0.0000
Hits 100/100 test samples
Duration (Remaining): 70m 47s (- 5m 36s) Iters: (139000 92%) Loss avg: 0.0000
Hits 100/100 test samples
Duration (Remaining): 71m 14s (- 5m 5s) Iters: (140000 93%) Loss avg: 0.0000
Hits 100/100 test samples
Duration (Remaining): 71m 41s (- 4m 34s) Iters: (141000 94%) Loss avg: 0.0000
Hits 100/100 test samples
Duration (Remaining): 72m 6s (- 4m 3s) Iters: (142000 94%) Loss avg: 0.0098
Hits 99/100 test samples
Duration (Remaining): 72m 33s (- 3m 33s) Iters: (143000 95%) Loss avg: 0.0006
Hits 100/100 test samples
Duration (Remaining): 72m 59s (- 3m 2s) Iters: (144000 96%) Loss avg: 0.0002
Hits 100/100 test samples
Duration (Remaining): 73m 23s (- 2m 31s) Iters: (145000 96%) Loss avg: 0.0000
Hits 100/100 test samples
Duration (Remaining): 73m 48s (- 2m 1s) Iters: (146000 97%) Loss avg: 0.0000
Hits 100/100 test samples
Duration (Remaining): 74m 12s (- 1m 30s) Iters: (147000 98%) Loss avg: 0.0000
Hits 100/100 test samples
Duration (Remaining): 74m 36s (- 1m 0s) Iters: (148000 98%) Loss avg: 0.0000
Hits 100/100 test samples
Duration (Remaining): 75m 0s (- 0m 30s) Iters: (149000 99%) Loss avg: 0.0000
Hits 100/100 test samples
Duration (Remaining): 75m 24s (- 0m 0s) Iters: (150000 100%) Loss avg: 0.0000
Hits 100/100 test samples
Evaluating training split accuracy
Evaluation accuracy: 100/100 = 1.00%
Evaluating test split accuracy
Evaluation accuracy: 21/100 = 0.21%
Saved model at saved/mcd_inter_150000_4.pt
