Reading lines...
Read 20910 sentence pairs
Trimmed to 20910 sentence pairs
Counting words...
Counted words:
scan_in 15
scan_out 15
Training on cuda:4
Initialized model GRU_A
Training SCAN model GRU_A on split 'mcd' for 150000 iterations on device cuda:4, intermediate rep? True, tag 2
Reading lines...
Read 8365 sentence pairs
Trimmed to 8365 sentence pairs
Counting words...
Counted words:
scan_in 15
scan_out 15
Loaded data from scan/SCAN-master/mcd_train_inter.txt
8365 examples. Sample pair: ['run around left and look around right', 'and around run left around look right']
Reading lines...
Read 1045 sentence pairs
Trimmed to 1045 sentence pairs
Counting words...
Counted words:
scan_in 15
scan_out 15
Loaded data from scan/SCAN-master/mcd_test_inter.txt
1045 examples. Sample pair: ['walk left after run opposite left thrice', 'after left walk thrice opposite run left']
Starting training: 150000 iterations
Hits 0/100 test samples
Duration (Remaining): 4m 57s (- 738m 55s) Iters: (1000 0%) Loss avg: 1.0685
Hits 43/100 test samples
Duration (Remaining): 8m 9s (- 603m 35s) Iters: (2000 1%) Loss avg: 0.2770
Hits 94/100 test samples
Duration (Remaining): 11m 26s (- 560m 34s) Iters: (3000 2%) Loss avg: 0.0489
Hits 99/100 test samples
Duration (Remaining): 15m 4s (- 550m 20s) Iters: (4000 2%) Loss avg: 0.0159
Hits 61/100 test samples
Duration (Remaining): 18m 16s (- 530m 12s) Iters: (5000 3%) Loss avg: 0.0735
Hits 100/100 test samples
Duration (Remaining): 21m 32s (- 516m 55s) Iters: (6000 4%) Loss avg: 0.0265
Hits 100/100 test samples
Duration (Remaining): 24m 52s (- 508m 2s) Iters: (7000 4%) Loss avg: 0.0046
Hits 98/100 test samples
Duration (Remaining): 28m 6s (- 498m 56s) Iters: (8000 5%) Loss avg: 0.0293
Hits 94/100 test samples
Duration (Remaining): 31m 22s (- 491m 34s) Iters: (9000 6%) Loss avg: 0.0100
Hits 88/100 test samples
Duration (Remaining): 34m 55s (- 488m 50s) Iters: (10000 6%) Loss avg: 0.0500
Hits 100/100 test samples
Duration (Remaining): 38m 8s (- 482m 4s) Iters: (11000 7%) Loss avg: 0.0107
Hits 100/100 test samples
Duration (Remaining): 41m 29s (- 477m 6s) Iters: (12000 8%) Loss avg: 0.0048
Hits 100/100 test samples
Duration (Remaining): 45m 2s (- 474m 39s) Iters: (13000 8%) Loss avg: 0.0182
Hits 100/100 test samples
Duration (Remaining): 48m 16s (- 468m 54s) Iters: (14000 9%) Loss avg: 0.0142
Hits 100/100 test samples
Duration (Remaining): 51m 32s (- 463m 49s) Iters: (15000 10%) Loss avg: 0.0012
Hits 100/100 test samples
Duration (Remaining): 55m 7s (- 461m 41s) Iters: (16000 10%) Loss avg: 0.0005
Hits 100/100 test samples
Duration (Remaining): 58m 21s (- 456m 31s) Iters: (17000 11%) Loss avg: 0.0005
Hits 100/100 test samples
Duration (Remaining): 61m 43s (- 452m 40s) Iters: (18000 12%) Loss avg: 0.0669
Hits 99/100 test samples
Duration (Remaining): 65m 50s (- 453m 54s) Iters: (19000 12%) Loss avg: 0.0209
Hits 100/100 test samples
Duration (Remaining): 71m 31s (- 464m 54s) Iters: (20000 13%) Loss avg: 0.0027
Hits 99/100 test samples
Duration (Remaining): 79m 14s (- 486m 47s) Iters: (21000 14%) Loss avg: 0.0028
Hits 100/100 test samples
Duration (Remaining): 82m 24s (- 479m 26s) Iters: (22000 14%) Loss avg: 0.0082
Hits 100/100 test samples
Duration (Remaining): 85m 19s (- 471m 6s) Iters: (23000 15%) Loss avg: 0.0016
Hits 100/100 test samples
Duration (Remaining): 88m 54s (- 466m 46s) Iters: (24000 16%) Loss avg: 0.0005
Hits 100/100 test samples
Duration (Remaining): 92m 42s (- 463m 30s) Iters: (25000 16%) Loss avg: 0.0002
Hits 100/100 test samples
Duration (Remaining): 95m 41s (- 456m 22s) Iters: (26000 17%) Loss avg: 0.0002
Hits 100/100 test samples
Duration (Remaining): 101m 1s (- 460m 13s) Iters: (27000 18%) Loss avg: 0.0001
Hits 100/100 test samples
Duration (Remaining): 105m 59s (- 461m 49s) Iters: (28000 18%) Loss avg: 0.0000
Hits 100/100 test samples
Duration (Remaining): 111m 59s (- 467m 17s) Iters: (29000 19%) Loss avg: 0.0001
Hits 98/100 test samples
Duration (Remaining): 115m 18s (- 461m 15s) Iters: (30000 20%) Loss avg: 0.1045
Hits 100/100 test samples
Duration (Remaining): 119m 2s (- 456m 56s) Iters: (31000 20%) Loss avg: 0.0056
Hits 100/100 test samples
