Reading lines...
Read 20910 sentence pairs
Trimmed to 20910 sentence pairs
Counting words...
Counted words:
scan_in 15
scan_out 15
Training on cuda:4
Initialized model GRU_A
Training SCAN model GRU_A on split 'mcd' for 2000 iterations on device cuda:4, intermediate rep? True, tag None
Reading lines...
Read 8365 sentence pairs
Trimmed to 8365 sentence pairs
Counting words...
Counted words:
scan_in 15
scan_out 15
Loaded data from scan/SCAN-master/mcd_train_inter.txt
8365 examples. Sample pair: ['run opposite left twice and look around left', 'and twice opposite run left around look left']
Reading lines...
Read 8365 sentence pairs
Trimmed to 8365 sentence pairs
Counting words...
Counted words:
scan_in 15
scan_out 15
Loaded data from scan/SCAN-master/mcd_test_inter.txt
8365 examples. Sample pair: ['look around left after walk', 'after around look left walk']
Starting training: 2000 iterations
Hits 0/100 test samples
Duration (Remaining): 6m 6s (- 6m 6s) Iters: (1000 50%) Loss avg: 0.9282
Hits 78/100 test samples
Duration (Remaining): 11m 27s (- 0m 0s) Iters: (2000 100%) Loss avg: 0.1264
Hits 92/100 test samples
Evaluating training split accuracy
Evaluation accuracy: 61/100 = 0.61%
Evaluating test split accuracy
Evaluation accuracy: 61/100 = 0.61%
Saved model at saved/mcd_inter_2000.pt
Reading lines...
Read 20910 sentence pairs
Trimmed to 20910 sentence pairs
Counting words...
Counted words:
scan_in 15
scan_out 15
Training on cuda:4
Initialized model GRU_A
Training SCAN model GRU_A on split 'mcd' for 1000 iterations on device cuda:4, intermediate rep? True, tag None
Reading lines...
Read 8365 sentence pairs
Trimmed to 8365 sentence pairs
Counting words...
Counted words:
scan_in 15
scan_out 15
Loaded data from scan/SCAN-master/mcd_train_inter.txt
8365 examples. Sample pair: ['run twice and turn left thrice', 'and twice run thrice left turn']
Reading lines...
Read 8365 sentence pairs
Trimmed to 8365 sentence pairs
Counting words...
Counted words:
scan_in 15
scan_out 15
Loaded data from scan/SCAN-master/mcd_test_inter.txt
8365 examples. Sample pair: ['turn opposite left and run left thrice', 'and opposite turn left thrice left run']
Starting training: 1000 iterations
Hits 0/100 test samples
Duration (Remaining): 3m 15s (- 0m 0s) Iters: (1000 100%) Loss avg: 0.9724
Hits 73/100 test samples
Evaluating training split accuracy
Evaluation accuracy: 59/100 = 0.59%
Evaluating test split accuracy
Evaluation accuracy: 59/100 = 0.59%
Saved model at saved/mcd_inter_1000.pt
Reading lines...
Read 20910 sentence pairs
Trimmed to 20910 sentence pairs
Counting words...
Counted words:
scan_in 15
scan_out 15
Training on cuda:4
Initialized model GRU_A
Training SCAN model GRU_A on split 'mcd' for 150000 iterations on device cuda:4, intermediate rep? True, tag None
Reading lines...
Read 8365 sentence pairs
Trimmed to 8365 sentence pairs
Counting words...
Counted words:
scan_in 15
scan_out 15
Loaded data from scan/SCAN-master/mcd_train_inter.txt
8365 examples. Sample pair: ['walk around right thrice after turn around right thrice', 'after thrice around walk right thrice around turn right']
Reading lines...
Read 8365 sentence pairs
Trimmed to 8365 sentence pairs
Counting words...
Counted words:
scan_in 15
scan_out 15
Loaded data from scan/SCAN-master/mcd_test_inter.txt
8365 examples. Sample pair: ['walk left twice after run twice', 'after twice left walk twice run']
Starting training: 150000 iterations
Hits 0/100 test samples
Duration (Remaining): 4m 33s (- 678m 11s) Iters: (1000 0%) Loss avg: 0.9729
Hits 83/100 test samples
Duration (Remaining): 7m 44s (- 572m 32s) Iters: (2000 1%) Loss avg: 0.1440
Hits 100/100 test samples
Duration (Remaining): 11m 0s (- 539m 18s) Iters: (3000 2%) Loss avg: 0.0901
Hits 98/100 test samples
Duration (Remaining): 14m 50s (- 541m 55s) Iters: (4000 2%) Loss avg: 0.0239
Hits 99/100 test samples
Duration (Remaining): 17m 57s (- 520m 55s) Iters: (5000 3%) Loss avg: 0.0283
Hits 100/100 test samples
Duration (Remaining): 21m 5s (- 506m 14s) Iters: (6000 4%) Loss avg: 0.0367
Hits 97/100 test samples
Duration (Remaining): 24m 22s (- 498m 5s) Iters: (7000 4%) Loss avg: 0.0423
Hits 99/100 test samples
Duration (Remaining): 27m 30s (- 488m 22s) Iters: (8000 5%) Loss avg: 0.0175
Hits 100/100 test samples
Duration (Remaining): 30m 46s (- 482m 16s) Iters: (9000 6%) Loss avg: 0.0150
Hits 99/100 test samples
Duration (Remaining): 33m 55s (- 474m 59s) Iters: (10000 6%) Loss avg: 0.0119
Hits 95/100 test samples
Duration (Remaining): 37m 1s (- 467m 52s) Iters: (11000 7%) Loss avg: 0.0076
Hits 100/100 test samples
Duration (Remaining): 40m 15s (- 462m 53s) Iters: (12000 8%) Loss avg: 0.0013
Hits 100/100 test samples
Duration (Remaining): 43m 23s (- 457m 18s) Iters: (13000 8%) Loss avg: 0.0004
Hits 100/100 test samples
Duration (Remaining): 46m 43s (- 453m 51s) Iters: (14000 9%) Loss avg: 0.0003
Hits 100/100 test samples
Duration (Remaining): 49m 51s (- 448m 43s) Iters: (15000 10%) Loss avg: 0.1064
Hits 85/100 test samples
Duration (Remaining): 53m 5s (- 444m 38s) Iters: (16000 10%) Loss avg: 0.0442
Hits 99/100 test samples
Duration (Remaining): 56m 12s (- 439m 47s) Iters: (17000 11%) Loss avg: 0.0034
Hits 100/100 test samples
Duration (Remaining): 59m 22s (- 435m 22s) Iters: (18000 12%) Loss avg: 0.0019
Hits 100/100 test samples
Duration (Remaining): 62m 30s (- 430m 58s) Iters: (19000 12%) Loss avg: 0.0008
Hits 100/100 test samples
Duration (Remaining): 65m 39s (- 426m 46s) Iters: (20000 13%) Loss avg: 0.0004
Hits 100/100 test samples
Duration (Remaining): 68m 47s (- 422m 33s) Iters: (21000 14%) Loss avg: 0.0361
Hits 95/100 test samples
Duration (Remaining): 71m 55s (- 418m 27s) Iters: (22000 14%) Loss avg: 0.0100
Hits 100/100 test samples
Duration (Remaining): 75m 3s (- 414m 29s) Iters: (23000 15%) Loss avg: 0.0030
Hits 100/100 test samples
Duration (Remaining): 78m 11s (- 410m 31s) Iters: (24000 16%) Loss avg: 0.0006
Hits 100/100 test samples
Duration (Remaining): 81m 24s (- 407m 4s) Iters: (25000 16%) Loss avg: 0.0035
Hits 100/100 test samples
Duration (Remaining): 84m 41s (- 403m 53s) Iters: (26000 17%) Loss avg: 0.0026
Hits 100/100 test samples
Duration (Remaining): 87m 55s (- 400m 35s) Iters: (27000 18%) Loss avg: 0.0085
Hits 99/100 test samples
Duration (Remaining): 91m 10s (- 397m 14s) Iters: (28000 18%) Loss avg: 0.0114
Hits 98/100 test samples
Duration (Remaining): 94m 24s (- 393m 53s) Iters: (29000 19%) Loss avg: 0.0131
Hits 98/100 test samples
Duration (Remaining): 98m 23s (- 393m 34s) Iters: (30000 20%) Loss avg: 0.0018
Hits 100/100 test samples
Duration (Remaining): 103m 2s (- 395m 33s) Iters: (31000 20%) Loss avg: 0.0163
Hits 100/100 test samples
Duration (Remaining): 107m 41s (- 397m 7s) Iters: (32000 21%) Loss avg: 0.0004
Hits 100/100 test samples
Duration (Remaining): 112m 19s (- 398m 15s) Iters: (33000 22%) Loss avg: 0.0026
Hits 100/100 test samples
Duration (Remaining): 116m 55s (- 398m 56s) Iters: (34000 22%) Loss avg: 0.0030
Hits 98/100 test samples
Duration (Remaining): 121m 35s (- 399m 30s) Iters: (35000 23%) Loss avg: 0.0011
Hits 100/100 test samples
Duration (Remaining): 126m 16s (- 399m 52s) Iters: (36000 24%) Loss avg: 0.0313
Hits 99/100 test samples
Duration (Remaining): 130m 54s (- 399m 48s) Iters: (37000 24%) Loss avg: 0.0130
Hits 100/100 test samples
Duration (Remaining): 135m 33s (- 399m 32s) Iters: (38000 25%) Loss avg: 0.0005
Hits 100/100 test samples
Duration (Remaining): 140m 11s (- 398m 59s) Iters: (39000 26%) Loss avg: 0.0004
Hits 100/100 test samples
Duration (Remaining): 144m 46s (- 398m 8s) Iters: (40000 26%) Loss avg: 0.0002
Hits 100/100 test samples
Duration (Remaining): 149m 25s (- 397m 16s) Iters: (41000 27%) Loss avg: 0.0001
Hits 100/100 test samples
Duration (Remaining): 154m 4s (- 396m 11s) Iters: (42000 28%) Loss avg: 0.0001
Hits 100/100 test samples
Duration (Remaining): 158m 44s (- 395m 0s) Iters: (43000 28%) Loss avg: 0.0000
Hits 100/100 test samples
Duration (Remaining): 163m 26s (- 393m 43s) Iters: (44000 29%) Loss avg: 0.0000
Hits 100/100 test samples
Duration (Remaining): 168m 4s (- 392m 11s) Iters: (45000 30%) Loss avg: 0.0000
Hits 100/100 test samples
Duration (Remaining): 172m 44s (- 390m 33s) Iters: (46000 30%) Loss avg: 0.0000
Hits 100/100 test samples
Duration (Remaining): 177m 23s (- 388m 45s) Iters: (47000 31%) Loss avg: 0.0000
Hits 100/100 test samples
Duration (Remaining): 182m 2s (- 386m 51s) Iters: (48000 32%) Loss avg: 0.0327
Hits 97/100 test samples
Duration (Remaining): 186m 43s (- 384m 53s) Iters: (49000 32%) Loss avg: 0.0152
Hits 99/100 test samples
Duration (Remaining): 191m 26s (- 382m 53s) Iters: (50000 33%) Loss avg: 0.0014
Hits 100/100 test samples
Duration (Remaining): 196m 6s (- 380m 40s) Iters: (51000 34%) Loss avg: 0.0012
Hits 99/100 test samples
Duration (Remaining): 200m 47s (- 378m 24s) Iters: (52000 34%) Loss avg: 0.0054
Hits 100/100 test samples
Duration (Remaining): 205m 31s (- 376m 9s) Iters: (53000 35%) Loss avg: 0.0029
Hits 100/100 test samples
Duration (Remaining): 210m 13s (- 373m 43s) Iters: (54000 36%) Loss avg: 0.0039
Hits 100/100 test samples
Duration (Remaining): 214m 53s (- 371m 9s) Iters: (55000 36%) Loss avg: 0.0021
Hits 100/100 test samples
Duration (Remaining): 219m 34s (- 368m 34s) Iters: (56000 37%) Loss avg: 0.0012
Hits 100/100 test samples
Duration (Remaining): 224m 26s (- 366m 11s) Iters: (57000 38%) Loss avg: 0.0001
Hits 100/100 test samples
Duration (Remaining): 229m 20s (- 363m 47s) Iters: (58000 38%) Loss avg: 0.0002
Hits 100/100 test samples
Duration (Remaining): 234m 18s (- 361m 24s) Iters: (59000 39%) Loss avg: 0.0022
Hits 98/100 test samples
Duration (Remaining): 239m 2s (- 358m 34s) Iters: (60000 40%) Loss avg: 0.0184
Hits 100/100 test samples
Duration (Remaining): 244m 1s (- 356m 1s) Iters: (61000 40%) Loss avg: 0.0085
Hits 100/100 test samples
Duration (Remaining): 248m 38s (- 352m 54s) Iters: (62000 41%) Loss avg: 0.0003
Hits 100/100 test samples
Duration (Remaining): 253m 36s (- 350m 13s) Iters: (63000 42%) Loss avg: 0.0002
Hits 100/100 test samples
Duration (Remaining): 258m 14s (- 347m 1s) Iters: (64000 42%) Loss avg: 0.0015
Hits 100/100 test samples
Duration (Remaining): 263m 13s (- 344m 13s) Iters: (65000 43%) Loss avg: 0.0027
Hits 100/100 test samples
Duration (Remaining): 268m 3s (- 341m 9s) Iters: (66000 44%) Loss avg: 0.0107
Hits 91/100 test samples
Duration (Remaining): 272m 42s (- 337m 50s) Iters: (67000 44%) Loss avg: 0.0100
Hits 100/100 test samples
Duration (Remaining): 277m 52s (- 335m 5s) Iters: (68000 45%) Loss avg: 0.0015
Hits 100/100 test samples
Duration (Remaining): 282m 31s (- 331m 39s) Iters: (69000 46%) Loss avg: 0.0100
Hits 100/100 test samples
Duration (Remaining): 287m 41s (- 328m 47s) Iters: (70000 46%) Loss avg: 0.0004
Hits 100/100 test samples
Duration (Remaining): 292m 35s (- 325m 33s) Iters: (71000 47%) Loss avg: 0.0013
Hits 100/100 test samples
Duration (Remaining): 297m 18s (- 322m 5s) Iters: (72000 48%) Loss avg: 0.0029
Hits 100/100 test samples
Duration (Remaining): 302m 41s (- 319m 17s) Iters: (73000 48%) Loss avg: 0.0009
Hits 100/100 test samples
Duration (Remaining): 307m 31s (- 315m 50s) Iters: (74000 49%) Loss avg: 0.0002
Hits 99/100 test samples
Duration (Remaining): 312m 20s (- 312m 20s) Iters: (75000 50%) Loss avg: 0.0343
Hits 100/100 test samples
Duration (Remaining): 317m 9s (- 308m 49s) Iters: (76000 50%) Loss avg: 0.0004
Hits 100/100 test samples
Duration (Remaining): 321m 48s (- 305m 5s) Iters: (77000 51%) Loss avg: 0.0011
Hits 100/100 test samples
Duration (Remaining): 326m 54s (- 301m 46s) Iters: (78000 52%) Loss avg: 0.0005
Hits 100/100 test samples
Duration (Remaining): 332m 1s (- 298m 24s) Iters: (79000 52%) Loss avg: 0.0002
Hits 100/100 test samples
Duration (Remaining): 336m 47s (- 294m 41s) Iters: (80000 53%) Loss avg: 0.0001
Hits 100/100 test samples
Duration (Remaining): 341m 48s (- 291m 10s) Iters: (81000 54%) Loss avg: 0.0000
Hits 100/100 test samples
Duration (Remaining): 347m 0s (- 287m 46s) Iters: (82000 54%) Loss avg: 0.0000
Hits 100/100 test samples
Duration (Remaining): 351m 45s (- 283m 56s) Iters: (83000 55%) Loss avg: 0.0000
Hits 100/100 test samples
Duration (Remaining): 356m 46s (- 280m 19s) Iters: (84000 56%) Loss avg: 0.0000
Hits 100/100 test samples
Duration (Remaining): 362m 2s (- 276m 51s) Iters: (85000 56%) Loss avg: 0.0000
Hits 100/100 test samples
Duration (Remaining): 366m 55s (- 273m 3s) Iters: (86000 57%) Loss avg: 0.0001
Hits 100/100 test samples
Duration (Remaining): 371m 56s (- 269m 20s) Iters: (87000 57%) Loss avg: 0.0000
Hits 100/100 test samples
Duration (Remaining): 377m 17s (- 265m 49s) Iters: (88000 58%) Loss avg: 0.0664
Hits 98/100 test samples
Duration (Remaining): 381m 59s (- 261m 48s) Iters: (89000 59%) Loss avg: 0.0016
Hits 100/100 test samples
Duration (Remaining): 387m 4s (- 258m 2s) Iters: (90000 60%) Loss avg: 0.0016
Hits 100/100 test samples
Duration (Remaining): 391m 57s (- 254m 7s) Iters: (91000 60%) Loss avg: 0.0002
Hits 100/100 test samples
Duration (Remaining): 396m 37s (- 250m 2s) Iters: (92000 61%) Loss avg: 0.0067
Hits 100/100 test samples
Duration (Remaining): 401m 34s (- 246m 7s) Iters: (93000 62%) Loss avg: 0.0017
Hits 100/100 test samples
Duration (Remaining): 406m 17s (- 242m 2s) Iters: (94000 62%) Loss avg: 0.0025
Hits 100/100 test samples
Duration (Remaining): 410m 56s (- 237m 54s) Iters: (95000 63%) Loss avg: 0.0002
Hits 100/100 test samples
Duration (Remaining): 416m 6s (- 234m 3s) Iters: (96000 64%) Loss avg: 0.0001
Hits 100/100 test samples
Duration (Remaining): 420m 47s (- 229m 54s) Iters: (97000 64%) Loss avg: 0.0000
Hits 100/100 test samples
Duration (Remaining): 425m 34s (- 225m 48s) Iters: (98000 65%) Loss avg: 0.0000
Hits 100/100 test samples
Duration (Remaining): 430m 47s (- 221m 55s) Iters: (99000 66%) Loss avg: 0.0000
Hits 100/100 test samples
Duration (Remaining): 435m 24s (- 217m 42s) Iters: (100000 66%) Loss avg: 0.0000
Hits 100/100 test samples
Duration (Remaining): 440m 26s (- 213m 40s) Iters: (101000 67%) Loss avg: 0.0000
Hits 99/100 test samples
Duration (Remaining): 445m 34s (- 209m 40s) Iters: (102000 68%) Loss avg: 0.0061
Hits 86/100 test samples
Duration (Remaining): 450m 12s (- 205m 26s) Iters: (103000 68%) Loss avg: 0.0186
Hits 100/100 test samples
Duration (Remaining): 454m 53s (- 201m 12s) Iters: (104000 69%) Loss avg: 0.0012
Hits 93/100 test samples
Duration (Remaining): 459m 31s (- 196m 56s) Iters: (105000 70%) Loss avg: 0.0004
Hits 100/100 test samples
Duration (Remaining): 464m 8s (- 192m 39s) Iters: (106000 70%) Loss avg: 0.0083
Hits 100/100 test samples
Duration (Remaining): 468m 48s (- 188m 24s) Iters: (107000 71%) Loss avg: 0.0002
Hits 100/100 test samples
Duration (Remaining): 473m 30s (- 184m 8s) Iters: (108000 72%) Loss avg: 0.0001
Hits 100/100 test samples
Duration (Remaining): 478m 10s (- 179m 51s) Iters: (109000 72%) Loss avg: 0.0000
Hits 100/100 test samples
Duration (Remaining): 482m 49s (- 175m 34s) Iters: (110000 73%) Loss avg: 0.0000
Hits 100/100 test samples
Duration (Remaining): 487m 30s (- 171m 17s) Iters: (111000 74%) Loss avg: 0.0000
Hits 100/100 test samples
Duration (Remaining): 492m 10s (- 166m 59s) Iters: (112000 74%) Loss avg: 0.0000
Hits 100/100 test samples
Duration (Remaining): 496m 48s (- 162m 40s) Iters: (113000 75%) Loss avg: 0.0000
Hits 100/100 test samples
Duration (Remaining): 501m 26s (- 158m 21s) Iters: (114000 76%) Loss avg: 0.0000
Hits 100/100 test samples
Duration (Remaining): 506m 5s (- 154m 1s) Iters: (115000 76%) Loss avg: 0.0000
Hits 100/100 test samples
Duration (Remaining): 510m 46s (- 149m 42s) Iters: (116000 77%) Loss avg: 0.0021
Hits 99/100 test samples
Duration (Remaining): 515m 25s (- 145m 22s) Iters: (117000 78%) Loss avg: 0.0061
Hits 100/100 test samples
Duration (Remaining): 520m 5s (- 141m 2s) Iters: (118000 78%) Loss avg: 0.0002
Hits 100/100 test samples
Duration (Remaining): 524m 46s (- 136m 42s) Iters: (119000 79%) Loss avg: 0.0003
Hits 100/100 test samples
Duration (Remaining): 529m 27s (- 132m 21s) Iters: (120000 80%) Loss avg: 0.0012
Hits 100/100 test samples
Duration (Remaining): 534m 7s (- 128m 0s) Iters: (121000 80%) Loss avg: 0.0008
Hits 100/100 test samples
Duration (Remaining): 538m 47s (- 123m 39s) Iters: (122000 81%) Loss avg: 0.0012
Hits 100/100 test samples
Duration (Remaining): 543m 28s (- 119m 17s) Iters: (123000 82%) Loss avg: 0.0002
Hits 100/100 test samples
Duration (Remaining): 548m 7s (- 114m 55s) Iters: (124000 82%) Loss avg: 0.0002
Hits 100/100 test samples
Duration (Remaining): 552m 48s (- 110m 33s) Iters: (125000 83%) Loss avg: 0.0001
Hits 100/100 test samples
Duration (Remaining): 557m 29s (- 106m 11s) Iters: (126000 84%) Loss avg: 0.0000
Hits 100/100 test samples
Duration (Remaining): 562m 10s (- 101m 48s) Iters: (127000 84%) Loss avg: 0.0000
Hits 100/100 test samples
Duration (Remaining): 566m 53s (- 97m 26s) Iters: (128000 85%) Loss avg: 0.0000
Hits 100/100 test samples
Duration (Remaining): 571m 32s (- 93m 2s) Iters: (129000 86%) Loss avg: 0.0000
Hits 100/100 test samples
Duration (Remaining): 575m 57s (- 88m 36s) Iters: (130000 86%) Loss avg: 0.0011
Hits 99/100 test samples
Duration (Remaining): 580m 19s (- 84m 10s) Iters: (131000 87%) Loss avg: 0.0271
Hits 99/100 test samples
Duration (Remaining): 584m 42s (- 79m 43s) Iters: (132000 88%) Loss avg: 0.0054
Hits 100/100 test samples
Duration (Remaining): 588m 48s (- 75m 15s) Iters: (133000 88%) Loss avg: 0.0026
Hits 99/100 test samples
Duration (Remaining): 592m 46s (- 70m 46s) Iters: (134000 89%) Loss avg: 0.0048
Hits 100/100 test samples
Duration (Remaining): 596m 44s (- 66m 18s) Iters: (135000 90%) Loss avg: 0.0058
Hits 100/100 test samples
Duration (Remaining): 600m 41s (- 61m 50s) Iters: (136000 90%) Loss avg: 0.0007
Hits 100/100 test samples
Duration (Remaining): 604m 39s (- 57m 22s) Iters: (137000 91%) Loss avg: 0.0137
Hits 100/100 test samples
Duration (Remaining): 608m 36s (- 52m 55s) Iters: (138000 92%) Loss avg: 0.0002
Hits 100/100 test samples
Duration (Remaining): 612m 33s (- 48m 28s) Iters: (139000 92%) Loss avg: 0.0002
Hits 98/100 test samples
Duration (Remaining): 616m 32s (- 44m 2s) Iters: (140000 93%) Loss avg: 0.0002
Hits 100/100 test samples
Duration (Remaining): 620m 30s (- 39m 36s) Iters: (141000 94%) Loss avg: 0.0016
Hits 100/100 test samples
Duration (Remaining): 624m 29s (- 35m 10s) Iters: (142000 94%) Loss avg: 0.0052
Hits 100/100 test samples
Duration (Remaining): 628m 25s (- 30m 45s) Iters: (143000 95%) Loss avg: 0.0181
Hits 98/100 test samples
Duration (Remaining): 632m 22s (- 26m 20s) Iters: (144000 96%) Loss avg: 0.0038
Hits 100/100 test samples
Duration (Remaining): 636m 18s (- 21m 56s) Iters: (145000 96%) Loss avg: 0.0015
Hits 100/100 test samples
Duration (Remaining): 640m 16s (- 17m 32s) Iters: (146000 97%) Loss avg: 0.0002
Hits 100/100 test samples
Duration (Remaining): 644m 15s (- 13m 8s) Iters: (147000 98%) Loss avg: 0.0001
Hits 100/100 test samples
Duration (Remaining): 648m 13s (- 8m 45s) Iters: (148000 98%) Loss avg: 0.0055
Hits 98/100 test samples
Duration (Remaining): 652m 12s (- 4m 22s) Iters: (149000 99%) Loss avg: 0.0106
Hits 99/100 test samples
Duration (Remaining): 656m 5s (- 0m 0s) Iters: (150000 100%) Loss avg: 0.0190
Hits 100/100 test samples
Evaluating training split accuracy
Evaluation accuracy: 8338/8365 = 1.00%
Evaluating test split accuracy
Evaluation accuracy: 8338/8365 = 1.00%
Saved model at saved/mcd_inter_150000.pt
