Reading lines...
Read 20910 sentence pairs
Trimmed to 20910 sentence pairs
Counting words...
Counted words:
scan_in 15
scan_out 15
GPU unavailable, training with CPU
Initialized model GRU
Training SCAN model GRU on split 'mcd' for 10000 iterations on device cpu, intermediate rep? True, tag 5
Reading lines...
Read 8365 sentence pairs
Trimmed to 8365 sentence pairs
Counting words...
Counted words:
scan_in 15
scan_out 15
Loaded data from scan/SCAN-master/mcd_train_inter.txt
8365 examples. Sample pair: ['turn around left after look opposite right', 'after around turn left opposite look right']
Reading lines...
Read 1045 sentence pairs
Trimmed to 1045 sentence pairs
Counting words...
Counted words:
scan_in 15
scan_out 15
Loaded data from scan/SCAN-master/mcd_test_inter.txt
1045 examples. Sample pair: ['jump opposite right thrice', 'thrice opposite jump right']
Starting training: 10000 iterations
Hits 0/100 test samples
Duration (Remaining): 0m 37s (- 5m 36s) Iters: (1000 10%) Loss avg: 1.4767
Hits 1/100 test samples
Duration (Remaining): 1m 14s (- 4m 59s) Iters: (2000 20%) Loss avg: 0.6833
Hits 22/100 test samples
Duration (Remaining): 1m 53s (- 4m 24s) Iters: (3000 30%) Loss avg: 0.2922
Hits 61/100 test samples
Duration (Remaining): 2m 33s (- 3m 50s) Iters: (4000 40%) Loss avg: 0.1384
Hits 96/100 test samples
Duration (Remaining): 3m 14s (- 3m 14s) Iters: (5000 50%) Loss avg: 0.0483
Hits 100/100 test samples
Duration (Remaining): 4m 0s (- 2m 40s) Iters: (6000 60%) Loss avg: 0.0175
Hits 100/100 test samples
Duration (Remaining): 4m 42s (- 2m 1s) Iters: (7000 70%) Loss avg: 0.0301
Hits 97/100 test samples
Duration (Remaining): 5m 17s (- 1m 19s) Iters: (8000 80%) Loss avg: 0.0064
Hits 99/100 test samples
Duration (Remaining): 5m 54s (- 0m 39s) Iters: (9000 90%) Loss avg: 0.0202
Hits 92/100 test samples
Duration (Remaining): 6m 35s (- 0m 0s) Iters: (10000 100%) Loss avg: 0.0080
Hits 100/100 test samples
Evaluating training split accuracy
Evaluation accuracy: 8361/8365 = 1.00%
Evaluating test split accuracy
Evaluation accuracy: 86/1045 = 0.08%
Saved model at saved/mcd_inter_10000_5.pt
Reading lines...
Read 20910 sentence pairs
Trimmed to 20910 sentence pairs
Counting words...
Counted words:
scan_in 15
scan_out 15
GPU unavailable, training with CPU
Initialized model GRU
Training SCAN model GRU on split 'mcd' for 150000 iterations on device cpu, intermediate rep? True, tag 5
Reading lines...
Read 8365 sentence pairs
Trimmed to 8365 sentence pairs
Counting words...
Counted words:
scan_in 15
scan_out 15
Loaded data from scan/SCAN-master/mcd_train_inter.txt
8365 examples. Sample pair: ['look around right after look around right thrice', 'after around look right thrice around look right']
Reading lines...
Read 1045 sentence pairs
Trimmed to 1045 sentence pairs
Counting words...
Counted words:
scan_in 15
scan_out 15
Loaded data from scan/SCAN-master/mcd_test_inter.txt
1045 examples. Sample pair: ['run right and jump opposite right thrice', 'and right run thrice opposite jump right']
Starting training: 150000 iterations
Hits 0/100 test samples
Duration (Remaining): 0m 35s (- 88m 59s) Iters: (1000 0%) Loss avg: 1.3483
Hits 3/100 test samples
Duration (Remaining): 1m 6s (- 82m 10s) Iters: (2000 1%) Loss avg: 0.5845
Hits 36/100 test samples
Duration (Remaining): 1m 33s (- 76m 21s) Iters: (3000 2%) Loss avg: 0.2585
Hits 60/100 test samples
Duration (Remaining): 1m 58s (- 72m 14s) Iters: (4000 2%) Loss avg: 0.1084
Hits 96/100 test samples
Duration (Remaining): 2m 25s (- 70m 22s) Iters: (5000 3%) Loss avg: 0.0374
Hits 99/100 test samples
Duration (Remaining): 2m 52s (- 69m 10s) Iters: (6000 4%) Loss avg: 0.0262
Hits 100/100 test samples
Duration (Remaining): 3m 21s (- 68m 40s) Iters: (7000 4%) Loss avg: 0.0090
Hits 87/100 test samples
Duration (Remaining): 3m 47s (- 67m 19s) Iters: (8000 5%) Loss avg: 0.0482
Hits 100/100 test samples
Duration (Remaining): 4m 14s (- 66m 27s) Iters: (9000 6%) Loss avg: 0.0165
Hits 95/100 test samples
Duration (Remaining): 4m 41s (- 65m 42s) Iters: (10000 6%) Loss avg: 0.0064
Hits 100/100 test samples
Duration (Remaining): 5m 9s (- 65m 13s) Iters: (11000 7%) Loss avg: 0.0055
Hits 100/100 test samples
Duration (Remaining): 5m 37s (- 64m 42s) Iters: (12000 8%) Loss avg: 0.0023
Hits 100/100 test samples
Duration (Remaining): 6m 9s (- 64m 56s) Iters: (13000 8%) Loss avg: 0.0432
Hits 97/100 test samples
Duration (Remaining): 6m 37s (- 64m 18s) Iters: (14000 9%) Loss avg: 0.0090
Hits 100/100 test samples
Duration (Remaining): 7m 5s (- 63m 48s) Iters: (15000 10%) Loss avg: 0.0014
Hits 100/100 test samples
Duration (Remaining): 7m 40s (- 64m 19s) Iters: (16000 10%) Loss avg: 0.0017
Hits 100/100 test samples
Duration (Remaining): 8m 10s (- 63m 56s) Iters: (17000 11%) Loss avg: 0.0005
Hits 100/100 test samples
Duration (Remaining): 8m 40s (- 63m 40s) Iters: (18000 12%) Loss avg: 0.0425
Hits 100/100 test samples
Duration (Remaining): 9m 18s (- 64m 12s) Iters: (19000 12%) Loss avg: 0.0016
Hits 100/100 test samples
Duration (Remaining): 9m 55s (- 64m 30s) Iters: (20000 13%) Loss avg: 0.0007
Hits 100/100 test samples
Duration (Remaining): 10m 33s (- 64m 52s) Iters: (21000 14%) Loss avg: 0.0004
Hits 100/100 test samples
Duration (Remaining): 11m 12s (- 65m 12s) Iters: (22000 14%) Loss avg: 0.0003
Hits 100/100 test samples
Duration (Remaining): 11m 48s (- 65m 10s) Iters: (23000 15%) Loss avg: 0.0003
Hits 100/100 test samples
Duration (Remaining): 12m 25s (- 65m 13s) Iters: (24000 16%) Loss avg: 0.0001
Hits 100/100 test samples
Duration (Remaining): 13m 1s (- 65m 8s) Iters: (25000 16%) Loss avg: 0.0001
Hits 100/100 test samples
Duration (Remaining): 13m 38s (- 65m 1s) Iters: (26000 17%) Loss avg: 0.0001
Hits 100/100 test samples
Duration (Remaining): 14m 17s (- 65m 5s) Iters: (27000 18%) Loss avg: 0.0483
Hits 100/100 test samples
Duration (Remaining): 15m 4s (- 65m 42s) Iters: (28000 18%) Loss avg: 0.0013
Hits 100/100 test samples
Duration (Remaining): 15m 51s (- 66m 9s) Iters: (29000 19%) Loss avg: 0.0004
Hits 100/100 test samples
Duration (Remaining): 16m 30s (- 66m 0s) Iters: (30000 20%) Loss avg: 0.0003
Hits 100/100 test samples
Duration (Remaining): 17m 23s (- 66m 45s) Iters: (31000 20%) Loss avg: 0.0396
Hits 98/100 test samples
Duration (Remaining): 18m 5s (- 66m 44s) Iters: (32000 21%) Loss avg: 0.0029
Hits 100/100 test samples
Duration (Remaining): 18m 46s (- 66m 34s) Iters: (33000 22%) Loss avg: 0.0006
Hits 100/100 test samples
Duration (Remaining): 19m 34s (- 66m 46s) Iters: (34000 22%) Loss avg: 0.0003
Hits 100/100 test samples
Duration (Remaining): 20m 22s (- 66m 55s) Iters: (35000 23%) Loss avg: 0.0002
Hits 100/100 test samples
Duration (Remaining): 21m 3s (- 66m 42s) Iters: (36000 24%) Loss avg: 0.0001
Hits 100/100 test samples
Duration (Remaining): 21m 48s (- 66m 35s) Iters: (37000 24%) Loss avg: 0.0008
Hits 97/100 test samples
Duration (Remaining): 22m 33s (- 66m 30s) Iters: (38000 25%) Loss avg: 0.0328
Hits 100/100 test samples
Duration (Remaining): 23m 15s (- 66m 11s) Iters: (39000 26%) Loss avg: 0.0008
Hits 100/100 test samples
Duration (Remaining): 23m 56s (- 65m 49s) Iters: (40000 26%) Loss avg: 0.0004
Hits 100/100 test samples
Duration (Remaining): 24m 34s (- 65m 19s) Iters: (41000 27%) Loss avg: 0.0248
Hits 99/100 test samples
Duration (Remaining): 25m 15s (- 64m 55s) Iters: (42000 28%) Loss avg: 0.0008
Hits 100/100 test samples
Duration (Remaining): 25m 54s (- 64m 28s) Iters: (43000 28%) Loss avg: 0.0004
Hits 100/100 test samples
Duration (Remaining): 26m 30s (- 63m 51s) Iters: (44000 29%) Loss avg: 0.0035
Hits 100/100 test samples
Duration (Remaining): 27m 7s (- 63m 17s) Iters: (45000 30%) Loss avg: 0.0009
Hits 100/100 test samples
Duration (Remaining): 27m 58s (- 63m 15s) Iters: (46000 30%) Loss avg: 0.0002
Hits 100/100 test samples
Duration (Remaining): 28m 43s (- 62m 56s) Iters: (47000 31%) Loss avg: 0.0001
Hits 100/100 test samples
Duration (Remaining): 29m 24s (- 62m 30s) Iters: (48000 32%) Loss avg: 0.0001
Hits 100/100 test samples
Duration (Remaining): 30m 1s (- 61m 53s) Iters: (49000 32%) Loss avg: 0.0001
Hits 100/100 test samples
Duration (Remaining): 30m 36s (- 61m 13s) Iters: (50000 33%) Loss avg: 0.0000
Hits 100/100 test samples
Duration (Remaining): 31m 20s (- 60m 51s) Iters: (51000 34%) Loss avg: 0.0004
Hits 98/100 test samples
Duration (Remaining): 32m 9s (- 60m 35s) Iters: (52000 34%) Loss avg: 0.0146
Hits 100/100 test samples
Duration (Remaining): 32m 56s (- 60m 18s) Iters: (53000 35%) Loss avg: 0.0012
Hits 100/100 test samples
Duration (Remaining): 33m 40s (- 59m 52s) Iters: (54000 36%) Loss avg: 0.0002
Hits 100/100 test samples
Duration (Remaining): 34m 26s (- 59m 30s) Iters: (55000 36%) Loss avg: 0.0001
Hits 100/100 test samples
Duration (Remaining): 35m 5s (- 58m 53s) Iters: (56000 37%) Loss avg: 0.0001
Hits 100/100 test samples
Duration (Remaining): 35m 40s (- 58m 12s) Iters: (57000 38%) Loss avg: 0.0000
Hits 100/100 test samples
Duration (Remaining): 36m 17s (- 57m 34s) Iters: (58000 38%) Loss avg: 0.0000
Hits 100/100 test samples
Duration (Remaining): 36m 55s (- 56m 56s) Iters: (59000 39%) Loss avg: 0.0000
Hits 100/100 test samples
Duration (Remaining): 37m 33s (- 56m 20s) Iters: (60000 40%) Loss avg: 0.0000
Hits 100/100 test samples
Duration (Remaining): 38m 9s (- 55m 40s) Iters: (61000 40%) Loss avg: 0.0000
Hits 100/100 test samples
Duration (Remaining): 38m 44s (- 54m 59s) Iters: (62000 41%) Loss avg: 0.0204
Hits 99/100 test samples
Duration (Remaining): 39m 22s (- 54m 22s) Iters: (63000 42%) Loss avg: 0.0003
Hits 100/100 test samples
Duration (Remaining): 40m 11s (- 54m 0s) Iters: (64000 42%) Loss avg: 0.0005
Hits 100/100 test samples
Duration (Remaining): 41m 7s (- 53m 46s) Iters: (65000 43%) Loss avg: 0.0001
Hits 100/100 test samples
Duration (Remaining): 41m 49s (- 53m 13s) Iters: (66000 44%) Loss avg: 0.0001
Hits 100/100 test samples
Duration (Remaining): 42m 43s (- 52m 55s) Iters: (67000 44%) Loss avg: 0.0000
Hits 100/100 test samples
Duration (Remaining): 43m 26s (- 52m 22s) Iters: (68000 45%) Loss avg: 0.0000
Hits 100/100 test samples
Duration (Remaining): 44m 3s (- 51m 42s) Iters: (69000 46%) Loss avg: 0.0000
Hits 100/100 test samples
Duration (Remaining): 44m 43s (- 51m 6s) Iters: (70000 46%) Loss avg: 0.0000
Hits 100/100 test samples
Duration (Remaining): 45m 25s (- 50m 32s) Iters: (71000 47%) Loss avg: 0.0000
Hits 100/100 test samples
Duration (Remaining): 46m 8s (- 49m 59s) Iters: (72000 48%) Loss avg: 0.0000
Hits 100/100 test samples
Duration (Remaining): 46m 45s (- 49m 19s) Iters: (73000 48%) Loss avg: 0.0000
Hits 100/100 test samples
Duration (Remaining): 47m 28s (- 48m 45s) Iters: (74000 49%) Loss avg: 0.0000
Hits 100/100 test samples
Duration (Remaining): 48m 2s (- 48m 2s) Iters: (75000 50%) Loss avg: 0.0000
Hits 100/100 test samples
Duration (Remaining): 48m 39s (- 47m 22s) Iters: (76000 50%) Loss avg: 0.0000
Hits 100/100 test samples
Duration (Remaining): 49m 22s (- 46m 48s) Iters: (77000 51%) Loss avg: 0.0201
Hits 99/100 test samples
Duration (Remaining): 50m 8s (- 46m 16s) Iters: (78000 52%) Loss avg: 0.0153
Hits 100/100 test samples
Duration (Remaining): 50m 52s (- 45m 43s) Iters: (79000 52%) Loss avg: 0.0003
Hits 100/100 test samples
Duration (Remaining): 51m 38s (- 45m 10s) Iters: (80000 53%) Loss avg: 0.0001
Hits 100/100 test samples
Duration (Remaining): 52m 22s (- 44m 37s) Iters: (81000 54%) Loss avg: 0.0116
Hits 100/100 test samples
Duration (Remaining): 53m 4s (- 44m 1s) Iters: (82000 54%) Loss avg: 0.0003
Hits 100/100 test samples
Duration (Remaining): 53m 46s (- 43m 24s) Iters: (83000 55%) Loss avg: 0.0001
Hits 100/100 test samples
Duration (Remaining): 54m 29s (- 42m 48s) Iters: (84000 56%) Loss avg: 0.0017
Hits 100/100 test samples
Duration (Remaining): 55m 12s (- 42m 12s) Iters: (85000 56%) Loss avg: 0.0004
Hits 100/100 test samples
Duration (Remaining): 55m 56s (- 41m 38s) Iters: (86000 57%) Loss avg: 0.0001
Hits 100/100 test samples
Duration (Remaining): 56m 42s (- 41m 3s) Iters: (87000 57%) Loss avg: 0.0000
Hits 100/100 test samples
Duration (Remaining): 57m 28s (- 40m 29s) Iters: (88000 58%) Loss avg: 0.0000
Hits 100/100 test samples
Duration (Remaining): 58m 9s (- 39m 51s) Iters: (89000 59%) Loss avg: 0.0000
Hits 100/100 test samples
Duration (Remaining): 59m 7s (- 39m 24s) Iters: (90000 60%) Loss avg: 0.0000
Hits 100/100 test samples
Duration (Remaining): 59m 52s (- 38m 49s) Iters: (91000 60%) Loss avg: 0.0000
Hits 100/100 test samples
Duration (Remaining): 60m 29s (- 38m 8s) Iters: (92000 61%) Loss avg: 0.0000
Hits 100/100 test samples
Duration (Remaining): 61m 3s (- 37m 25s) Iters: (93000 62%) Loss avg: 0.0000
Hits 100/100 test samples
Duration (Remaining): 61m 39s (- 36m 44s) Iters: (94000 62%) Loss avg: 0.0000
Hits 100/100 test samples
Duration (Remaining): 62m 28s (- 36m 10s) Iters: (95000 63%) Loss avg: 0.0000
Hits 100/100 test samples
Duration (Remaining): 64m 10s (- 36m 5s) Iters: (96000 64%) Loss avg: 0.0000
Hits 100/100 test samples
Duration (Remaining): 64m 47s (- 35m 23s) Iters: (97000 64%) Loss avg: 0.0000
Hits 100/100 test samples
Duration (Remaining): 65m 23s (- 34m 41s) Iters: (98000 65%) Loss avg: 0.0000
Hits 100/100 test samples
Duration (Remaining): 66m 30s (- 34m 15s) Iters: (99000 66%) Loss avg: 0.0541
Hits 100/100 test samples
Duration (Remaining): 67m 24s (- 33m 42s) Iters: (100000 66%) Loss avg: 0.0005
Hits 100/100 test samples
Duration (Remaining): 68m 26s (- 33m 12s) Iters: (101000 67%) Loss avg: 0.0003
Hits 100/100 test samples
Duration (Remaining): 69m 2s (- 32m 29s) Iters: (102000 68%) Loss avg: 0.0001
Hits 100/100 test samples
Duration (Remaining): 69m 34s (- 31m 44s) Iters: (103000 68%) Loss avg: 0.0001
Hits 100/100 test samples
Duration (Remaining): 70m 0s (- 30m 58s) Iters: (104000 69%) Loss avg: 0.0026
Hits 100/100 test samples
Duration (Remaining): 70m 25s (- 30m 10s) Iters: (105000 70%) Loss avg: 0.0000
Hits 100/100 test samples
Duration (Remaining): 70m 49s (- 29m 24s) Iters: (106000 70%) Loss avg: 0.0091
Hits 100/100 test samples
Duration (Remaining): 71m 14s (- 28m 37s) Iters: (107000 71%) Loss avg: 0.0007
Hits 100/100 test samples
Duration (Remaining): 71m 41s (- 27m 52s) Iters: (108000 72%) Loss avg: 0.0147
Hits 100/100 test samples
Duration (Remaining): 72m 6s (- 27m 7s) Iters: (109000 72%) Loss avg: 0.0003
Hits 100/100 test samples
Duration (Remaining): 72m 33s (- 26m 23s) Iters: (110000 73%) Loss avg: 0.0001
Hits 100/100 test samples
Duration (Remaining): 72m 58s (- 25m 38s) Iters: (111000 74%) Loss avg: 0.0000
Hits 100/100 test samples
Duration (Remaining): 73m 22s (- 24m 53s) Iters: (112000 74%) Loss avg: 0.0000
Hits 100/100 test samples
Duration (Remaining): 73m 47s (- 24m 9s) Iters: (113000 75%) Loss avg: 0.0152
Hits 100/100 test samples
Duration (Remaining): 74m 11s (- 23m 25s) Iters: (114000 76%) Loss avg: 0.0008
Hits 100/100 test samples
Duration (Remaining): 74m 35s (- 22m 42s) Iters: (115000 76%) Loss avg: 0.0122
Hits 100/100 test samples
Duration (Remaining): 74m 59s (- 21m 58s) Iters: (116000 77%) Loss avg: 0.0004
Hits 100/100 test samples
Duration (Remaining): 75m 26s (- 21m 16s) Iters: (117000 78%) Loss avg: 0.0001
Hits 100/100 test samples
Duration (Remaining): 75m 50s (- 20m 33s) Iters: (118000 78%) Loss avg: 0.0001
Hits 100/100 test samples
Duration (Remaining): 76m 13s (- 19m 51s) Iters: (119000 79%) Loss avg: 0.0000
Hits 100/100 test samples
Duration (Remaining): 76m 37s (- 19m 9s) Iters: (120000 80%) Loss avg: 0.0000
Hits 100/100 test samples
Duration (Remaining): 77m 1s (- 18m 27s) Iters: (121000 80%) Loss avg: 0.0029
Hits 100/100 test samples
Duration (Remaining): 77m 28s (- 17m 46s) Iters: (122000 81%) Loss avg: 0.0001
Hits 100/100 test samples
Duration (Remaining): 77m 52s (- 17m 5s) Iters: (123000 82%) Loss avg: 0.0001
Hits 100/100 test samples
Duration (Remaining): 78m 17s (- 16m 24s) Iters: (124000 82%) Loss avg: 0.0000
Hits 100/100 test samples
Duration (Remaining): 78m 41s (- 15m 44s) Iters: (125000 83%) Loss avg: 0.0000
Hits 100/100 test samples
Duration (Remaining): 79m 6s (- 15m 4s) Iters: (126000 84%) Loss avg: 0.0201
Hits 100/100 test samples
Duration (Remaining): 79m 32s (- 14m 24s) Iters: (127000 84%) Loss avg: 0.0096
Hits 100/100 test samples
Duration (Remaining): 79m 56s (- 13m 44s) Iters: (128000 85%) Loss avg: 0.0004
Hits 100/100 test samples
Duration (Remaining): 80m 20s (- 13m 4s) Iters: (129000 86%) Loss avg: 0.0001
Hits 100/100 test samples
Duration (Remaining): 80m 44s (- 12m 25s) Iters: (130000 86%) Loss avg: 0.0001
Hits 100/100 test samples
Duration (Remaining): 81m 8s (- 11m 46s) Iters: (131000 87%) Loss avg: 0.0072
Hits 100/100 test samples
Duration (Remaining): 81m 32s (- 11m 7s) Iters: (132000 88%) Loss avg: 0.0002
Hits 100/100 test samples
Duration (Remaining): 81m 56s (- 10m 28s) Iters: (133000 88%) Loss avg: 0.0001
Hits 100/100 test samples
Duration (Remaining): 82m 22s (- 9m 50s) Iters: (134000 89%) Loss avg: 0.0001
Hits 100/100 test samples
Duration (Remaining): 82m 45s (- 9m 11s) Iters: (135000 90%) Loss avg: 0.0000
Hits 100/100 test samples
Duration (Remaining): 83m 10s (- 8m 33s) Iters: (136000 90%) Loss avg: 0.0007
Hits 100/100 test samples
Duration (Remaining): 83m 35s (- 7m 55s) Iters: (137000 91%) Loss avg: 0.0003
Hits 100/100 test samples
Duration (Remaining): 84m 3s (- 7m 18s) Iters: (138000 92%) Loss avg: 0.0000
Hits 100/100 test samples
Duration (Remaining): 84m 32s (- 6m 41s) Iters: (139000 92%) Loss avg: 0.0000
Hits 100/100 test samples
Duration (Remaining): 84m 57s (- 6m 4s) Iters: (140000 93%) Loss avg: 0.0000
Hits 100/100 test samples
Duration (Remaining): 85m 25s (- 5m 27s) Iters: (141000 94%) Loss avg: 0.0000
Hits 100/100 test samples
Duration (Remaining): 85m 50s (- 4m 50s) Iters: (142000 94%) Loss avg: 0.0000
Hits 100/100 test samples
Duration (Remaining): 86m 18s (- 4m 13s) Iters: (143000 95%) Loss avg: 0.0000
Hits 100/100 test samples
Duration (Remaining): 86m 43s (- 3m 36s) Iters: (144000 96%) Loss avg: 0.0178
Hits 99/100 test samples
Duration (Remaining): 87m 7s (- 3m 0s) Iters: (145000 96%) Loss avg: 0.0006
Hits 100/100 test samples
Duration (Remaining): 87m 38s (- 2m 24s) Iters: (146000 97%) Loss avg: 0.0001
Hits 100/100 test samples
Duration (Remaining): 88m 2s (- 1m 47s) Iters: (147000 98%) Loss avg: 0.0071
Hits 100/100 test samples
Duration (Remaining): 88m 27s (- 1m 11s) Iters: (148000 98%) Loss avg: 0.0041
Hits 100/100 test samples
Duration (Remaining): 88m 52s (- 0m 35s) Iters: (149000 99%) Loss avg: 0.0001
Hits 100/100 test samples
Duration (Remaining): 89m 17s (- 0m 0s) Iters: (150000 100%) Loss avg: 0.0001
Hits 100/100 test samples
Evaluating training split accuracy
Evaluation accuracy: 8363/8365 = 1.00%
Evaluating test split accuracy
Evaluation accuracy: 263/1045 = 0.25%
Saved model at saved/mcd_inter_150000_5.pt
