Reading lines...
Read 20910 sentence pairs
Trimmed to 20910 sentence pairs
Counting words...
Counted words:
scan_in 15
scan_out 8
Training on cuda:5
Initialized model GRU
Training SCAN model GRU on split 'opposite_right' for 2000 iterations on device cuda:5, intermediate rep? False, tag None
Reading lines...
Read 15225 sentence pairs
Trimmed to 15225 sentence pairs
Counting words...
Counted words:
scan_in 15
scan_out 8
Loaded data from scan/SCAN-master/opposite_right_train.txt
15225 examples. Sample pair: ['jump around left and walk right', 'I_TURN_LEFT I_JUMP I_TURN_LEFT I_JUMP I_TURN_LEFT I_JUMP I_TURN_LEFT I_JUMP I_TURN_RIGHT I_WALK']
Reading lines...
Read 5685 sentence pairs
Trimmed to 5685 sentence pairs
Counting words...
Counted words:
scan_in 15
scan_out 8
Loaded data from scan/SCAN-master/opposite_right_test.txt
5685 examples. Sample pair: ['walk opposite right twice after jump right', 'I_TURN_RIGHT I_JUMP I_TURN_RIGHT I_TURN_RIGHT I_WALK I_TURN_RIGHT I_TURN_RIGHT I_WALK']
Starting training: 2000 iterations
Hits 0/100 test samples
Duration (Remaining): 0m 46s (- 0m 46s) Iters: (1000 50%) Loss avg: 1.2493
Hits 0/100 test samples
Duration (Remaining): 1m 35s (- 0m 0s) Iters: (2000 100%) Loss avg: 0.8220
Hits 0/100 test samples
Evaluating training split accuracy
Evaluation accuracy: 18/100 = 0.18%
Evaluating test split accuracy
Evaluation accuracy: 3/100 = 0.03%
Saved model at saved/opposite_right_2000.pt
Reading lines...
Read 20910 sentence pairs
Trimmed to 20910 sentence pairs
Counting words...
Counted words:
scan_in 15
scan_out 8
Training on cuda:3
Initialized model GRU
Training SCAN model GRU on split 'opposite_right' for 2000 iterations on device cuda:3, intermediate rep? False, tag None
Reading lines...
Read 15225 sentence pairs
Trimmed to 15225 sentence pairs
Counting words...
Counted words:
scan_in 15
scan_out 8
Loaded data from scan/SCAN-master/opposite_right_train.txt
15225 examples. Sample pair: ['walk opposite left after jump around left twice', 'I_TURN_LEFT I_JUMP I_TURN_LEFT I_JUMP I_TURN_LEFT I_JUMP I_TURN_LEFT I_JUMP I_TURN_LEFT I_JUMP I_TURN_LEFT I_JUMP I_TURN_LEFT I_JUMP I_TURN_LEFT I_JUMP I_TURN_LEFT I_TURN_LEFT I_WALK']
Reading lines...
Read 5685 sentence pairs
Trimmed to 5685 sentence pairs
Counting words...
Counted words:
scan_in 15
scan_out 8
Loaded data from scan/SCAN-master/opposite_right_test.txt
5685 examples. Sample pair: ['jump right after walk opposite right twice', 'I_TURN_RIGHT I_TURN_RIGHT I_WALK I_TURN_RIGHT I_TURN_RIGHT I_WALK I_TURN_RIGHT I_JUMP']
Starting training: 2000 iterations
Hits 0/100 test samples
Duration (Remaining): 6m 30s (- 6m 30s) Iters: (1000 50%) Loss avg: 1.2483
Hits 0/100 test samples
Duration (Remaining): 12m 6s (- 0m 0s) Iters: (2000 100%) Loss avg: 0.8134
Hits 2/100 test samples
Evaluating training split accuracy
Evaluation accuracy: 13/100 = 0.13%
Evaluating test split accuracy
Evaluation accuracy: 0/100 = 0.00%
Saved model at saved/opposite_right_2000.pt
Reading lines...
Read 20910 sentence pairs
Trimmed to 20910 sentence pairs
Counting words...
Counted words:
scan_in 15
scan_out 8
Training on cuda:3
Initialized model GRU
Training SCAN model GRU on split 'opposite_right' for 1000 iterations on device cuda:3, intermediate rep? False, tag None
Reading lines...
Read 15225 sentence pairs
Trimmed to 15225 sentence pairs
Counting words...
Counted words:
scan_in 15
scan_out 8
Loaded data from scan/SCAN-master/opposite_right_train.txt
15225 examples. Sample pair: ['walk after jump right twice', 'I_TURN_RIGHT I_JUMP I_TURN_RIGHT I_JUMP I_WALK']
Reading lines...
Read 5685 sentence pairs
Trimmed to 5685 sentence pairs
Counting words...
Counted words:
scan_in 15
scan_out 8
Loaded data from scan/SCAN-master/opposite_right_test.txt
5685 examples. Sample pair: ['look opposite right twice after look opposite right twice', 'I_TURN_RIGHT I_TURN_RIGHT I_LOOK I_TURN_RIGHT I_TURN_RIGHT I_LOOK I_TURN_RIGHT I_TURN_RIGHT I_LOOK I_TURN_RIGHT I_TURN_RIGHT I_LOOK']
Starting training: 1000 iterations
Hits 0/100 test samples
Duration (Remaining): 2m 3s (- 0m 0s) Iters: (1000 100%) Loss avg: 1.2396
Hits 0/100 test samples
Evaluating training split accuracy
Evaluation accuracy: 2/100 = 0.02%
Evaluating test split accuracy
Evaluation accuracy: 0/100 = 0.00%
Saved model at saved/opposite_right_1000.pt
Reading lines...
Read 20910 sentence pairs
Trimmed to 20910 sentence pairs
Counting words...
Counted words:
scan_in 15
scan_out 8
Training on cuda:3
Initialized model GRU
Training SCAN model GRU on split 'opposite_right' for 150000 iterations on device cuda:3, intermediate rep? False, tag None
Reading lines...
Read 15225 sentence pairs
Trimmed to 15225 sentence pairs
Counting words...
Counted words:
scan_in 15
scan_out 8
Loaded data from scan/SCAN-master/opposite_right_train.txt
15225 examples. Sample pair: ['run around left after walk', 'I_WALK I_TURN_LEFT I_RUN I_TURN_LEFT I_RUN I_TURN_LEFT I_RUN I_TURN_LEFT I_RUN']
Reading lines...
Read 5685 sentence pairs
Trimmed to 5685 sentence pairs
Counting words...
Counted words:
scan_in 15
scan_out 8
Loaded data from scan/SCAN-master/opposite_right_test.txt
5685 examples. Sample pair: ['jump opposite left twice after look opposite right', 'I_TURN_RIGHT I_TURN_RIGHT I_LOOK I_TURN_LEFT I_TURN_LEFT I_JUMP I_TURN_LEFT I_TURN_LEFT I_JUMP']
Starting training: 150000 iterations
Hits 0/100 test samples
Duration (Remaining): 3m 40s (- 548m 31s) Iters: (1000 0%) Loss avg: 1.2828
Hits 0/100 test samples
Duration (Remaining): 6m 26s (- 476m 21s) Iters: (2000 1%) Loss avg: 0.9035
Hits 2/100 test samples
Duration (Remaining): 9m 6s (- 446m 1s) Iters: (3000 2%) Loss avg: 0.6881
Hits 4/100 test samples
Duration (Remaining): 11m 40s (- 426m 4s) Iters: (4000 2%) Loss avg: 0.5780
Hits 5/100 test samples
Duration (Remaining): 14m 14s (- 412m 51s) Iters: (5000 3%) Loss avg: 0.4982
Hits 3/100 test samples
Duration (Remaining): 16m 43s (- 401m 21s) Iters: (6000 4%) Loss avg: 0.4801
Hits 11/100 test samples
Duration (Remaining): 18m 58s (- 387m 30s) Iters: (7000 4%) Loss avg: 0.4211
Hits 3/100 test samples
Duration (Remaining): 21m 18s (- 378m 17s) Iters: (8000 5%) Loss avg: 0.4133
Hits 20/100 test samples
Duration (Remaining): 23m 37s (- 370m 13s) Iters: (9000 6%) Loss avg: 0.3564
Hits 28/100 test samples
Duration (Remaining): 25m 58s (- 363m 40s) Iters: (10000 6%) Loss avg: 0.3352
Hits 38/100 test samples
Duration (Remaining): 28m 14s (- 356m 56s) Iters: (11000 7%) Loss avg: 0.3080
Hits 25/100 test samples
Duration (Remaining): 30m 30s (- 350m 50s) Iters: (12000 8%) Loss avg: 0.2809
Hits 32/100 test samples
Duration (Remaining): 32m 48s (- 345m 44s) Iters: (13000 8%) Loss avg: 0.2746
Hits 33/100 test samples
Duration (Remaining): 35m 0s (- 340m 7s) Iters: (14000 9%) Loss avg: 0.2600
Hits 34/100 test samples
Duration (Remaining): 37m 17s (- 335m 36s) Iters: (15000 10%) Loss avg: 0.2315
Hits 41/100 test samples
Duration (Remaining): 39m 33s (- 331m 18s) Iters: (16000 10%) Loss avg: 0.2083
Hits 19/100 test samples
Duration (Remaining): 41m 53s (- 327m 42s) Iters: (17000 11%) Loss avg: 0.2040
Hits 44/100 test samples
Duration (Remaining): 44m 10s (- 324m 0s) Iters: (18000 12%) Loss avg: 0.2082
Hits 32/100 test samples
Duration (Remaining): 46m 30s (- 320m 37s) Iters: (19000 12%) Loss avg: 0.1740
Hits 35/100 test samples
Duration (Remaining): 48m 47s (- 317m 11s) Iters: (20000 13%) Loss avg: 0.1606
Hits 43/100 test samples
Duration (Remaining): 51m 0s (- 313m 22s) Iters: (21000 14%) Loss avg: 0.1932
Hits 52/100 test samples
Duration (Remaining): 53m 17s (- 310m 1s) Iters: (22000 14%) Loss avg: 0.1697
Hits 43/100 test samples
Duration (Remaining): 55m 34s (- 306m 51s) Iters: (23000 15%) Loss avg: 0.1550
Hits 59/100 test samples
Duration (Remaining): 57m 56s (- 304m 12s) Iters: (24000 16%) Loss avg: 0.1456
Hits 52/100 test samples
Duration (Remaining): 60m 16s (- 301m 20s) Iters: (25000 16%) Loss avg: 0.1426
Hits 38/100 test samples
Duration (Remaining): 62m 32s (- 298m 18s) Iters: (26000 17%) Loss avg: 0.1251
Hits 54/100 test samples
Duration (Remaining): 64m 50s (- 295m 23s) Iters: (27000 18%) Loss avg: 0.1365
Hits 57/100 test samples
Duration (Remaining): 67m 8s (- 292m 32s) Iters: (28000 18%) Loss avg: 0.1201
Hits 42/100 test samples
Duration (Remaining): 69m 29s (- 289m 58s) Iters: (29000 19%) Loss avg: 0.1180
Hits 60/100 test samples
Duration (Remaining): 71m 47s (- 287m 10s) Iters: (30000 20%) Loss avg: 0.1283
Hits 62/100 test samples
Duration (Remaining): 74m 5s (- 284m 23s) Iters: (31000 20%) Loss avg: 0.1117
Hits 64/100 test samples
Duration (Remaining): 76m 25s (- 281m 50s) Iters: (32000 21%) Loss avg: 0.1225
Hits 54/100 test samples
Duration (Remaining): 78m 46s (- 279m 18s) Iters: (33000 22%) Loss avg: 0.1172
Hits 76/100 test samples
Duration (Remaining): 81m 2s (- 276m 28s) Iters: (34000 22%) Loss avg: 0.1112
Hits 63/100 test samples
Duration (Remaining): 83m 20s (- 273m 51s) Iters: (35000 23%) Loss avg: 0.1016
Hits 51/100 test samples
Duration (Remaining): 85m 38s (- 271m 12s) Iters: (36000 24%) Loss avg: 0.1177
Hits 67/100 test samples
Duration (Remaining): 87m 55s (- 268m 32s) Iters: (37000 24%) Loss avg: 0.0999
Hits 63/100 test samples
Duration (Remaining): 90m 14s (- 265m 59s) Iters: (38000 25%) Loss avg: 0.0912
Hits 63/100 test samples
Duration (Remaining): 92m 33s (- 263m 25s) Iters: (39000 26%) Loss avg: 0.0751
Hits 68/100 test samples
Duration (Remaining): 94m 50s (- 260m 48s) Iters: (40000 26%) Loss avg: 0.0856
Hits 63/100 test samples
Duration (Remaining): 97m 11s (- 258m 21s) Iters: (41000 27%) Loss avg: 0.0851
Hits 68/100 test samples
Duration (Remaining): 99m 28s (- 255m 47s) Iters: (42000 28%) Loss avg: 0.0763
Hits 76/100 test samples
Duration (Remaining): 101m 46s (- 253m 14s) Iters: (43000 28%) Loss avg: 0.0897
Hits 66/100 test samples
Duration (Remaining): 104m 4s (- 250m 43s) Iters: (44000 29%) Loss avg: 0.0810
Hits 66/100 test samples
Duration (Remaining): 106m 21s (- 248m 9s) Iters: (45000 30%) Loss avg: 0.0785
Hits 67/100 test samples
Duration (Remaining): 108m 43s (- 245m 48s) Iters: (46000 30%) Loss avg: 0.0799
Hits 71/100 test samples
Duration (Remaining): 111m 5s (- 243m 28s) Iters: (47000 31%) Loss avg: 0.0730
Hits 60/100 test samples
Duration (Remaining): 113m 24s (- 241m 0s) Iters: (48000 32%) Loss avg: 0.0827
Hits 60/100 test samples
Duration (Remaining): 115m 48s (- 238m 42s) Iters: (49000 32%) Loss avg: 0.0767
Hits 73/100 test samples
Duration (Remaining): 118m 11s (- 236m 23s) Iters: (50000 33%) Loss avg: 0.0672
Hits 78/100 test samples
Duration (Remaining): 120m 32s (- 233m 59s) Iters: (51000 34%) Loss avg: 0.0648
Hits 70/100 test samples
Duration (Remaining): 122m 55s (- 231m 39s) Iters: (52000 34%) Loss avg: 0.0767
Hits 73/100 test samples
Duration (Remaining): 125m 17s (- 229m 19s) Iters: (53000 35%) Loss avg: 0.0577
Hits 76/100 test samples
Duration (Remaining): 127m 39s (- 226m 56s) Iters: (54000 36%) Loss avg: 0.0781
Hits 75/100 test samples
Duration (Remaining): 129m 59s (- 224m 31s) Iters: (55000 36%) Loss avg: 0.0630
Hits 64/100 test samples
Duration (Remaining): 132m 20s (- 222m 9s) Iters: (56000 37%) Loss avg: 0.0511
Hits 69/100 test samples
Duration (Remaining): 134m 43s (- 219m 48s) Iters: (57000 38%) Loss avg: 0.0496
Hits 71/100 test samples
Duration (Remaining): 137m 5s (- 217m 26s) Iters: (58000 38%) Loss avg: 0.0564
Hits 71/100 test samples
Duration (Remaining): 139m 27s (- 215m 5s) Iters: (59000 39%) Loss avg: 0.0589
Hits 80/100 test samples
Duration (Remaining): 141m 50s (- 212m 46s) Iters: (60000 40%) Loss avg: 0.0527
Hits 73/100 test samples
Duration (Remaining): 144m 11s (- 210m 22s) Iters: (61000 40%) Loss avg: 0.0460
Hits 83/100 test samples
Duration (Remaining): 146m 31s (- 207m 58s) Iters: (62000 41%) Loss avg: 0.0421
Hits 77/100 test samples
Duration (Remaining): 148m 50s (- 205m 33s) Iters: (63000 42%) Loss avg: 0.0534
Hits 71/100 test samples
Duration (Remaining): 151m 8s (- 203m 6s) Iters: (64000 42%) Loss avg: 0.0455
Hits 76/100 test samples
Duration (Remaining): 153m 30s (- 200m 43s) Iters: (65000 43%) Loss avg: 0.0509
Hits 76/100 test samples
Duration (Remaining): 155m 52s (- 198m 23s) Iters: (66000 44%) Loss avg: 0.0449
Hits 82/100 test samples
Duration (Remaining): 158m 11s (- 195m 57s) Iters: (67000 44%) Loss avg: 0.0454
Hits 88/100 test samples
Duration (Remaining): 160m 33s (- 193m 36s) Iters: (68000 45%) Loss avg: 0.0373
Hits 75/100 test samples
Duration (Remaining): 162m 57s (- 191m 17s) Iters: (69000 46%) Loss avg: 0.0417
Hits 77/100 test samples
Duration (Remaining): 165m 14s (- 188m 50s) Iters: (70000 46%) Loss avg: 0.0371
Hits 84/100 test samples
Duration (Remaining): 167m 35s (- 186m 28s) Iters: (71000 47%) Loss avg: 0.0380
Hits 71/100 test samples
Duration (Remaining): 169m 57s (- 184m 7s) Iters: (72000 48%) Loss avg: 0.0448
Hits 86/100 test samples
Duration (Remaining): 172m 21s (- 181m 48s) Iters: (73000 48%) Loss avg: 0.0361
Hits 84/100 test samples
Duration (Remaining): 174m 43s (- 179m 27s) Iters: (74000 49%) Loss avg: 0.0449
Hits 83/100 test samples
Duration (Remaining): 177m 7s (- 177m 7s) Iters: (75000 50%) Loss avg: 0.0414
Hits 70/100 test samples
Duration (Remaining): 179m 31s (- 174m 48s) Iters: (76000 50%) Loss avg: 0.0396
Hits 78/100 test samples
Duration (Remaining): 181m 47s (- 172m 21s) Iters: (77000 51%) Loss avg: 0.0588
Hits 84/100 test samples
Duration (Remaining): 184m 6s (- 169m 56s) Iters: (78000 52%) Loss avg: 0.0390
Hits 91/100 test samples
Duration (Remaining): 186m 21s (- 167m 29s) Iters: (79000 52%) Loss avg: 0.0255
Hits 85/100 test samples
Duration (Remaining): 188m 36s (- 165m 1s) Iters: (80000 53%) Loss avg: 0.0341
Hits 77/100 test samples
Duration (Remaining): 190m 48s (- 162m 32s) Iters: (81000 54%) Loss avg: 0.0335
Hits 88/100 test samples
Duration (Remaining): 193m 1s (- 160m 3s) Iters: (82000 54%) Loss avg: 0.0463
Hits 90/100 test samples
Duration (Remaining): 195m 11s (- 157m 34s) Iters: (83000 55%) Loss avg: 0.0314
Hits 89/100 test samples
Duration (Remaining): 197m 22s (- 155m 4s) Iters: (84000 56%) Loss avg: 0.0241
Hits 82/100 test samples
Duration (Remaining): 199m 32s (- 152m 35s) Iters: (85000 56%) Loss avg: 0.0360
Hits 86/100 test samples
Duration (Remaining): 201m 43s (- 150m 7s) Iters: (86000 57%) Loss avg: 0.0324
Hits 89/100 test samples
Duration (Remaining): 203m 52s (- 147m 38s) Iters: (87000 57%) Loss avg: 0.0560
Hits 82/100 test samples
Duration (Remaining): 206m 4s (- 145m 11s) Iters: (88000 58%) Loss avg: 0.0366
Hits 85/100 test samples
Duration (Remaining): 208m 20s (- 142m 47s) Iters: (89000 59%) Loss avg: 0.0294
Hits 91/100 test samples
Duration (Remaining): 210m 34s (- 140m 23s) Iters: (90000 60%) Loss avg: 0.0277
Hits 87/100 test samples
Duration (Remaining): 212m 52s (- 138m 1s) Iters: (91000 60%) Loss avg: 0.0432
Hits 86/100 test samples
Duration (Remaining): 215m 6s (- 135m 36s) Iters: (92000 61%) Loss avg: 0.0307
Hits 89/100 test samples
Duration (Remaining): 217m 19s (- 133m 11s) Iters: (93000 62%) Loss avg: 0.0189
Hits 82/100 test samples
Duration (Remaining): 219m 38s (- 130m 50s) Iters: (94000 62%) Loss avg: 0.0353
Hits 86/100 test samples
Duration (Remaining): 221m 52s (- 128m 27s) Iters: (95000 63%) Loss avg: 0.0516
Hits 89/100 test samples
Duration (Remaining): 224m 10s (- 126m 5s) Iters: (96000 64%) Loss avg: 0.0254
Hits 90/100 test samples
Duration (Remaining): 226m 21s (- 123m 40s) Iters: (97000 64%) Loss avg: 0.0394
Hits 92/100 test samples
Duration (Remaining): 228m 36s (- 121m 18s) Iters: (98000 65%) Loss avg: 0.0183
Hits 85/100 test samples
Duration (Remaining): 230m 44s (- 118m 52s) Iters: (99000 66%) Loss avg: 0.0182
Hits 82/100 test samples
Duration (Remaining): 233m 0s (- 116m 30s) Iters: (100000 66%) Loss avg: 0.0242
Hits 83/100 test samples
Duration (Remaining): 235m 15s (- 114m 7s) Iters: (101000 67%) Loss avg: 0.0249
Hits 96/100 test samples
Duration (Remaining): 237m 33s (- 111m 47s) Iters: (102000 68%) Loss avg: 0.0227
Hits 92/100 test samples
Duration (Remaining): 239m 45s (- 109m 24s) Iters: (103000 68%) Loss avg: 0.0386
Hits 71/100 test samples
Duration (Remaining): 242m 0s (- 107m 2s) Iters: (104000 69%) Loss avg: 0.0304
Hits 90/100 test samples
Duration (Remaining): 243m 30s (- 104m 21s) Iters: (105000 70%) Loss avg: 0.0187
Hits 95/100 test samples
Duration (Remaining): 244m 21s (- 101m 25s) Iters: (106000 70%) Loss avg: 0.0203
Hits 94/100 test samples
Duration (Remaining): 245m 15s (- 98m 33s) Iters: (107000 71%) Loss avg: 0.0185
Hits 80/100 test samples
Duration (Remaining): 246m 18s (- 95m 47s) Iters: (108000 72%) Loss avg: 0.0271
Hits 95/100 test samples
Duration (Remaining): 247m 23s (- 93m 3s) Iters: (109000 72%) Loss avg: 0.0141
Hits 95/100 test samples
Duration (Remaining): 248m 15s (- 90m 16s) Iters: (110000 73%) Loss avg: 0.0217
Hits 89/100 test samples
Duration (Remaining): 249m 4s (- 87m 30s) Iters: (111000 74%) Loss avg: 0.0158
Hits 95/100 test samples
Duration (Remaining): 250m 3s (- 84m 50s) Iters: (112000 74%) Loss avg: 0.0313
Hits 93/100 test samples
Duration (Remaining): 250m 49s (- 82m 7s) Iters: (113000 75%) Loss avg: 0.0381
Hits 95/100 test samples
Duration (Remaining): 251m 30s (- 79m 25s) Iters: (114000 76%) Loss avg: 0.0165
Hits 97/100 test samples
Duration (Remaining): 252m 11s (- 76m 45s) Iters: (115000 76%) Loss avg: 0.0209
Hits 90/100 test samples
Duration (Remaining): 252m 50s (- 74m 6s) Iters: (116000 77%) Loss avg: 0.0168
Hits 99/100 test samples
Duration (Remaining): 253m 28s (- 71m 29s) Iters: (117000 78%) Loss avg: 0.0194
Hits 92/100 test samples
Duration (Remaining): 254m 9s (- 68m 55s) Iters: (118000 78%) Loss avg: 0.0463
Hits 84/100 test samples
Duration (Remaining): 254m 56s (- 66m 24s) Iters: (119000 79%) Loss avg: 0.0313
Hits 90/100 test samples
Duration (Remaining): 255m 41s (- 63m 55s) Iters: (120000 80%) Loss avg: 0.0181
Hits 97/100 test samples
Duration (Remaining): 256m 29s (- 61m 28s) Iters: (121000 80%) Loss avg: 0.0133
Hits 98/100 test samples
Duration (Remaining): 257m 16s (- 59m 2s) Iters: (122000 81%) Loss avg: 0.0211
Hits 94/100 test samples
Duration (Remaining): 258m 3s (- 56m 38s) Iters: (123000 82%) Loss avg: 0.0233
Hits 92/100 test samples
Duration (Remaining): 258m 50s (- 54m 16s) Iters: (124000 82%) Loss avg: 0.0132
Hits 95/100 test samples
Duration (Remaining): 259m 27s (- 51m 53s) Iters: (125000 83%) Loss avg: 0.0216
Hits 96/100 test samples
Duration (Remaining): 260m 6s (- 49m 32s) Iters: (126000 84%) Loss avg: 0.0190
Hits 91/100 test samples
Duration (Remaining): 260m 45s (- 47m 13s) Iters: (127000 84%) Loss avg: 0.0266
Hits 94/100 test samples
Duration (Remaining): 261m 23s (- 44m 55s) Iters: (128000 85%) Loss avg: 0.0187
Hits 91/100 test samples
Duration (Remaining): 262m 5s (- 42m 39s) Iters: (129000 86%) Loss avg: 0.0195
Hits 85/100 test samples
Duration (Remaining): 262m 45s (- 40m 25s) Iters: (130000 86%) Loss avg: 0.0180
Hits 77/100 test samples
Duration (Remaining): 263m 25s (- 38m 12s) Iters: (131000 87%) Loss avg: 0.0217
Hits 95/100 test samples
Duration (Remaining): 264m 13s (- 36m 1s) Iters: (132000 88%) Loss avg: 0.0091
Hits 96/100 test samples
Duration (Remaining): 265m 3s (- 33m 52s) Iters: (133000 88%) Loss avg: 0.0360
Hits 99/100 test samples
Duration (Remaining): 265m 43s (- 31m 43s) Iters: (134000 89%) Loss avg: 0.0086
Hits 93/100 test samples
Duration (Remaining): 266m 22s (- 29m 35s) Iters: (135000 90%) Loss avg: 0.0270
Hits 92/100 test samples
Duration (Remaining): 267m 4s (- 27m 29s) Iters: (136000 90%) Loss avg: 0.0282
Hits 93/100 test samples
Duration (Remaining): 267m 43s (- 25m 24s) Iters: (137000 91%) Loss avg: 0.0264
Hits 96/100 test samples
Duration (Remaining): 268m 21s (- 23m 20s) Iters: (138000 92%) Loss avg: 0.0174
Hits 99/100 test samples
Duration (Remaining): 268m 56s (- 21m 16s) Iters: (139000 92%) Loss avg: 0.0089
Hits 91/100 test samples
Duration (Remaining): 269m 33s (- 19m 15s) Iters: (140000 93%) Loss avg: 0.0149
Hits 92/100 test samples
Duration (Remaining): 270m 10s (- 17m 14s) Iters: (141000 94%) Loss avg: 0.0278
Hits 89/100 test samples
Duration (Remaining): 270m 47s (- 15m 15s) Iters: (142000 94%) Loss avg: 0.0078
Hits 100/100 test samples
Duration (Remaining): 271m 24s (- 13m 17s) Iters: (143000 95%) Loss avg: 0.0147
Hits 93/100 test samples
Duration (Remaining): 272m 1s (- 11m 20s) Iters: (144000 96%) Loss avg: 0.0219
Hits 97/100 test samples
Duration (Remaining): 272m 36s (- 9m 24s) Iters: (145000 96%) Loss avg: 0.0090
Hits 97/100 test samples
Duration (Remaining): 273m 14s (- 7m 29s) Iters: (146000 97%) Loss avg: 0.0143
Hits 99/100 test samples
Duration (Remaining): 273m 51s (- 5m 35s) Iters: (147000 98%) Loss avg: 0.0349
Hits 91/100 test samples
Duration (Remaining): 274m 30s (- 3m 42s) Iters: (148000 98%) Loss avg: 0.0166
Hits 99/100 test samples
Duration (Remaining): 275m 9s (- 1m 50s) Iters: (149000 99%) Loss avg: 0.0086
Hits 98/100 test samples
Duration (Remaining): 275m 45s (- 0m 0s) Iters: (150000 100%) Loss avg: 0.0558
Hits 90/100 test samples
Evaluating training split accuracy
Evaluation accuracy: 12914/15225 = 0.85%
Evaluating test split accuracy
Evaluation accuracy: 1431/5685 = 0.25%
Saved model at saved/opposite_right_150000.pt
