Reading lines...
Read 20910 sentence pairs
Trimmed to 20910 sentence pairs
Counting words...
Counted words:
scan_in 15
scan_out 15
GPU unavailable, training with CPU
Initialized model GRU
Training SCAN model GRU on split 'opposite_right' for 10000 iterations on device cpu, intermediate rep? False, tag None
Reading lines...
Read 15225 sentence pairs
Trimmed to 15225 sentence pairs
Counting words...
Counted words:
scan_in 15
scan_out 15
Loaded data from scan/SCAN-master/opposite_right_train_copy.txt
15225 examples. Sample pair: ['run around left thrice after walk left thrice', 'run around left thrice after walk left thrice']
Reading lines...
Read 5685 sentence pairs
Trimmed to 5685 sentence pairs
Counting words...
Counted words:
scan_in 15
scan_out 15
Loaded data from scan/SCAN-master/opposite_right_test_copy.txt
5685 examples. Sample pair: ['walk opposite right thrice after jump right', 'walk opposite right thrice after jump right']
Starting training: 10000 iterations
Hits 0/100 test samples
Duration (Remaining): 0m 24s (- 3m 41s) Iters: (1000 10%) Loss avg: 1.3974
Hits 16/100 test samples
Duration (Remaining): 0m 49s (- 3m 16s) Iters: (2000 20%) Loss avg: 0.4271
Hits 79/100 test samples
Duration (Remaining): 1m 16s (- 2m 58s) Iters: (3000 30%) Loss avg: 0.0878
Hits 98/100 test samples
Duration (Remaining): 1m 39s (- 2m 29s) Iters: (4000 40%) Loss avg: 0.0297
Hits 100/100 test samples
Duration (Remaining): 2m 3s (- 2m 3s) Iters: (5000 50%) Loss avg: 0.0109
Hits 66/100 test samples
Duration (Remaining): 2m 32s (- 1m 41s) Iters: (6000 60%) Loss avg: 0.0789
Hits 99/100 test samples
Duration (Remaining): 2m 54s (- 1m 14s) Iters: (7000 70%) Loss avg: 0.0081
Hits 100/100 test samples
Duration (Remaining): 3m 16s (- 0m 49s) Iters: (8000 80%) Loss avg: 0.0308
Hits 100/100 test samples
Duration (Remaining): 3m 39s (- 0m 24s) Iters: (9000 90%) Loss avg: 0.0043
Hits 100/100 test samples
Duration (Remaining): 4m 1s (- 0m 0s) Iters: (10000 100%) Loss avg: 0.0011
Hits 100/100 test samples
Evaluating training split accuracy
Evaluation accuracy: 15224/15225 = 1.00%
Evaluating test split accuracy
Evaluation accuracy: 242/5685 = 0.04%
Saved model at saved/opposite_right_10000_(0).pt
