Reading lines...
Read 20910 sentence pairs
Trimmed to 20910 sentence pairs
Counting words...
Counted words:
scan_in 15
scan_out 15
Training on cuda:5
Initialized model GRU
Training SCAN model GRU on split 'opposite_right' for 2000 iterations on device cuda:5, intermediate rep? True, tag None
Reading lines...
Read 15225 sentence pairs
Trimmed to 15225 sentence pairs
Counting words...
Counted words:
scan_in 15
scan_out 15
Loaded data from scan/SCAN-master/opposite_right_train_inter.txt
15225 examples. Sample pair: ['jump around left twice and run opposite left thrice', 'and twice around jump left thrice opposite run left']
Reading lines...
Read 5685 sentence pairs
Trimmed to 5685 sentence pairs
Counting words...
Counted words:
scan_in 15
scan_out 15
Loaded data from scan/SCAN-master/opposite_right_test_inter.txt
5685 examples. Sample pair: ['run opposite right after jump around left twice', 'after opposite run right twice around jump left']
Starting training: 2000 iterations
Hits 0/100 test samples
Duration (Remaining): 0m 31s (- 0m 31s) Iters: (1000 50%) Loss avg: 1.4362
Hits 0/100 test samples
Duration (Remaining): 1m 5s (- 0m 0s) Iters: (2000 100%) Loss avg: 0.7037
Hits 8/100 test samples
Evaluating training split accuracy
Evaluation accuracy: 10/100 = 0.10%
Evaluating test split accuracy
Evaluation accuracy: 3/100 = 0.03%
Saved model at saved/opposite_right_inter_2000.pt
Reading lines...
Read 20910 sentence pairs
Trimmed to 20910 sentence pairs
Counting words...
Counted words:
scan_in 15
scan_out 15
Training on cuda:3
Initialized model GRU
Training SCAN model GRU on split 'opposite_right' for 2000 iterations on device cuda:3, intermediate rep? True, tag None
Reading lines...
Read 15225 sentence pairs
Trimmed to 15225 sentence pairs
Counting words...
Counted words:
scan_in 15
scan_out 15
Loaded data from scan/SCAN-master/opposite_right_train_inter.txt
15225 examples. Sample pair: ['walk around left twice and walk right twice', 'and twice around walk left twice right walk']
Reading lines...
Read 5685 sentence pairs
Trimmed to 5685 sentence pairs
Counting words...
Counted words:
scan_in 15
scan_out 15
Loaded data from scan/SCAN-master/opposite_right_test_inter.txt
5685 examples. Sample pair: ['walk opposite right and jump right twice', 'and opposite walk right twice right jump']
Starting training: 2000 iterations
Hits 0/100 test samples
Duration (Remaining): 4m 42s (- 4m 42s) Iters: (1000 50%) Loss avg: 1.4448
Hits 1/100 test samples
Duration (Remaining): 9m 10s (- 0m 0s) Iters: (2000 100%) Loss avg: 0.6602
Hits 41/100 test samples
Evaluating training split accuracy
Evaluation accuracy: 24/100 = 0.24%
Evaluating test split accuracy
Evaluation accuracy: 0/100 = 0.00%
Saved model at saved/opposite_right_inter_2000.pt
Reading lines...
Read 20910 sentence pairs
Trimmed to 20910 sentence pairs
Counting words...
Counted words:
scan_in 15
scan_out 15
Training on cuda:3
Initialized model GRU
Training SCAN model GRU on split 'opposite_right' for 1000 iterations on device cuda:3, intermediate rep? True, tag None
Reading lines...
Read 15225 sentence pairs
Trimmed to 15225 sentence pairs
Counting words...
Counted words:
scan_in 15
scan_out 15
Loaded data from scan/SCAN-master/opposite_right_train_inter.txt
15225 examples. Sample pair: ['look around left after turn right', 'after around look left right turn']
Reading lines...
Read 5685 sentence pairs
Trimmed to 5685 sentence pairs
Counting words...
Counted words:
scan_in 15
scan_out 15
Loaded data from scan/SCAN-master/opposite_right_test_inter.txt
5685 examples. Sample pair: ['look opposite right twice and walk opposite left', 'and twice opposite look right opposite walk left']
Starting training: 1000 iterations
Hits 0/100 test samples
Duration (Remaining): 1m 44s (- 0m 0s) Iters: (1000 100%) Loss avg: 1.4076
Hits 0/100 test samples
Evaluating training split accuracy
Evaluation accuracy: 0/100 = 0.00%
Evaluating test split accuracy
Evaluation accuracy: 0/100 = 0.00%
Saved model at saved/opposite_right_inter_1000.pt
Reading lines...
Read 20910 sentence pairs
Trimmed to 20910 sentence pairs
Counting words...
Counted words:
scan_in 15
scan_out 15
Training on cuda:3
Initialized model GRU
Training SCAN model GRU on split 'opposite_right' for 150000 iterations on device cuda:3, intermediate rep? True, tag None
Reading lines...
Read 15225 sentence pairs
Trimmed to 15225 sentence pairs
Counting words...
Counted words:
scan_in 15
scan_out 15
Loaded data from scan/SCAN-master/opposite_right_train_inter.txt
15225 examples. Sample pair: ['look around left thrice and look right thrice', 'and thrice around look left thrice right look']
Reading lines...
Read 5685 sentence pairs
Trimmed to 5685 sentence pairs
Counting words...
Counted words:
scan_in 15
scan_out 15
Loaded data from scan/SCAN-master/opposite_right_test_inter.txt
5685 examples. Sample pair: ['jump opposite left after jump opposite right', 'after opposite jump left opposite jump right']
Starting training: 150000 iterations
Hits 0/100 test samples
Duration (Remaining): 2m 51s (- 425m 55s) Iters: (1000 0%) Loss avg: 1.4063
Hits 1/100 test samples
Duration (Remaining): 4m 32s (- 336m 1s) Iters: (2000 1%) Loss avg: 0.6868
Hits 17/100 test samples
Duration (Remaining): 6m 26s (- 315m 33s) Iters: (3000 2%) Loss avg: 0.3155
Hits 54/100 test samples
Duration (Remaining): 8m 11s (- 299m 12s) Iters: (4000 2%) Loss avg: 0.1836
Hits 95/100 test samples
Duration (Remaining): 10m 0s (- 290m 12s) Iters: (5000 3%) Loss avg: 0.0910
Hits 100/100 test samples
Duration (Remaining): 11m 46s (- 282m 47s) Iters: (6000 4%) Loss avg: 0.0321
Hits 100/100 test samples
Duration (Remaining): 13m 38s (- 278m 40s) Iters: (7000 4%) Loss avg: 0.0165
Hits 99/100 test samples
Duration (Remaining): 15m 21s (- 272m 31s) Iters: (8000 5%) Loss avg: 0.0236
Hits 93/100 test samples
Duration (Remaining): 16m 58s (- 266m 3s) Iters: (9000 6%) Loss avg: 0.0441
Hits 100/100 test samples
Duration (Remaining): 18m 37s (- 260m 48s) Iters: (10000 6%) Loss avg: 0.0037
Hits 100/100 test samples
Duration (Remaining): 20m 14s (- 255m 41s) Iters: (11000 7%) Loss avg: 0.0026
Hits 100/100 test samples
Duration (Remaining): 21m 49s (- 250m 55s) Iters: (12000 8%) Loss avg: 0.0056
Hits 89/100 test samples
Duration (Remaining): 23m 25s (- 246m 55s) Iters: (13000 8%) Loss avg: 0.0187
Hits 100/100 test samples
Duration (Remaining): 25m 0s (- 242m 55s) Iters: (14000 9%) Loss avg: 0.0162
Hits 100/100 test samples
Duration (Remaining): 26m 35s (- 239m 18s) Iters: (15000 10%) Loss avg: 0.0016
Hits 100/100 test samples
Duration (Remaining): 28m 10s (- 235m 55s) Iters: (16000 10%) Loss avg: 0.0006
Hits 100/100 test samples
Duration (Remaining): 29m 43s (- 232m 31s) Iters: (17000 11%) Loss avg: 0.0004
Hits 100/100 test samples
Duration (Remaining): 31m 17s (- 229m 25s) Iters: (18000 12%) Loss avg: 0.0005
Hits 100/100 test samples
Duration (Remaining): 32m 53s (- 226m 47s) Iters: (19000 12%) Loss avg: 0.0360
Hits 97/100 test samples
Duration (Remaining): 34m 29s (- 224m 10s) Iters: (20000 13%) Loss avg: 0.0172
Hits 100/100 test samples
Duration (Remaining): 36m 4s (- 221m 36s) Iters: (21000 14%) Loss avg: 0.0009
Hits 100/100 test samples
Duration (Remaining): 37m 38s (- 219m 1s) Iters: (22000 14%) Loss avg: 0.0005
Hits 100/100 test samples
Duration (Remaining): 39m 15s (- 216m 48s) Iters: (23000 15%) Loss avg: 0.0005
Hits 99/100 test samples
Duration (Remaining): 40m 51s (- 214m 30s) Iters: (24000 16%) Loss avg: 0.0077
Hits 99/100 test samples
Duration (Remaining): 42m 27s (- 212m 15s) Iters: (25000 16%) Loss avg: 0.0071
Hits 100/100 test samples
Duration (Remaining): 44m 3s (- 210m 6s) Iters: (26000 17%) Loss avg: 0.0007
Hits 100/100 test samples
Duration (Remaining): 45m 39s (- 208m 0s) Iters: (27000 18%) Loss avg: 0.0005
Hits 100/100 test samples
Duration (Remaining): 47m 14s (- 205m 51s) Iters: (28000 18%) Loss avg: 0.0002
Hits 100/100 test samples
Duration (Remaining): 48m 51s (- 203m 50s) Iters: (29000 19%) Loss avg: 0.0224
Hits 85/100 test samples
Duration (Remaining): 50m 27s (- 201m 48s) Iters: (30000 20%) Loss avg: 0.0120
Hits 100/100 test samples
Duration (Remaining): 52m 3s (- 199m 49s) Iters: (31000 20%) Loss avg: 0.0275
Hits 100/100 test samples
Duration (Remaining): 53m 38s (- 197m 48s) Iters: (32000 21%) Loss avg: 0.0012
Hits 100/100 test samples
Duration (Remaining): 55m 17s (- 196m 0s) Iters: (33000 22%) Loss avg: 0.0051
Hits 100/100 test samples
Duration (Remaining): 56m 54s (- 194m 7s) Iters: (34000 22%) Loss avg: 0.0005
Hits 100/100 test samples
Duration (Remaining): 58m 30s (- 192m 13s) Iters: (35000 23%) Loss avg: 0.0002
Hits 100/100 test samples
Duration (Remaining): 60m 7s (- 190m 24s) Iters: (36000 24%) Loss avg: 0.0042
Hits 100/100 test samples
Duration (Remaining): 61m 43s (- 188m 31s) Iters: (37000 24%) Loss avg: 0.0001
Hits 100/100 test samples
Duration (Remaining): 63m 21s (- 186m 44s) Iters: (38000 25%) Loss avg: 0.0112
Hits 99/100 test samples
Duration (Remaining): 64m 57s (- 184m 51s) Iters: (39000 26%) Loss avg: 0.0102
Hits 100/100 test samples
Duration (Remaining): 66m 36s (- 183m 10s) Iters: (40000 26%) Loss avg: 0.0006
Hits 100/100 test samples
Duration (Remaining): 68m 12s (- 181m 20s) Iters: (41000 27%) Loss avg: 0.0003
Hits 100/100 test samples
Duration (Remaining): 69m 47s (- 179m 28s) Iters: (42000 28%) Loss avg: 0.0002
Hits 100/100 test samples
Duration (Remaining): 71m 24s (- 177m 41s) Iters: (43000 28%) Loss avg: 0.0001
Hits 100/100 test samples
Duration (Remaining): 73m 0s (- 175m 53s) Iters: (44000 29%) Loss avg: 0.0001
Hits 100/100 test samples
Duration (Remaining): 74m 37s (- 174m 6s) Iters: (45000 30%) Loss avg: 0.0000
Hits 100/100 test samples
Duration (Remaining): 76m 14s (- 172m 22s) Iters: (46000 30%) Loss avg: 0.0176
Hits 97/100 test samples
Duration (Remaining): 77m 50s (- 170m 34s) Iters: (47000 31%) Loss avg: 0.0031
Hits 100/100 test samples
Duration (Remaining): 79m 23s (- 168m 42s) Iters: (48000 32%) Loss avg: 0.0005
Hits 100/100 test samples
Duration (Remaining): 80m 59s (- 166m 56s) Iters: (49000 32%) Loss avg: 0.0002
Hits 100/100 test samples
Duration (Remaining): 82m 35s (- 165m 10s) Iters: (50000 33%) Loss avg: 0.0001
Hits 100/100 test samples
Duration (Remaining): 84m 10s (- 163m 24s) Iters: (51000 34%) Loss avg: 0.0001
Hits 100/100 test samples
Duration (Remaining): 85m 45s (- 161m 37s) Iters: (52000 34%) Loss avg: 0.0000
Hits 100/100 test samples
Duration (Remaining): 87m 22s (- 159m 53s) Iters: (53000 35%) Loss avg: 0.0000
Hits 100/100 test samples
Duration (Remaining): 88m 58s (- 158m 10s) Iters: (54000 36%) Loss avg: 0.0000
Hits 100/100 test samples
Duration (Remaining): 90m 34s (- 156m 26s) Iters: (55000 36%) Loss avg: 0.0106
Hits 99/100 test samples
Duration (Remaining): 92m 12s (- 154m 47s) Iters: (56000 37%) Loss avg: 0.0012
Hits 100/100 test samples
Duration (Remaining): 93m 47s (- 153m 1s) Iters: (57000 38%) Loss avg: 0.0014
Hits 100/100 test samples
Duration (Remaining): 95m 23s (- 151m 18s) Iters: (58000 38%) Loss avg: 0.0001
Hits 100/100 test samples
Duration (Remaining): 97m 2s (- 149m 39s) Iters: (59000 39%) Loss avg: 0.0001
Hits 100/100 test samples
Duration (Remaining): 98m 38s (- 147m 57s) Iters: (60000 40%) Loss avg: 0.0001
Hits 100/100 test samples
Duration (Remaining): 100m 14s (- 146m 14s) Iters: (61000 40%) Loss avg: 0.0000
Hits 100/100 test samples
Duration (Remaining): 101m 49s (- 144m 31s) Iters: (62000 41%) Loss avg: 0.0000
Hits 100/100 test samples
Duration (Remaining): 103m 25s (- 142m 49s) Iters: (63000 42%) Loss avg: 0.0000
Hits 100/100 test samples
Duration (Remaining): 105m 1s (- 141m 7s) Iters: (64000 42%) Loss avg: 0.0000
Hits 100/100 test samples
Duration (Remaining): 106m 38s (- 139m 27s) Iters: (65000 43%) Loss avg: 0.0000
Hits 100/100 test samples
Duration (Remaining): 108m 17s (- 137m 50s) Iters: (66000 44%) Loss avg: 0.0000
Hits 100/100 test samples
Duration (Remaining): 109m 55s (- 136m 11s) Iters: (67000 44%) Loss avg: 0.0292
Hits 97/100 test samples
Duration (Remaining): 111m 34s (- 134m 32s) Iters: (68000 45%) Loss avg: 0.0207
Hits 100/100 test samples
Duration (Remaining): 113m 12s (- 132m 54s) Iters: (69000 46%) Loss avg: 0.0005
Hits 100/100 test samples
Duration (Remaining): 114m 52s (- 131m 17s) Iters: (70000 46%) Loss avg: 0.0002
Hits 100/100 test samples
Duration (Remaining): 116m 30s (- 129m 38s) Iters: (71000 47%) Loss avg: 0.0001
Hits 100/100 test samples
Duration (Remaining): 118m 9s (- 128m 0s) Iters: (72000 48%) Loss avg: 0.0001
Hits 100/100 test samples
Duration (Remaining): 119m 47s (- 126m 21s) Iters: (73000 48%) Loss avg: 0.0001
Hits 100/100 test samples
Duration (Remaining): 121m 25s (- 124m 42s) Iters: (74000 49%) Loss avg: 0.0022
Hits 100/100 test samples
Duration (Remaining): 123m 5s (- 123m 5s) Iters: (75000 50%) Loss avg: 0.0012
Hits 100/100 test samples
Duration (Remaining): 124m 43s (- 121m 26s) Iters: (76000 50%) Loss avg: 0.0001
Hits 100/100 test samples
Duration (Remaining): 126m 22s (- 119m 48s) Iters: (77000 51%) Loss avg: 0.0001
Hits 100/100 test samples
Duration (Remaining): 128m 0s (- 118m 10s) Iters: (78000 52%) Loss avg: 0.0000
Hits 100/100 test samples
Duration (Remaining): 129m 39s (- 116m 31s) Iters: (79000 52%) Loss avg: 0.0170
Hits 98/100 test samples
Duration (Remaining): 131m 17s (- 114m 52s) Iters: (80000 53%) Loss avg: 0.0111
Hits 100/100 test samples
Duration (Remaining): 132m 54s (- 113m 13s) Iters: (81000 54%) Loss avg: 0.0134
Hits 100/100 test samples
Duration (Remaining): 134m 34s (- 111m 35s) Iters: (82000 54%) Loss avg: 0.0007
Hits 100/100 test samples
Duration (Remaining): 136m 12s (- 109m 56s) Iters: (83000 55%) Loss avg: 0.0002
Hits 100/100 test samples
Duration (Remaining): 137m 52s (- 108m 19s) Iters: (84000 56%) Loss avg: 0.0001
Hits 100/100 test samples
Duration (Remaining): 139m 30s (- 106m 41s) Iters: (85000 56%) Loss avg: 0.0001
Hits 100/100 test samples
Duration (Remaining): 141m 10s (- 105m 3s) Iters: (86000 57%) Loss avg: 0.0001
Hits 100/100 test samples
Duration (Remaining): 142m 48s (- 103m 24s) Iters: (87000 57%) Loss avg: 0.0080
Hits 100/100 test samples
Duration (Remaining): 144m 26s (- 101m 45s) Iters: (88000 58%) Loss avg: 0.0001
Hits 100/100 test samples
Duration (Remaining): 146m 5s (- 100m 7s) Iters: (89000 59%) Loss avg: 0.0007
Hits 100/100 test samples
Duration (Remaining): 147m 42s (- 98m 28s) Iters: (90000 60%) Loss avg: 0.0001
Hits 100/100 test samples
Duration (Remaining): 149m 20s (- 96m 49s) Iters: (91000 60%) Loss avg: 0.0004
Hits 100/100 test samples
Duration (Remaining): 150m 59s (- 95m 11s) Iters: (92000 61%) Loss avg: 0.0026
Hits 100/100 test samples
Duration (Remaining): 152m 37s (- 93m 32s) Iters: (93000 62%) Loss avg: 0.0006
Hits 100/100 test samples
Duration (Remaining): 154m 17s (- 91m 55s) Iters: (94000 62%) Loss avg: 0.0003
Hits 99/100 test samples
Duration (Remaining): 155m 55s (- 90m 16s) Iters: (95000 63%) Loss avg: 0.0127
Hits 100/100 test samples
Duration (Remaining): 157m 33s (- 88m 37s) Iters: (96000 64%) Loss avg: 0.0005
Hits 100/100 test samples
Duration (Remaining): 159m 12s (- 86m 59s) Iters: (97000 64%) Loss avg: 0.0002
Hits 100/100 test samples
Duration (Remaining): 160m 50s (- 85m 20s) Iters: (98000 65%) Loss avg: 0.0001
Hits 100/100 test samples
Duration (Remaining): 162m 30s (- 83m 42s) Iters: (99000 66%) Loss avg: 0.0001
Hits 100/100 test samples
Duration (Remaining): 164m 8s (- 82m 4s) Iters: (100000 66%) Loss avg: 0.0000
Hits 100/100 test samples
Duration (Remaining): 165m 45s (- 80m 24s) Iters: (101000 67%) Loss avg: 0.0000
Hits 100/100 test samples
Duration (Remaining): 167m 24s (- 78m 47s) Iters: (102000 68%) Loss avg: 0.0000
Hits 100/100 test samples
Duration (Remaining): 169m 1s (- 77m 7s) Iters: (103000 68%) Loss avg: 0.0000
Hits 100/100 test samples
Duration (Remaining): 170m 39s (- 75m 29s) Iters: (104000 69%) Loss avg: 0.0000
Hits 100/100 test samples
Duration (Remaining): 172m 18s (- 73m 50s) Iters: (105000 70%) Loss avg: 0.0000
Hits 100/100 test samples
Duration (Remaining): 173m 54s (- 72m 11s) Iters: (106000 70%) Loss avg: 0.0046
Hits 99/100 test samples
Duration (Remaining): 175m 32s (- 70m 32s) Iters: (107000 71%) Loss avg: 0.0161
Hits 99/100 test samples
Duration (Remaining): 177m 11s (- 68m 54s) Iters: (108000 72%) Loss avg: 0.0005
Hits 100/100 test samples
Duration (Remaining): 178m 50s (- 67m 16s) Iters: (109000 72%) Loss avg: 0.0001
Hits 100/100 test samples
Duration (Remaining): 180m 26s (- 65m 37s) Iters: (110000 73%) Loss avg: 0.0001
Hits 100/100 test samples
Duration (Remaining): 182m 1s (- 63m 57s) Iters: (111000 74%) Loss avg: 0.0004
Hits 100/100 test samples
Duration (Remaining): 183m 37s (- 62m 18s) Iters: (112000 74%) Loss avg: 0.0000
Hits 100/100 test samples
Duration (Remaining): 185m 16s (- 60m 39s) Iters: (113000 75%) Loss avg: 0.0000
Hits 100/100 test samples
Duration (Remaining): 186m 49s (- 58m 59s) Iters: (114000 76%) Loss avg: 0.0000
Hits 100/100 test samples
Duration (Remaining): 188m 22s (- 57m 19s) Iters: (115000 76%) Loss avg: 0.0000
Hits 100/100 test samples
Duration (Remaining): 189m 53s (- 55m 39s) Iters: (116000 77%) Loss avg: 0.0000
Hits 100/100 test samples
Duration (Remaining): 191m 24s (- 53m 59s) Iters: (117000 78%) Loss avg: 0.0001
Hits 99/100 test samples
Duration (Remaining): 193m 0s (- 52m 20s) Iters: (118000 78%) Loss avg: 0.0000
Hits 100/100 test samples
Duration (Remaining): 194m 31s (- 50m 40s) Iters: (119000 79%) Loss avg: 0.0000
Hits 100/100 test samples
Duration (Remaining): 195m 58s (- 48m 59s) Iters: (120000 80%) Loss avg: 0.0000
Hits 100/100 test samples
Duration (Remaining): 197m 31s (- 47m 20s) Iters: (121000 80%) Loss avg: 0.0000
Hits 100/100 test samples
Duration (Remaining): 199m 4s (- 45m 41s) Iters: (122000 81%) Loss avg: 0.0214
Hits 100/100 test samples
Duration (Remaining): 200m 37s (- 44m 2s) Iters: (123000 82%) Loss avg: 0.0003
Hits 100/100 test samples
Duration (Remaining): 202m 8s (- 42m 23s) Iters: (124000 82%) Loss avg: 0.0001
Hits 100/100 test samples
Duration (Remaining): 203m 41s (- 40m 44s) Iters: (125000 83%) Loss avg: 0.0001
Hits 100/100 test samples
Duration (Remaining): 205m 12s (- 39m 5s) Iters: (126000 84%) Loss avg: 0.0001
Hits 100/100 test samples
Duration (Remaining): 206m 46s (- 37m 26s) Iters: (127000 84%) Loss avg: 0.0000
Hits 100/100 test samples
Duration (Remaining): 208m 20s (- 35m 48s) Iters: (128000 85%) Loss avg: 0.0000
Hits 100/100 test samples
Duration (Remaining): 209m 52s (- 34m 9s) Iters: (129000 86%) Loss avg: 0.0000
Hits 100/100 test samples
Duration (Remaining): 211m 32s (- 32m 32s) Iters: (130000 86%) Loss avg: 0.0000
Hits 100/100 test samples
Duration (Remaining): 213m 4s (- 30m 54s) Iters: (131000 87%) Loss avg: 0.0000
Hits 100/100 test samples
Duration (Remaining): 214m 40s (- 29m 16s) Iters: (132000 88%) Loss avg: 0.0000
Hits 100/100 test samples
Duration (Remaining): 216m 11s (- 27m 38s) Iters: (133000 88%) Loss avg: 0.0000
Hits 100/100 test samples
Duration (Remaining): 217m 46s (- 26m 0s) Iters: (134000 89%) Loss avg: 0.0000
Hits 100/100 test samples
Duration (Remaining): 219m 19s (- 24m 22s) Iters: (135000 90%) Loss avg: 0.0000
Hits 100/100 test samples
Duration (Remaining): 220m 51s (- 22m 44s) Iters: (136000 90%) Loss avg: 0.0000
Hits 100/100 test samples
Duration (Remaining): 222m 25s (- 21m 6s) Iters: (137000 91%) Loss avg: 0.0000
Hits 100/100 test samples
Duration (Remaining): 224m 2s (- 19m 28s) Iters: (138000 92%) Loss avg: 0.0000
Hits 100/100 test samples
Duration (Remaining): 225m 34s (- 17m 51s) Iters: (139000 92%) Loss avg: 0.0046
Hits 100/100 test samples
Duration (Remaining): 227m 5s (- 16m 13s) Iters: (140000 93%) Loss avg: 0.0026
Hits 100/100 test samples
Duration (Remaining): 228m 38s (- 14m 35s) Iters: (141000 94%) Loss avg: 0.0001
Hits 100/100 test samples
Duration (Remaining): 230m 10s (- 12m 58s) Iters: (142000 94%) Loss avg: 0.0000
Hits 100/100 test samples
Duration (Remaining): 231m 42s (- 11m 20s) Iters: (143000 95%) Loss avg: 0.0000
Hits 100/100 test samples
Duration (Remaining): 233m 14s (- 9m 43s) Iters: (144000 96%) Loss avg: 0.0043
Hits 100/100 test samples
Duration (Remaining): 234m 49s (- 8m 5s) Iters: (145000 96%) Loss avg: 0.0003
Hits 100/100 test samples
Duration (Remaining): 236m 27s (- 6m 28s) Iters: (146000 97%) Loss avg: 0.0045
Hits 100/100 test samples
Duration (Remaining): 238m 0s (- 4m 51s) Iters: (147000 98%) Loss avg: 0.0006
Hits 100/100 test samples
Duration (Remaining): 239m 33s (- 3m 14s) Iters: (148000 98%) Loss avg: 0.0001
Hits 100/100 test samples
Duration (Remaining): 241m 5s (- 1m 37s) Iters: (149000 99%) Loss avg: 0.0000
Hits 100/100 test samples
Duration (Remaining): 242m 37s (- 0m 0s) Iters: (150000 100%) Loss avg: 0.0000
Hits 100/100 test samples
Evaluating training split accuracy
Evaluation accuracy: 15225/15225 = 1.00%
Evaluating test split accuracy
Evaluation accuracy: 3061/5685 = 0.54%
Saved model at saved/opposite_right_inter_150000.pt
