Reading lines...
Read 20910 sentence pairs
Trimmed to 20910 sentence pairs
Counting words...
Counted words:
scan_in 15
scan_out 8
Training on cuda:3
Initialized model GRU_A
Training SCAN model GRU_A on split 'opposite_right' for 2000 iterations on device cuda:3, intermediate rep? False, tag None
Reading lines...
Read 15225 sentence pairs
Trimmed to 15225 sentence pairs
Counting words...
Counted words:
scan_in 15
scan_out 8
Loaded data from scan/SCAN-master/opposite_right_train.txt
15225 examples. Sample pair: ['walk twice and look twice', 'I_WALK I_WALK I_LOOK I_LOOK']
Reading lines...
Read 5685 sentence pairs
Trimmed to 5685 sentence pairs
Counting words...
Counted words:
scan_in 15
scan_out 8
Loaded data from scan/SCAN-master/opposite_right_test.txt
5685 examples. Sample pair: ['jump opposite right after run opposite left', 'I_TURN_LEFT I_TURN_LEFT I_RUN I_TURN_RIGHT I_TURN_RIGHT I_JUMP']
Starting training: 2000 iterations
Hits 0/100 test samples
Duration (Remaining): 10m 9s (- 10m 9s) Iters: (1000 50%) Loss avg: 1.2406
Hits 0/100 test samples
Duration (Remaining): 13m 24s (- 0m 0s) Iters: (2000 100%) Loss avg: 0.8899
Hits 1/100 test samples
Evaluating training split accuracy
Evaluation accuracy: 12/100 = 0.12%
Evaluating test split accuracy
Evaluation accuracy: 0/100 = 0.00%
Saved model at saved/opposite_right_2000.pt
Reading lines...
Read 20910 sentence pairs
Trimmed to 20910 sentence pairs
Counting words...
Counted words:
scan_in 15
scan_out 8
Training on cuda:3
Initialized model GRU_A
Training SCAN model GRU_A on split 'opposite_right' for 1000 iterations on device cuda:3, intermediate rep? False, tag None
Reading lines...
Read 15225 sentence pairs
Trimmed to 15225 sentence pairs
Counting words...
Counted words:
scan_in 15
scan_out 8
Loaded data from scan/SCAN-master/opposite_right_train.txt
15225 examples. Sample pair: ['look left twice after jump around right', 'I_TURN_RIGHT I_JUMP I_TURN_RIGHT I_JUMP I_TURN_RIGHT I_JUMP I_TURN_RIGHT I_JUMP I_TURN_LEFT I_LOOK I_TURN_LEFT I_LOOK']
Reading lines...
Read 5685 sentence pairs
Trimmed to 5685 sentence pairs
Counting words...
Counted words:
scan_in 15
scan_out 8
Loaded data from scan/SCAN-master/opposite_right_test.txt
5685 examples. Sample pair: ['jump around right thrice and look opposite right thrice', 'I_TURN_RIGHT I_JUMP I_TURN_RIGHT I_JUMP I_TURN_RIGHT I_JUMP I_TURN_RIGHT I_JUMP I_TURN_RIGHT I_JUMP I_TURN_RIGHT I_JUMP I_TURN_RIGHT I_JUMP I_TURN_RIGHT I_JUMP I_TURN_RIGHT I_JUMP I_TURN_RIGHT I_JUMP I_TURN_RIGHT I_JUMP I_TURN_RIGHT I_JUMP I_TURN_RIGHT I_TURN_RIGHT I_LOOK I_TURN_RIGHT I_TURN_RIGHT I_LOOK I_TURN_RIGHT I_TURN_RIGHT I_LOOK']
Starting training: 1000 iterations
Hits 0/100 test samples
Duration (Remaining): 3m 40s (- 0m 0s) Iters: (1000 100%) Loss avg: 1.2215
Hits 0/100 test samples
Evaluating training split accuracy
Evaluation accuracy: 0/100 = 0.00%
Evaluating test split accuracy
Evaluation accuracy: 0/100 = 0.00%
Saved model at saved/opposite_right_1000.pt
Reading lines...
Read 20910 sentence pairs
Trimmed to 20910 sentence pairs
Counting words...
Counted words:
scan_in 15
scan_out 8
Training on cuda:3
Initialized model GRU_A
Training SCAN model GRU_A on split 'opposite_right' for 150000 iterations on device cuda:3, intermediate rep? False, tag None
Reading lines...
Read 15225 sentence pairs
Trimmed to 15225 sentence pairs
Counting words...
Counted words:
scan_in 15
scan_out 8
Loaded data from scan/SCAN-master/opposite_right_train.txt
15225 examples. Sample pair: ['jump around right twice after run opposite left thrice', 'I_TURN_LEFT I_TURN_LEFT I_RUN I_TURN_LEFT I_TURN_LEFT I_RUN I_TURN_LEFT I_TURN_LEFT I_RUN I_TURN_RIGHT I_JUMP I_TURN_RIGHT I_JUMP I_TURN_RIGHT I_JUMP I_TURN_RIGHT I_JUMP I_TURN_RIGHT I_JUMP I_TURN_RIGHT I_JUMP I_TURN_RIGHT I_JUMP I_TURN_RIGHT I_JUMP']
Reading lines...
Read 5685 sentence pairs
Trimmed to 5685 sentence pairs
Counting words...
Counted words:
scan_in 15
scan_out 8
Loaded data from scan/SCAN-master/opposite_right_test.txt
5685 examples. Sample pair: ['turn around right and jump opposite right twice', 'I_TURN_RIGHT I_TURN_RIGHT I_TURN_RIGHT I_TURN_RIGHT I_TURN_RIGHT I_TURN_RIGHT I_JUMP I_TURN_RIGHT I_TURN_RIGHT I_JUMP']
Starting training: 150000 iterations
Hits 0/100 test samples
Duration (Remaining): 6m 22s (- 948m 44s) Iters: (1000 0%) Loss avg: 1.2314
Hits 0/100 test samples
Duration (Remaining): 11m 33s (- 855m 9s) Iters: (2000 1%) Loss avg: 0.9534
Hits 0/100 test samples
Duration (Remaining): 17m 2s (- 834m 45s) Iters: (3000 2%) Loss avg: 0.7990
Hits 2/100 test samples
Duration (Remaining): 21m 52s (- 798m 36s) Iters: (4000 2%) Loss avg: 0.6652
Hits 3/100 test samples
Duration (Remaining): 26m 51s (- 778m 53s) Iters: (5000 3%) Loss avg: 0.5560
Hits 8/100 test samples
Duration (Remaining): 31m 45s (- 762m 12s) Iters: (6000 4%) Loss avg: 0.4990
Hits 10/100 test samples
Duration (Remaining): 36m 37s (- 748m 15s) Iters: (7000 4%) Loss avg: 0.4522
Hits 11/100 test samples
Duration (Remaining): 41m 26s (- 735m 26s) Iters: (8000 5%) Loss avg: 0.4044
Hits 16/100 test samples
Duration (Remaining): 46m 32s (- 729m 11s) Iters: (9000 6%) Loss avg: 0.3851
Hits 21/100 test samples
Duration (Remaining): 51m 17s (- 718m 8s) Iters: (10000 6%) Loss avg: 0.3473
Hits 24/100 test samples
Duration (Remaining): 56m 10s (- 709m 47s) Iters: (11000 7%) Loss avg: 0.3084
Hits 20/100 test samples
Duration (Remaining): 60m 57s (- 701m 2s) Iters: (12000 8%) Loss avg: 0.3007
Hits 28/100 test samples
Duration (Remaining): 65m 42s (- 692m 29s) Iters: (13000 8%) Loss avg: 0.2783
Hits 36/100 test samples
Duration (Remaining): 70m 33s (- 685m 28s) Iters: (14000 9%) Loss avg: 0.2789
Hits 26/100 test samples
Duration (Remaining): 75m 24s (- 678m 36s) Iters: (15000 10%) Loss avg: 0.2308
Hits 51/100 test samples
Duration (Remaining): 80m 18s (- 672m 37s) Iters: (16000 10%) Loss avg: 0.2145
Hits 35/100 test samples
Duration (Remaining): 85m 4s (- 665m 32s) Iters: (17000 11%) Loss avg: 0.2217
Hits 47/100 test samples
Duration (Remaining): 89m 49s (- 658m 40s) Iters: (18000 12%) Loss avg: 0.2303
Hits 39/100 test samples
Duration (Remaining): 94m 39s (- 652m 35s) Iters: (19000 12%) Loss avg: 0.2118
Hits 50/100 test samples
Duration (Remaining): 99m 23s (- 646m 4s) Iters: (20000 13%) Loss avg: 0.2004
Hits 46/100 test samples
Duration (Remaining): 104m 19s (- 640m 51s) Iters: (21000 14%) Loss avg: 0.1886
Hits 45/100 test samples
Duration (Remaining): 109m 7s (- 634m 54s) Iters: (22000 14%) Loss avg: 0.1669
Hits 55/100 test samples
Duration (Remaining): 113m 52s (- 628m 50s) Iters: (23000 15%) Loss avg: 0.1955
Hits 47/100 test samples
Duration (Remaining): 118m 46s (- 623m 31s) Iters: (24000 16%) Loss avg: 0.1737
Hits 57/100 test samples
Duration (Remaining): 123m 30s (- 617m 34s) Iters: (25000 16%) Loss avg: 0.1560
Hits 51/100 test samples
Duration (Remaining): 128m 19s (- 612m 1s) Iters: (26000 17%) Loss avg: 0.1536
Hits 61/100 test samples
Duration (Remaining): 133m 12s (- 606m 49s) Iters: (27000 18%) Loss avg: 0.1285
Hits 70/100 test samples
Duration (Remaining): 137m 55s (- 600m 58s) Iters: (28000 18%) Loss avg: 0.1284
Hits 57/100 test samples
Duration (Remaining): 142m 43s (- 595m 30s) Iters: (29000 19%) Loss avg: 0.1360
Hits 51/100 test samples
Duration (Remaining): 147m 35s (- 590m 22s) Iters: (30000 20%) Loss avg: 0.1175
Hits 52/100 test samples
Duration (Remaining): 152m 27s (- 585m 13s) Iters: (31000 20%) Loss avg: 0.1485
Hits 71/100 test samples
Duration (Remaining): 157m 18s (- 580m 6s) Iters: (32000 21%) Loss avg: 0.1272
Hits 58/100 test samples
Duration (Remaining): 162m 11s (- 575m 3s) Iters: (33000 22%) Loss avg: 0.1328
Hits 62/100 test samples
Duration (Remaining): 167m 4s (- 570m 2s) Iters: (34000 22%) Loss avg: 0.1205
Hits 61/100 test samples
Duration (Remaining): 171m 53s (- 564m 47s) Iters: (35000 23%) Loss avg: 0.1166
Hits 59/100 test samples
Duration (Remaining): 176m 42s (- 559m 33s) Iters: (36000 24%) Loss avg: 0.1166
Hits 56/100 test samples
Duration (Remaining): 181m 28s (- 554m 13s) Iters: (37000 24%) Loss avg: 0.0962
Hits 67/100 test samples
Duration (Remaining): 186m 18s (- 549m 6s) Iters: (38000 25%) Loss avg: 0.1022
Hits 64/100 test samples
Duration (Remaining): 191m 11s (- 544m 10s) Iters: (39000 26%) Loss avg: 0.0936
Hits 65/100 test samples
Duration (Remaining): 196m 4s (- 539m 12s) Iters: (40000 26%) Loss avg: 0.0965
Hits 78/100 test samples
Duration (Remaining): 201m 1s (- 534m 26s) Iters: (41000 27%) Loss avg: 0.0995
Hits 82/100 test samples
Duration (Remaining): 206m 2s (- 529m 48s) Iters: (42000 28%) Loss avg: 0.1014
Hits 72/100 test samples
Duration (Remaining): 210m 54s (- 524m 49s) Iters: (43000 28%) Loss avg: 0.0836
Hits 75/100 test samples
Duration (Remaining): 215m 43s (- 519m 42s) Iters: (44000 29%) Loss avg: 0.0875
Hits 65/100 test samples
Duration (Remaining): 220m 35s (- 514m 42s) Iters: (45000 30%) Loss avg: 0.0933
Hits 72/100 test samples
Duration (Remaining): 225m 37s (- 510m 7s) Iters: (46000 30%) Loss avg: 0.0785
Hits 73/100 test samples
Duration (Remaining): 230m 55s (- 506m 3s) Iters: (47000 31%) Loss avg: 0.0635
Hits 76/100 test samples
Duration (Remaining): 235m 56s (- 501m 23s) Iters: (48000 32%) Loss avg: 0.1122
Hits 71/100 test samples
Duration (Remaining): 241m 2s (- 496m 49s) Iters: (49000 32%) Loss avg: 0.1128
Hits 65/100 test samples
Duration (Remaining): 245m 55s (- 491m 51s) Iters: (50000 33%) Loss avg: 0.0743
Hits 77/100 test samples
Duration (Remaining): 250m 47s (- 486m 49s) Iters: (51000 34%) Loss avg: 0.0677
Hits 72/100 test samples
Duration (Remaining): 255m 52s (- 482m 13s) Iters: (52000 34%) Loss avg: 0.0571
Hits 66/100 test samples
Duration (Remaining): 260m 53s (- 477m 29s) Iters: (53000 35%) Loss avg: 0.0642
Hits 74/100 test samples
Duration (Remaining): 266m 8s (- 473m 8s) Iters: (54000 36%) Loss avg: 0.0721
Hits 80/100 test samples
Duration (Remaining): 270m 57s (- 468m 1s) Iters: (55000 36%) Loss avg: 0.0697
Hits 74/100 test samples
Duration (Remaining): 276m 5s (- 463m 25s) Iters: (56000 37%) Loss avg: 0.0681
Hits 68/100 test samples
Duration (Remaining): 281m 20s (- 459m 1s) Iters: (57000 38%) Loss avg: 0.0523
Hits 86/100 test samples
Duration (Remaining): 286m 29s (- 454m 26s) Iters: (58000 38%) Loss avg: 0.0581
Hits 80/100 test samples
Duration (Remaining): 291m 46s (- 450m 1s) Iters: (59000 39%) Loss avg: 0.0795
Hits 81/100 test samples
Duration (Remaining): 296m 33s (- 444m 50s) Iters: (60000 40%) Loss avg: 0.0688
Hits 85/100 test samples
Duration (Remaining): 301m 59s (- 440m 37s) Iters: (61000 40%) Loss avg: 0.0773
Hits 79/100 test samples
Duration (Remaining): 307m 2s (- 435m 47s) Iters: (62000 41%) Loss avg: 0.0613
Hits 92/100 test samples
Duration (Remaining): 312m 5s (- 430m 59s) Iters: (63000 42%) Loss avg: 0.0461
Hits 87/100 test samples
Duration (Remaining): 317m 16s (- 426m 19s) Iters: (64000 42%) Loss avg: 0.0683
Hits 78/100 test samples
Duration (Remaining): 322m 2s (- 421m 7s) Iters: (65000 43%) Loss avg: 0.0372
Hits 80/100 test samples
Duration (Remaining): 327m 31s (- 416m 51s) Iters: (66000 44%) Loss avg: 0.0499
Hits 87/100 test samples
Duration (Remaining): 332m 42s (- 412m 9s) Iters: (67000 44%) Loss avg: 0.0473
Hits 82/100 test samples
Duration (Remaining): 337m 38s (- 407m 8s) Iters: (68000 45%) Loss avg: 0.0611
Hits 85/100 test samples
Duration (Remaining): 342m 46s (- 402m 23s) Iters: (69000 46%) Loss avg: 0.0262
Hits 93/100 test samples
Duration (Remaining): 348m 14s (- 397m 59s) Iters: (70000 46%) Loss avg: 0.0300
Hits 88/100 test samples
Duration (Remaining): 353m 9s (- 392m 57s) Iters: (71000 47%) Loss avg: 0.0832
Hits 72/100 test samples
Duration (Remaining): 358m 31s (- 388m 24s) Iters: (72000 48%) Loss avg: 0.0500
Hits 77/100 test samples
Duration (Remaining): 363m 37s (- 383m 33s) Iters: (73000 48%) Loss avg: 0.0396
Hits 78/100 test samples
Duration (Remaining): 368m 42s (- 378m 40s) Iters: (74000 49%) Loss avg: 0.0645
Hits 83/100 test samples
Duration (Remaining): 374m 9s (- 374m 9s) Iters: (75000 50%) Loss avg: 0.0444
Hits 97/100 test samples
Duration (Remaining): 379m 25s (- 369m 26s) Iters: (76000 50%) Loss avg: 0.0436
Hits 87/100 test samples
Duration (Remaining): 384m 28s (- 364m 29s) Iters: (77000 51%) Loss avg: 0.0282
Hits 88/100 test samples
Duration (Remaining): 389m 39s (- 359m 40s) Iters: (78000 52%) Loss avg: 0.0440
Hits 87/100 test samples
Duration (Remaining): 394m 31s (- 354m 34s) Iters: (79000 52%) Loss avg: 0.0649
Hits 85/100 test samples
Duration (Remaining): 399m 22s (- 349m 26s) Iters: (80000 53%) Loss avg: 0.0318
Hits 87/100 test samples
Duration (Remaining): 404m 29s (- 344m 34s) Iters: (81000 54%) Loss avg: 0.0306
Hits 87/100 test samples
Duration (Remaining): 409m 19s (- 339m 26s) Iters: (82000 54%) Loss avg: 0.0241
Hits 93/100 test samples
Duration (Remaining): 414m 29s (- 334m 35s) Iters: (83000 55%) Loss avg: 0.0433
Hits 93/100 test samples
Duration (Remaining): 419m 20s (- 329m 28s) Iters: (84000 56%) Loss avg: 0.0332
Hits 93/100 test samples
Duration (Remaining): 424m 9s (- 324m 21s) Iters: (85000 56%) Loss avg: 0.0192
Hits 90/100 test samples
Duration (Remaining): 429m 38s (- 319m 44s) Iters: (86000 57%) Loss avg: 0.1059
Hits 73/100 test samples
Duration (Remaining): 434m 32s (- 314m 40s) Iters: (87000 57%) Loss avg: 0.0488
Hits 83/100 test samples
Duration (Remaining): 439m 52s (- 309m 54s) Iters: (88000 58%) Loss avg: 0.0542
Hits 90/100 test samples
Duration (Remaining): 445m 10s (- 305m 7s) Iters: (89000 59%) Loss avg: 0.0231
Hits 90/100 test samples
Duration (Remaining): 449m 57s (- 299m 58s) Iters: (90000 60%) Loss avg: 0.0290
Hits 92/100 test samples
Duration (Remaining): 454m 49s (- 294m 53s) Iters: (91000 60%) Loss avg: 0.0667
Hits 75/100 test samples
Duration (Remaining): 459m 43s (- 289m 49s) Iters: (92000 61%) Loss avg: 0.0818
Hits 61/100 test samples
Duration (Remaining): 464m 33s (- 284m 43s) Iters: (93000 62%) Loss avg: 0.0742
Hits 86/100 test samples
Duration (Remaining): 469m 23s (- 279m 38s) Iters: (94000 62%) Loss avg: 0.0774
Hits 78/100 test samples
Duration (Remaining): 474m 10s (- 274m 31s) Iters: (95000 63%) Loss avg: 0.0405
Hits 85/100 test samples
Duration (Remaining): 478m 51s (- 269m 21s) Iters: (96000 64%) Loss avg: 0.0531
Hits 89/100 test samples
Duration (Remaining): 483m 37s (- 264m 14s) Iters: (97000 64%) Loss avg: 0.0209
Hits 95/100 test samples
Duration (Remaining): 488m 22s (- 259m 8s) Iters: (98000 65%) Loss avg: 0.0174
Hits 92/100 test samples
Duration (Remaining): 493m 8s (- 254m 2s) Iters: (99000 66%) Loss avg: 0.0232
Hits 94/100 test samples
Duration (Remaining): 497m 0s (- 248m 30s) Iters: (100000 66%) Loss avg: 0.0474
Hits 86/100 test samples
Duration (Remaining): 500m 56s (- 243m 2s) Iters: (101000 67%) Loss avg: 0.0349
Hits 87/100 test samples
Duration (Remaining): 504m 48s (- 237m 33s) Iters: (102000 68%) Loss avg: 0.0292
Hits 95/100 test samples
Duration (Remaining): 506m 46s (- 231m 14s) Iters: (103000 68%) Loss avg: 0.0188
Hits 91/100 test samples
Duration (Remaining): 507m 46s (- 224m 35s) Iters: (104000 69%) Loss avg: 0.0337
Hits 90/100 test samples
Duration (Remaining): 508m 47s (- 218m 3s) Iters: (105000 70%) Loss avg: 0.0603
Hits 82/100 test samples
Duration (Remaining): 509m 49s (- 211m 37s) Iters: (106000 70%) Loss avg: 0.0226
Hits 95/100 test samples
Duration (Remaining): 510m 52s (- 205m 18s) Iters: (107000 71%) Loss avg: 0.0148
Hits 96/100 test samples
Duration (Remaining): 511m 55s (- 199m 5s) Iters: (108000 72%) Loss avg: 0.0221
Hits 91/100 test samples
Duration (Remaining): 512m 57s (- 192m 56s) Iters: (109000 72%) Loss avg: 0.0201
Hits 87/100 test samples
Duration (Remaining): 513m 59s (- 186m 54s) Iters: (110000 73%) Loss avg: 0.0578
Hits 84/100 test samples
Duration (Remaining): 515m 1s (- 180m 57s) Iters: (111000 74%) Loss avg: 0.0275
Hits 93/100 test samples
Duration (Remaining): 516m 5s (- 175m 5s) Iters: (112000 74%) Loss avg: 0.0156
Hits 96/100 test samples
Duration (Remaining): 517m 3s (- 169m 18s) Iters: (113000 75%) Loss avg: 0.0340
Hits 93/100 test samples
Duration (Remaining): 518m 5s (- 163m 36s) Iters: (114000 76%) Loss avg: 0.0204
Hits 96/100 test samples
Duration (Remaining): 519m 5s (- 157m 59s) Iters: (115000 76%) Loss avg: 0.0209
Hits 88/100 test samples
Duration (Remaining): 520m 6s (- 152m 26s) Iters: (116000 77%) Loss avg: 0.0433
Hits 88/100 test samples
Duration (Remaining): 521m 9s (- 146m 59s) Iters: (117000 78%) Loss avg: 0.0238
Hits 78/100 test samples
Duration (Remaining): 522m 12s (- 141m 36s) Iters: (118000 78%) Loss avg: 0.0687
Hits 87/100 test samples
Duration (Remaining): 523m 14s (- 136m 18s) Iters: (119000 79%) Loss avg: 0.0231
Hits 87/100 test samples
Duration (Remaining): 524m 16s (- 131m 4s) Iters: (120000 80%) Loss avg: 0.0228
Hits 95/100 test samples
Duration (Remaining): 525m 18s (- 125m 54s) Iters: (121000 80%) Loss avg: 0.0210
Hits 84/100 test samples
Duration (Remaining): 526m 21s (- 120m 48s) Iters: (122000 81%) Loss avg: 0.0417
Hits 96/100 test samples
Duration (Remaining): 527m 23s (- 115m 46s) Iters: (123000 82%) Loss avg: 0.0262
Hits 90/100 test samples
Duration (Remaining): 528m 24s (- 110m 47s) Iters: (124000 82%) Loss avg: 0.0256
Hits 87/100 test samples
Duration (Remaining): 529m 26s (- 105m 53s) Iters: (125000 83%) Loss avg: 0.0259
Hits 95/100 test samples
Duration (Remaining): 530m 27s (- 101m 2s) Iters: (126000 84%) Loss avg: 0.0244
Hits 96/100 test samples
Duration (Remaining): 531m 29s (- 96m 15s) Iters: (127000 84%) Loss avg: 0.0275
Hits 94/100 test samples
Duration (Remaining): 532m 30s (- 91m 31s) Iters: (128000 85%) Loss avg: 0.0352
Hits 88/100 test samples
Duration (Remaining): 533m 31s (- 86m 51s) Iters: (129000 86%) Loss avg: 0.0427
Hits 89/100 test samples
Duration (Remaining): 534m 32s (- 82m 14s) Iters: (130000 86%) Loss avg: 0.0229
Hits 93/100 test samples
Duration (Remaining): 535m 29s (- 77m 40s) Iters: (131000 87%) Loss avg: 0.0195
Hits 94/100 test samples
Duration (Remaining): 536m 24s (- 73m 8s) Iters: (132000 88%) Loss avg: 0.0315
Hits 95/100 test samples
Duration (Remaining): 537m 23s (- 68m 41s) Iters: (133000 88%) Loss avg: 0.0458
Hits 97/100 test samples
Duration (Remaining): 538m 21s (- 64m 16s) Iters: (134000 89%) Loss avg: 0.0143
Hits 98/100 test samples
Duration (Remaining): 539m 19s (- 59m 55s) Iters: (135000 90%) Loss avg: 0.0087
Hits 97/100 test samples
Duration (Remaining): 540m 17s (- 55m 37s) Iters: (136000 90%) Loss avg: 0.0195
Hits 95/100 test samples
Duration (Remaining): 541m 17s (- 51m 21s) Iters: (137000 91%) Loss avg: 0.0223
Hits 98/100 test samples
Duration (Remaining): 542m 13s (- 47m 9s) Iters: (138000 92%) Loss avg: 0.0230
Hits 85/100 test samples
Duration (Remaining): 543m 10s (- 42m 59s) Iters: (139000 92%) Loss avg: 0.0132
Hits 94/100 test samples
Duration (Remaining): 544m 5s (- 38m 51s) Iters: (140000 93%) Loss avg: 0.0136
Hits 88/100 test samples
Duration (Remaining): 545m 2s (- 34m 47s) Iters: (141000 94%) Loss avg: 0.0238
Hits 92/100 test samples
Duration (Remaining): 545m 57s (- 30m 45s) Iters: (142000 94%) Loss avg: 0.0437
Hits 94/100 test samples
Duration (Remaining): 546m 50s (- 26m 46s) Iters: (143000 95%) Loss avg: 0.0579
Hits 91/100 test samples
Duration (Remaining): 547m 47s (- 22m 49s) Iters: (144000 96%) Loss avg: 0.0147
Hits 97/100 test samples
Duration (Remaining): 548m 42s (- 18m 55s) Iters: (145000 96%) Loss avg: 0.0148
Hits 96/100 test samples
Duration (Remaining): 549m 38s (- 15m 3s) Iters: (146000 97%) Loss avg: 0.0233
Hits 97/100 test samples
Duration (Remaining): 550m 34s (- 11m 14s) Iters: (147000 98%) Loss avg: 0.0187
Hits 87/100 test samples
Duration (Remaining): 551m 33s (- 7m 27s) Iters: (148000 98%) Loss avg: 0.0209
Hits 97/100 test samples
Duration (Remaining): 552m 30s (- 3m 42s) Iters: (149000 99%) Loss avg: 0.0223
Hits 92/100 test samples
Duration (Remaining): 553m 26s (- 0m 0s) Iters: (150000 100%) Loss avg: 0.1455
Hits 71/100 test samples
Evaluating training split accuracy
Evaluation accuracy: 10458/15225 = 0.69%
Evaluating test split accuracy
Evaluation accuracy: 532/5685 = 0.09%
Saved model at saved/opposite_right_150000.pt
