Reading lines...
Read 20910 sentence pairs
Trimmed to 20910 sentence pairs
Counting words...
Counted words:
scan_in 15
scan_out 15
GPU unavailable, training with CPU
Initialized model GRU
Training SCAN model GRU on split 'scan' for 150000 iterations on device cpu, intermediate rep? True, tag 2
Reading lines...
Read 20910 sentence pairs
Trimmed to 20910 sentence pairs
Counting words...
Counted words:
scan_in 15
scan_out 15
Loaded data from scan/SCAN-master/tasks_inter.txt
20910 examples. Sample pair: ['run left twice after walk opposite right thrice', 'after twice left run thrice opposite walk right']
Reading lines...
Read 20910 sentence pairs
Trimmed to 20910 sentence pairs
Counting words...
Counted words:
scan_in 15
scan_out 15
Loaded data from scan/SCAN-master/tasks_inter.txt
20910 examples. Sample pair: ['look right after look around left thrice', 'after right look thrice around look left']
Starting training: 150000 iterations
Hits 0/100 test samples
Duration (Remaining): 0m 35s (- 87m 18s) Iters: (1000 0%) Loss avg: 1.4587
Hits 2/100 test samples
Duration (Remaining): 1m 5s (- 81m 11s) Iters: (2000 1%) Loss avg: 0.6765
Hits 9/100 test samples
Duration (Remaining): 1m 35s (- 78m 3s) Iters: (3000 2%) Loss avg: 0.3721
Hits 48/100 test samples
Duration (Remaining): 2m 5s (- 76m 19s) Iters: (4000 2%) Loss avg: 0.1437
Hits 96/100 test samples
Duration (Remaining): 2m 32s (- 73m 54s) Iters: (5000 3%) Loss avg: 0.0721
Hits 99/100 test samples
Duration (Remaining): 3m 13s (- 77m 29s) Iters: (6000 4%) Loss avg: 0.0220
Hits 88/100 test samples
Duration (Remaining): 3m 49s (- 78m 0s) Iters: (7000 4%) Loss avg: 0.0150
Hits 98/100 test samples
Duration (Remaining): 4m 20s (- 77m 2s) Iters: (8000 5%) Loss avg: 0.0076
Hits 99/100 test samples
Duration (Remaining): 4m 48s (- 75m 21s) Iters: (9000 6%) Loss avg: 0.0045
Hits 100/100 test samples
Duration (Remaining): 5m 17s (- 73m 59s) Iters: (10000 6%) Loss avg: 0.0229
Hits 71/100 test samples
Duration (Remaining): 5m 46s (- 72m 53s) Iters: (11000 7%) Loss avg: 0.0096
Hits 100/100 test samples
Duration (Remaining): 6m 21s (- 73m 9s) Iters: (12000 8%) Loss avg: 0.0017
Hits 100/100 test samples
Duration (Remaining): 6m 53s (- 72m 40s) Iters: (13000 8%) Loss avg: 0.0128
Hits 86/100 test samples
Duration (Remaining): 7m 27s (- 72m 25s) Iters: (14000 9%) Loss avg: 0.0117
Hits 100/100 test samples
Duration (Remaining): 7m 55s (- 71m 17s) Iters: (15000 10%) Loss avg: 0.0102
Hits 100/100 test samples
Duration (Remaining): 8m 23s (- 70m 12s) Iters: (16000 10%) Loss avg: 0.0009
Hits 100/100 test samples
Duration (Remaining): 8m 50s (- 69m 7s) Iters: (17000 11%) Loss avg: 0.0005
Hits 100/100 test samples
Duration (Remaining): 9m 17s (- 68m 7s) Iters: (18000 12%) Loss avg: 0.0003
Hits 100/100 test samples
Duration (Remaining): 9m 46s (- 67m 25s) Iters: (19000 12%) Loss avg: 0.0376
Hits 100/100 test samples
Duration (Remaining): 10m 15s (- 66m 40s) Iters: (20000 13%) Loss avg: 0.0028
Hits 100/100 test samples
Duration (Remaining): 10m 42s (- 65m 47s) Iters: (21000 14%) Loss avg: 0.0015
Hits 100/100 test samples
Duration (Remaining): 11m 10s (- 64m 58s) Iters: (22000 14%) Loss avg: 0.0005
Hits 100/100 test samples
Duration (Remaining): 11m 38s (- 64m 16s) Iters: (23000 15%) Loss avg: 0.0003
Hits 100/100 test samples
Duration (Remaining): 12m 9s (- 63m 48s) Iters: (24000 16%) Loss avg: 0.0002
Hits 100/100 test samples
Duration (Remaining): 12m 43s (- 63m 38s) Iters: (25000 16%) Loss avg: 0.0002
Hits 100/100 test samples
Duration (Remaining): 13m 18s (- 63m 26s) Iters: (26000 17%) Loss avg: 0.0011
Hits 95/100 test samples
Duration (Remaining): 13m 47s (- 62m 47s) Iters: (27000 18%) Loss avg: 0.0426
Hits 100/100 test samples
Duration (Remaining): 14m 16s (- 62m 10s) Iters: (28000 18%) Loss avg: 0.0010
Hits 100/100 test samples
Duration (Remaining): 14m 49s (- 61m 53s) Iters: (29000 19%) Loss avg: 0.0005
Hits 100/100 test samples
Duration (Remaining): 15m 19s (- 61m 18s) Iters: (30000 20%) Loss avg: 0.0005
Hits 100/100 test samples
Duration (Remaining): 15m 48s (- 60m 41s) Iters: (31000 20%) Loss avg: 0.0002
Hits 100/100 test samples
Duration (Remaining): 16m 16s (- 60m 1s) Iters: (32000 21%) Loss avg: 0.0404
Hits 100/100 test samples
Duration (Remaining): 16m 43s (- 59m 19s) Iters: (33000 22%) Loss avg: 0.0097
Hits 100/100 test samples
Duration (Remaining): 17m 13s (- 58m 45s) Iters: (34000 22%) Loss avg: 0.0010
Hits 100/100 test samples
Duration (Remaining): 17m 41s (- 58m 6s) Iters: (35000 23%) Loss avg: 0.0013
Hits 100/100 test samples
Duration (Remaining): 18m 10s (- 57m 33s) Iters: (36000 24%) Loss avg: 0.0005
Hits 100/100 test samples
Duration (Remaining): 18m 40s (- 57m 2s) Iters: (37000 24%) Loss avg: 0.0004
Hits 100/100 test samples
Duration (Remaining): 19m 12s (- 56m 38s) Iters: (38000 25%) Loss avg: 0.0001
Hits 99/100 test samples
Duration (Remaining): 19m 42s (- 56m 4s) Iters: (39000 26%) Loss avg: 0.0003
Hits 100/100 test samples
Duration (Remaining): 20m 12s (- 55m 35s) Iters: (40000 26%) Loss avg: 0.0001
Hits 100/100 test samples
Duration (Remaining): 20m 45s (- 55m 10s) Iters: (41000 27%) Loss avg: 0.0001
Hits 100/100 test samples
Duration (Remaining): 21m 18s (- 54m 47s) Iters: (42000 28%) Loss avg: 0.0001
Hits 100/100 test samples
Duration (Remaining): 21m 55s (- 54m 33s) Iters: (43000 28%) Loss avg: 0.0272
Hits 100/100 test samples
Duration (Remaining): 22m 26s (- 54m 4s) Iters: (44000 29%) Loss avg: 0.0096
Hits 100/100 test samples
Duration (Remaining): 23m 26s (- 54m 40s) Iters: (45000 30%) Loss avg: 0.0005
Hits 100/100 test samples
Duration (Remaining): 24m 14s (- 54m 48s) Iters: (46000 30%) Loss avg: 0.0002
Hits 100/100 test samples
Duration (Remaining): 25m 2s (- 54m 53s) Iters: (47000 31%) Loss avg: 0.0003
Hits 100/100 test samples
Duration (Remaining): 25m 36s (- 54m 24s) Iters: (48000 32%) Loss avg: 0.0143
Hits 100/100 test samples
Duration (Remaining): 26m 10s (- 53m 57s) Iters: (49000 32%) Loss avg: 0.0005
Hits 100/100 test samples
Duration (Remaining): 26m 43s (- 53m 27s) Iters: (50000 33%) Loss avg: 0.0002
Hits 100/100 test samples
Duration (Remaining): 27m 23s (- 53m 10s) Iters: (51000 34%) Loss avg: 0.0001
Hits 100/100 test samples
Duration (Remaining): 28m 4s (- 52m 53s) Iters: (52000 34%) Loss avg: 0.0002
Hits 100/100 test samples
Duration (Remaining): 29m 4s (- 53m 12s) Iters: (53000 35%) Loss avg: 0.0091
Hits 100/100 test samples
Duration (Remaining): 29m 42s (- 52m 49s) Iters: (54000 36%) Loss avg: 0.0013
Hits 100/100 test samples
Duration (Remaining): 30m 23s (- 52m 29s) Iters: (55000 36%) Loss avg: 0.0003
Hits 100/100 test samples
Duration (Remaining): 31m 6s (- 52m 12s) Iters: (56000 37%) Loss avg: 0.0001
Hits 100/100 test samples
Duration (Remaining): 31m 34s (- 51m 30s) Iters: (57000 38%) Loss avg: 0.0001
Hits 100/100 test samples
Duration (Remaining): 32m 12s (- 51m 5s) Iters: (58000 38%) Loss avg: 0.0001
Hits 100/100 test samples
Duration (Remaining): 32m 47s (- 50m 34s) Iters: (59000 39%) Loss avg: 0.0019
Hits 100/100 test samples
Duration (Remaining): 33m 22s (- 50m 3s) Iters: (60000 40%) Loss avg: 0.0001
Hits 100/100 test samples
Duration (Remaining): 33m 51s (- 49m 23s) Iters: (61000 40%) Loss avg: 0.0071
Hits 96/100 test samples
Duration (Remaining): 34m 18s (- 48m 41s) Iters: (62000 41%) Loss avg: 0.0015
Hits 100/100 test samples
Duration (Remaining): 34m 46s (- 48m 1s) Iters: (63000 42%) Loss avg: 0.0001
Hits 100/100 test samples
Duration (Remaining): 35m 15s (- 47m 22s) Iters: (64000 42%) Loss avg: 0.0005
Hits 100/100 test samples
Duration (Remaining): 35m 41s (- 46m 40s) Iters: (65000 43%) Loss avg: 0.0004
Hits 100/100 test samples
Duration (Remaining): 36m 10s (- 46m 2s) Iters: (66000 44%) Loss avg: 0.0023
Hits 100/100 test samples
Duration (Remaining): 36m 38s (- 45m 23s) Iters: (67000 44%) Loss avg: 0.0002
Hits 100/100 test samples
Duration (Remaining): 37m 10s (- 44m 49s) Iters: (68000 45%) Loss avg: 0.0001
Hits 100/100 test samples
Duration (Remaining): 37m 39s (- 44m 12s) Iters: (69000 46%) Loss avg: 0.0001
Hits 100/100 test samples
Duration (Remaining): 38m 13s (- 43m 41s) Iters: (70000 46%) Loss avg: 0.0000
Hits 100/100 test samples
Duration (Remaining): 38m 48s (- 43m 11s) Iters: (71000 47%) Loss avg: 0.0000
Hits 100/100 test samples
Duration (Remaining): 39m 23s (- 42m 40s) Iters: (72000 48%) Loss avg: 0.0000
Hits 100/100 test samples
Duration (Remaining): 40m 3s (- 42m 15s) Iters: (73000 48%) Loss avg: 0.0000
Hits 100/100 test samples
Duration (Remaining): 40m 34s (- 41m 40s) Iters: (74000 49%) Loss avg: 0.0000
Hits 100/100 test samples
Duration (Remaining): 41m 15s (- 41m 15s) Iters: (75000 50%) Loss avg: 0.0000
Hits 100/100 test samples
Duration (Remaining): 41m 52s (- 40m 46s) Iters: (76000 50%) Loss avg: 0.0000
Hits 100/100 test samples
Duration (Remaining): 42m 28s (- 40m 15s) Iters: (77000 51%) Loss avg: 0.0047
Hits 100/100 test samples
Duration (Remaining): 43m 3s (- 39m 44s) Iters: (78000 52%) Loss avg: 0.0001
Hits 100/100 test samples
Duration (Remaining): 43m 42s (- 39m 17s) Iters: (79000 52%) Loss avg: 0.0000
Hits 100/100 test samples
Duration (Remaining): 44m 13s (- 38m 41s) Iters: (80000 53%) Loss avg: 0.0052
Hits 100/100 test samples
Duration (Remaining): 44m 45s (- 38m 7s) Iters: (81000 54%) Loss avg: 0.0001
Hits 100/100 test samples
Duration (Remaining): 45m 18s (- 37m 34s) Iters: (82000 54%) Loss avg: 0.0003
Hits 100/100 test samples
Duration (Remaining): 45m 50s (- 37m 0s) Iters: (83000 55%) Loss avg: 0.0000
Hits 100/100 test samples
Duration (Remaining): 46m 29s (- 36m 31s) Iters: (84000 56%) Loss avg: 0.0000
Hits 100/100 test samples
Duration (Remaining): 47m 22s (- 36m 13s) Iters: (85000 56%) Loss avg: 0.0002
Hits 100/100 test samples
Duration (Remaining): 47m 52s (- 35m 37s) Iters: (86000 57%) Loss avg: 0.0004
Hits 100/100 test samples
Duration (Remaining): 48m 23s (- 35m 2s) Iters: (87000 57%) Loss avg: 0.0000
Hits 100/100 test samples
Duration (Remaining): 48m 53s (- 34m 26s) Iters: (88000 58%) Loss avg: 0.0000
Hits 100/100 test samples
Duration (Remaining): 49m 26s (- 33m 53s) Iters: (89000 59%) Loss avg: 0.0000
Hits 100/100 test samples
Duration (Remaining): 49m 58s (- 33m 19s) Iters: (90000 60%) Loss avg: 0.0000
Hits 100/100 test samples
Duration (Remaining): 50m 38s (- 32m 49s) Iters: (91000 60%) Loss avg: 0.0000
Hits 100/100 test samples
Duration (Remaining): 51m 11s (- 32m 16s) Iters: (92000 61%) Loss avg: 0.0136
Hits 100/100 test samples
Duration (Remaining): 51m 41s (- 31m 40s) Iters: (93000 62%) Loss avg: 0.0032
Hits 100/100 test samples
Duration (Remaining): 52m 10s (- 31m 4s) Iters: (94000 62%) Loss avg: 0.0001
Hits 100/100 test samples
Duration (Remaining): 52m 39s (- 30m 28s) Iters: (95000 63%) Loss avg: 0.0000
Hits 100/100 test samples
Duration (Remaining): 53m 7s (- 29m 53s) Iters: (96000 64%) Loss avg: 0.0001
Hits 100/100 test samples
Duration (Remaining): 53m 36s (- 29m 17s) Iters: (97000 64%) Loss avg: 0.0000
Hits 100/100 test samples
Duration (Remaining): 54m 4s (- 28m 41s) Iters: (98000 65%) Loss avg: 0.0000
Hits 100/100 test samples
Duration (Remaining): 54m 42s (- 28m 10s) Iters: (99000 66%) Loss avg: 0.0000
Hits 100/100 test samples
Reading lines...
Read 20910 sentence pairs
Trimmed to 20910 sentence pairs
Counting words...
Counted words:
scan_in 15
scan_out 15
GPU unavailable, training with CPU
Initialized model GRU
Training SCAN model GRU on split 'scan' for 5000 iterations on device cpu, intermediate rep? True, tag 2
Reading lines...
Read 20910 sentence pairs
Trimmed to 20910 sentence pairs
Counting words...
Counted words:
scan_in 15
scan_out 15
Loaded data from scan/SCAN-master/tasks_inter.txt
20910 examples. Sample pair: ['look opposite left after look opposite right', 'after opposite look left opposite look right']
Reading lines...
Read 20910 sentence pairs
Trimmed to 20910 sentence pairs
Counting words...
Counted words:
scan_in 15
scan_out 15
Loaded data from scan/SCAN-master/tasks_inter.txt
20910 examples. Sample pair: ['walk thrice after run around right twice', 'after thrice walk twice around run right']
Starting training: 5000 iterations
Hits 0/100 test samples
Duration (Remaining): 0m 27s (- 1m 50s) Iters: (1000 20%) Loss avg: 1.4257
Hits 2/100 test samples
Duration (Remaining): 0m 58s (- 1m 27s) Iters: (2000 40%) Loss avg: 0.6968
Hits 5/100 test samples
Duration (Remaining): 1m 25s (- 0m 57s) Iters: (3000 60%) Loss avg: 0.4443
Hits 12/100 test samples
Duration (Remaining): 1m 53s (- 0m 28s) Iters: (4000 80%) Loss avg: 0.3229
Hits 65/100 test samples
Duration (Remaining): 2m 21s (- 0m 0s) Iters: (5000 100%) Loss avg: 0.1293
Hits 98/100 test samples
Evaluating training split accuracy
Evaluation accuracy: 20383/20910 = 0.97%
Evaluating test split accuracy
Evaluation accuracy: 20383/20910 = 0.97%
Saved model at saved/scan_inter_5000_2.pt
