Reading lines...
Read 20910 sentence pairs
Trimmed to 20910 sentence pairs
Counting words...
Counted words:
scan_in 15
scan_out 8
Training on cuda:1
Initialized model GRU_A
Training SCAN model GRU_A on split 'scan' for 2000 iterations on device cuda:1, intermediate rep? False, tag None
Reading lines...
Traceback (most recent call last):
  File "seq2seq.py", line 572, in <module>
    checkpoint = trainTestSplit(DEVICE, encoder, decoder, args.model, train_path, test_path, iters=args.iters)
  File "seq2seq.py", line 494, in trainTestSplit
    train_pairs = scanData(train_path)
  File "seq2seq.py", line 484, in scanData
    _, _, pairs = prepareData('scan_in', 'scan_out', path, False)
  File "/home/salford/6884_final_project/utils.py", line 75, in prepareData
    input_lang, output_lang, pairs = readLangs(lang1, lang2, data, reverse)
  File "/home/salford/6884_final_project/utils.py", line 55, in readLangs
    with open(data, mode='r') as f:
FileNotFoundError: [Errno 2] No such file or directory: 'scan/SCAN-master/scan.txt'
Reading lines...
Read 20910 sentence pairs
Trimmed to 20910 sentence pairs
Counting words...
Counted words:
scan_in 15
scan_out 8
Training on cuda:1
Initialized model GRU_A
Training SCAN model GRU_A on split 'scan' for 2000 iterations on device cuda:1, intermediate rep? False, tag None
Reading lines...
Read 20910 sentence pairs
Trimmed to 20910 sentence pairs
Counting words...
Counted words:
scan_in 15
scan_out 8
Loaded data from scan/SCAN-master/tasks.txt
20910 examples. Sample pair: ['jump right thrice and jump twice', 'I_TURN_RIGHT I_JUMP I_TURN_RIGHT I_JUMP I_TURN_RIGHT I_JUMP I_JUMP I_JUMP']
Reading lines...
Read 20910 sentence pairs
Trimmed to 20910 sentence pairs
Counting words...
Counted words:
scan_in 15
scan_out 8
Loaded data from scan/SCAN-master/tasks.txt
20910 examples. Sample pair: ['run opposite left thrice after run opposite left', 'I_TURN_LEFT I_TURN_LEFT I_RUN I_TURN_LEFT I_TURN_LEFT I_RUN I_TURN_LEFT I_TURN_LEFT I_RUN I_TURN_LEFT I_TURN_LEFT I_RUN']
Starting training: 2000 iterations
Hits 0/100 test samples
Duration (Remaining): 1m 16s (- 1m 16s) Iters: (1000 50%) Loss avg: 1.2765
Hits 0/100 test samples
Duration (Remaining): 2m 21s (- 0m 0s) Iters: (2000 100%) Loss avg: 0.9659
Hits 1/100 test samples
Evaluating training split accuracy
Evaluation accuracy: 0/100 = 0.00%
Evaluating test split accuracy
Evaluation accuracy: 0/100 = 0.00%
Saved model at saved/scan_2000.pt
Reading lines...
Read 20910 sentence pairs
Trimmed to 20910 sentence pairs
Counting words...
Counted words:
scan_in 15
scan_out 8
Training on cuda:1
Initialized model GRU_A
Training SCAN model GRU_A on split 'scan' for 1000 iterations on device cuda:1, intermediate rep? False, tag None
Reading lines...
Read 20910 sentence pairs
Trimmed to 20910 sentence pairs
Counting words...
Counted words:
scan_in 15
scan_out 8
Loaded data from scan/SCAN-master/tasks.txt
20910 examples. Sample pair: ['jump right twice after turn opposite left', 'I_TURN_LEFT I_TURN_LEFT I_TURN_RIGHT I_JUMP I_TURN_RIGHT I_JUMP']
Reading lines...
Read 20910 sentence pairs
Trimmed to 20910 sentence pairs
Counting words...
Counted words:
scan_in 15
scan_out 8
Loaded data from scan/SCAN-master/tasks.txt
20910 examples. Sample pair: ['jump opposite left twice after look opposite right thrice', 'I_TURN_RIGHT I_TURN_RIGHT I_LOOK I_TURN_RIGHT I_TURN_RIGHT I_LOOK I_TURN_RIGHT I_TURN_RIGHT I_LOOK I_TURN_LEFT I_TURN_LEFT I_JUMP I_TURN_LEFT I_TURN_LEFT I_JUMP']
Starting training: 1000 iterations
Hits 0/100 test samples
Duration (Remaining): 3m 37s (- 0m 0s) Iters: (1000 100%) Loss avg: 1.2951
Hits 0/100 test samples
Evaluating training split accuracy
Evaluation accuracy: 0/100 = 0.00%
Evaluating test split accuracy
Evaluation accuracy: 0/100 = 0.00%
Saved model at saved/scan_1000.pt
Reading lines...
Read 20910 sentence pairs
Trimmed to 20910 sentence pairs
Counting words...
Counted words:
scan_in 15
scan_out 8
Training on cuda:1
Initialized model GRU_A
Training SCAN model GRU_A on split 'scan' for 150000 iterations on device cuda:1, intermediate rep? False, tag None
Reading lines...
Read 20910 sentence pairs
Trimmed to 20910 sentence pairs
Counting words...
Counted words:
scan_in 15
scan_out 8
Loaded data from scan/SCAN-master/tasks.txt
20910 examples. Sample pair: ['run opposite right thrice and run left thrice', 'I_TURN_RIGHT I_TURN_RIGHT I_RUN I_TURN_RIGHT I_TURN_RIGHT I_RUN I_TURN_RIGHT I_TURN_RIGHT I_RUN I_TURN_LEFT I_RUN I_TURN_LEFT I_RUN I_TURN_LEFT I_RUN']
Reading lines...
Read 20910 sentence pairs
Trimmed to 20910 sentence pairs
Counting words...
Counted words:
scan_in 15
scan_out 8
Loaded data from scan/SCAN-master/tasks.txt
20910 examples. Sample pair: ['run opposite left thrice and walk around left twice', 'I_TURN_LEFT I_TURN_LEFT I_RUN I_TURN_LEFT I_TURN_LEFT I_RUN I_TURN_LEFT I_TURN_LEFT I_RUN I_TURN_LEFT I_WALK I_TURN_LEFT I_WALK I_TURN_LEFT I_WALK I_TURN_LEFT I_WALK I_TURN_LEFT I_WALK I_TURN_LEFT I_WALK I_TURN_LEFT I_WALK I_TURN_LEFT I_WALK']
Starting training: 150000 iterations
Hits 0/100 test samples
Duration (Remaining): 6m 30s (- 969m 52s) Iters: (1000 0%) Loss avg: 1.3081
Hits 0/100 test samples
Duration (Remaining): 11m 23s (- 843m 35s) Iters: (2000 1%) Loss avg: 1.0032
Hits 0/100 test samples
Duration (Remaining): 16m 48s (- 823m 27s) Iters: (3000 2%) Loss avg: 0.8742
Hits 0/100 test samples
Duration (Remaining): 21m 29s (- 784m 28s) Iters: (4000 2%) Loss avg: 0.7863
Hits 3/100 test samples
Duration (Remaining): 26m 26s (- 766m 58s) Iters: (5000 3%) Loss avg: 0.6920
Hits 4/100 test samples
Duration (Remaining): 31m 17s (- 750m 58s) Iters: (6000 4%) Loss avg: 0.5990
Hits 5/100 test samples
Duration (Remaining): 35m 58s (- 734m 48s) Iters: (7000 4%) Loss avg: 0.5369
Hits 7/100 test samples
Duration (Remaining): 40m 42s (- 722m 42s) Iters: (8000 5%) Loss avg: 0.4993
Hits 11/100 test samples
Duration (Remaining): 45m 35s (- 714m 14s) Iters: (9000 6%) Loss avg: 0.4946
Hits 22/100 test samples
Duration (Remaining): 50m 18s (- 704m 15s) Iters: (10000 6%) Loss avg: 0.4277
Hits 19/100 test samples
Duration (Remaining): 55m 5s (- 696m 15s) Iters: (11000 7%) Loss avg: 0.3790
Hits 20/100 test samples
Duration (Remaining): 59m 45s (- 687m 16s) Iters: (12000 8%) Loss avg: 0.3415
Hits 19/100 test samples
Duration (Remaining): 64m 36s (- 680m 57s) Iters: (13000 8%) Loss avg: 0.3229
Hits 33/100 test samples
Duration (Remaining): 69m 19s (- 673m 31s) Iters: (14000 9%) Loss avg: 0.2933
Hits 26/100 test samples
Duration (Remaining): 74m 3s (- 666m 29s) Iters: (15000 10%) Loss avg: 0.2944
Hits 40/100 test samples
Duration (Remaining): 78m 41s (- 658m 59s) Iters: (16000 10%) Loss avg: 0.2657
Hits 48/100 test samples
Duration (Remaining): 83m 26s (- 652m 46s) Iters: (17000 11%) Loss avg: 0.2565
Hits 42/100 test samples
Duration (Remaining): 88m 4s (- 645m 55s) Iters: (18000 12%) Loss avg: 0.2157
Hits 45/100 test samples
Duration (Remaining): 92m 52s (- 640m 23s) Iters: (19000 12%) Loss avg: 0.2042
Hits 52/100 test samples
Duration (Remaining): 97m 29s (- 633m 42s) Iters: (20000 13%) Loss avg: 0.2109
Hits 49/100 test samples
Duration (Remaining): 102m 10s (- 627m 35s) Iters: (21000 14%) Loss avg: 0.1613
Hits 54/100 test samples
Duration (Remaining): 106m 56s (- 622m 11s) Iters: (22000 14%) Loss avg: 0.1894
Hits 58/100 test samples
Duration (Remaining): 111m 44s (- 617m 1s) Iters: (23000 15%) Loss avg: 0.1729
Hits 51/100 test samples
Duration (Remaining): 116m 24s (- 611m 9s) Iters: (24000 16%) Loss avg: 0.1595
Hits 67/100 test samples
Duration (Remaining): 121m 9s (- 605m 45s) Iters: (25000 16%) Loss avg: 0.1693
Hits 58/100 test samples
Duration (Remaining): 125m 46s (- 599m 52s) Iters: (26000 17%) Loss avg: 0.1623
Hits 58/100 test samples
Duration (Remaining): 130m 24s (- 594m 6s) Iters: (27000 18%) Loss avg: 0.1570
Hits 62/100 test samples
Duration (Remaining): 135m 7s (- 588m 47s) Iters: (28000 18%) Loss avg: 0.1225
Hits 67/100 test samples
Duration (Remaining): 139m 50s (- 583m 29s) Iters: (29000 19%) Loss avg: 0.1358
Hits 61/100 test samples
Duration (Remaining): 144m 31s (- 578m 4s) Iters: (30000 20%) Loss avg: 0.1339
Hits 57/100 test samples
Duration (Remaining): 149m 12s (- 572m 46s) Iters: (31000 20%) Loss avg: 0.1185
Hits 69/100 test samples
Duration (Remaining): 153m 57s (- 567m 44s) Iters: (32000 21%) Loss avg: 0.1063
Hits 63/100 test samples
Duration (Remaining): 158m 33s (- 562m 10s) Iters: (33000 22%) Loss avg: 0.1191
Hits 61/100 test samples
Duration (Remaining): 163m 15s (- 557m 0s) Iters: (34000 22%) Loss avg: 0.1215
Hits 61/100 test samples
Duration (Remaining): 167m 55s (- 551m 46s) Iters: (35000 23%) Loss avg: 0.1268
Hits 60/100 test samples
Duration (Remaining): 172m 37s (- 546m 38s) Iters: (36000 24%) Loss avg: 0.1209
Hits 66/100 test samples
Duration (Remaining): 177m 20s (- 541m 37s) Iters: (37000 24%) Loss avg: 0.1047
Hits 68/100 test samples
Duration (Remaining): 182m 3s (- 536m 36s) Iters: (38000 25%) Loss avg: 0.0915
Hits 67/100 test samples
Duration (Remaining): 186m 47s (- 531m 38s) Iters: (39000 26%) Loss avg: 0.1013
Hits 72/100 test samples
Duration (Remaining): 191m 33s (- 526m 48s) Iters: (40000 26%) Loss avg: 0.0973
Hits 64/100 test samples
Duration (Remaining): 196m 21s (- 522m 0s) Iters: (41000 27%) Loss avg: 0.1029
Hits 84/100 test samples
Duration (Remaining): 201m 8s (- 517m 12s) Iters: (42000 28%) Loss avg: 0.0725
Hits 79/100 test samples
Duration (Remaining): 205m 51s (- 512m 16s) Iters: (43000 28%) Loss avg: 0.0819
Hits 64/100 test samples
Duration (Remaining): 210m 43s (- 507m 38s) Iters: (44000 29%) Loss avg: 0.0888
Hits 77/100 test samples
Duration (Remaining): 215m 31s (- 502m 53s) Iters: (45000 30%) Loss avg: 0.0839
Hits 79/100 test samples
Duration (Remaining): 220m 22s (- 498m 14s) Iters: (46000 30%) Loss avg: 0.0909
Hits 76/100 test samples
Duration (Remaining): 225m 16s (- 493m 40s) Iters: (47000 31%) Loss avg: 0.0791
Hits 81/100 test samples
Duration (Remaining): 230m 19s (- 489m 26s) Iters: (48000 32%) Loss avg: 0.0888
Hits 78/100 test samples
Duration (Remaining): 235m 15s (- 484m 55s) Iters: (49000 32%) Loss avg: 0.0691
Hits 73/100 test samples
Duration (Remaining): 240m 4s (- 480m 9s) Iters: (50000 33%) Loss avg: 0.0535
Hits 81/100 test samples
Duration (Remaining): 245m 6s (- 475m 47s) Iters: (51000 34%) Loss avg: 0.0652
Hits 72/100 test samples
Duration (Remaining): 249m 45s (- 470m 41s) Iters: (52000 34%) Loss avg: 0.0922
Hits 75/100 test samples
Duration (Remaining): 254m 46s (- 466m 16s) Iters: (53000 35%) Loss avg: 0.0620
Hits 83/100 test samples
Duration (Remaining): 259m 30s (- 461m 20s) Iters: (54000 36%) Loss avg: 0.0668
Hits 83/100 test samples
Duration (Remaining): 264m 39s (- 457m 8s) Iters: (55000 36%) Loss avg: 0.0657
Hits 89/100 test samples
Duration (Remaining): 269m 27s (- 452m 18s) Iters: (56000 37%) Loss avg: 0.0985
Hits 55/100 test samples
Duration (Remaining): 274m 33s (- 447m 57s) Iters: (57000 38%) Loss avg: 0.1220
Hits 73/100 test samples
Duration (Remaining): 279m 21s (- 443m 6s) Iters: (58000 38%) Loss avg: 0.0861
Hits 79/100 test samples
Duration (Remaining): 284m 24s (- 438m 39s) Iters: (59000 39%) Loss avg: 0.0623
Hits 74/100 test samples
Duration (Remaining): 289m 25s (- 434m 7s) Iters: (60000 40%) Loss avg: 0.0735
Hits 87/100 test samples
Duration (Remaining): 294m 16s (- 429m 21s) Iters: (61000 40%) Loss avg: 0.0623
Hits 76/100 test samples
Duration (Remaining): 299m 22s (- 424m 54s) Iters: (62000 41%) Loss avg: 0.0554
Hits 82/100 test samples
Duration (Remaining): 304m 35s (- 420m 37s) Iters: (63000 42%) Loss avg: 0.0486
Hits 83/100 test samples
Duration (Remaining): 309m 14s (- 415m 32s) Iters: (64000 42%) Loss avg: 0.0539
Hits 84/100 test samples
Duration (Remaining): 314m 31s (- 411m 17s) Iters: (65000 43%) Loss avg: 0.0526
Hits 92/100 test samples
Duration (Remaining): 319m 32s (- 406m 41s) Iters: (66000 44%) Loss avg: 0.0681
Hits 80/100 test samples
Duration (Remaining): 324m 35s (- 402m 6s) Iters: (67000 44%) Loss avg: 0.0510
Hits 83/100 test samples
Duration (Remaining): 329m 42s (- 397m 34s) Iters: (68000 45%) Loss avg: 0.0564
Hits 86/100 test samples
Duration (Remaining): 334m 44s (- 392m 57s) Iters: (69000 46%) Loss avg: 0.0424
Hits 85/100 test samples
Duration (Remaining): 339m 39s (- 388m 11s) Iters: (70000 46%) Loss avg: 0.0503
Hits 88/100 test samples
Duration (Remaining): 345m 3s (- 383m 56s) Iters: (71000 47%) Loss avg: 0.0458
Hits 81/100 test samples
Duration (Remaining): 349m 55s (- 379m 5s) Iters: (72000 48%) Loss avg: 0.0500
Hits 73/100 test samples
Duration (Remaining): 354m 55s (- 374m 22s) Iters: (73000 48%) Loss avg: 0.0729
Hits 72/100 test samples
Duration (Remaining): 360m 21s (- 370m 5s) Iters: (74000 49%) Loss avg: 0.0425
Hits 84/100 test samples
Duration (Remaining): 365m 3s (- 365m 3s) Iters: (75000 50%) Loss avg: 0.0496
Hits 81/100 test samples
Duration (Remaining): 370m 5s (- 360m 21s) Iters: (76000 50%) Loss avg: 0.0520
Hits 80/100 test samples
Duration (Remaining): 375m 25s (- 355m 55s) Iters: (77000 51%) Loss avg: 0.0437
Hits 84/100 test samples
Duration (Remaining): 380m 24s (- 351m 8s) Iters: (78000 52%) Loss avg: 0.0504
Hits 82/100 test samples
Duration (Remaining): 385m 28s (- 346m 26s) Iters: (79000 52%) Loss avg: 0.0379
Hits 82/100 test samples
Duration (Remaining): 390m 35s (- 341m 46s) Iters: (80000 53%) Loss avg: 0.0503
Hits 74/100 test samples
Duration (Remaining): 395m 21s (- 336m 47s) Iters: (81000 54%) Loss avg: 0.0433
Hits 86/100 test samples
Duration (Remaining): 400m 18s (- 331m 57s) Iters: (82000 54%) Loss avg: 0.0326
Hits 81/100 test samples
Duration (Remaining): 405m 15s (- 327m 8s) Iters: (83000 55%) Loss avg: 0.0415
Hits 80/100 test samples
Duration (Remaining): 409m 53s (- 322m 3s) Iters: (84000 56%) Loss avg: 0.0606
Hits 96/100 test samples
Duration (Remaining): 415m 2s (- 317m 23s) Iters: (85000 56%) Loss avg: 0.0284
Hits 84/100 test samples
Duration (Remaining): 419m 40s (- 312m 19s) Iters: (86000 57%) Loss avg: 0.0338
Hits 90/100 test samples
Duration (Remaining): 424m 23s (- 307m 19s) Iters: (87000 57%) Loss avg: 0.0373
Hits 84/100 test samples
Duration (Remaining): 429m 50s (- 302m 50s) Iters: (88000 58%) Loss avg: 0.0384
Hits 77/100 test samples
Duration (Remaining): 434m 30s (- 297m 48s) Iters: (89000 59%) Loss avg: 0.0698
Hits 81/100 test samples
Duration (Remaining): 439m 33s (- 293m 2s) Iters: (90000 60%) Loss avg: 0.0701
Hits 77/100 test samples
Duration (Remaining): 444m 47s (- 288m 22s) Iters: (91000 60%) Loss avg: 0.0313
Hits 89/100 test samples
Duration (Remaining): 449m 28s (- 283m 21s) Iters: (92000 61%) Loss avg: 0.0268
Hits 91/100 test samples
Duration (Remaining): 454m 7s (- 278m 20s) Iters: (93000 62%) Loss avg: 0.0408
Hits 88/100 test samples
Duration (Remaining): 458m 45s (- 273m 17s) Iters: (94000 62%) Loss avg: 0.0503
Hits 70/100 test samples
Duration (Remaining): 463m 32s (- 268m 21s) Iters: (95000 63%) Loss avg: 0.0355
Hits 92/100 test samples
Duration (Remaining): 468m 11s (- 263m 21s) Iters: (96000 64%) Loss avg: 0.0240
Hits 90/100 test samples
Duration (Remaining): 472m 49s (- 258m 20s) Iters: (97000 64%) Loss avg: 0.0499
Hits 91/100 test samples
Duration (Remaining): 477m 25s (- 253m 19s) Iters: (98000 65%) Loss avg: 0.0652
Hits 84/100 test samples
Duration (Remaining): 481m 45s (- 248m 10s) Iters: (99000 66%) Loss avg: 0.0441
Hits 82/100 test samples
Duration (Remaining): 486m 1s (- 243m 0s) Iters: (100000 66%) Loss avg: 0.0272
Hits 85/100 test samples
Duration (Remaining): 490m 13s (- 237m 50s) Iters: (101000 67%) Loss avg: 0.0232
Hits 87/100 test samples
Duration (Remaining): 493m 35s (- 232m 16s) Iters: (102000 68%) Loss avg: 0.0281
Hits 90/100 test samples
Duration (Remaining): 496m 55s (- 226m 45s) Iters: (103000 68%) Loss avg: 0.0745
Hits 70/100 test samples
Duration (Remaining): 498m 59s (- 220m 42s) Iters: (104000 69%) Loss avg: 0.0564
Hits 95/100 test samples
Duration (Remaining): 500m 25s (- 214m 27s) Iters: (105000 70%) Loss avg: 0.0293
Hits 87/100 test samples
Duration (Remaining): 502m 57s (- 208m 46s) Iters: (106000 70%) Loss avg: 0.0493
Hits 86/100 test samples
Duration (Remaining): 505m 44s (- 203m 14s) Iters: (107000 71%) Loss avg: 0.0566
Hits 90/100 test samples
Duration (Remaining): 508m 20s (- 197m 41s) Iters: (108000 72%) Loss avg: 0.0513
Hits 84/100 test samples
Duration (Remaining): 511m 2s (- 192m 13s) Iters: (109000 72%) Loss avg: 0.0219
Hits 89/100 test samples
Duration (Remaining): 513m 44s (- 186m 48s) Iters: (110000 73%) Loss avg: 0.0166
Hits 92/100 test samples
Duration (Remaining): 515m 24s (- 181m 5s) Iters: (111000 74%) Loss avg: 0.0397
Hits 87/100 test samples
Duration (Remaining): 516m 24s (- 175m 12s) Iters: (112000 74%) Loss avg: 0.0446
Hits 93/100 test samples
Duration (Remaining): 517m 24s (- 169m 25s) Iters: (113000 75%) Loss avg: 0.0676
Hits 93/100 test samples
Duration (Remaining): 518m 25s (- 163m 42s) Iters: (114000 76%) Loss avg: 0.0147
Hits 94/100 test samples
Duration (Remaining): 519m 29s (- 158m 6s) Iters: (115000 76%) Loss avg: 0.0434
Hits 94/100 test samples
Duration (Remaining): 520m 32s (- 152m 34s) Iters: (116000 77%) Loss avg: 0.0540
Hits 95/100 test samples
Duration (Remaining): 521m 33s (- 147m 6s) Iters: (117000 78%) Loss avg: 0.0193
Hits 93/100 test samples
Duration (Remaining): 522m 34s (- 141m 43s) Iters: (118000 78%) Loss avg: 0.0262
Hits 93/100 test samples
Duration (Remaining): 523m 37s (- 136m 24s) Iters: (119000 79%) Loss avg: 0.0365
Hits 93/100 test samples
Duration (Remaining): 524m 38s (- 131m 9s) Iters: (120000 80%) Loss avg: 0.0175
Hits 96/100 test samples
Duration (Remaining): 525m 41s (- 125m 59s) Iters: (121000 80%) Loss avg: 0.0760
Hits 78/100 test samples
Duration (Remaining): 526m 41s (- 120m 52s) Iters: (122000 81%) Loss avg: 0.0376
Hits 98/100 test samples
Duration (Remaining): 527m 42s (- 115m 50s) Iters: (123000 82%) Loss avg: 0.0134
Hits 87/100 test samples
Duration (Remaining): 528m 42s (- 110m 51s) Iters: (124000 82%) Loss avg: 0.0415
Hits 89/100 test samples
Duration (Remaining): 529m 44s (- 105m 56s) Iters: (125000 83%) Loss avg: 0.0398
Hits 93/100 test samples
Duration (Remaining): 530m 46s (- 101m 5s) Iters: (126000 84%) Loss avg: 0.0133
Hits 94/100 test samples
Duration (Remaining): 531m 46s (- 96m 18s) Iters: (127000 84%) Loss avg: 0.0671
Hits 92/100 test samples
Duration (Remaining): 532m 48s (- 91m 34s) Iters: (128000 85%) Loss avg: 0.0462
Hits 94/100 test samples
Duration (Remaining): 533m 50s (- 86m 54s) Iters: (129000 86%) Loss avg: 0.0163
Hits 97/100 test samples
Duration (Remaining): 534m 49s (- 82m 16s) Iters: (130000 86%) Loss avg: 0.0322
Hits 82/100 test samples
Duration (Remaining): 535m 51s (- 77m 43s) Iters: (131000 87%) Loss avg: 0.0354
Hits 78/100 test samples
Duration (Remaining): 536m 53s (- 73m 12s) Iters: (132000 88%) Loss avg: 0.0332
Hits 93/100 test samples
Duration (Remaining): 537m 54s (- 68m 45s) Iters: (133000 88%) Loss avg: 0.0400
Hits 92/100 test samples
Duration (Remaining): 538m 56s (- 64m 21s) Iters: (134000 89%) Loss avg: 0.0415
Hits 69/100 test samples
Duration (Remaining): 539m 57s (- 59m 59s) Iters: (135000 90%) Loss avg: 0.0821
Hits 81/100 test samples
Duration (Remaining): 540m 57s (- 55m 41s) Iters: (136000 90%) Loss avg: 0.0301
Hits 91/100 test samples
Duration (Remaining): 541m 58s (- 51m 25s) Iters: (137000 91%) Loss avg: 0.0404
Hits 95/100 test samples
Duration (Remaining): 542m 56s (- 47m 12s) Iters: (138000 92%) Loss avg: 0.0211
Hits 93/100 test samples
Duration (Remaining): 543m 53s (- 43m 2s) Iters: (139000 92%) Loss avg: 0.0433
Hits 92/100 test samples
Duration (Remaining): 544m 48s (- 38m 54s) Iters: (140000 93%) Loss avg: 0.0373
Hits 90/100 test samples
Duration (Remaining): 545m 44s (- 34m 50s) Iters: (141000 94%) Loss avg: 0.0546
Hits 92/100 test samples
Duration (Remaining): 546m 40s (- 30m 47s) Iters: (142000 94%) Loss avg: 0.0160
Hits 99/100 test samples
Duration (Remaining): 547m 35s (- 26m 48s) Iters: (143000 95%) Loss avg: 0.0264
Hits 86/100 test samples
Duration (Remaining): 548m 29s (- 22m 51s) Iters: (144000 96%) Loss avg: 0.0306
Hits 87/100 test samples
Duration (Remaining): 549m 25s (- 18m 56s) Iters: (145000 96%) Loss avg: 0.0476
Hits 96/100 test samples
Duration (Remaining): 550m 20s (- 15m 4s) Iters: (146000 97%) Loss avg: 0.0417
Hits 95/100 test samples
Duration (Remaining): 551m 15s (- 11m 15s) Iters: (147000 98%) Loss avg: 0.0308
Hits 99/100 test samples
Duration (Remaining): 552m 11s (- 7m 27s) Iters: (148000 98%) Loss avg: 0.0112
Hits 97/100 test samples
Duration (Remaining): 553m 6s (- 3m 42s) Iters: (149000 99%) Loss avg: 0.0110
Hits 97/100 test samples
Duration (Remaining): 554m 2s (- 0m 0s) Iters: (150000 100%) Loss avg: 0.0161
Hits 91/100 test samples
Evaluating training split accuracy
Evaluation accuracy: 19262/20910 = 0.92%
Evaluating test split accuracy
Evaluation accuracy: 19262/20910 = 0.92%
Saved model at saved/scan_150000.pt
