Reading lines...
Read 20910 sentence pairs
Trimmed to 20910 sentence pairs
Counting words...
Counted words:
scan_in 15
scan_out 15
Training on cuda:1
Initialized model GRU_A
Training SCAN model GRU_A on split 'scan' for 2000 iterations on device cuda:1, intermediate rep? True, tag None
Reading lines...
Traceback (most recent call last):
  File "seq2seq.py", line 572, in <module>
    checkpoint = trainTestSplit(DEVICE, encoder, decoder, args.model, train_path, test_path, iters=args.iters)
  File "seq2seq.py", line 494, in trainTestSplit
    train_pairs = scanData(train_path)
  File "seq2seq.py", line 484, in scanData
    _, _, pairs = prepareData('scan_in', 'scan_out', path, False)
  File "/home/salford/6884_final_project/utils.py", line 75, in prepareData
    input_lang, output_lang, pairs = readLangs(lang1, lang2, data, reverse)
  File "/home/salford/6884_final_project/utils.py", line 55, in readLangs
    with open(data, mode='r') as f:
FileNotFoundError: [Errno 2] No such file or directory: 'scan/SCAN-master/scan_inter.txt'
Reading lines...
Read 20910 sentence pairs
Trimmed to 20910 sentence pairs
Counting words...
Counted words:
scan_in 15
scan_out 15
Training on cuda:1
Initialized model GRU_A
Training SCAN model GRU_A on split 'scan' for 2000 iterations on device cuda:1, intermediate rep? True, tag None
Reading lines...
Read 20910 sentence pairs
Trimmed to 20910 sentence pairs
Counting words...
Counted words:
scan_in 15
scan_out 15
Loaded data from scan/SCAN-master/tasks_inter.txt
20910 examples. Sample pair: ['look thrice after run opposite right twice', 'after thrice look twice opposite run right']
Reading lines...
Read 20910 sentence pairs
Trimmed to 20910 sentence pairs
Counting words...
Counted words:
scan_in 15
scan_out 15
Loaded data from scan/SCAN-master/tasks_inter.txt
20910 examples. Sample pair: ['run around left twice and run', 'and twice around run left run']
Starting training: 2000 iterations
Hits 0/100 test samples
Duration (Remaining): 0m 50s (- 0m 50s) Iters: (1000 50%) Loss avg: 0.9694
Hits 81/100 test samples
Duration (Remaining): 1m 35s (- 0m 0s) Iters: (2000 100%) Loss avg: 0.1206
Hits 99/100 test samples
Evaluating training split accuracy
Evaluation accuracy: 32/100 = 0.32%
Evaluating test split accuracy
Evaluation accuracy: 32/100 = 0.32%
Saved model at saved/scan_inter_2000.pt
Reading lines...
Read 20910 sentence pairs
Trimmed to 20910 sentence pairs
Counting words...
Counted words:
scan_in 15
scan_out 15
Training on cuda:1
Initialized model GRU_A
Training SCAN model GRU_A on split 'scan' for 1000 iterations on device cuda:1, intermediate rep? True, tag None
Reading lines...
Read 20910 sentence pairs
Trimmed to 20910 sentence pairs
Counting words...
Counted words:
scan_in 15
scan_out 15
Loaded data from scan/SCAN-master/tasks_inter.txt
20910 examples. Sample pair: ['look left thrice after run thrice', 'after thrice left look thrice run']
Reading lines...
Read 20910 sentence pairs
Trimmed to 20910 sentence pairs
Counting words...
Counted words:
scan_in 15
scan_out 15
Loaded data from scan/SCAN-master/tasks_inter.txt
20910 examples. Sample pair: ['look twice and walk twice', 'and twice look twice walk']
Starting training: 1000 iterations
Hits 0/100 test samples
Duration (Remaining): 3m 6s (- 0m 0s) Iters: (1000 100%) Loss avg: 0.7710
Hits 80/100 test samples
Evaluating training split accuracy
Evaluation accuracy: 2/100 = 0.02%
Evaluating test split accuracy
Evaluation accuracy: 2/100 = 0.02%
Saved model at saved/scan_inter_1000.pt
Reading lines...
Read 20910 sentence pairs
Trimmed to 20910 sentence pairs
Counting words...
Counted words:
scan_in 15
scan_out 15
Training on cuda:1
Initialized model GRU_A
Training SCAN model GRU_A on split 'scan' for 150000 iterations on device cuda:1, intermediate rep? True, tag None
Reading lines...
Read 20910 sentence pairs
Trimmed to 20910 sentence pairs
Counting words...
Counted words:
scan_in 15
scan_out 15
Loaded data from scan/SCAN-master/tasks_inter.txt
20910 examples. Sample pair: ['walk opposite left after run opposite left', 'after opposite walk left opposite run left']
Reading lines...
Read 20910 sentence pairs
Trimmed to 20910 sentence pairs
Counting words...
Counted words:
scan_in 15
scan_out 15
Loaded data from scan/SCAN-master/tasks_inter.txt
20910 examples. Sample pair: ['look left thrice after look left thrice', 'after thrice left look thrice left look']
Starting training: 150000 iterations
Hits 0/100 test samples
Duration (Remaining): 4m 42s (- 701m 46s) Iters: (1000 0%) Loss avg: 0.8190
Hits 85/100 test samples
Duration (Remaining): 8m 0s (- 593m 5s) Iters: (2000 1%) Loss avg: 0.1695
Hits 96/100 test samples
Duration (Remaining): 11m 24s (- 559m 0s) Iters: (3000 2%) Loss avg: 0.0639
Hits 76/100 test samples
Duration (Remaining): 15m 19s (- 559m 38s) Iters: (4000 2%) Loss avg: 0.0672
Hits 98/100 test samples
Duration (Remaining): 18m 31s (- 537m 15s) Iters: (5000 3%) Loss avg: 0.0308
Hits 94/100 test samples
Duration (Remaining): 21m 48s (- 523m 33s) Iters: (6000 4%) Loss avg: 0.0439
Hits 95/100 test samples
Duration (Remaining): 25m 11s (- 514m 30s) Iters: (7000 4%) Loss avg: 0.0478
Hits 98/100 test samples
Duration (Remaining): 28m 24s (- 504m 20s) Iters: (8000 5%) Loss avg: 0.0472
Hits 87/100 test samples
Duration (Remaining): 31m 44s (- 497m 19s) Iters: (9000 6%) Loss avg: 0.0446
Hits 99/100 test samples
Duration (Remaining): 34m 59s (- 489m 55s) Iters: (10000 6%) Loss avg: 0.0845
Hits 87/100 test samples
Duration (Remaining): 38m 17s (- 483m 53s) Iters: (11000 7%) Loss avg: 0.0388
Hits 98/100 test samples
Duration (Remaining): 41m 32s (- 477m 43s) Iters: (12000 8%) Loss avg: 0.0164
Hits 100/100 test samples
Duration (Remaining): 44m 53s (- 473m 8s) Iters: (13000 8%) Loss avg: 0.0201
Hits 98/100 test samples
Duration (Remaining): 48m 12s (- 468m 21s) Iters: (14000 9%) Loss avg: 0.0879
Hits 91/100 test samples
Duration (Remaining): 51m 27s (- 463m 7s) Iters: (15000 10%) Loss avg: 0.1297
Hits 94/100 test samples
Duration (Remaining): 54m 48s (- 459m 2s) Iters: (16000 10%) Loss avg: 0.0868
Hits 93/100 test samples
Duration (Remaining): 58m 2s (- 454m 5s) Iters: (17000 11%) Loss avg: 0.0357
Hits 99/100 test samples
Duration (Remaining): 61m 16s (- 449m 22s) Iters: (18000 12%) Loss avg: 0.0343
Hits 97/100 test samples
Duration (Remaining): 64m 32s (- 444m 59s) Iters: (19000 12%) Loss avg: 0.0412
Hits 94/100 test samples
Duration (Remaining): 67m 47s (- 440m 41s) Iters: (20000 13%) Loss avg: 0.0294
Hits 97/100 test samples
Duration (Remaining): 71m 0s (- 436m 11s) Iters: (21000 14%) Loss avg: 0.0352
Hits 96/100 test samples
Duration (Remaining): 74m 16s (- 432m 9s) Iters: (22000 14%) Loss avg: 0.0424
Hits 98/100 test samples
Duration (Remaining): 77m 30s (- 427m 58s) Iters: (23000 15%) Loss avg: 0.0464
Hits 95/100 test samples
Duration (Remaining): 80m 47s (- 424m 6s) Iters: (24000 16%) Loss avg: 0.0295
Hits 99/100 test samples
Duration (Remaining): 84m 1s (- 420m 7s) Iters: (25000 16%) Loss avg: 0.0428
Hits 98/100 test samples
Duration (Remaining): 87m 17s (- 416m 17s) Iters: (26000 17%) Loss avg: 0.0153
Hits 100/100 test samples
Duration (Remaining): 90m 29s (- 412m 13s) Iters: (27000 18%) Loss avg: 0.0065
Hits 99/100 test samples
Duration (Remaining): 93m 44s (- 408m 28s) Iters: (28000 18%) Loss avg: 0.0205
Hits 99/100 test samples
Duration (Remaining): 96m 58s (- 404m 37s) Iters: (29000 19%) Loss avg: 0.0196
Hits 99/100 test samples
Duration (Remaining): 100m 13s (- 400m 53s) Iters: (30000 20%) Loss avg: 0.0065
Hits 100/100 test samples
Duration (Remaining): 103m 27s (- 397m 8s) Iters: (31000 20%) Loss avg: 0.0078
Hits 100/100 test samples
Duration (Remaining): 106m 42s (- 393m 29s) Iters: (32000 21%) Loss avg: 0.0031
Hits 100/100 test samples
Duration (Remaining): 109m 56s (- 389m 46s) Iters: (33000 22%) Loss avg: 0.0245
Hits 96/100 test samples
Duration (Remaining): 113m 10s (- 386m 9s) Iters: (34000 22%) Loss avg: 0.0230
Hits 99/100 test samples
Duration (Remaining): 116m 25s (- 382m 32s) Iters: (35000 23%) Loss avg: 0.0135
Hits 99/100 test samples
Duration (Remaining): 119m 40s (- 378m 57s) Iters: (36000 24%) Loss avg: 0.0023
Hits 100/100 test samples
Duration (Remaining): 122m 54s (- 375m 23s) Iters: (37000 24%) Loss avg: 0.0062
Hits 100/100 test samples
Duration (Remaining): 126m 8s (- 371m 46s) Iters: (38000 25%) Loss avg: 0.0316
Hits 97/100 test samples
Duration (Remaining): 129m 23s (- 368m 15s) Iters: (39000 26%) Loss avg: 0.0060
Hits 99/100 test samples
Duration (Remaining): 132m 39s (- 364m 47s) Iters: (40000 26%) Loss avg: 0.0007
Hits 100/100 test samples
Duration (Remaining): 135m 54s (- 361m 19s) Iters: (41000 27%) Loss avg: 0.0137
Hits 100/100 test samples
Duration (Remaining): 139m 10s (- 357m 52s) Iters: (42000 28%) Loss avg: 0.0227
Hits 98/100 test samples
Duration (Remaining): 142m 23s (- 354m 20s) Iters: (43000 28%) Loss avg: 0.0326
Hits 99/100 test samples
Duration (Remaining): 145m 38s (- 350m 50s) Iters: (44000 29%) Loss avg: 0.0337
Hits 99/100 test samples
Duration (Remaining): 148m 52s (- 347m 23s) Iters: (45000 30%) Loss avg: 0.0094
Hits 100/100 test samples
Duration (Remaining): 152m 5s (- 343m 52s) Iters: (46000 30%) Loss avg: 0.0091
Hits 100/100 test samples
Duration (Remaining): 155m 20s (- 340m 25s) Iters: (47000 31%) Loss avg: 0.0007
Hits 100/100 test samples
Duration (Remaining): 158m 34s (- 336m 59s) Iters: (48000 32%) Loss avg: 0.0021
Hits 100/100 test samples
Duration (Remaining): 161m 52s (- 333m 38s) Iters: (49000 32%) Loss avg: 0.0094
Hits 98/100 test samples
Duration (Remaining): 165m 6s (- 330m 13s) Iters: (50000 33%) Loss avg: 0.0411
Hits 100/100 test samples
Duration (Remaining): 168m 21s (- 326m 48s) Iters: (51000 34%) Loss avg: 0.0016
Hits 100/100 test samples
Duration (Remaining): 171m 34s (- 323m 21s) Iters: (52000 34%) Loss avg: 0.0050
Hits 98/100 test samples
Duration (Remaining): 174m 49s (- 319m 58s) Iters: (53000 35%) Loss avg: 0.0005
Hits 100/100 test samples
Duration (Remaining): 178m 1s (- 316m 29s) Iters: (54000 36%) Loss avg: 0.0041
Hits 100/100 test samples
Duration (Remaining): 181m 18s (- 313m 10s) Iters: (55000 36%) Loss avg: 0.0583
Hits 98/100 test samples
Duration (Remaining): 184m 33s (- 309m 48s) Iters: (56000 37%) Loss avg: 0.0209
Hits 99/100 test samples
Duration (Remaining): 187m 48s (- 306m 25s) Iters: (57000 38%) Loss avg: 0.0039
Hits 100/100 test samples
Duration (Remaining): 191m 8s (- 303m 11s) Iters: (58000 38%) Loss avg: 0.0065
Hits 92/100 test samples
Duration (Remaining): 194m 24s (- 299m 50s) Iters: (59000 39%) Loss avg: 0.0110
Hits 100/100 test samples
Duration (Remaining): 197m 39s (- 296m 29s) Iters: (60000 40%) Loss avg: 0.0023
Hits 100/100 test samples
Duration (Remaining): 200m 58s (- 293m 12s) Iters: (61000 40%) Loss avg: 0.0028
Hits 100/100 test samples
Duration (Remaining): 204m 17s (- 289m 58s) Iters: (62000 41%) Loss avg: 0.0061
Hits 100/100 test samples
Duration (Remaining): 207m 35s (- 286m 40s) Iters: (63000 42%) Loss avg: 0.0166
Hits 100/100 test samples
Duration (Remaining): 210m 51s (- 283m 20s) Iters: (64000 42%) Loss avg: 0.0108
Hits 100/100 test samples
Duration (Remaining): 214m 7s (- 280m 1s) Iters: (65000 43%) Loss avg: 0.0057
Hits 100/100 test samples
Duration (Remaining): 217m 23s (- 276m 40s) Iters: (66000 44%) Loss avg: 0.0052
Hits 98/100 test samples
Duration (Remaining): 220m 49s (- 273m 33s) Iters: (67000 44%) Loss avg: 0.0200
Hits 100/100 test samples
Duration (Remaining): 224m 6s (- 270m 15s) Iters: (68000 45%) Loss avg: 0.0090
Hits 98/100 test samples
Duration (Remaining): 227m 24s (- 266m 57s) Iters: (69000 46%) Loss avg: 0.0066
Hits 100/100 test samples
Duration (Remaining): 231m 7s (- 264m 8s) Iters: (70000 46%) Loss avg: 0.0056
Hits 99/100 test samples
Duration (Remaining): 234m 28s (- 260m 53s) Iters: (71000 47%) Loss avg: 0.0011
Hits 100/100 test samples
Duration (Remaining): 237m 46s (- 257m 35s) Iters: (72000 48%) Loss avg: 0.0084
Hits 94/100 test samples
Duration (Remaining): 241m 15s (- 254m 28s) Iters: (73000 48%) Loss avg: 0.0052
Hits 99/100 test samples
Duration (Remaining): 244m 38s (- 251m 14s) Iters: (74000 49%) Loss avg: 0.0063
Hits 100/100 test samples
Duration (Remaining): 247m 52s (- 247m 52s) Iters: (75000 50%) Loss avg: 0.0092
Hits 100/100 test samples
Duration (Remaining): 251m 21s (- 244m 45s) Iters: (76000 50%) Loss avg: 0.0484
Hits 99/100 test samples
Duration (Remaining): 254m 44s (- 241m 30s) Iters: (77000 51%) Loss avg: 0.0169
Hits 98/100 test samples
Duration (Remaining): 257m 58s (- 238m 7s) Iters: (78000 52%) Loss avg: 0.0267
Hits 100/100 test samples
Duration (Remaining): 261m 22s (- 234m 54s) Iters: (79000 52%) Loss avg: 0.0048
Hits 100/100 test samples
Duration (Remaining): 264m 58s (- 231m 51s) Iters: (80000 53%) Loss avg: 0.0015
Hits 100/100 test samples
Duration (Remaining): 268m 18s (- 228m 33s) Iters: (81000 54%) Loss avg: 0.0020
Hits 100/100 test samples
Duration (Remaining): 271m 32s (- 225m 10s) Iters: (82000 54%) Loss avg: 0.0003
Hits 100/100 test samples
Duration (Remaining): 275m 9s (- 222m 6s) Iters: (83000 55%) Loss avg: 0.0003
Hits 100/100 test samples
Duration (Remaining): 278m 37s (- 218m 55s) Iters: (84000 56%) Loss avg: 0.0039
Hits 100/100 test samples
Duration (Remaining): 281m 53s (- 215m 33s) Iters: (85000 56%) Loss avg: 0.0053
Hits 98/100 test samples
Duration (Remaining): 285m 22s (- 212m 22s) Iters: (86000 57%) Loss avg: 0.0002
Hits 100/100 test samples
Duration (Remaining): 289m 0s (- 209m 17s) Iters: (87000 57%) Loss avg: 0.0052
Hits 100/100 test samples
Duration (Remaining): 292m 24s (- 206m 0s) Iters: (88000 58%) Loss avg: 0.0082
Hits 100/100 test samples
Duration (Remaining): 295m 36s (- 202m 36s) Iters: (89000 59%) Loss avg: 0.0018
Hits 100/100 test samples
Duration (Remaining): 299m 17s (- 199m 31s) Iters: (90000 60%) Loss avg: 0.0008
Hits 100/100 test samples
Duration (Remaining): 303m 2s (- 196m 28s) Iters: (91000 60%) Loss avg: 0.0039
Hits 98/100 test samples
Duration (Remaining): 306m 19s (- 193m 6s) Iters: (92000 61%) Loss avg: 0.0021
Hits 100/100 test samples
Duration (Remaining): 309m 31s (- 189m 42s) Iters: (93000 62%) Loss avg: 0.0089
Hits 99/100 test samples
Duration (Remaining): 313m 7s (- 186m 32s) Iters: (94000 62%) Loss avg: 0.0015
Hits 99/100 test samples
Duration (Remaining): 316m 42s (- 183m 21s) Iters: (95000 63%) Loss avg: 0.0082
Hits 99/100 test samples
Duration (Remaining): 319m 55s (- 179m 57s) Iters: (96000 64%) Loss avg: 0.0168
Hits 100/100 test samples
Duration (Remaining): 323m 19s (- 176m 39s) Iters: (97000 64%) Loss avg: 0.0010
Hits 100/100 test samples
Duration (Remaining): 326m 57s (- 173m 29s) Iters: (98000 65%) Loss avg: 0.0144
Hits 100/100 test samples
Duration (Remaining): 330m 39s (- 170m 20s) Iters: (99000 66%) Loss avg: 0.0011
Hits 100/100 test samples
Duration (Remaining): 333m 54s (- 166m 57s) Iters: (100000 66%) Loss avg: 0.0078
Hits 100/100 test samples
Duration (Remaining): 337m 14s (- 163m 36s) Iters: (101000 67%) Loss avg: 0.0148
Hits 100/100 test samples
Duration (Remaining): 340m 49s (- 160m 23s) Iters: (102000 68%) Loss avg: 0.0015
Hits 100/100 test samples
Duration (Remaining): 344m 16s (- 157m 5s) Iters: (103000 68%) Loss avg: 0.0045
Hits 100/100 test samples
Duration (Remaining): 348m 3s (- 153m 56s) Iters: (104000 69%) Loss avg: 0.0268
Hits 99/100 test samples
Duration (Remaining): 351m 16s (- 150m 32s) Iters: (105000 70%) Loss avg: 0.0010
Hits 100/100 test samples
Duration (Remaining): 354m 49s (- 147m 17s) Iters: (106000 70%) Loss avg: 0.0016
Hits 100/100 test samples
Duration (Remaining): 358m 27s (- 144m 3s) Iters: (107000 71%) Loss avg: 0.0121
Hits 99/100 test samples
Duration (Remaining): 362m 3s (- 140m 48s) Iters: (108000 72%) Loss avg: 0.0022
Hits 100/100 test samples
Duration (Remaining): 365m 22s (- 137m 25s) Iters: (109000 72%) Loss avg: 0.0022
Hits 100/100 test samples
Duration (Remaining): 368m 48s (- 134m 6s) Iters: (110000 73%) Loss avg: 0.0038
Hits 100/100 test samples
Duration (Remaining): 372m 32s (- 130m 53s) Iters: (111000 74%) Loss avg: 0.0095
Hits 99/100 test samples
Duration (Remaining): 376m 13s (- 127m 38s) Iters: (112000 74%) Loss avg: 0.0137
Hits 95/100 test samples
Duration (Remaining): 379m 40s (- 124m 19s) Iters: (113000 75%) Loss avg: 0.1945
Hits 100/100 test samples
Duration (Remaining): 382m 54s (- 120m 55s) Iters: (114000 76%) Loss avg: 0.0048
Hits 100/100 test samples
Duration (Remaining): 386m 37s (- 117m 39s) Iters: (115000 76%) Loss avg: 0.0029
Hits 100/100 test samples
Duration (Remaining): 390m 9s (- 114m 21s) Iters: (116000 77%) Loss avg: 0.0014
Hits 100/100 test samples
Duration (Remaining): 393m 24s (- 110m 57s) Iters: (117000 78%) Loss avg: 0.0024
Hits 99/100 test samples
Duration (Remaining): 396m 39s (- 107m 34s) Iters: (118000 78%) Loss avg: 0.0059
Hits 100/100 test samples
Duration (Remaining): 400m 4s (- 104m 13s) Iters: (119000 79%) Loss avg: 0.0010
Hits 100/100 test samples
Duration (Remaining): 403m 34s (- 100m 53s) Iters: (120000 80%) Loss avg: 0.0056
Hits 100/100 test samples
Duration (Remaining): 406m 48s (- 97m 29s) Iters: (121000 80%) Loss avg: 0.0235
Hits 100/100 test samples
Duration (Remaining): 410m 1s (- 94m 6s) Iters: (122000 81%) Loss avg: 0.0010
Hits 100/100 test samples
Duration (Remaining): 413m 39s (- 90m 48s) Iters: (123000 82%) Loss avg: 0.0020
Hits 99/100 test samples
Duration (Remaining): 417m 5s (- 87m 27s) Iters: (124000 82%) Loss avg: 0.0148
Hits 98/100 test samples
Duration (Remaining): 420m 18s (- 84m 3s) Iters: (125000 83%) Loss avg: 0.0060
Hits 98/100 test samples
Duration (Remaining): 423m 33s (- 80m 40s) Iters: (126000 84%) Loss avg: 0.0044
Hits 100/100 test samples
Duration (Remaining): 427m 11s (- 77m 21s) Iters: (127000 84%) Loss avg: 0.0061
Hits 94/100 test samples
Duration (Remaining): 430m 44s (- 74m 2s) Iters: (128000 85%) Loss avg: 0.0216
Hits 100/100 test samples
Duration (Remaining): 434m 0s (- 70m 39s) Iters: (129000 86%) Loss avg: 0.0033
Hits 100/100 test samples
Duration (Remaining): 437m 14s (- 67m 16s) Iters: (130000 86%) Loss avg: 0.0060
Hits 100/100 test samples
Duration (Remaining): 440m 57s (- 63m 57s) Iters: (131000 87%) Loss avg: 0.0096
Hits 100/100 test samples
Duration (Remaining): 444m 39s (- 60m 38s) Iters: (132000 88%) Loss avg: 0.0049
Hits 100/100 test samples
Duration (Remaining): 447m 51s (- 57m 14s) Iters: (133000 88%) Loss avg: 0.0029
Hits 99/100 test samples
Duration (Remaining): 451m 7s (- 53m 51s) Iters: (134000 89%) Loss avg: 0.0064
Hits 99/100 test samples
Duration (Remaining): 454m 20s (- 50m 28s) Iters: (135000 90%) Loss avg: 0.0084
Hits 100/100 test samples
Duration (Remaining): 457m 34s (- 47m 6s) Iters: (136000 90%) Loss avg: 0.0013
Hits 100/100 test samples
Duration (Remaining): 460m 49s (- 43m 43s) Iters: (137000 91%) Loss avg: 0.0117
Hits 100/100 test samples
Duration (Remaining): 464m 4s (- 40m 21s) Iters: (138000 92%) Loss avg: 0.0065
Hits 99/100 test samples
Duration (Remaining): 467m 19s (- 36m 58s) Iters: (139000 92%) Loss avg: 0.0024
Hits 100/100 test samples
Duration (Remaining): 470m 34s (- 33m 36s) Iters: (140000 93%) Loss avg: 0.0110
Hits 99/100 test samples
Duration (Remaining): 473m 48s (- 30m 14s) Iters: (141000 94%) Loss avg: 0.0007
Hits 100/100 test samples
Duration (Remaining): 476m 59s (- 26m 52s) Iters: (142000 94%) Loss avg: 0.0051
Hits 100/100 test samples
Duration (Remaining): 479m 56s (- 23m 29s) Iters: (143000 95%) Loss avg: 0.0150
Hits 100/100 test samples
Duration (Remaining): 482m 53s (- 20m 7s) Iters: (144000 96%) Loss avg: 0.0034
Hits 100/100 test samples
Duration (Remaining): 485m 51s (- 16m 45s) Iters: (145000 96%) Loss avg: 0.0093
Hits 100/100 test samples
Duration (Remaining): 488m 48s (- 13m 23s) Iters: (146000 97%) Loss avg: 0.0051
Hits 100/100 test samples
Duration (Remaining): 491m 21s (- 10m 1s) Iters: (147000 98%) Loss avg: 0.0050
Hits 100/100 test samples
Duration (Remaining): 493m 35s (- 6m 40s) Iters: (148000 98%) Loss avg: 0.0049
Hits 99/100 test samples
Duration (Remaining): 495m 50s (- 3m 19s) Iters: (149000 99%) Loss avg: 0.0042
Hits 100/100 test samples
Duration (Remaining): 498m 4s (- 0m 0s) Iters: (150000 100%) Loss avg: 0.0053
Hits 98/100 test samples
Evaluating training split accuracy
Evaluation accuracy: 20856/20910 = 1.00%
Evaluating test split accuracy
Evaluation accuracy: 20856/20910 = 1.00%
Saved model at saved/scan_inter_150000.pt
