Reading lines...
Read 20910 sentence pairs
Trimmed to 20910 sentence pairs
Counting words...
Counted words:
scan_in 15
scan_out 15
GPU unavailable, training with CPU
Initialized model GRU_A
Training SCAN model GRU_A on split 'scan' for 10000 iterations on device cpu, intermediate rep? False, tag None
Reading lines...
Read 20910 sentence pairs
Trimmed to 20910 sentence pairs
Counting words...
Counted words:
scan_in 15
scan_out 15
Loaded data from scan/SCAN-master/tasks_copy.txt
20910 examples. Sample pair: ['look opposite left thrice after walk around left', 'look opposite left thrice after walk around left']
Reading lines...
Read 20910 sentence pairs
Trimmed to 20910 sentence pairs
Counting words...
Counted words:
scan_in 15
scan_out 15
Loaded data from scan/SCAN-master/tasks_copy.txt
20910 examples. Sample pair: ['run opposite right thrice and jump opposite right thrice', 'run opposite right thrice and jump opposite right thrice']
Starting training: 10000 iterations
Hits 0/100 test samples
Duration (Remaining): 0m 37s (- 5m 41s) Iters: (1000 10%) Loss avg: 0.4655
Hits 99/100 test samples
Duration (Remaining): 1m 15s (- 5m 1s) Iters: (2000 20%) Loss avg: 0.0135
Hits 96/100 test samples
Duration (Remaining): 1m 56s (- 4m 32s) Iters: (3000 30%) Loss avg: 0.0427
Hits 95/100 test samples
Duration (Remaining): 2m 35s (- 3m 53s) Iters: (4000 40%) Loss avg: 0.0102
Hits 99/100 test samples
Duration (Remaining): 3m 19s (- 3m 19s) Iters: (5000 50%) Loss avg: 0.0061
Hits 93/100 test samples
Duration (Remaining): 3m 58s (- 2m 39s) Iters: (6000 60%) Loss avg: 0.0155
Hits 100/100 test samples
Duration (Remaining): 5m 5s (- 2m 11s) Iters: (7000 70%) Loss avg: 0.0005
Hits 100/100 test samples
Duration (Remaining): 6m 47s (- 1m 41s) Iters: (8000 80%) Loss avg: 0.0008
Hits 100/100 test samples
Duration (Remaining): 8m 15s (- 0m 55s) Iters: (9000 90%) Loss avg: 0.0529
Hits 98/100 test samples
Duration (Remaining): 9m 55s (- 0m 0s) Iters: (10000 100%) Loss avg: 0.0019
Hits 100/100 test samples
Evaluating training split accuracy
Evaluation accuracy: 20902/20910 = 1.00%
Evaluating test split accuracy
Evaluation accuracy: 20902/20910 = 1.00%
Saved model at saved/scan_10000_(0)_(0).pt
Reading lines...
Read 20910 sentence pairs
Trimmed to 20910 sentence pairs
Counting words...
Counted words:
scan_in 15
scan_out 15
GPU unavailable, training with CPU
Initialized model GRU_A
Training SCAN model GRU_A on split 'scan' for 10000 iterations on device cpu, variant copy, tag None
Reading lines...
Read 20910 sentence pairs
Trimmed to 20910 sentence pairs
Counting words...
Counted words:
scan_in 15
scan_out 15
Loaded data from scan/SCAN-master/tasks_copy.txt
20910 examples. Sample pair: ['turn around left and turn around right twice', 'turn around left and turn around right twice']
Reading lines...
Read 20910 sentence pairs
Trimmed to 20910 sentence pairs
Counting words...
Counted words:
scan_in 15
scan_out 15
Loaded data from scan/SCAN-master/tasks_copy.txt
20910 examples. Sample pair: ['jump around left twice after run right twice', 'jump around left twice after run right twice']
Starting training: 10000 iterations
Hits 0/100 test samples
Duration (Remaining): 0m 37s (- 5m 36s) Iters: (1000 10%) Loss avg: 0.4701
Hits 97/100 test samples
Duration (Remaining): 1m 16s (- 5m 5s) Iters: (2000 20%) Loss avg: 0.0193
Hits 100/100 test samples
Duration (Remaining): 1m 51s (- 4m 20s) Iters: (3000 30%) Loss avg: 0.0111
Hits 80/100 test samples
Duration (Remaining): 2m 27s (- 3m 41s) Iters: (4000 40%) Loss avg: 0.0200
Hits 100/100 test samples
Duration (Remaining): 3m 3s (- 3m 3s) Iters: (5000 50%) Loss avg: 0.0012
Hits 100/100 test samples
Duration (Remaining): 3m 39s (- 2m 26s) Iters: (6000 60%) Loss avg: 0.0391
Hits 96/100 test samples
Duration (Remaining): 4m 13s (- 1m 48s) Iters: (7000 70%) Loss avg: 0.0067
Hits 97/100 test samples
Duration (Remaining): 4m 50s (- 1m 12s) Iters: (8000 80%) Loss avg: 0.0027
Hits 100/100 test samples
Duration (Remaining): 5m 27s (- 0m 36s) Iters: (9000 90%) Loss avg: 0.0003
Hits 100/100 test samples
Duration (Remaining): 6m 3s (- 0m 0s) Iters: (10000 100%) Loss avg: 0.0002
Hits 100/100 test samples
Evaluating training split accuracy
Evaluation accuracy: 20910/20910 = 1.00%
Evaluating test split accuracy
Evaluation accuracy: 20910/20910 = 1.00%
Reading lines...
Read 20910 sentence pairs
Trimmed to 20910 sentence pairs
Counting words...
Counted words:
scan_in 8
scan_out 8
GPU unavailable, training with CPU
Initialized model GRU_A
Training SCAN model GRU_A on split 'scan' for 10000 iterations on device cpu, variant copy_out, tag None
Reading lines...
Read 20910 sentence pairs
Trimmed to 20910 sentence pairs
Counting words...
Counted words:
scan_in 8
scan_out 8
Loaded data from scan/SCAN-master/tasks_copy_out.txt
20910 examples. Sample pair: ['I_TURN_RIGHT I_TURN_RIGHT I_JUMP I_TURN_RIGHT I_TURN_RIGHT I_JUMP I_TURN_LEFT I_RUN I_TURN_LEFT I_RUN I_TURN_LEFT I_RUN I_TURN_LEFT I_RUN I_TURN_LEFT I_RUN I_TURN_LEFT I_RUN I_TURN_LEFT I_RUN I_TURN_LEFT I_RUN I_TURN_LEFT I_RUN I_TURN_LEFT I_RUN I_TURN_LEFT I_RUN I_TURN_LEFT I_RUN', 'I_TURN_RIGHT I_TURN_RIGHT I_JUMP I_TURN_RIGHT I_TURN_RIGHT I_JUMP I_TURN_LEFT I_RUN I_TURN_LEFT I_RUN I_TURN_LEFT I_RUN I_TURN_LEFT I_RUN I_TURN_LEFT I_RUN I_TURN_LEFT I_RUN I_TURN_LEFT I_RUN I_TURN_LEFT I_RUN I_TURN_LEFT I_RUN I_TURN_LEFT I_RUN I_TURN_LEFT I_RUN I_TURN_LEFT I_RUN']
Reading lines...
Read 20910 sentence pairs
Trimmed to 20910 sentence pairs
Counting words...
Counted words:
scan_in 8
scan_out 8
Loaded data from scan/SCAN-master/tasks_copy_out.txt
20910 examples. Sample pair: ['I_TURN_LEFT I_RUN I_TURN_LEFT I_RUN I_TURN_LEFT I_RUN I_TURN_LEFT I_RUN I_TURN_LEFT I_RUN I_TURN_LEFT I_RUN I_TURN_LEFT I_RUN I_TURN_LEFT I_RUN I_TURN_LEFT I_TURN_LEFT I_TURN_LEFT I_TURN_LEFT', 'I_TURN_LEFT I_RUN I_TURN_LEFT I_RUN I_TURN_LEFT I_RUN I_TURN_LEFT I_RUN I_TURN_LEFT I_RUN I_TURN_LEFT I_RUN I_TURN_LEFT I_RUN I_TURN_LEFT I_RUN I_TURN_LEFT I_TURN_LEFT I_TURN_LEFT I_TURN_LEFT']
Starting training: 10000 iterations
Hits 0/100 test samples
Duration (Remaining): 1m 1s (- 9m 14s) Iters: (1000 10%) Loss avg: 1.0236
Hits 1/100 test samples
Duration (Remaining): 2m 28s (- 9m 52s) Iters: (2000 20%) Loss avg: 0.6150
Hits 7/100 test samples
Duration (Remaining): 3m 26s (- 8m 2s) Iters: (3000 30%) Loss avg: 0.4134
Hits 32/100 test samples
Duration (Remaining): 4m 29s (- 6m 44s) Iters: (4000 40%) Loss avg: 0.2934
Hits 34/100 test samples
Duration (Remaining): 5m 28s (- 5m 28s) Iters: (5000 50%) Loss avg: 0.2295
Hits 43/100 test samples
Duration (Remaining): 6m 42s (- 4m 28s) Iters: (6000 60%) Loss avg: 0.1677
Hits 59/100 test samples
Duration (Remaining): 7m 58s (- 3m 25s) Iters: (7000 70%) Loss avg: 0.1563
Hits 53/100 test samples
Duration (Remaining): 9m 15s (- 2m 18s) Iters: (8000 80%) Loss avg: 0.1229
Hits 61/100 test samples
Duration (Remaining): 10m 26s (- 1m 9s) Iters: (9000 90%) Loss avg: 0.1076
Hits 57/100 test samples
Duration (Remaining): 11m 52s (- 0m 0s) Iters: (10000 100%) Loss avg: 0.0989
Hits 69/100 test samples
Evaluating training split accuracy
Evaluation accuracy: 13475/20910 = 0.64%
Evaluating test split accuracy
Evaluation accuracy: 13475/20910 = 0.64%
Saved model at saved/scan_copy_out_10000_(0)_(0).pt
