Reading lines...
Read 20910 sentence pairs
Trimmed to 20910 sentence pairs
Counting words...
Counted words:
scan_in 15
scan_out 15
Training on cuda:2
Initialized model GRU
Training SCAN model GRU on split 'turn_left' for 150000 iterations on device cuda:2, intermediate rep? True, tag None
Reading lines...
Read 21890 sentence pairs
Trimmed to 21890 sentence pairs
Counting words...
Counted words:
scan_in 15
scan_out 15
Loaded data from scan/SCAN-master/turn_left_train_inter.txt
21890 examples. Sample pair: ['turn right and walk opposite right', 'and right turn opposite walk right']
Reading lines...
Read 1208 sentence pairs
Trimmed to 1208 sentence pairs
Counting words...
Counted words:
scan_in 15
scan_out 15
Loaded data from scan/SCAN-master/turn_left_test_inter.txt
1208 examples. Sample pair: ['turn left twice after walk around right', 'after twice left turn around walk right']
Starting training: 150000 iterations
Hits 0/100 test samples
Duration (Remaining): 2m 46s (- 413m 55s) Iters: (1000 0%) Loss avg: 1.3695
Hits 15/100 test samples
Duration (Remaining): 4m 26s (- 328m 38s) Iters: (2000 1%) Loss avg: 0.6141
Hits 34/100 test samples
Duration (Remaining): 6m 14s (- 305m 59s) Iters: (3000 2%) Loss avg: 0.2435
Hits 88/100 test samples
Duration (Remaining): 8m 0s (- 292m 18s) Iters: (4000 2%) Loss avg: 0.0864
Hits 96/100 test samples
Duration (Remaining): 9m 42s (- 281m 37s) Iters: (5000 3%) Loss avg: 0.0308
Hits 97/100 test samples
Duration (Remaining): 11m 26s (- 274m 41s) Iters: (6000 4%) Loss avg: 0.0391
Hits 99/100 test samples
Duration (Remaining): 13m 13s (- 270m 2s) Iters: (7000 4%) Loss avg: 0.0159
Hits 99/100 test samples
Duration (Remaining): 14m 55s (- 265m 2s) Iters: (8000 5%) Loss avg: 0.0060
Hits 100/100 test samples
Duration (Remaining): 16m 33s (- 259m 18s) Iters: (9000 6%) Loss avg: 0.0321
Hits 100/100 test samples
Duration (Remaining): 18m 4s (- 253m 0s) Iters: (10000 6%) Loss avg: 0.0083
Hits 100/100 test samples
Duration (Remaining): 19m 39s (- 248m 30s) Iters: (11000 7%) Loss avg: 0.0111
Hits 100/100 test samples
Duration (Remaining): 21m 6s (- 242m 45s) Iters: (12000 8%) Loss avg: 0.0027
Hits 100/100 test samples
Duration (Remaining): 22m 39s (- 238m 46s) Iters: (13000 8%) Loss avg: 0.0009
Hits 100/100 test samples
Duration (Remaining): 24m 11s (- 234m 58s) Iters: (14000 9%) Loss avg: 0.0004
Hits 100/100 test samples
Duration (Remaining): 25m 44s (- 231m 42s) Iters: (15000 10%) Loss avg: 0.0271
Hits 100/100 test samples
Duration (Remaining): 27m 15s (- 228m 15s) Iters: (16000 10%) Loss avg: 0.0052
Hits 98/100 test samples
Duration (Remaining): 28m 44s (- 224m 51s) Iters: (17000 11%) Loss avg: 0.0132
Hits 100/100 test samples
Duration (Remaining): 30m 14s (- 221m 48s) Iters: (18000 12%) Loss avg: 0.0023
Hits 100/100 test samples
Duration (Remaining): 31m 46s (- 219m 5s) Iters: (19000 12%) Loss avg: 0.0006
Hits 100/100 test samples
Duration (Remaining): 33m 17s (- 216m 20s) Iters: (20000 13%) Loss avg: 0.0019
Hits 99/100 test samples
Duration (Remaining): 34m 46s (- 213m 34s) Iters: (21000 14%) Loss avg: 0.0154
Hits 100/100 test samples
Duration (Remaining): 36m 16s (- 211m 4s) Iters: (22000 14%) Loss avg: 0.0014
Hits 100/100 test samples
Duration (Remaining): 37m 47s (- 208m 43s) Iters: (23000 15%) Loss avg: 0.0129
Hits 100/100 test samples
Duration (Remaining): 39m 18s (- 206m 23s) Iters: (24000 16%) Loss avg: 0.0042
Hits 100/100 test samples
Duration (Remaining): 40m 49s (- 204m 6s) Iters: (25000 16%) Loss avg: 0.0007
Hits 100/100 test samples
Duration (Remaining): 42m 23s (- 202m 12s) Iters: (26000 17%) Loss avg: 0.0004
Hits 100/100 test samples
Duration (Remaining): 43m 54s (- 200m 3s) Iters: (27000 18%) Loss avg: 0.0002
Hits 100/100 test samples
Duration (Remaining): 45m 28s (- 198m 9s) Iters: (28000 18%) Loss avg: 0.0001
Hits 100/100 test samples
Duration (Remaining): 47m 1s (- 196m 13s) Iters: (29000 19%) Loss avg: 0.0001
Hits 100/100 test samples
Duration (Remaining): 48m 36s (- 194m 27s) Iters: (30000 20%) Loss avg: 0.0001
Hits 100/100 test samples
Duration (Remaining): 50m 8s (- 192m 27s) Iters: (31000 20%) Loss avg: 0.0000
Hits 100/100 test samples
Duration (Remaining): 51m 40s (- 190m 32s) Iters: (32000 21%) Loss avg: 0.0099
Hits 100/100 test samples
Duration (Remaining): 53m 13s (- 188m 43s) Iters: (33000 22%) Loss avg: 0.0026
Hits 100/100 test samples
Duration (Remaining): 54m 46s (- 186m 52s) Iters: (34000 22%) Loss avg: 0.0004
Hits 100/100 test samples
Duration (Remaining): 56m 18s (- 185m 1s) Iters: (35000 23%) Loss avg: 0.0002
Hits 100/100 test samples
Duration (Remaining): 57m 48s (- 183m 4s) Iters: (36000 24%) Loss avg: 0.0001
Hits 100/100 test samples
Duration (Remaining): 59m 21s (- 181m 17s) Iters: (37000 24%) Loss avg: 0.0001
Hits 100/100 test samples
Duration (Remaining): 60m 54s (- 179m 31s) Iters: (38000 25%) Loss avg: 0.0057
Hits 90/100 test samples
Duration (Remaining): 62m 26s (- 177m 43s) Iters: (39000 26%) Loss avg: 0.0062
Hits 100/100 test samples
Duration (Remaining): 63m 59s (- 175m 57s) Iters: (40000 26%) Loss avg: 0.0002
Hits 100/100 test samples
Duration (Remaining): 65m 33s (- 174m 16s) Iters: (41000 27%) Loss avg: 0.0001
Hits 100/100 test samples
Duration (Remaining): 67m 4s (- 172m 29s) Iters: (42000 28%) Loss avg: 0.0042
Hits 100/100 test samples
Duration (Remaining): 68m 36s (- 170m 43s) Iters: (43000 28%) Loss avg: 0.0001
Hits 100/100 test samples
Duration (Remaining): 70m 9s (- 169m 0s) Iters: (44000 29%) Loss avg: 0.0001
Hits 100/100 test samples
Duration (Remaining): 71m 41s (- 167m 17s) Iters: (45000 30%) Loss avg: 0.0000
Hits 100/100 test samples
Duration (Remaining): 73m 11s (- 165m 28s) Iters: (46000 30%) Loss avg: 0.0205
Hits 100/100 test samples
Duration (Remaining): 74m 42s (- 163m 42s) Iters: (47000 31%) Loss avg: 0.0094
Hits 100/100 test samples
Duration (Remaining): 76m 13s (- 161m 59s) Iters: (48000 32%) Loss avg: 0.0005
Hits 100/100 test samples
Duration (Remaining): 77m 46s (- 160m 19s) Iters: (49000 32%) Loss avg: 0.0004
Hits 100/100 test samples
Duration (Remaining): 79m 16s (- 158m 33s) Iters: (50000 33%) Loss avg: 0.0001
Hits 100/100 test samples
Duration (Remaining): 80m 49s (- 156m 53s) Iters: (51000 34%) Loss avg: 0.0001
Hits 100/100 test samples
Duration (Remaining): 82m 22s (- 155m 14s) Iters: (52000 34%) Loss avg: 0.0001
Hits 100/100 test samples
Duration (Remaining): 83m 54s (- 153m 33s) Iters: (53000 35%) Loss avg: 0.0379
Hits 94/100 test samples
Duration (Remaining): 85m 24s (- 151m 50s) Iters: (54000 36%) Loss avg: 0.0088
Hits 99/100 test samples
Duration (Remaining): 86m 55s (- 150m 9s) Iters: (55000 36%) Loss avg: 0.0019
Hits 99/100 test samples
Duration (Remaining): 88m 26s (- 148m 27s) Iters: (56000 37%) Loss avg: 0.0023
Hits 100/100 test samples
Duration (Remaining): 89m 56s (- 146m 45s) Iters: (57000 38%) Loss avg: 0.0010
Hits 100/100 test samples
Duration (Remaining): 91m 28s (- 145m 6s) Iters: (58000 38%) Loss avg: 0.0004
Hits 100/100 test samples
Duration (Remaining): 93m 0s (- 143m 26s) Iters: (59000 39%) Loss avg: 0.0002
Hits 100/100 test samples
Duration (Remaining): 94m 31s (- 141m 47s) Iters: (60000 40%) Loss avg: 0.0005
Hits 100/100 test samples
Duration (Remaining): 96m 2s (- 140m 8s) Iters: (61000 40%) Loss avg: 0.0001
Hits 100/100 test samples
Duration (Remaining): 97m 33s (- 138m 28s) Iters: (62000 41%) Loss avg: 0.0001
Hits 100/100 test samples
Duration (Remaining): 99m 6s (- 136m 52s) Iters: (63000 42%) Loss avg: 0.0000
Hits 100/100 test samples
Duration (Remaining): 100m 36s (- 135m 11s) Iters: (64000 42%) Loss avg: 0.0000
Hits 100/100 test samples
Duration (Remaining): 102m 5s (- 133m 30s) Iters: (65000 43%) Loss avg: 0.0617
Hits 100/100 test samples
Duration (Remaining): 103m 37s (- 131m 53s) Iters: (66000 44%) Loss avg: 0.0014
Hits 100/100 test samples
Duration (Remaining): 105m 11s (- 130m 18s) Iters: (67000 44%) Loss avg: 0.0015
Hits 100/100 test samples
Duration (Remaining): 106m 44s (- 128m 43s) Iters: (68000 45%) Loss avg: 0.0002
Hits 100/100 test samples
Duration (Remaining): 108m 18s (- 127m 9s) Iters: (69000 46%) Loss avg: 0.0001
Hits 100/100 test samples
Duration (Remaining): 109m 54s (- 125m 36s) Iters: (70000 46%) Loss avg: 0.0001
Hits 100/100 test samples
Duration (Remaining): 111m 31s (- 124m 4s) Iters: (71000 47%) Loss avg: 0.0001
Hits 100/100 test samples
Duration (Remaining): 113m 6s (- 122m 31s) Iters: (72000 48%) Loss avg: 0.0000
Hits 100/100 test samples
Duration (Remaining): 114m 40s (- 120m 57s) Iters: (73000 48%) Loss avg: 0.0000
Hits 100/100 test samples
Duration (Remaining): 116m 16s (- 119m 25s) Iters: (74000 49%) Loss avg: 0.0000
Hits 100/100 test samples
Duration (Remaining): 117m 51s (- 117m 51s) Iters: (75000 50%) Loss avg: 0.0000
Hits 100/100 test samples
Duration (Remaining): 119m 25s (- 116m 17s) Iters: (76000 50%) Loss avg: 0.0000
Hits 100/100 test samples
Duration (Remaining): 121m 2s (- 114m 45s) Iters: (77000 51%) Loss avg: 0.0148
Hits 100/100 test samples
Duration (Remaining): 122m 39s (- 113m 12s) Iters: (78000 52%) Loss avg: 0.0009
Hits 100/100 test samples
Duration (Remaining): 124m 13s (- 111m 38s) Iters: (79000 52%) Loss avg: 0.0050
Hits 100/100 test samples
Duration (Remaining): 125m 49s (- 110m 5s) Iters: (80000 53%) Loss avg: 0.0004
Hits 100/100 test samples
Duration (Remaining): 127m 25s (- 108m 33s) Iters: (81000 54%) Loss avg: 0.0001
Hits 100/100 test samples
Duration (Remaining): 129m 1s (- 106m 59s) Iters: (82000 54%) Loss avg: 0.0001
Hits 100/100 test samples
Duration (Remaining): 130m 36s (- 105m 25s) Iters: (83000 55%) Loss avg: 0.0000
Hits 100/100 test samples
Duration (Remaining): 132m 11s (- 103m 51s) Iters: (84000 56%) Loss avg: 0.0000
Hits 100/100 test samples
Duration (Remaining): 133m 47s (- 102m 18s) Iters: (85000 56%) Loss avg: 0.0000
Hits 100/100 test samples
Duration (Remaining): 135m 21s (- 100m 44s) Iters: (86000 57%) Loss avg: 0.0031
Hits 96/100 test samples
Duration (Remaining): 136m 56s (- 99m 9s) Iters: (87000 57%) Loss avg: 0.0042
Hits 100/100 test samples
Duration (Remaining): 138m 32s (- 97m 36s) Iters: (88000 58%) Loss avg: 0.0010
Hits 100/100 test samples
Duration (Remaining): 140m 6s (- 96m 1s) Iters: (89000 59%) Loss avg: 0.0002
Hits 100/100 test samples
Duration (Remaining): 141m 40s (- 94m 26s) Iters: (90000 60%) Loss avg: 0.0000
Hits 100/100 test samples
Duration (Remaining): 143m 15s (- 92m 52s) Iters: (91000 60%) Loss avg: 0.0001
Hits 100/100 test samples
Duration (Remaining): 144m 51s (- 91m 19s) Iters: (92000 61%) Loss avg: 0.0000
Hits 100/100 test samples
Duration (Remaining): 146m 27s (- 89m 45s) Iters: (93000 62%) Loss avg: 0.0000
Hits 100/100 test samples
Duration (Remaining): 148m 2s (- 88m 11s) Iters: (94000 62%) Loss avg: 0.0000
Hits 100/100 test samples
Duration (Remaining): 149m 36s (- 86m 36s) Iters: (95000 63%) Loss avg: 0.0000
Hits 100/100 test samples
Duration (Remaining): 151m 12s (- 85m 3s) Iters: (96000 64%) Loss avg: 0.0000
Hits 100/100 test samples
Duration (Remaining): 152m 47s (- 83m 28s) Iters: (97000 64%) Loss avg: 0.0000
Hits 100/100 test samples
Duration (Remaining): 154m 21s (- 81m 54s) Iters: (98000 65%) Loss avg: 0.0042
Hits 94/100 test samples
Duration (Remaining): 155m 57s (- 80m 20s) Iters: (99000 66%) Loss avg: 0.0214
Hits 100/100 test samples
Duration (Remaining): 157m 33s (- 78m 46s) Iters: (100000 66%) Loss avg: 0.0006
Hits 100/100 test samples
Duration (Remaining): 159m 8s (- 77m 12s) Iters: (101000 67%) Loss avg: 0.0002
Hits 100/100 test samples
Duration (Remaining): 160m 41s (- 75m 37s) Iters: (102000 68%) Loss avg: 0.0062
Hits 100/100 test samples
Duration (Remaining): 162m 17s (- 74m 3s) Iters: (103000 68%) Loss avg: 0.0003
Hits 100/100 test samples
Duration (Remaining): 163m 51s (- 72m 28s) Iters: (104000 69%) Loss avg: 0.0002
Hits 100/100 test samples
Duration (Remaining): 165m 26s (- 70m 54s) Iters: (105000 70%) Loss avg: 0.0001
Hits 100/100 test samples
Duration (Remaining): 167m 2s (- 69m 20s) Iters: (106000 70%) Loss avg: 0.0027
Hits 100/100 test samples
Duration (Remaining): 168m 38s (- 67m 46s) Iters: (107000 71%) Loss avg: 0.0012
Hits 100/100 test samples
Duration (Remaining): 170m 13s (- 66m 11s) Iters: (108000 72%) Loss avg: 0.0001
Hits 100/100 test samples
Duration (Remaining): 171m 48s (- 64m 37s) Iters: (109000 72%) Loss avg: 0.0001
Hits 100/100 test samples
Duration (Remaining): 173m 24s (- 63m 3s) Iters: (110000 73%) Loss avg: 0.0000
Hits 100/100 test samples
Duration (Remaining): 175m 0s (- 61m 29s) Iters: (111000 74%) Loss avg: 0.0000
Hits 100/100 test samples
Duration (Remaining): 176m 33s (- 59m 54s) Iters: (112000 74%) Loss avg: 0.0000
Hits 100/100 test samples
Duration (Remaining): 178m 9s (- 58m 20s) Iters: (113000 75%) Loss avg: 0.0000
Hits 100/100 test samples
Duration (Remaining): 179m 45s (- 56m 46s) Iters: (114000 76%) Loss avg: 0.0000
Hits 100/100 test samples
Duration (Remaining): 181m 21s (- 55m 11s) Iters: (115000 76%) Loss avg: 0.0000
Hits 100/100 test samples
Duration (Remaining): 182m 49s (- 53m 35s) Iters: (116000 77%) Loss avg: 0.0000
Hits 100/100 test samples
Duration (Remaining): 184m 24s (- 52m 0s) Iters: (117000 78%) Loss avg: 0.0000
Hits 100/100 test samples
Duration (Remaining): 185m 59s (- 50m 26s) Iters: (118000 78%) Loss avg: 0.0000
Hits 100/100 test samples
Duration (Remaining): 187m 28s (- 48m 50s) Iters: (119000 79%) Loss avg: 0.0000
Hits 100/100 test samples
Duration (Remaining): 188m 56s (- 47m 14s) Iters: (120000 80%) Loss avg: 0.0577
Hits 99/100 test samples
Duration (Remaining): 190m 27s (- 45m 38s) Iters: (121000 80%) Loss avg: 0.0010
Hits 100/100 test samples
Duration (Remaining): 191m 57s (- 44m 3s) Iters: (122000 81%) Loss avg: 0.0008
Hits 100/100 test samples
Duration (Remaining): 193m 27s (- 42m 28s) Iters: (123000 82%) Loss avg: 0.0007
Hits 100/100 test samples
Duration (Remaining): 194m 56s (- 40m 52s) Iters: (124000 82%) Loss avg: 0.0063
Hits 100/100 test samples
Duration (Remaining): 196m 27s (- 39m 17s) Iters: (125000 83%) Loss avg: 0.0002
Hits 100/100 test samples
Duration (Remaining): 197m 57s (- 37m 42s) Iters: (126000 84%) Loss avg: 0.0001
Hits 100/100 test samples
Duration (Remaining): 199m 27s (- 36m 7s) Iters: (127000 84%) Loss avg: 0.0001
Hits 100/100 test samples
Duration (Remaining): 200m 57s (- 34m 32s) Iters: (128000 85%) Loss avg: 0.0002
Hits 100/100 test samples
Duration (Remaining): 202m 28s (- 32m 57s) Iters: (129000 86%) Loss avg: 0.0055
Hits 100/100 test samples
Duration (Remaining): 203m 57s (- 31m 22s) Iters: (130000 86%) Loss avg: 0.0038
Hits 100/100 test samples
Duration (Remaining): 205m 27s (- 29m 47s) Iters: (131000 87%) Loss avg: 0.0002
Hits 100/100 test samples
Duration (Remaining): 206m 57s (- 28m 13s) Iters: (132000 88%) Loss avg: 0.0001
Hits 100/100 test samples
Duration (Remaining): 208m 28s (- 26m 38s) Iters: (133000 88%) Loss avg: 0.0000
Hits 100/100 test samples
Duration (Remaining): 209m 58s (- 25m 4s) Iters: (134000 89%) Loss avg: 0.0002
Hits 100/100 test samples
Duration (Remaining): 211m 36s (- 23m 30s) Iters: (135000 90%) Loss avg: 0.0000
Hits 100/100 test samples
Duration (Remaining): 213m 7s (- 21m 56s) Iters: (136000 90%) Loss avg: 0.0000
Hits 100/100 test samples
Duration (Remaining): 214m 37s (- 20m 21s) Iters: (137000 91%) Loss avg: 0.0000
Hits 100/100 test samples
Duration (Remaining): 216m 6s (- 18m 47s) Iters: (138000 92%) Loss avg: 0.0000
Hits 100/100 test samples
Duration (Remaining): 217m 38s (- 17m 13s) Iters: (139000 92%) Loss avg: 0.0000
Hits 100/100 test samples
Duration (Remaining): 219m 9s (- 15m 39s) Iters: (140000 93%) Loss avg: 0.0001
Hits 100/100 test samples
Duration (Remaining): 220m 38s (- 14m 5s) Iters: (141000 94%) Loss avg: 0.0002
Hits 100/100 test samples
Duration (Remaining): 222m 6s (- 12m 30s) Iters: (142000 94%) Loss avg: 0.0009
Hits 100/100 test samples
Duration (Remaining): 223m 35s (- 10m 56s) Iters: (143000 95%) Loss avg: 0.0000
Hits 100/100 test samples
Duration (Remaining): 225m 10s (- 9m 22s) Iters: (144000 96%) Loss avg: 0.0000
Hits 100/100 test samples
Duration (Remaining): 226m 41s (- 7m 49s) Iters: (145000 96%) Loss avg: 0.0000
Hits 100/100 test samples
Duration (Remaining): 228m 10s (- 6m 15s) Iters: (146000 97%) Loss avg: 0.0000
Hits 100/100 test samples
Duration (Remaining): 229m 40s (- 4m 41s) Iters: (147000 98%) Loss avg: 0.0012
Hits 100/100 test samples
Duration (Remaining): 231m 12s (- 3m 7s) Iters: (148000 98%) Loss avg: 0.0002
Hits 100/100 test samples
Duration (Remaining): 232m 43s (- 1m 33s) Iters: (149000 99%) Loss avg: 0.0003
Hits 100/100 test samples
Duration (Remaining): 234m 12s (- 0m 0s) Iters: (150000 100%) Loss avg: 0.0001
Hits 100/100 test samples
Evaluating training split accuracy
Evaluation accuracy: 21880/21890 = 1.00%
Evaluating test split accuracy
Evaluation accuracy: 1109/1208 = 0.92%
Saved model at saved/turn_left_inter_150000.pt
