CUDA is available?: False
using cuda?: False
Running EC on polestar @ 2020-12-06 23:25:57.759740 with 1 CPUs and parameters:
	 noConsolidation  =  False
	 iterations  =  1
	 enumerationTimeout  =  1
	 useRecognitionModel  =  False
	 topk_use_only_likelihood  =  False
	 pseudoCounts  =  30.0
	 aic  =  0.0
	 structurePenalty  =  0.0
	 arity  =  4
	 taskReranker  =  unsolved
	 storeTaskMetrics  =  True
	 rewriteTaskMetrics  =  False
	 maximumFrontier  =  10
	 solver  =  python
	 topK  =  1
	 evaluationTimeout  =  1.0
	 cuda  =  False

Currently using this much memory: 138711040
Currently using this much memory: 138711040
Using a waking task batch of size: 10
Disabling parallelism on the Python side because we only have one job.
If you are using ocaml, there could still be parallelism.
(python) Launching str -> str (10 tasks) w/ 1 CPUs. 0.000000 <= MDL < 1.500000. Timeout 1.000000.
totalNumberOfPrograms: 0, 	time: 0.00017404556274414062
(python) Launching str -> str (10 tasks) w/ 1 CPUs. 1.500000 <= MDL < 3.000000. Timeout 0.995484.
totalNumberOfPrograms: 1, 	time: 0.001093149185180664
(python) Launching str -> str (10 tasks) w/ 1 CPUs. 3.000000 <= MDL < 4.500000. Timeout 0.990997.
totalNumberOfPrograms: 6, 	time: 0.006556272506713867
(python) Launching str -> str (10 tasks) w/ 1 CPUs. 4.500000 <= MDL < 6.000000. Timeout 0.981480.
Solved task 0: turn opposite left with program (lambda (SCAN_LTURN (SCAN_LTURN $0)))
Solved task 1: turn opposite right with program (lambda (SCAN_RTURN (SCAN_RTURN $0)))
totalNumberOfPrograms: 36, 	time: 0.03138160705566406
(python) Launching str -> str (10 tasks) w/ 1 CPUs. 6.000000 <= MDL < 7.500000. Timeout 0.946144.
totalNumberOfPrograms: 0, 	time: 0.009709835052490234
(python) Launching str -> str (10 tasks) w/ 1 CPUs. 7.500000 <= MDL < 9.000000. Timeout 0.933758.
Solved task 9: walk opposite left with program (lambda (SCAN_LTURN (SCAN_LTURN (SCAN_WALK $0))))
Solved task 5: jump opposite left with program (lambda (SCAN_LTURN (SCAN_LTURN (SCAN_JUMP $0))))
Solved task 7: look opposite left with program (lambda (SCAN_LTURN (SCAN_LTURN (SCAN_LOOK $0))))
Solved task 2: run opposite left with program (lambda (SCAN_LTURN (SCAN_LTURN (SCAN_RUN $0))))
Solved task 8: walk opposite right with program (lambda (SCAN_RTURN (SCAN_RTURN (SCAN_WALK $0))))
Solved task 4: jump opposite right with program (lambda (SCAN_RTURN (SCAN_RTURN (SCAN_JUMP $0))))
Solved task 6: look opposite right with program (lambda (SCAN_RTURN (SCAN_RTURN (SCAN_LOOK $0))))
Solved task 3: run opposite right with program (lambda (SCAN_RTURN (SCAN_RTURN (SCAN_RUN $0))))
totalNumberOfPrograms: 216, 	time: 0.20693731307983398
(python) Launching str -> str (10 tasks) w/ 1 CPUs. 9.000000 <= MDL < 10.500000. Timeout 0.720638.
totalNumberOfPrograms: 1106, 	time: 0.7209250926971436
We enumerated this many programs, for each task:
	 [1365, 1365, 1365, 1365, 1365, 1365, 1365, 1365, 1365, 1365]
Total solved before augmenting SCAN solutions: 10
Generative model enumeration results:
HIT 0: turn opposite left w/ (lambda (SCAN_LTURN (SCAN_LTURN $0))) ; log prior = -5.837730 ; log likelihood = 0.000000
HIT 1: turn opposite right w/ (lambda (SCAN_RTURN (SCAN_RTURN $0))) ; log prior = -5.837730 ; log likelihood = 0.000000
HIT 2: run opposite left w/ (lambda (SCAN_LTURN (SCAN_LTURN (SCAN_RUN $0)))) ; log prior = -7.783641 ; log likelihood = 0.000000
HIT 3: run opposite right w/ (lambda (SCAN_RTURN (SCAN_RTURN (SCAN_RUN $0)))) ; log prior = -7.783641 ; log likelihood = 0.000000
HIT 4: jump opposite right w/ (lambda (SCAN_RTURN (SCAN_RTURN (SCAN_JUMP $0)))) ; log prior = -7.783641 ; log likelihood = 0.000000
HIT 5: jump opposite left w/ (lambda (SCAN_LTURN (SCAN_LTURN (SCAN_JUMP $0)))) ; log prior = -7.783641 ; log likelihood = 0.000000
HIT 6: look opposite right w/ (lambda (SCAN_RTURN (SCAN_RTURN (SCAN_LOOK $0)))) ; log prior = -7.783641 ; log likelihood = 0.000000
HIT 7: look opposite left w/ (lambda (SCAN_LTURN (SCAN_LTURN (SCAN_LOOK $0)))) ; log prior = -7.783641 ; log likelihood = 0.000000
HIT 8: walk opposite right w/ (lambda (SCAN_RTURN (SCAN_RTURN (SCAN_WALK $0)))) ; log prior = -7.783641 ; log likelihood = 0.000000
HIT 9: walk opposite left w/ (lambda (SCAN_LTURN (SCAN_LTURN (SCAN_WALK $0)))) ; log prior = -7.783641 ; log likelihood = 0.000000
Hits 10/10 tasks
Average description length of a program solving a task: 7.394459 nats
Generative model average:  0 sec.	median: 0 	max: 0 	standard deviation 0
Currently using this much memory: 139714560
Frontiers discovered top down: 10
Total frontiers: 10
Currently using this much memory: 139714560
Showing the top 5 programs in each frontier being sent to the compressor:
0: turn opposite left
0.00	(lambda (SCAN_LTURN (SCAN_LTURN $0)))

1: turn opposite right
0.00	(lambda (SCAN_RTURN (SCAN_RTURN $0)))

2: run opposite left
0.00	(lambda (SCAN_LTURN (SCAN_LTURN (SCAN_RUN $0))))

3: run opposite right
0.00	(lambda (SCAN_RTURN (SCAN_RTURN (SCAN_RUN $0))))

4: jump opposite right
0.00	(lambda (SCAN_RTURN (SCAN_RTURN (SCAN_JUMP $0))))

5: jump opposite left
0.00	(lambda (SCAN_LTURN (SCAN_LTURN (SCAN_JUMP $0))))

6: look opposite right
0.00	(lambda (SCAN_RTURN (SCAN_RTURN (SCAN_LOOK $0))))

7: look opposite left
0.00	(lambda (SCAN_LTURN (SCAN_LTURN (SCAN_LOOK $0))))

8: walk opposite right
0.00	(lambda (SCAN_RTURN (SCAN_RTURN (SCAN_WALK $0))))

9: walk opposite left
0.00	(lambda (SCAN_LTURN (SCAN_LTURN (SCAN_WALK $0))))

Compression message saved to: compressionMessages/2020-12-06T23:25:58.800185
Compression backend will run for most 20 iterations
Total number of candidates: 1218
Constructed version spaces and coalesced candidates in 2.29558s.
Trimmed down the beam, have only 300 best candidates (M)
Rewrote topK in 2.87664s.
Initial score: -71.118022
 (M)New frontiers length 300 Scored candidates (M) in 116.336ms.
	#(lambda (lambda (SCAN_RTURN (SCAN_RTURN ($1 $0))))) : (t0 -> str) -> t0 -> str
	#(lambda (lambda (SCAN_LTURN (SCAN_LTURN ($1 $0))))) : (t0 -> str) -> t0 -> str
	#(lambda (SCAN_LTURN (SCAN_LTURN $0))) : str -> str
	#(lambda (SCAN_RTURN (SCAN_RTURN $0))) : str -> str
	#(lambda (lambda (SCAN_LTURN (SCAN_LTURN ($0 $1))))) : t0 -> (t0 -> str) -> str
	#(lambda (lambda (SCAN_RTURN (SCAN_RTURN ($0 $1))))) : t0 -> (t0 -> str) -> str
	#(lambda (lambda ($1 ($1 (SCAN_WALK $0))))) : (str -> str) -> str -> str
	#(lambda (lambda ($1 ($1 (SCAN_LOOK $0))))) : (str -> str) -> str -> str
	#(lambda (lambda ($1 ($1 (SCAN_RUN $0))))) : (str -> str) -> str -> str
	#(lambda (lambda ($1 ($1 (SCAN_JUMP $0))))) : (str -> str) -> str -> str
	#(lambda (lambda ($1 (lambda (SCAN_RTURN (SCAN_RTURN ($0 $1))))))) : (((t0 -> str) -> str) -> t1) -> t0 -> t1
	#(lambda (lambda (SCAN_RTURN (SCAN_RTURN ($1 (lambda ($0 $1))))))) : (((t0 -> t1) -> t1) -> str) -> t0 -> str
	#(lambda (lambda (SCAN_RTURN ($1 (lambda (lambda ($0 ($1 $2)))) SCAN_RTURN)))) : (((t0 -> t1) -> (t1 -> t2) -> t2) -> (str -> str) -> str) -> t0 -> str
	#(lambda (lambda ($1 (lambda (lambda (SCAN_LTURN ($0 ($1 $2))))) SCAN_LTURN))) : (((t0 -> t1) -> (t1 -> str) -> str) -> (str -> str) -> t2) -> t0 -> t2
	#(lambda (lambda ($1 (lambda (lambda ($0 (SCAN_RTURN ($1 $2))))) SCAN_RTURN))) : (((t0 -> str) -> (str -> t1) -> t1) -> (str -> str) -> t2) -> t0 -> t2
	#(lambda (lambda ($1 (lambda (lambda ($0 ($0 ($1 $2))))) SCAN_RTURN))) : (((t0 -> t1) -> (t1 -> t1) -> t1) -> (str -> str) -> t2) -> t0 -> t2
	#(lambda ($0 (lambda (lambda (SCAN_RTURN (SCAN_RTURN ($1 $0))))))) : (((t0 -> str) -> t0 -> str) -> t1) -> t1
	#(lambda (lambda (SCAN_LTURN (SCAN_LTURN ($1 (lambda (lambda ($1 $0))) $0))))) : (((t0 -> t1) -> t0 -> t1) -> t2 -> str) -> t2 -> str
	#(lambda (lambda (SCAN_LTURN ($1 (lambda (lambda (SCAN_LTURN ($1 $0)))) $0)))) : (((t0 -> str) -> t0 -> str) -> t1 -> str) -> t1 -> str
	#(lambda (lambda (SCAN_RTURN (SCAN_RTURN ($1 (lambda (lambda ($1 $0))) $0))))) : (((t0 -> t1) -> t0 -> t1) -> t2 -> str) -> t2 -> str
	#(lambda (lambda ($1 (lambda (lambda (SCAN_RTURN ($0 ($1 $2))))) SCAN_RTURN))) : (((t0 -> t1) -> (t1 -> str) -> str) -> (str -> str) -> t2) -> t0 -> t2
	#(lambda (lambda (SCAN_LTURN ($1 (lambda (SCAN_LTURN ($0 $1))))))) : (((t0 -> str) -> str) -> str) -> t0 -> str
	#(lambda (lambda ($1 (lambda (SCAN_LTURN (SCAN_LTURN ($0 $1))))))) : (((t0 -> str) -> str) -> t1) -> t0 -> t1
	#(lambda (lambda ($1 (lambda (lambda ($0 (SCAN_LTURN ($1 $2))))) SCAN_LTURN))) : (((t0 -> str) -> (str -> t1) -> t1) -> (str -> str) -> t2) -> t0 -> t2
	#(lambda (lambda ($1 (lambda (lambda ($0 ($0 ($1 $2))))) SCAN_LTURN))) : (((t0 -> t1) -> (t1 -> t1) -> t1) -> (str -> str) -> t2) -> t0 -> t2
	#(lambda (lambda (SCAN_RTURN ($1 (lambda (SCAN_RTURN ($0 $1))))))) : (((t0 -> str) -> str) -> str) -> t0 -> str
	#(lambda (lambda (SCAN_RTURN (SCAN_RTURN ($0 $1))))) : t0 -> (t0 -> str) -> str
	#(lambda ($0 (lambda (lambda (lambda (SCAN_LTURN ($1 ($2 $0)))))) SCAN_LTURN)) : (((t0 -> t1) -> (t1 -> str) -> t0 -> str) -> (str -> str) -> t2) -> t2
	#(lambda (lambda (SCAN_LTURN ($1 (lambda (lambda ($0 ($1 $2)))) SCAN_LTURN)))) : (((t0 -> t1) -> (t1 -> t2) -> t2) -> (str -> str) -> str) -> t0 -> str
	#(lambda (lambda (SCAN_LTURN (SCAN_LTURN ($1 (lambda ($0 $1))))))) : (((t0 -> t1) -> t1) -> str) -> t0 -> str
	#(lambda (lambda ($1 (lambda (lambda (SCAN_RTURN (SCAN_RTURN ($1 $0))))) $0))) : (((t0 -> str) -> t0 -> str) -> t1 -> t2) -> t1 -> t2
	#(lambda ($0 (lambda (lambda (lambda (SCAN_RTURN ($1 ($2 $0)))))) SCAN_RTURN)) : (((t0 -> t1) -> (t1 -> str) -> t0 -> str) -> (str -> str) -> t2) -> t2
	#(lambda (lambda (SCAN_RTURN ($1 (lambda (lambda (SCAN_RTURN ($1 $0)))) $0)))) : (((t0 -> str) -> t0 -> str) -> t1 -> str) -> t1 -> str
	#(lambda (lambda (SCAN_LTURN (SCAN_LTURN ($0 $1))))) : t0 -> (t0 -> str) -> str
	#(lambda ($0 (lambda (lambda (SCAN_LTURN (SCAN_LTURN ($1 $0))))))) : (((t0 -> str) -> t0 -> str) -> t1) -> t1
	#(lambda ($0 (lambda (lambda (lambda ($1 (SCAN_LTURN ($2 $0)))))) SCAN_LTURN)) : (((t0 -> str) -> (str -> t1) -> t0 -> t1) -> (str -> str) -> t2) -> t2
	#(lambda ($0 (lambda (lambda (lambda ($1 ($1 ($2 $0)))))) SCAN_LTURN)) : (((t0 -> t1) -> (t1 -> t1) -> t0 -> t1) -> (str -> str) -> t2) -> t2
	#(lambda (lambda ($1 (lambda (lambda (SCAN_LTURN (SCAN_LTURN ($1 $0))))) $0))) : (((t0 -> str) -> t0 -> str) -> t1 -> t2) -> t1 -> t2
	#(lambda ($0 (lambda (lambda (lambda ($1 (SCAN_RTURN ($2 $0)))))) SCAN_RTURN)) : (((t0 -> str) -> (str -> t1) -> t0 -> t1) -> (str -> str) -> t2) -> t2
	#(lambda ($0 (lambda (lambda (lambda ($1 ($1 ($2 $0)))))) SCAN_RTURN)) : (((t0 -> t1) -> (t1 -> t1) -> t0 -> t1) -> (str -> str) -> t2) -> t2
	#(lambda (lambda ($0 ($0 (SCAN_LOOK $1))))) : str -> (str -> str) -> str
	#(lambda (lambda ($0 ($0 (SCAN_WALK $1))))) : str -> (str -> str) -> str
	#(lambda (lambda ($0 ($0 (SCAN_RUN $1))))) : str -> (str -> str) -> str
	#(lambda (lambda ($0 ($0 (SCAN_JUMP $1))))) : str -> (str -> str) -> str
	#(lambda ($0 (lambda (lambda (lambda ($2 ($2 ($1 $0)))))) SCAN_WALK)) : (((t0 -> t0) -> (t1 -> t0) -> t1 -> t0) -> (str -> str) -> t2) -> t2
	#(lambda (lambda ($1 (lambda ($0 ($0 (SCAN_LOOK $1))))))) : (((str -> str) -> str) -> t0) -> str -> t0
	#(lambda (lambda ($0 ($0 (SCAN_JUMP $1))))) : str -> (str -> str) -> str
	#(lambda (lambda ($1 (lambda (lambda ($1 ($1 ($0 $2))))) SCAN_JUMP))) : (((t0 -> t0) -> (t1 -> t0) -> t0) -> (str -> str) -> t2) -> t1 -> t2
	#(lambda ($0 (lambda (lambda (lambda ($2 ($2 ($1 $0)))))) SCAN_JUMP)) : (((t0 -> t0) -> (t1 -> t0) -> t1 -> t0) -> (str -> str) -> t2) -> t2
	#(lambda (lambda ($0 ($0 (SCAN_LOOK $1))))) : str -> (str -> str) -> str
	#(lambda (lambda ($0 ($0 (SCAN_WALK $1))))) : str -> (str -> str) -> str
	#(lambda ($0 (lambda (lambda (lambda ($2 ($2 ($1 $0)))))) SCAN_LOOK)) : (((t0 -> t0) -> (t1 -> t0) -> t1 -> t0) -> (str -> str) -> t2) -> t2
	#(lambda ($0 (lambda (lambda ($1 ($1 (SCAN_WALK $0))))))) : (((str -> str) -> str -> str) -> t0) -> t0
	#(lambda (lambda ($1 (lambda ($0 ($0 (SCAN_RUN $1))))))) : (((str -> str) -> str) -> t0) -> str -> t0
	#(lambda (lambda ($1 (lambda (lambda ($1 ($1 (SCAN_RUN $0))))) $0))) : (((str -> str) -> str -> str) -> t0 -> t1) -> t0 -> t1
	#(lambda (lambda ($1 (lambda (lambda ($1 ($1 (SCAN_JUMP $0))))) $0))) : (((str -> str) -> str -> str) -> t0 -> t1) -> t0 -> t1
	#(lambda (lambda ($1 (lambda (lambda ($1 ($1 ($0 $2))))) SCAN_RUN))) : (((t0 -> t0) -> (t1 -> t0) -> t0) -> (str -> str) -> t2) -> t1 -> t2
	#(lambda (lambda ($1 (lambda (lambda ($1 ($1 $0)))) (SCAN_WALK $0)))) : (((t0 -> t0) -> t0 -> t0) -> str -> t1) -> str -> t1
	#(lambda (lambda ($1 (lambda (lambda ($1 ($1 (SCAN_WALK $0))))) $0))) : (((str -> str) -> str -> str) -> t0 -> t1) -> t0 -> t1
	#(lambda (lambda ($1 (lambda (lambda ($1 ($1 $0)))) (SCAN_RUN $0)))) : (((t0 -> t0) -> t0 -> t0) -> str -> t1) -> str -> t1
	#(lambda (lambda ($1 (lambda (lambda ($1 ($1 $0)))) (SCAN_JUMP $0)))) : (((t0 -> t0) -> t0 -> t0) -> str -> t1) -> str -> t1
	#(lambda (lambda ($1 (lambda ($0 ($0 (SCAN_WALK $1))))))) : (((str -> str) -> str) -> t0) -> str -> t0
	#(lambda (lambda ($1 (lambda (lambda ($1 ($1 ($0 $2))))) SCAN_WALK))) : (((t0 -> t0) -> (t1 -> t0) -> t0) -> (str -> str) -> t2) -> t1 -> t2
	#(lambda (lambda ($1 (lambda (lambda ($1 ($1 (SCAN_LOOK $0))))) $0))) : (((str -> str) -> str -> str) -> t0 -> t1) -> t0 -> t1
	#(lambda (lambda ($1 (lambda ($0 ($0 (SCAN_JUMP $1))))))) : (((str -> str) -> str) -> t0) -> str -> t0
	#(lambda ($0 (lambda (lambda (lambda ($2 ($2 ($1 $0)))))) SCAN_RUN)) : (((t0 -> t0) -> (t1 -> t0) -> t1 -> t0) -> (str -> str) -> t2) -> t2
	#(lambda (lambda ($1 (lambda (lambda ($1 ($1 $0)))) (SCAN_LOOK $0)))) : (((t0 -> t0) -> t0 -> t0) -> str -> t1) -> str -> t1
	#(lambda (lambda ($1 (lambda (lambda ($1 ($1 ($0 $2))))) SCAN_LOOK))) : (((t0 -> t0) -> (t1 -> t0) -> t0) -> (str -> str) -> t2) -> t1 -> t2
	#(lambda ($0 (lambda (lambda ($1 ($1 (SCAN_LOOK $0))))))) : (((str -> str) -> str -> str) -> t0) -> t0
	#(lambda (lambda ($0 ($0 (SCAN_RUN $1))))) : str -> (str -> str) -> str
	#(lambda ($0 (lambda (lambda ($1 ($1 (SCAN_JUMP $0))))))) : (((str -> str) -> str -> str) -> t0) -> t0
	#(lambda ($0 (lambda (lambda ($1 ($1 (SCAN_RUN $0))))))) : (((str -> str) -> str -> str) -> t0) -> t0
	#(lambda (lambda ($0 (lambda (lambda ($1 ($1 ($0 $3))))) SCAN_LOOK))) : t0 -> (((t1 -> t1) -> (t0 -> t1) -> t1) -> (str -> str) -> t2) -> t2
	#(lambda (SCAN_RTURN ($0 (lambda (lambda (SCAN_RTURN ($1 $0))))))) : (((t0 -> str) -> t0 -> str) -> str) -> str
	#(lambda (SCAN_RTURN ($0 (lambda (lambda (SCAN_RTURN ($0 $1))))))) : ((t0 -> (t0 -> str) -> str) -> str) -> str
	#(lambda (lambda (SCAN_LTURN ($0 (lambda (lambda ($0 ($1 $3)))) SCAN_LTURN)))) : t0 -> (((t0 -> t1) -> (t1 -> t2) -> t2) -> (str -> str) -> str) -> str
	#(lambda (SCAN_LTURN ($0 (lambda (lambda ($0 $1))) SCAN_LTURN))) : ((t0 -> (t0 -> t1) -> t1) -> (str -> str) -> str) -> str
	#(lambda (lambda (SCAN_LTURN ($0 (lambda (SCAN_LTURN ($2 $0))))))) : (t0 -> str) -> ((t0 -> str) -> str) -> str
	#(lambda (lambda (SCAN_LTURN ($0 (lambda (SCAN_LTURN ($0 $2))))))) : t0 -> (((t0 -> str) -> str) -> str) -> str
	#(lambda (lambda ($0 ($0 ($1 (lambda (SCAN_JUMP $0))))))) : ((str -> str) -> t0) -> (t0 -> t0) -> t0
	#(lambda (lambda (lambda ($1 SCAN_LTURN (SCAN_LTURN ($0 $2)))))) : t0 -> ((str -> str) -> str -> t1) -> (t0 -> str) -> t1
	#(lambda (lambda (lambda ($1 ($2 (SCAN_JUMP $0) $1))))) : (str -> (t0 -> t1) -> t0) -> (t0 -> t1) -> str -> t1
	#(lambda (lambda ($0 ($1 $0 SCAN_RUN)))) : ((t0 -> t1) -> (str -> str) -> t0) -> (t0 -> t1) -> t1
	#(lambda (lambda ($1 ($0 $1 SCAN_JUMP)))) : (t0 -> t1) -> ((t0 -> t1) -> (str -> str) -> t0) -> t1
	#(lambda (lambda (SCAN_LTURN ($1 (lambda (SCAN_LTURN $0)) $0)))) : ((str -> str) -> t0 -> str) -> t0 -> str
	#(lambda (lambda (lambda ($2 ($1 (SCAN_LOOK $0) $2))))) : (t0 -> t1) -> (str -> (t0 -> t1) -> t0) -> str -> t1
	#(lambda ($0 ($0 SCAN_LOOK))) : ((str -> str) -> str -> str) -> str -> str
	#(lambda ($0 (lambda (lambda ($1 ($1 (SCAN_RUN $0))))))) : (((str -> str) -> str -> str) -> t0) -> t0
	#(lambda (lambda ($1 SCAN_RTURN (lambda (SCAN_RTURN ($0 $1)))))) : ((str -> str) -> ((t0 -> str) -> str) -> t1) -> t0 -> t1
	#(lambda ($0 (lambda (lambda (lambda ($2 ($2 ($1 $0)))))) SCAN_LOOK)) : (((t0 -> t0) -> (t1 -> t0) -> t1 -> t0) -> (str -> str) -> t2) -> t2
	#(lambda (lambda ($0 (lambda (SCAN_LTURN (SCAN_LTURN ($0 $2))))))) : t0 -> (((t0 -> str) -> str) -> t1) -> t1
	#(lambda (lambda (SCAN_LTURN ($1 (lambda (lambda (SCAN_LTURN ($1 $0)))) $0)))) : (((t0 -> str) -> t0 -> str) -> t1 -> str) -> t1 -> str
	#(lambda (lambda (SCAN_LTURN ($0 (lambda (lambda (SCAN_LTURN ($1 $0)))) $1)))) : t0 -> (((t1 -> str) -> t1 -> str) -> t0 -> str) -> str
	#(lambda (lambda (lambda ($1 ($1 ($2 $0 SCAN_WALK)))))) : (t0 -> (str -> str) -> t1) -> (t1 -> t1) -> t0 -> t1
	#(lambda (lambda (SCAN_RTURN (SCAN_RTURN ($0 (lambda (lambda ($1 $0))) $1))))) : t0 -> (((t1 -> t2) -> t1 -> t2) -> t0 -> str) -> str
	#(lambda (lambda ($1 $0 SCAN_RTURN SCAN_RTURN))) : (t0 -> (str -> str) -> (str -> str) -> t1) -> t0 -> t1
	#(lambda (lambda (lambda ($0 $1 ($1 (SCAN_WALK $2)))))) : str -> (str -> t0) -> ((str -> t0) -> t0 -> t1) -> t1
	#(lambda (lambda ($0 (lambda ($2 ($2 (SCAN_RUN $0))))))) : (str -> str) -> ((str -> str) -> t0) -> t0
	#(lambda (lambda (lambda ($2 ($2 ($1 $0 SCAN_RUN)))))) : (t0 -> t0) -> (t1 -> (str -> str) -> t0) -> t1 -> t0
	#(lambda (lambda ($1 ($0 SCAN_RUN $1)))) : (t0 -> t1) -> ((str -> str) -> (t0 -> t1) -> t0) -> t1
	#(lambda (lambda (lambda ($1 ($1 ($0 SCAN_LOOK $2)))))) : t0 -> (t1 -> t1) -> ((str -> str) -> t0 -> t1) -> t1
	#(lambda (lambda (lambda ($1 ($2 (SCAN_WALK $0) $1))))) : (str -> (t0 -> t1) -> t0) -> (t0 -> t1) -> str -> t1
	#(lambda (lambda (lambda (SCAN_RTURN (SCAN_RTURN ($2 $1 $0)))))) : (t0 -> t1 -> str) -> t0 -> t1 -> str
	#(lambda (lambda ($1 (lambda (lambda (SCAN_RTURN (SCAN_RTURN ($1 $0))))) $0))) : (((t0 -> str) -> t0 -> str) -> t1 -> t2) -> t1 -> t2
	#(lambda ($0 (lambda (lambda (SCAN_LTURN (SCAN_LTURN ($1 $0))))))) : (((t0 -> str) -> t0 -> str) -> t1) -> t1
	#(lambda (lambda (SCAN_RTURN (SCAN_RTURN ($1 (lambda (lambda ($1 $0))) $0))))) : (((t0 -> t1) -> t0 -> t1) -> t2 -> str) -> t2 -> str
	#(lambda (lambda ($1 (lambda (lambda ($1 ($1 ($0 $2))))) SCAN_JUMP))) : (((t0 -> t0) -> (t1 -> t0) -> t0) -> (str -> str) -> t2) -> t1 -> t2
	#(lambda (lambda ($1 (lambda (SCAN_RTURN (SCAN_RTURN $0))) $0))) : ((str -> str) -> t0 -> t1) -> t0 -> t1
	#(lambda (lambda (lambda ($1 ($2 $1 (SCAN_WALK $0)))))) : ((t0 -> t1) -> str -> t0) -> (t0 -> t1) -> str -> t1
	#(lambda (lambda (lambda (SCAN_RTURN ($2 SCAN_RTURN ($1 $0)))))) : ((str -> str) -> t0 -> str) -> (t1 -> t0) -> t1 -> str
	#(lambda (lambda ($1 SCAN_RTURN SCAN_RTURN $0))) : ((str -> str) -> (str -> str) -> t0 -> t1) -> t0 -> t1
	#(lambda (lambda (lambda ($0 (SCAN_LTURN ($1 $2)) SCAN_LTURN)))) : t0 -> (t0 -> str) -> (str -> (str -> str) -> t1) -> t1
	#(lambda (lambda ($1 ($1 ($0 (lambda (SCAN_JUMP $0))))))) : (t0 -> t0) -> ((str -> str) -> t0) -> t0
	#(lambda (lambda ($0 (lambda ($0 ($0 (SCAN_WALK $2))))))) : str -> (((str -> str) -> str) -> t0) -> t0
	#(lambda (lambda (lambda (SCAN_RTURN ($2 ($1 $0) SCAN_RTURN))))) : (t0 -> (str -> str) -> str) -> (t1 -> t0) -> t1 -> str
	#(lambda (lambda (lambda ($1 $2 ($2 (SCAN_RUN $0)))))) : (str -> t0) -> ((str -> t0) -> t0 -> t1) -> str -> t1
	#(lambda (lambda (lambda ($1 ($1 ($2 $0 SCAN_JUMP)))))) : (t0 -> (str -> str) -> t1) -> (t1 -> t1) -> t0 -> t1
	#(lambda ($0 (lambda (lambda ($1 ($1 (SCAN_WALK $0))))))) : (((str -> str) -> str -> str) -> t0) -> t0
	#(lambda (SCAN_LTURN (SCAN_LTURN ($0 (lambda (lambda ($1 $0))))))) : (((t0 -> t1) -> t0 -> t1) -> str) -> str
	#(lambda (SCAN_LTURN (SCAN_LTURN ($0 (lambda (lambda ($0 $1))))))) : ((t0 -> (t0 -> t1) -> t1) -> str) -> str
	#(lambda (lambda ($0 (lambda (lambda ($1 ($1 $0)))) (SCAN_WALK $1)))) : str -> (((t0 -> t0) -> t0 -> t0) -> str -> t1) -> t1
	#(lambda (lambda (lambda ($2 ($2 ($1 $0 SCAN_JUMP)))))) : (t0 -> t0) -> (t1 -> (str -> str) -> t0) -> t1 -> t0
	#(lambda (lambda (lambda (SCAN_LTURN ($0 ($1 $2) SCAN_LTURN))))) : t0 -> (t0 -> t1) -> (t1 -> (str -> str) -> str) -> str
	#(lambda (lambda ($0 $1 SCAN_RTURN SCAN_RTURN))) : t0 -> (t0 -> (str -> str) -> (str -> str) -> t1) -> t1
	#(lambda (lambda (lambda ($0 ($1 $0 (SCAN_LOOK $2)))))) : str -> ((t0 -> t1) -> str -> t0) -> (t0 -> t1) -> t1
	#(lambda (lambda (lambda ($1 $2 ($2 (SCAN_RUN $0)))))) : (str -> t0) -> ((str -> t0) -> t0 -> t1) -> str -> t1
	#(lambda (lambda ($1 (lambda (lambda ($0 (SCAN_LTURN ($1 $2))))) SCAN_LTURN))) : (((t0 -> str) -> (str -> t1) -> t1) -> (str -> str) -> t2) -> t0 -> t2
	#(lambda (lambda ($1 (lambda (lambda ($0 ($0 ($1 $2))))) SCAN_LTURN))) : (((t0 -> t1) -> (t1 -> t1) -> t1) -> (str -> str) -> t2) -> t0 -> t2
	#(lambda (lambda (SCAN_RTURN ($1 $0 (lambda (SCAN_RTURN $0)))))) : (t0 -> (str -> str) -> str) -> t0 -> str
	#(lambda (lambda (SCAN_RTURN ($0 (lambda (lambda ($0 ($1 $3)))) SCAN_RTURN)))) : t0 -> (((t0 -> t1) -> (t1 -> t2) -> t2) -> (str -> str) -> str) -> str
	#(lambda (SCAN_RTURN ($0 (lambda (lambda ($0 $1))) SCAN_RTURN))) : ((t0 -> (t0 -> t1) -> t1) -> (str -> str) -> str) -> str
	#(lambda (lambda (lambda ($1 ($0 (SCAN_RUN $2) $1))))) : str -> (t0 -> t1) -> (str -> (t0 -> t1) -> t0) -> t1
	#(lambda (lambda (lambda ($2 ($2 ($1 SCAN_JUMP $0)))))) : (t0 -> t0) -> ((str -> str) -> t1 -> t0) -> t1 -> t0
	#(lambda (lambda ($1 (lambda (lambda (SCAN_RTURN ($0 ($1 $2))))) SCAN_RTURN))) : (((t0 -> t1) -> (t1 -> str) -> str) -> (str -> str) -> t2) -> t0 -> t2
	#(lambda (lambda (lambda ($1 ($1 ($0 $2 SCAN_LOOK)))))) : t0 -> (t1 -> t1) -> (t0 -> (str -> str) -> t1) -> t1
	#(lambda (lambda ($0 (lambda (SCAN_LTURN (SCAN_LTURN $0))) $1))) : t0 -> ((str -> str) -> t0 -> t1) -> t1
	#(lambda (lambda (lambda ($0 ($1 (SCAN_JUMP $2)) $1)))) : str -> (str -> t0) -> (t0 -> (str -> t0) -> t1) -> t1
	#(lambda (lambda ($1 (lambda (lambda ($1 ($1 ($0 $2))))) SCAN_RUN))) : (((t0 -> t0) -> (t1 -> t0) -> t0) -> (str -> str) -> t2) -> t1 -> t2
	#(lambda (lambda (lambda ($1 (SCAN_RTURN ($2 $0)) SCAN_RTURN)))) : (t0 -> str) -> (str -> (str -> str) -> t1) -> t0 -> t1
	#(lambda (lambda ($1 $0 (lambda (SCAN_RTURN (SCAN_RTURN $0)))))) : (t0 -> (str -> str) -> t1) -> t0 -> t1
	#(lambda (lambda (lambda ($2 $1 ($1 (SCAN_RUN $0)))))) : ((str -> t0) -> t0 -> t1) -> (str -> t0) -> str -> t1
	#(lambda (lambda (lambda ($2 (SCAN_LTURN ($1 $0)) SCAN_LTURN)))) : (str -> (str -> str) -> t0) -> (t1 -> str) -> t1 -> t0
	#(lambda (lambda ($1 (lambda (lambda ($1 ($1 $0)))) (SCAN_JUMP $0)))) : (((t0 -> t0) -> t0 -> t0) -> str -> t1) -> str -> t1
	#(lambda (lambda (lambda ($1 $2 ($2 (SCAN_LOOK $0)))))) : (str -> t0) -> ((str -> t0) -> t0 -> t1) -> str -> t1
	#(lambda (lambda (lambda ($2 ($1 $2 (SCAN_LOOK $0)))))) : (t0 -> t1) -> ((t0 -> t1) -> str -> t0) -> str -> t1
	#(lambda (lambda (lambda ($2 SCAN_LTURN (SCAN_LTURN ($1 $0)))))) : ((str -> str) -> str -> t0) -> (t1 -> str) -> t1 -> t0
	#(lambda ($0 (lambda (lambda ($0 ($0 (SCAN_LOOK $1))))))) : ((str -> (str -> str) -> str) -> t0) -> t0
	#(lambda (lambda (lambda ($0 ($1 $0 (SCAN_RUN $2)))))) : str -> ((t0 -> t1) -> str -> t0) -> (t0 -> t1) -> t1
	#(lambda (lambda (lambda (SCAN_LTURN ($1 ($2 $0) SCAN_LTURN))))) : (t0 -> t1) -> (t1 -> (str -> str) -> str) -> t0 -> str
	#(lambda (lambda (lambda (SCAN_LTURN ($1 ($0 $2) SCAN_LTURN))))) : t0 -> (t1 -> (str -> str) -> str) -> (t0 -> t1) -> str
	#(lambda (lambda (lambda ($1 ($2 (SCAN_RUN $0)) $2)))) : (str -> t0) -> (t0 -> (str -> t0) -> t1) -> str -> t1
	#(lambda (lambda (lambda (SCAN_RTURN ($2 SCAN_RTURN ($1 $0)))))) : ((str -> str) -> t0 -> str) -> (t1 -> t0) -> t1 -> str
	#(lambda (lambda (lambda ($2 ($2 ($1 SCAN_RUN $0)))))) : (t0 -> t0) -> ((str -> str) -> t1 -> t0) -> t1 -> t0
	#(lambda (lambda (lambda ($2 $1 ($1 (SCAN_LOOK $0)))))) : ((str -> t0) -> t0 -> t1) -> (str -> t0) -> str -> t1
	#(lambda (lambda (lambda ($0 ($1 (SCAN_WALK $2)) $1)))) : str -> (str -> t0) -> (t0 -> (str -> t0) -> t1) -> t1
	#(lambda (lambda (lambda ($1 ($1 ($2 SCAN_WALK $0)))))) : ((str -> str) -> t0 -> t1) -> (t1 -> t1) -> t0 -> t1
	#(lambda (lambda ($1 (lambda ($1 ($1 (SCAN_LOOK $0))))))) : ((str -> str) -> t0) -> (str -> str) -> t0
	#(lambda (lambda (lambda ($0 ($0 ($1 $2 SCAN_RUN)))))) : t0 -> (t0 -> (str -> str) -> t1) -> (t1 -> t1) -> t1
	#(lambda (lambda (lambda ($1 ($1 ($2 $0 SCAN_JUMP)))))) : (t0 -> (str -> str) -> t1) -> (t1 -> t1) -> t0 -> t1
	#(lambda (lambda (lambda ($1 ($0 (SCAN_RUN $2) $1))))) : str -> (t0 -> t1) -> (str -> (t0 -> t1) -> t0) -> t1
	#(lambda (lambda ($0 (lambda (lambda ($1 ($1 $0)))) (SCAN_JUMP $1)))) : str -> (((t0 -> t0) -> t0 -> t0) -> str -> t1) -> t1
	#(lambda (lambda (lambda ($1 SCAN_RTURN (SCAN_RTURN ($0 $2)))))) : t0 -> ((str -> str) -> str -> t1) -> (t0 -> str) -> t1
	#(lambda (lambda ($0 (lambda (lambda (SCAN_RTURN ($0 ($1 $3))))) SCAN_RTURN))) : t0 -> (((t0 -> t1) -> (t1 -> str) -> str) -> (str -> str) -> t2) -> t2
	#(lambda (lambda (lambda (SCAN_RTURN (SCAN_RTURN ($2 $0 $1)))))) : (t0 -> t1 -> str) -> t1 -> t0 -> str
	#(lambda (lambda (lambda (SCAN_RTURN (SCAN_RTURN ($0 $2 $1)))))) : t0 -> t1 -> (t0 -> t1 -> str) -> str
	#(lambda ($0 (lambda (lambda (lambda ($2 ($2 ($1 $0)))))) SCAN_RUN)) : (((t0 -> t0) -> (t1 -> t0) -> t1 -> t0) -> (str -> str) -> t2) -> t2
	#(lambda (lambda (lambda ($2 ($1 (SCAN_JUMP $0) $2))))) : (t0 -> t1) -> (str -> (t0 -> t1) -> t0) -> str -> t1
	#(lambda (lambda (lambda (SCAN_LTURN ($1 SCAN_LTURN ($2 $0)))))) : (t0 -> t1) -> ((str -> str) -> t1 -> str) -> t0 -> str
	#(lambda (lambda (lambda ($1 ($1 ($0 $2 SCAN_RUN)))))) : t0 -> (t1 -> t1) -> (t0 -> (str -> str) -> t1) -> t1
	#(lambda (lambda ($0 (lambda (lambda ($1 ($1 $0)))) (SCAN_WALK $1)))) : str -> (((t0 -> t0) -> t0 -> t0) -> str -> t1) -> t1
	#(lambda (lambda (SCAN_RTURN ($0 (lambda (SCAN_RTURN ($2 $0))))))) : (t0 -> str) -> ((t0 -> str) -> str) -> str
	#(lambda (lambda (SCAN_RTURN ($0 (lambda (SCAN_RTURN ($0 $2))))))) : t0 -> (((t0 -> str) -> str) -> str) -> str
	#(lambda (lambda (lambda ($1 SCAN_RTURN (SCAN_RTURN ($2 $0)))))) : (t0 -> str) -> ((str -> str) -> str -> t1) -> t0 -> t1
	#(lambda (lambda ($1 (lambda ($1 ($1 (SCAN_RUN $0))))))) : ((str -> str) -> t0) -> (str -> str) -> t0
	#(lambda (lambda ($0 (lambda (lambda ($1 ($1 ($0 $3))))) SCAN_WALK))) : t0 -> (((t1 -> t1) -> (t0 -> t1) -> t1) -> (str -> str) -> t2) -> t2
	#(lambda (lambda (lambda ($1 ($1 ($2 $0 SCAN_RUN)))))) : (t0 -> (str -> str) -> t1) -> (t1 -> t1) -> t0 -> t1
	#(lambda (lambda ($1 ($0 (lambda ($2 (SCAN_RUN $0))))))) : (str -> t0) -> ((str -> t0) -> str) -> t0
	#(lambda (lambda ($0 (lambda (lambda ($1 ($1 ($0 $3))))) SCAN_JUMP))) : t0 -> (((t1 -> t1) -> (t0 -> t1) -> t1) -> (str -> str) -> t2) -> t2
	#(lambda (lambda ($0 ($0 ($1 (lambda (SCAN_RUN $0))))))) : ((str -> str) -> t0) -> (t0 -> t0) -> t0
	#(lambda (lambda (lambda ($1 ($0 (SCAN_LOOK $2)) $0)))) : str -> (t0 -> (str -> t0) -> t1) -> (str -> t0) -> t1
	#(lambda (lambda (lambda ($1 ($0 (SCAN_JUMP $2)) $0)))) : str -> (t0 -> (str -> t0) -> t1) -> (str -> t0) -> t1
	#(lambda (lambda ($1 SCAN_RTURN (lambda (SCAN_RTURN ($0 $1)))))) : ((str -> str) -> ((t0 -> str) -> str) -> t1) -> t0 -> t1
	#(lambda (lambda (lambda (SCAN_RTURN (SCAN_RTURN ($1 $0 $2)))))) : t0 -> (t1 -> t0 -> str) -> t1 -> str
	#(lambda (lambda (lambda (SCAN_RTURN (SCAN_RTURN ($0 $1 $2)))))) : t0 -> t1 -> (t1 -> t0 -> str) -> str
	#(lambda (lambda ($0 (lambda ($0 ($0 (SCAN_JUMP $2))))))) : str -> (((str -> str) -> str) -> t0) -> t0
	#(lambda (lambda (lambda ($0 ($1 (SCAN_LOOK $2)) $1)))) : str -> (str -> t0) -> (t0 -> (str -> t0) -> t1) -> t1
	#(lambda (lambda (lambda ($1 $2 ($2 (SCAN_JUMP $0)))))) : (str -> t0) -> ((str -> t0) -> t0 -> t1) -> str -> t1
	#(lambda (lambda ($0 (lambda (lambda ($1 ($1 (SCAN_LOOK $0))))) $1))) : t0 -> (((str -> str) -> str -> str) -> t0 -> t1) -> t1
	#(lambda (lambda (lambda (SCAN_RTURN ($1 ($2 $0) SCAN_RTURN))))) : (t0 -> t1) -> (t1 -> (str -> str) -> str) -> t0 -> str
	#(lambda (lambda (lambda (SCAN_RTURN ($1 ($0 $2) SCAN_RTURN))))) : t0 -> (t1 -> (str -> str) -> str) -> (t0 -> t1) -> str
	#(lambda (lambda (SCAN_RTURN ($1 SCAN_RTURN (lambda ($0 $1)))))) : ((str -> str) -> ((t0 -> t1) -> t1) -> str) -> t0 -> str
	#(lambda (lambda ($1 (lambda (lambda (SCAN_LTURN ($0 ($1 $2))))) SCAN_LTURN))) : (((t0 -> t1) -> (t1 -> str) -> str) -> (str -> str) -> t2) -> t0 -> t2
	#(lambda (lambda (lambda ($1 ($1 ($0 SCAN_JUMP $2)))))) : t0 -> (t1 -> t1) -> ((str -> str) -> t0 -> t1) -> t1
	#(lambda (lambda (lambda ($1 SCAN_LTURN (SCAN_LTURN ($2 $0)))))) : (t0 -> str) -> ((str -> str) -> str -> t1) -> t0 -> t1
	#(lambda (lambda (lambda ($2 ($2 ($1 SCAN_WALK $0)))))) : (t0 -> t0) -> ((str -> str) -> t1 -> t0) -> t1 -> t0
	#(lambda (lambda ($0 ($0 ($1 (lambda (SCAN_LOOK $0))))))) : ((str -> str) -> t0) -> (t0 -> t0) -> t0
	#(lambda (lambda (lambda ($1 (SCAN_LTURN ($2 $0)) SCAN_LTURN)))) : (t0 -> str) -> (str -> (str -> str) -> t1) -> t0 -> t1
	#(lambda (SCAN_LTURN ($0 (lambda ($0 SCAN_LTURN))))) : ((((str -> str) -> t0) -> t0) -> str) -> str
	#(lambda (lambda (SCAN_LTURN (SCAN_LTURN ($0 (lambda ($2 $0))))))) : (t0 -> t1) -> ((t0 -> t1) -> str) -> str
	#(lambda (lambda (SCAN_LTURN (SCAN_LTURN ($0 (lambda ($0 $2))))))) : t0 -> (((t0 -> t1) -> t1) -> str) -> str
	#(lambda (lambda ($0 ($1 SCAN_RUN $0)))) : ((str -> str) -> (t0 -> t1) -> t0) -> (t0 -> t1) -> t1
	#(lambda (lambda (lambda ($0 SCAN_RTURN (SCAN_RTURN ($1 $2)))))) : t0 -> (t0 -> str) -> ((str -> str) -> str -> t1) -> t1
	#(lambda (lambda (lambda ($0 ($1 (SCAN_JUMP $2)) $1)))) : str -> (str -> t0) -> (t0 -> (str -> t0) -> t1) -> t1
	#(lambda (lambda (lambda ($2 ($1 (SCAN_WALK $0)) $1)))) : (t0 -> (str -> t0) -> t1) -> (str -> t0) -> str -> t1
	#(lambda (lambda (lambda ($2 ($1 (SCAN_RUN $0) $2))))) : (t0 -> t1) -> (str -> (t0 -> t1) -> t0) -> str -> t1
	#(lambda ($0 (lambda (lambda (SCAN_LTURN (SCAN_LTURN ($0 $1))))))) : ((t0 -> (t0 -> str) -> str) -> t1) -> t1
	#(lambda (lambda (SCAN_RTURN ($1 (lambda (SCAN_RTURN ($1 $0))))))) : ((t0 -> str) -> str) -> (t0 -> str) -> str
	#(lambda (lambda (lambda ($0 $1 ($1 (SCAN_LOOK $2)))))) : str -> (str -> t0) -> ((str -> t0) -> t0 -> t1) -> t1
	#(lambda (lambda (SCAN_RTURN (SCAN_RTURN ($0 (lambda (lambda ($1 $0))) $1))))) : t0 -> (((t1 -> t2) -> t1 -> t2) -> t0 -> str) -> str
	#(lambda (lambda (lambda ($1 (SCAN_LTURN ($0 $2)) SCAN_LTURN)))) : t0 -> (str -> (str -> str) -> t1) -> (t0 -> str) -> t1
	#(lambda (lambda (lambda ($1 SCAN_RTURN (SCAN_RTURN ($2 $0)))))) : (t0 -> str) -> ((str -> str) -> str -> t1) -> t0 -> t1
	#(lambda (lambda (lambda ($1 (SCAN_RTURN ($2 $0)) SCAN_RTURN)))) : (t0 -> str) -> (str -> (str -> str) -> t1) -> t0 -> t1
	#(lambda (lambda ($0 (lambda ($2 ($2 (SCAN_WALK $0))))))) : (str -> str) -> ((str -> str) -> t0) -> t0
	#(lambda (SCAN_RTURN ($0 (lambda ($0 SCAN_RTURN))))) : ((((str -> str) -> t0) -> t0) -> str) -> str
	#(lambda (lambda (lambda ($0 ($0 ($1 $2 SCAN_LOOK)))))) : t0 -> (t0 -> (str -> str) -> t1) -> (t1 -> t1) -> t1
	#(lambda (lambda (SCAN_LTURN ($0 (lambda (lambda (SCAN_LTURN ($1 $0)))) $1)))) : t0 -> (((t1 -> str) -> t1 -> str) -> t0 -> str) -> str
	#(lambda (lambda ($0 (lambda (lambda ($1 ($1 ($0 $3))))) SCAN_WALK))) : t0 -> (((t1 -> t1) -> (t0 -> t1) -> t1) -> (str -> str) -> t2) -> t2
	#(lambda (lambda (lambda ($2 ($2 ($1 SCAN_LOOK $0)))))) : (t0 -> t0) -> ((str -> str) -> t1 -> t0) -> t1 -> t0
	#(lambda (lambda ($0 (lambda (SCAN_LTURN ($0 $2))) SCAN_LTURN))) : t0 -> (((t0 -> str) -> str) -> (str -> str) -> t1) -> t1
	#(lambda (lambda (lambda ($1 (SCAN_LTURN ($2 $0)) SCAN_LTURN)))) : (t0 -> str) -> (str -> (str -> str) -> t1) -> t0 -> t1
	#(lambda (lambda (lambda ($1 ($1 ($2 $0 SCAN_WALK)))))) : (t0 -> (str -> str) -> t1) -> (t1 -> t1) -> t0 -> t1
	#(lambda (lambda (lambda ($1 $0 ($0 (SCAN_WALK $2)))))) : str -> ((str -> t0) -> t0 -> t1) -> (str -> t0) -> t1
	#(lambda (lambda ($0 ($1 (lambda ($1 (SCAN_JUMP $0))))))) : ((str -> t0) -> str) -> (str -> t0) -> t0
	#(lambda (lambda ($0 SCAN_LTURN (lambda (SCAN_LTURN ($0 $2)))))) : t0 -> ((str -> str) -> ((t0 -> str) -> str) -> t1) -> t1
	#(lambda (lambda (SCAN_LTURN ($1 (lambda (SCAN_LTURN $0)) $0)))) : ((str -> str) -> t0 -> str) -> t0 -> str
	#(lambda (lambda (lambda (SCAN_LTURN (SCAN_LTURN ($2 $1 $0)))))) : (t0 -> t1 -> str) -> t0 -> t1 -> str
	#(lambda (lambda (lambda (SCAN_LTURN (SCAN_LTURN ($1 $2 $0)))))) : t0 -> (t0 -> t1 -> str) -> t1 -> str
	#(lambda (lambda (lambda ($2 $1 ($1 (SCAN_WALK $0)))))) : ((str -> t0) -> t0 -> t1) -> (str -> t0) -> str -> t1
	#(lambda (lambda ($0 ($1 SCAN_WALK $0)))) : ((str -> str) -> (t0 -> t1) -> t0) -> (t0 -> t1) -> t1
	#(lambda (lambda (lambda ($1 ($2 (SCAN_JUMP $0)) $2)))) : (str -> t0) -> (t0 -> (str -> t0) -> t1) -> str -> t1
	#(lambda (lambda (lambda (SCAN_RTURN (SCAN_RTURN ($2 $0 $1)))))) : (t0 -> t1 -> str) -> t1 -> t0 -> str
	#(lambda (lambda (lambda (SCAN_RTURN (SCAN_RTURN ($0 $2 $1)))))) : t0 -> t1 -> (t0 -> t1 -> str) -> str
	#(lambda (lambda (lambda ($1 ($1 ($0 SCAN_WALK $2)))))) : t0 -> (t1 -> t1) -> ((str -> str) -> t0 -> t1) -> t1
	#(lambda (lambda ($1 (lambda (lambda (SCAN_LTURN (SCAN_LTURN ($1 $0))))) $0))) : (((t0 -> str) -> t0 -> str) -> t1 -> t2) -> t1 -> t2
	#(lambda (lambda (lambda ($1 ($2 $1 (SCAN_RUN $0)))))) : ((t0 -> t1) -> str -> t0) -> (t0 -> t1) -> str -> t1
	#(lambda (lambda (lambda ($1 ($0 $1 (SCAN_LOOK $2)))))) : str -> (t0 -> t1) -> ((t0 -> t1) -> str -> t0) -> t1
	#(lambda (lambda ($1 $0 (lambda (SCAN_RTURN (SCAN_RTURN $0)))))) : (t0 -> (str -> str) -> t1) -> t0 -> t1
	#(lambda (lambda (lambda ($1 ($2 (SCAN_LOOK $0) $1))))) : (str -> (t0 -> t1) -> t0) -> (t0 -> t1) -> str -> t1
	#(lambda (lambda ($1 ($0 $1 SCAN_WALK)))) : (t0 -> t1) -> ((t0 -> t1) -> (str -> str) -> t0) -> t1
	#(lambda (lambda (lambda ($1 ($0 (SCAN_LOOK $2) $1))))) : str -> (t0 -> t1) -> (str -> (t0 -> t1) -> t0) -> t1
	#(lambda (lambda (lambda ($1 ($2 (SCAN_RUN $0)) $2)))) : (str -> t0) -> (t0 -> (str -> t0) -> t1) -> str -> t1
	#(lambda (lambda ($1 ($1 ($0 (lambda (SCAN_LOOK $0))))))) : (t0 -> t0) -> ((str -> str) -> t0) -> t0
	#(lambda (lambda ($0 (lambda (SCAN_LTURN (SCAN_LTURN ($2 $0))))))) : (t0 -> str) -> ((t0 -> str) -> t1) -> t1
	#(lambda (lambda (lambda ($1 ($2 (SCAN_WALK $0) $1))))) : (str -> (t0 -> t1) -> t0) -> (t0 -> t1) -> str -> t1
	#(lambda (lambda (SCAN_RTURN ($1 (lambda (lambda (SCAN_RTURN ($1 $0)))) $0)))) : (((t0 -> str) -> t0 -> str) -> t1 -> str) -> t1 -> str
	#(lambda (lambda ($0 (lambda (lambda ($1 ($1 (SCAN_WALK $0))))) $1))) : t0 -> (((str -> str) -> str -> str) -> t0 -> t1) -> t1
	#(lambda (lambda (lambda (SCAN_RTURN ($0 SCAN_RTURN ($1 $2)))))) : t0 -> (t0 -> t1) -> ((str -> str) -> t1 -> str) -> str
	#(lambda (lambda ($0 ($1 $0 SCAN_JUMP)))) : ((t0 -> t1) -> (str -> str) -> t0) -> (t0 -> t1) -> t1
	#(lambda ($0 (lambda (lambda (lambda ($2 ($2 ($1 $0)))))) SCAN_WALK)) : (((t0 -> t0) -> (t1 -> t0) -> t1 -> t0) -> (str -> str) -> t2) -> t2
	#(lambda (lambda (lambda ($1 ($1 ($2 $0 SCAN_LOOK)))))) : (t0 -> (str -> str) -> t1) -> (t1 -> t1) -> t0 -> t1
	#(lambda (lambda (lambda ($1 $0 ($0 (SCAN_LOOK $2)))))) : str -> ((str -> t0) -> t0 -> t1) -> (str -> t0) -> t1
	#(lambda (lambda (lambda ($1 $2 ($2 (SCAN_WALK $0)))))) : (str -> t0) -> ((str -> t0) -> t0 -> t1) -> str -> t1
	#(lambda ($0 (lambda (lambda ($0 ($0 (SCAN_JUMP $1))))))) : ((str -> (str -> str) -> str) -> t0) -> t0
	#(lambda (lambda ($1 (lambda (lambda ($1 ($1 $0)))) (SCAN_WALK $0)))) : (((t0 -> t0) -> t0 -> t0) -> str -> t1) -> str -> t1
	#(lambda (lambda (lambda (SCAN_LTURN ($1 SCAN_LTURN ($2 $0)))))) : (t0 -> t1) -> ((str -> str) -> t1 -> str) -> t0 -> str
	#(lambda (lambda ($1 ($0 (lambda ($2 (SCAN_JUMP $0))))))) : (str -> t0) -> ((str -> t0) -> str) -> t0
	#(lambda (lambda (lambda ($2 ($2 ($1 SCAN_LOOK $0)))))) : (t0 -> t0) -> ((str -> str) -> t1 -> t0) -> t1 -> t0
	#(lambda (lambda (SCAN_LTURN ($1 (lambda ($0 $1)) SCAN_LTURN)))) : (((t0 -> t1) -> t1) -> (str -> str) -> str) -> t0 -> str
	#(lambda ($0 (lambda (lambda ($1 ($1 (SCAN_LOOK $0))))))) : (((str -> str) -> str -> str) -> t0) -> t0
	#(lambda (lambda (lambda ($2 $1 ($1 (SCAN_JUMP $0)))))) : ((str -> t0) -> t0 -> t1) -> (str -> t0) -> str -> t1
	#(lambda (lambda ($0 ($1 (lambda ($1 (SCAN_RUN $0))))))) : ((str -> t0) -> str) -> (str -> t0) -> t0
	#(lambda (lambda (lambda ($2 ($1 (SCAN_LOOK $0) $2))))) : (t0 -> t1) -> (str -> (t0 -> t1) -> t0) -> str -> t1
	#(lambda (lambda (lambda ($1 ($2 $1 (SCAN_JUMP $0)))))) : ((t0 -> t1) -> str -> t0) -> (t0 -> t1) -> str -> t1
	#(lambda (lambda ($1 ($1 ($0 SCAN_LOOK))))) : (t0 -> t0) -> ((str -> str) -> t0) -> t0
	#(lambda (lambda (lambda ($0 SCAN_RTURN (SCAN_RTURN ($1 $2)))))) : t0 -> (t0 -> str) -> ((str -> str) -> str -> t1) -> t1
	#(lambda (lambda ($1 $0 (lambda (SCAN_LTURN (SCAN_LTURN $0)))))) : (t0 -> (str -> str) -> t1) -> t0 -> t1
	#(lambda (lambda ($1 $0 SCAN_LTURN SCAN_LTURN))) : (t0 -> (str -> str) -> (str -> str) -> t1) -> t0 -> t1
	#(lambda (lambda ($1 SCAN_LTURN $0 SCAN_LTURN))) : ((str -> str) -> t0 -> (str -> str) -> t1) -> t0 -> t1
	#(lambda (lambda (lambda ($1 ($2 (SCAN_RUN $0)) $2)))) : (str -> t0) -> (t0 -> (str -> t0) -> t1) -> str -> t1
	#(lambda (lambda (lambda ($1 $2 ($2 (SCAN_WALK $0)))))) : (str -> t0) -> ((str -> t0) -> t0 -> t1) -> str -> t1
	#(lambda ($0 (lambda (lambda (SCAN_RTURN (SCAN_RTURN ($1 $0))))))) : (((t0 -> str) -> t0 -> str) -> t1) -> t1
	#(lambda (lambda ($1 (lambda (SCAN_RTURN ($0 $1))) SCAN_RTURN))) : (((t0 -> str) -> str) -> (str -> str) -> t1) -> t0 -> t1
	#(lambda ($0 (lambda (SCAN_LTURN $0)) SCAN_LTURN)) : ((str -> str) -> (str -> str) -> t0) -> t0
	#(lambda (lambda (lambda ($0 ($1 (SCAN_LOOK $2)) $1)))) : str -> (str -> t0) -> (t0 -> (str -> t0) -> t1) -> t1
	#(lambda (lambda ($0 SCAN_LTURN SCAN_LTURN $1))) : t0 -> ((str -> str) -> (str -> str) -> t0 -> t1) -> t1
	#(lambda (lambda ($1 (lambda (lambda ($0 (SCAN_LTURN ($1 $2))))) SCAN_LTURN))) : (((t0 -> str) -> (str -> t1) -> t1) -> (str -> str) -> t2) -> t0 -> t2
	#(lambda (lambda ($1 (lambda (lambda ($0 ($0 ($1 $2))))) SCAN_LTURN))) : (((t0 -> t1) -> (t1 -> t1) -> t1) -> (str -> str) -> t2) -> t0 -> t2
	#(lambda (lambda ($0 (lambda ($2 ($2 (SCAN_LOOK $0))))))) : (str -> str) -> ((str -> str) -> t0) -> t0
	#(lambda (lambda ($0 (lambda (lambda (SCAN_LTURN (SCAN_LTURN ($1 $0))))) $1))) : t0 -> (((t1 -> str) -> t1 -> str) -> t0 -> t2) -> t2
	#(lambda (lambda (lambda ($1 ($1 ($0 $2 SCAN_JUMP)))))) : t0 -> (t1 -> t1) -> (t0 -> (str -> str) -> t1) -> t1
	#(lambda (lambda ($0 ($1 $0 SCAN_WALK)))) : ((t0 -> t1) -> (str -> str) -> t0) -> (t0 -> t1) -> t1
	#(lambda (lambda (lambda ($0 ($1 (SCAN_RUN $2) $0))))) : str -> (str -> (t0 -> t1) -> t0) -> (t0 -> t1) -> t1
	#(lambda (lambda (lambda ($1 ($0 (SCAN_WALK $2)) $0)))) : str -> (t0 -> (str -> t0) -> t1) -> (str -> t0) -> t1
	#(lambda (lambda (lambda (SCAN_RTURN (SCAN_RTURN ($2 $1 $0)))))) : (t0 -> t1 -> str) -> t0 -> t1 -> str
	#(lambda (lambda (lambda (SCAN_RTURN (SCAN_RTURN ($1 $2 $0)))))) : t0 -> (t0 -> t1 -> str) -> t1 -> str
	#(lambda (lambda ($0 $1 SCAN_LTURN SCAN_LTURN))) : t0 -> (t0 -> (str -> str) -> (str -> str) -> t1) -> t1
	#(lambda (lambda (lambda ($2 ($2 ($1 $0 SCAN_LOOK)))))) : (t0 -> t0) -> (t1 -> (str -> str) -> t0) -> t1 -> t0
	#(lambda (lambda ($1 (lambda (SCAN_RTURN (SCAN_RTURN ($1 $0))))))) : ((t0 -> str) -> t1) -> (t0 -> str) -> t1
	#(lambda (lambda (lambda ($1 ($1 ($2 SCAN_JUMP $0)))))) : ((str -> str) -> t0 -> t1) -> (t1 -> t1) -> t0 -> t1
	#(lambda (lambda (SCAN_RTURN ($0 SCAN_RTURN (lambda ($0 $2)))))) : t0 -> ((str -> str) -> ((t0 -> t1) -> t1) -> str) -> str
	#(lambda (lambda (SCAN_LTURN ($1 SCAN_LTURN (lambda ($0 $1)))))) : ((str -> str) -> ((t0 -> t1) -> t1) -> str) -> t0 -> str
	#(lambda (lambda ($1 (lambda ($1 ($1 (SCAN_JUMP $0))))))) : ((str -> str) -> t0) -> (str -> str) -> t0
	#(lambda (lambda (lambda ($1 ($1 ($2 $0 SCAN_RUN)))))) : (t0 -> (str -> str) -> t1) -> (t1 -> t1) -> t0 -> t1
	#(lambda (lambda (SCAN_RTURN ($1 (lambda (lambda (SCAN_RTURN ($1 $0)))) $0)))) : (((t0 -> str) -> t0 -> str) -> t1 -> str) -> t1 -> str
	#(lambda (lambda (lambda ($2 ($1 (SCAN_WALK $0)) $1)))) : (t0 -> (str -> t0) -> t1) -> (str -> t0) -> str -> t1
	#(lambda (lambda ($0 ($1 (lambda ($1 (SCAN_WALK $0))))))) : ((str -> t0) -> str) -> (str -> t0) -> t0
	#(lambda (lambda ($0 (lambda (lambda ($1 ($1 (SCAN_RUN $0))))) $1))) : t0 -> (((str -> str) -> str -> str) -> t0 -> t1) -> t1
	#(lambda (lambda (lambda ($2 ($1 $2 (SCAN_LOOK $0)))))) : (t0 -> t1) -> ((t0 -> t1) -> str -> t0) -> str -> t1
	#(lambda (lambda ($1 ($1 ($0 (lambda (SCAN_JUMP $0))))))) : (t0 -> t0) -> ((str -> str) -> t0) -> t0
	#(lambda (lambda (lambda ($1 ($2 (SCAN_WALK $0)) $2)))) : (str -> t0) -> (t0 -> (str -> t0) -> t1) -> str -> t1
Scored candidates2 (M) in 0.0154972ms.
Improved score to -65.832353 (dScore=5.285669) w/ new primitive (M)
	#(lambda (SCAN_RTURN (SCAN_RTURN $0))) : str -> str
rewrote all of the frontiers (M) in 2.06128s.
Completed one step of memory consolidation in 7.63396s.
New primitive is used 5 times in the best programs in each of the frontiers.
Here is where it is used:
  (lambda (#(lambda (SCAN_RTURN (SCAN_RTURN $0))) $0))
  (lambda (#(lambda (SCAN_RTURN (SCAN_RTURN $0))) (SCAN_RUN $0)))
  (lambda (#(lambda (SCAN_RTURN (SCAN_RTURN $0))) (SCAN_JUMP $0)))
  (lambda (#(lambda (SCAN_RTURN (SCAN_RTURN $0))) (SCAN_LOOK $0)))
  (lambda (#(lambda (SCAN_RTURN (SCAN_RTURN $0))) (SCAN_WALK $0)))
Total number of candidates: 377
Constructed version spaces and coalesced candidates in 1.60849s.
Trimmed down the beam, have only 299 best candidates (M)
Rewrote topK in 2.04162s.
Initial score: -65.832353
 (M)New frontiers length 299 Scored candidates (M) in 105.389ms.
	#(lambda (lambda (SCAN_LTURN (SCAN_LTURN ($1 $0))))) : (t0 -> str) -> t0 -> str
	#(lambda (SCAN_LTURN (SCAN_LTURN $0))) : str -> str
	#(lambda (lambda (SCAN_LTURN (SCAN_LTURN ($0 $1))))) : t0 -> (t0 -> str) -> str
	#(lambda (lambda ($1 (lambda (lambda (SCAN_LTURN ($0 ($1 $2))))) SCAN_LTURN))) : (((t0 -> t1) -> (t1 -> str) -> str) -> (str -> str) -> t2) -> t0 -> t2
	#(lambda (lambda (SCAN_LTURN (SCAN_LTURN ($1 (lambda (lambda ($1 $0))) $0))))) : (((t0 -> t1) -> t0 -> t1) -> t2 -> str) -> t2 -> str
	#(lambda (lambda (SCAN_LTURN ($1 (lambda (lambda (SCAN_LTURN ($1 $0)))) $0)))) : (((t0 -> str) -> t0 -> str) -> t1 -> str) -> t1 -> str
	#(lambda (lambda (SCAN_LTURN ($1 (lambda (SCAN_LTURN ($0 $1))))))) : (((t0 -> str) -> str) -> str) -> t0 -> str
	#(lambda (lambda ($1 (lambda (SCAN_LTURN (SCAN_LTURN ($0 $1))))))) : (((t0 -> str) -> str) -> t1) -> t0 -> t1
	#(lambda (lambda ($1 (lambda (lambda ($0 (SCAN_LTURN ($1 $2))))) SCAN_LTURN))) : (((t0 -> str) -> (str -> t1) -> t1) -> (str -> str) -> t2) -> t0 -> t2
	#(lambda (lambda ($1 (lambda (lambda ($0 ($0 ($1 $2))))) SCAN_LTURN))) : (((t0 -> t1) -> (t1 -> t1) -> t1) -> (str -> str) -> t2) -> t0 -> t2
	#(lambda ($0 (lambda (lambda (lambda (SCAN_LTURN ($1 ($2 $0)))))) SCAN_LTURN)) : (((t0 -> t1) -> (t1 -> str) -> t0 -> str) -> (str -> str) -> t2) -> t2
	#(lambda (lambda (SCAN_LTURN ($1 (lambda (lambda ($0 ($1 $2)))) SCAN_LTURN)))) : (((t0 -> t1) -> (t1 -> t2) -> t2) -> (str -> str) -> str) -> t0 -> str
	#(lambda (lambda (SCAN_LTURN (SCAN_LTURN ($1 (lambda ($0 $1))))))) : (((t0 -> t1) -> t1) -> str) -> t0 -> str
	#(lambda (lambda (SCAN_LTURN (SCAN_LTURN ($0 $1))))) : t0 -> (t0 -> str) -> str
	#(lambda ($0 (lambda (lambda (SCAN_LTURN (SCAN_LTURN ($1 $0))))))) : (((t0 -> str) -> t0 -> str) -> t1) -> t1
	#(lambda ($0 (lambda (lambda (lambda ($1 (SCAN_LTURN ($2 $0)))))) SCAN_LTURN)) : (((t0 -> str) -> (str -> t1) -> t0 -> t1) -> (str -> str) -> t2) -> t2
	#(lambda ($0 (lambda (lambda (lambda ($1 ($1 ($2 $0)))))) SCAN_LTURN)) : (((t0 -> t1) -> (t1 -> t1) -> t0 -> t1) -> (str -> str) -> t2) -> t2
	#(lambda (lambda ($1 (lambda (lambda (SCAN_LTURN (SCAN_LTURN ($1 $0))))) $0))) : (((t0 -> str) -> t0 -> str) -> t1 -> t2) -> t1 -> t2
	#(lambda (lambda ($1 ($1 (SCAN_RUN $0))))) : (str -> str) -> str -> str
	#(lambda (lambda ($1 ($1 (SCAN_WALK $0))))) : (str -> str) -> str -> str
	#(lambda (lambda ($1 ($1 (SCAN_LOOK $0))))) : (str -> str) -> str -> str
	#(lambda (lambda ($1 ($1 (SCAN_JUMP $0))))) : (str -> str) -> str -> str
	#(lambda (lambda ($0 ($0 (SCAN_LOOK $1))))) : str -> (str -> str) -> str
	#(lambda (lambda ($0 ($0 (SCAN_WALK $1))))) : str -> (str -> str) -> str
	#(lambda (lambda ($0 ($0 (SCAN_RUN $1))))) : str -> (str -> str) -> str
	#(lambda (lambda ($0 ($0 (SCAN_JUMP $1))))) : str -> (str -> str) -> str
	#(lambda (lambda ($0 ($0 (SCAN_JUMP $1))))) : str -> (str -> str) -> str
	#(lambda (lambda ($0 ($0 (SCAN_LOOK $1))))) : str -> (str -> str) -> str
	#(lambda (lambda ($0 ($0 (SCAN_WALK $1))))) : str -> (str -> str) -> str
	#(lambda (lambda ($0 ($0 (SCAN_RUN $1))))) : str -> (str -> str) -> str
	#(lambda (lambda (SCAN_RTURN (SCAN_RTURN ($0 $1))))) : t0 -> (t0 -> str) -> str
	#(lambda (lambda (SCAN_LTURN ($0 (lambda (lambda ($0 ($1 $3)))) SCAN_LTURN)))) : t0 -> (((t0 -> t1) -> (t1 -> t2) -> t2) -> (str -> str) -> str) -> str
	#(lambda (SCAN_LTURN ($0 (lambda (lambda ($0 $1))) SCAN_LTURN))) : ((t0 -> (t0 -> t1) -> t1) -> (str -> str) -> str) -> str
	#(lambda (lambda (SCAN_LTURN ($0 (lambda (SCAN_LTURN ($2 $0))))))) : (t0 -> str) -> ((t0 -> str) -> str) -> str
	#(lambda (lambda (SCAN_LTURN ($0 (lambda (SCAN_LTURN ($0 $2))))))) : t0 -> (((t0 -> str) -> str) -> str) -> str
	#(lambda (lambda (lambda ($1 SCAN_LTURN (SCAN_LTURN ($0 $2)))))) : t0 -> ((str -> str) -> str -> t1) -> (t0 -> str) -> t1
	#(lambda (lambda (SCAN_LTURN ($1 (lambda (SCAN_LTURN $0)) $0)))) : ((str -> str) -> t0 -> str) -> t0 -> str
	#(lambda (lambda ($0 (lambda (SCAN_LTURN (SCAN_LTURN ($0 $2))))))) : t0 -> (((t0 -> str) -> str) -> t1) -> t1
	#(lambda (lambda (SCAN_LTURN ($1 (lambda (lambda (SCAN_LTURN ($1 $0)))) $0)))) : (((t0 -> str) -> t0 -> str) -> t1 -> str) -> t1 -> str
	#(lambda (lambda (SCAN_LTURN ($0 (lambda (lambda (SCAN_LTURN ($1 $0)))) $1)))) : t0 -> (((t1 -> str) -> t1 -> str) -> t0 -> str) -> str
	#(lambda ($0 (lambda (lambda (SCAN_LTURN (SCAN_LTURN ($1 $0))))))) : (((t0 -> str) -> t0 -> str) -> t1) -> t1
	#(lambda (lambda (lambda ($0 (SCAN_LTURN ($1 $2)) SCAN_LTURN)))) : t0 -> (t0 -> str) -> (str -> (str -> str) -> t1) -> t1
	#(lambda (SCAN_LTURN (SCAN_LTURN ($0 (lambda (lambda ($1 $0))))))) : (((t0 -> t1) -> t0 -> t1) -> str) -> str
	#(lambda (SCAN_LTURN (SCAN_LTURN ($0 (lambda (lambda ($0 $1))))))) : ((t0 -> (t0 -> t1) -> t1) -> str) -> str
	#(lambda (lambda (lambda (SCAN_LTURN ($0 ($1 $2) SCAN_LTURN))))) : t0 -> (t0 -> t1) -> (t1 -> (str -> str) -> str) -> str
	#(lambda (lambda ($1 (lambda (lambda ($0 (SCAN_LTURN ($1 $2))))) SCAN_LTURN))) : (((t0 -> str) -> (str -> t1) -> t1) -> (str -> str) -> t2) -> t0 -> t2
	#(lambda (lambda ($1 (lambda (lambda ($0 ($0 ($1 $2))))) SCAN_LTURN))) : (((t0 -> t1) -> (t1 -> t1) -> t1) -> (str -> str) -> t2) -> t0 -> t2
	#(lambda (lambda ($0 (lambda (SCAN_LTURN (SCAN_LTURN $0))) $1))) : t0 -> ((str -> str) -> t0 -> t1) -> t1
	#(lambda (lambda (lambda ($2 (SCAN_LTURN ($1 $0)) SCAN_LTURN)))) : (str -> (str -> str) -> t0) -> (t1 -> str) -> t1 -> t0
	#(lambda (lambda (lambda ($2 SCAN_LTURN (SCAN_LTURN ($1 $0)))))) : ((str -> str) -> str -> t0) -> (t1 -> str) -> t1 -> t0
	#(lambda (lambda (lambda (SCAN_LTURN ($1 ($2 $0) SCAN_LTURN))))) : (t0 -> t1) -> (t1 -> (str -> str) -> str) -> t0 -> str
	#(lambda (lambda (lambda (SCAN_LTURN ($1 ($0 $2) SCAN_LTURN))))) : t0 -> (t1 -> (str -> str) -> str) -> (t0 -> t1) -> str
	#(lambda (lambda (lambda (SCAN_LTURN ($1 SCAN_LTURN ($2 $0)))))) : (t0 -> t1) -> ((str -> str) -> t1 -> str) -> t0 -> str
	#(lambda (lambda ($1 (lambda (lambda (SCAN_LTURN ($0 ($1 $2))))) SCAN_LTURN))) : (((t0 -> t1) -> (t1 -> str) -> str) -> (str -> str) -> t2) -> t0 -> t2
	#(lambda (lambda (lambda ($1 SCAN_LTURN (SCAN_LTURN ($2 $0)))))) : (t0 -> str) -> ((str -> str) -> str -> t1) -> t0 -> t1
	#(lambda (lambda (lambda ($1 (SCAN_LTURN ($2 $0)) SCAN_LTURN)))) : (t0 -> str) -> (str -> (str -> str) -> t1) -> t0 -> t1
	#(lambda (SCAN_LTURN ($0 (lambda ($0 SCAN_LTURN))))) : ((((str -> str) -> t0) -> t0) -> str) -> str
	#(lambda (lambda (SCAN_LTURN (SCAN_LTURN ($0 (lambda ($2 $0))))))) : (t0 -> t1) -> ((t0 -> t1) -> str) -> str
	#(lambda (lambda (SCAN_LTURN (SCAN_LTURN ($0 (lambda ($0 $2))))))) : t0 -> (((t0 -> t1) -> t1) -> str) -> str
	#(lambda ($0 (lambda (lambda (SCAN_LTURN (SCAN_LTURN ($0 $1))))))) : ((t0 -> (t0 -> str) -> str) -> t1) -> t1
	#(lambda (lambda (lambda ($1 (SCAN_LTURN ($0 $2)) SCAN_LTURN)))) : t0 -> (str -> (str -> str) -> t1) -> (t0 -> str) -> t1
	#(lambda (lambda (SCAN_LTURN ($0 (lambda (lambda (SCAN_LTURN ($1 $0)))) $1)))) : t0 -> (((t1 -> str) -> t1 -> str) -> t0 -> str) -> str
	#(lambda (lambda ($0 (lambda (SCAN_LTURN ($0 $2))) SCAN_LTURN))) : t0 -> (((t0 -> str) -> str) -> (str -> str) -> t1) -> t1
	#(lambda (lambda (lambda ($1 (SCAN_LTURN ($2 $0)) SCAN_LTURN)))) : (t0 -> str) -> (str -> (str -> str) -> t1) -> t0 -> t1
	#(lambda (lambda ($0 SCAN_LTURN (lambda (SCAN_LTURN ($0 $2)))))) : t0 -> ((str -> str) -> ((t0 -> str) -> str) -> t1) -> t1
	#(lambda (lambda (SCAN_LTURN ($1 (lambda (SCAN_LTURN $0)) $0)))) : ((str -> str) -> t0 -> str) -> t0 -> str
	#(lambda (lambda (lambda (SCAN_LTURN (SCAN_LTURN ($2 $1 $0)))))) : (t0 -> t1 -> str) -> t0 -> t1 -> str
	#(lambda (lambda (lambda (SCAN_LTURN (SCAN_LTURN ($1 $2 $0)))))) : t0 -> (t0 -> t1 -> str) -> t1 -> str
	#(lambda (lambda ($1 (lambda (lambda (SCAN_LTURN (SCAN_LTURN ($1 $0))))) $0))) : (((t0 -> str) -> t0 -> str) -> t1 -> t2) -> t1 -> t2
	#(lambda (lambda ($0 (lambda (SCAN_LTURN (SCAN_LTURN ($2 $0))))))) : (t0 -> str) -> ((t0 -> str) -> t1) -> t1
	#(lambda (lambda (lambda (SCAN_LTURN ($1 SCAN_LTURN ($2 $0)))))) : (t0 -> t1) -> ((str -> str) -> t1 -> str) -> t0 -> str
	#(lambda (lambda (SCAN_LTURN ($1 (lambda ($0 $1)) SCAN_LTURN)))) : (((t0 -> t1) -> t1) -> (str -> str) -> str) -> t0 -> str
	#(lambda (lambda ($1 $0 (lambda (SCAN_LTURN (SCAN_LTURN $0)))))) : (t0 -> (str -> str) -> t1) -> t0 -> t1
	#(lambda (lambda ($1 $0 SCAN_LTURN SCAN_LTURN))) : (t0 -> (str -> str) -> (str -> str) -> t1) -> t0 -> t1
	#(lambda (lambda ($1 SCAN_LTURN $0 SCAN_LTURN))) : ((str -> str) -> t0 -> (str -> str) -> t1) -> t0 -> t1
	#(lambda ($0 (lambda (SCAN_LTURN $0)) SCAN_LTURN)) : ((str -> str) -> (str -> str) -> t0) -> t0
	#(lambda (lambda ($0 SCAN_LTURN SCAN_LTURN $1))) : t0 -> ((str -> str) -> (str -> str) -> t0 -> t1) -> t1
	#(lambda (lambda ($1 (lambda (lambda ($0 (SCAN_LTURN ($1 $2))))) SCAN_LTURN))) : (((t0 -> str) -> (str -> t1) -> t1) -> (str -> str) -> t2) -> t0 -> t2
	#(lambda (lambda ($1 (lambda (lambda ($0 ($0 ($1 $2))))) SCAN_LTURN))) : (((t0 -> t1) -> (t1 -> t1) -> t1) -> (str -> str) -> t2) -> t0 -> t2
	#(lambda (lambda ($0 (lambda (lambda (SCAN_LTURN (SCAN_LTURN ($1 $0))))) $1))) : t0 -> (((t1 -> str) -> t1 -> str) -> t0 -> t2) -> t2
	#(lambda (lambda (SCAN_RTURN ($0 $1 SCAN_RTURN)))) : t0 -> (t0 -> (str -> str) -> str) -> str
	#(lambda (lambda ($0 $1 SCAN_LTURN SCAN_LTURN))) : t0 -> (t0 -> (str -> str) -> (str -> str) -> t1) -> t1
	#(lambda (lambda (SCAN_LTURN ($1 SCAN_LTURN (lambda ($0 $1)))))) : ((str -> str) -> ((t0 -> t1) -> t1) -> str) -> t0 -> str
	#(lambda (lambda ($0 (lambda (SCAN_RTURN (SCAN_RTURN ($0 $2))))))) : t0 -> (((t0 -> str) -> str) -> t1) -> t1
	#(lambda (lambda (SCAN_LTURN ($1 (lambda ($0 $1)) SCAN_LTURN)))) : (((t0 -> t1) -> t1) -> (str -> str) -> str) -> t0 -> str
	#(lambda (lambda (lambda (SCAN_LTURN (SCAN_LTURN ($2 $0 $1)))))) : (t0 -> t1 -> str) -> t1 -> t0 -> str
	#(lambda (lambda (lambda (SCAN_LTURN (SCAN_LTURN ($0 $2 $1)))))) : t0 -> t1 -> (t0 -> t1 -> str) -> str
	#(lambda (lambda ($1 (lambda (SCAN_LTURN (SCAN_LTURN $0))) $0))) : ((str -> str) -> t0 -> t1) -> t0 -> t1
	#(lambda (lambda (SCAN_RTURN (SCAN_RTURN ($0 (lambda ($0 $2))))))) : t0 -> (((t0 -> t1) -> t1) -> str) -> str
	#(lambda (lambda ($0 (lambda (lambda (SCAN_LTURN ($0 ($1 $3))))) SCAN_LTURN))) : t0 -> (((t0 -> t1) -> (t1 -> str) -> str) -> (str -> str) -> t2) -> t2
	#(lambda (lambda (SCAN_LTURN ($1 (lambda (lambda ($0 ($1 $2)))) SCAN_LTURN)))) : (((t0 -> t1) -> (t1 -> t2) -> t2) -> (str -> str) -> str) -> t0 -> str
	#(lambda (lambda (SCAN_LTURN (SCAN_LTURN ($0 (lambda (lambda ($1 $0))) $1))))) : t0 -> (((t1 -> t2) -> t1 -> t2) -> t0 -> str) -> str
	#(lambda (lambda (lambda (SCAN_LTURN ($0 SCAN_LTURN ($1 $2)))))) : t0 -> (t0 -> t1) -> ((str -> str) -> t1 -> str) -> str
	#(lambda ($0 (lambda (SCAN_LTURN ($0 SCAN_LTURN))))) : ((((str -> str) -> str) -> str) -> t0) -> t0
	#(lambda (SCAN_RTURN ($0 (lambda (SCAN_RTURN $0))))) : ((str -> str) -> str) -> str
	#(lambda (lambda (lambda ($1 (SCAN_LTURN ($0 $2)) SCAN_LTURN)))) : t0 -> (str -> (str -> str) -> t1) -> (t0 -> str) -> t1
	#(lambda (lambda (SCAN_LTURN ($0 (lambda (SCAN_LTURN ($2 $0))))))) : (t0 -> str) -> ((t0 -> str) -> str) -> str
	#(lambda (lambda (SCAN_RTURN (SCAN_RTURN ($1 $0))))) : (t0 -> str) -> t0 -> str
	#(lambda (lambda ($1 (lambda (lambda (SCAN_LTURN ($0 ($1 $2))))) SCAN_LTURN))) : (((t0 -> t1) -> (t1 -> str) -> str) -> (str -> str) -> t2) -> t0 -> t2
	#(lambda (lambda (SCAN_LTURN (SCAN_LTURN ($0 (lambda (lambda ($1 $0))) $1))))) : t0 -> (((t1 -> t2) -> t1 -> t2) -> t0 -> str) -> str
	#(lambda (lambda (lambda ($2 (SCAN_LTURN ($1 $0)) SCAN_LTURN)))) : (str -> (str -> str) -> t0) -> (t1 -> str) -> t1 -> t0
	#(lambda (lambda ($0 SCAN_LTURN $1 SCAN_LTURN))) : t0 -> ((str -> str) -> t0 -> (str -> str) -> t1) -> t1
	#(lambda ($0 (lambda (lambda (lambda ($1 (SCAN_LTURN ($2 $0)))))) SCAN_LTURN)) : (((t0 -> str) -> (str -> t1) -> t0 -> t1) -> (str -> str) -> t2) -> t2
	#(lambda ($0 (lambda (lambda (lambda ($1 ($1 ($2 $0)))))) SCAN_LTURN)) : (((t0 -> t1) -> (t1 -> t1) -> t0 -> t1) -> (str -> str) -> t2) -> t2
	#(lambda (lambda (SCAN_LTURN ($1 (lambda (lambda (SCAN_LTURN ($1 $0)))) $0)))) : (((t0 -> str) -> t0 -> str) -> t1 -> str) -> t1 -> str
	#(lambda (lambda (SCAN_LTURN ($0 (lambda ($0 $2)) SCAN_LTURN)))) : t0 -> (((t0 -> t1) -> t1) -> (str -> str) -> str) -> str
	#(lambda (lambda (lambda (SCAN_LTURN ($2 SCAN_LTURN ($1 $0)))))) : ((str -> str) -> t0 -> str) -> (t1 -> t0) -> t1 -> str
	#(lambda (lambda (SCAN_RTURN (SCAN_RTURN ($0 $1))))) : t0 -> (t0 -> str) -> str
	#(lambda (lambda (SCAN_LTURN ($1 (lambda (SCAN_LTURN ($1 $0))))))) : ((t0 -> str) -> str) -> (t0 -> str) -> str
	#(lambda (lambda (lambda (SCAN_LTURN (SCAN_LTURN ($2 $1 $0)))))) : (t0 -> t1 -> str) -> t0 -> t1 -> str
	#(lambda (lambda ($1 (lambda (SCAN_LTURN (SCAN_LTURN ($1 $0))))))) : ((t0 -> str) -> t1) -> (t0 -> str) -> t1
	#(lambda (lambda (lambda (SCAN_LTURN ($2 ($1 $0) SCAN_LTURN))))) : (t0 -> (str -> str) -> str) -> (t1 -> t0) -> t1 -> str
	#(lambda (lambda ($1 SCAN_LTURN SCAN_LTURN $0))) : ((str -> str) -> (str -> str) -> t0 -> t1) -> t0 -> t1
	#(lambda (lambda (SCAN_RTURN (SCAN_RTURN ($0 $1))))) : t0 -> (t0 -> str) -> str
	#(lambda ($0 (lambda (SCAN_RTURN (SCAN_RTURN $0))))) : ((str -> str) -> t0) -> t0
	#(lambda (lambda (lambda (SCAN_LTURN ($0 ($1 $2) SCAN_LTURN))))) : t0 -> (t0 -> t1) -> (t1 -> (str -> str) -> str) -> str
	#(lambda (lambda ($1 $0 SCAN_LTURN SCAN_LTURN))) : (t0 -> (str -> str) -> (str -> str) -> t1) -> t0 -> t1
	#(lambda ($0 (lambda (lambda (lambda (SCAN_LTURN ($1 ($2 $0)))))) SCAN_LTURN)) : (((t0 -> t1) -> (t1 -> str) -> t0 -> str) -> (str -> str) -> t2) -> t2
	#(lambda (lambda (lambda ($2 SCAN_LTURN (SCAN_LTURN ($1 $0)))))) : ((str -> str) -> str -> t0) -> (t1 -> str) -> t1 -> t0
	#(lambda (lambda (SCAN_LTURN (SCAN_LTURN ($1 (lambda ($1 $0))))))) : ((t0 -> t1) -> str) -> (t0 -> t1) -> str
	#(lambda (lambda ($1 (lambda (SCAN_LTURN (SCAN_LTURN $0))) $0))) : ((str -> str) -> t0 -> t1) -> t0 -> t1
	#(lambda (lambda (SCAN_LTURN (SCAN_LTURN ($1 (lambda ($1 $0))))))) : ((t0 -> t1) -> str) -> (t0 -> t1) -> str
	#(lambda ($0 SCAN_RTURN SCAN_RTURN)) : ((str -> str) -> (str -> str) -> t0) -> t0
	#(lambda (lambda (lambda (SCAN_LTURN ($0 SCAN_LTURN ($1 $2)))))) : t0 -> (t0 -> t1) -> ((str -> str) -> t1 -> str) -> str
	#(lambda (lambda (lambda ($1 (SCAN_LTURN ($2 $0)) SCAN_LTURN)))) : (t0 -> str) -> (str -> (str -> str) -> t1) -> t0 -> t1
	#(lambda (lambda (SCAN_LTURN (SCAN_LTURN ($1 (lambda (lambda ($1 $0))) $0))))) : (((t0 -> t1) -> t0 -> t1) -> t2 -> str) -> t2 -> str
	#(lambda (lambda (SCAN_RTURN ($0 (lambda (SCAN_RTURN ($0 $2))))))) : t0 -> (((t0 -> str) -> str) -> str) -> str
	#(lambda (lambda (SCAN_LTURN ($0 $1 (lambda (SCAN_LTURN $0)))))) : t0 -> (t0 -> (str -> str) -> str) -> str
	#(lambda (lambda (SCAN_LTURN ($1 SCAN_LTURN (lambda ($0 $1)))))) : ((str -> str) -> ((t0 -> t1) -> t1) -> str) -> t0 -> str
	#(lambda (lambda ($0 (lambda (lambda (SCAN_LTURN ($0 ($1 $3))))) SCAN_LTURN))) : t0 -> (((t0 -> t1) -> (t1 -> str) -> str) -> (str -> str) -> t2) -> t2
	#(lambda ($0 (lambda (lambda (SCAN_LTURN ($0 $1)))) SCAN_LTURN)) : ((t0 -> (t0 -> str) -> str) -> (str -> str) -> t1) -> t1
	#(lambda (lambda (lambda (SCAN_LTURN ($1 SCAN_LTURN ($0 $2)))))) : t0 -> ((str -> str) -> t1 -> str) -> (t0 -> t1) -> str
	#(lambda (lambda (lambda ($0 SCAN_LTURN (SCAN_LTURN ($1 $2)))))) : t0 -> (t0 -> str) -> ((str -> str) -> str -> t1) -> t1
	#(lambda (lambda (SCAN_LTURN (SCAN_LTURN ($0 (lambda ($2 $0))))))) : (t0 -> t1) -> ((t0 -> t1) -> str) -> str
	#(lambda (lambda ($1 SCAN_LTURN (lambda (SCAN_LTURN ($0 $1)))))) : ((str -> str) -> ((t0 -> str) -> str) -> t1) -> t0 -> t1
	#(lambda (lambda (SCAN_LTURN ($1 $0 (lambda (SCAN_LTURN $0)))))) : (t0 -> (str -> str) -> str) -> t0 -> str
	#(lambda (lambda (SCAN_LTURN ($0 SCAN_LTURN (lambda ($0 $2)))))) : t0 -> ((str -> str) -> ((t0 -> t1) -> t1) -> str) -> str
	#(lambda (lambda (SCAN_LTURN ($1 (lambda (lambda ($0 ($1 $2)))) SCAN_LTURN)))) : (((t0 -> t1) -> (t1 -> t2) -> t2) -> (str -> str) -> str) -> t0 -> str
	#(lambda (lambda (lambda (SCAN_LTURN ($2 ($1 $0) SCAN_LTURN))))) : (t0 -> (str -> str) -> str) -> (t1 -> t0) -> t1 -> str
	#(lambda (lambda ($0 $1 (lambda (SCAN_LTURN (SCAN_LTURN $0)))))) : t0 -> (t0 -> (str -> str) -> t1) -> t1
	#(lambda (lambda (lambda (SCAN_LTURN ($2 SCAN_LTURN ($1 $0)))))) : ((str -> str) -> t0 -> str) -> (t1 -> t0) -> t1 -> str
	#(lambda (lambda ($1 (lambda (SCAN_LTURN ($0 $1))) SCAN_LTURN))) : (((t0 -> str) -> str) -> (str -> str) -> t1) -> t0 -> t1
	#(lambda (lambda (SCAN_LTURN ($0 (lambda (SCAN_LTURN $0)) $1)))) : t0 -> ((str -> str) -> t0 -> str) -> str
	#(lambda (lambda (lambda (SCAN_LTURN (SCAN_LTURN ($2 $0 $1)))))) : (t0 -> t1 -> str) -> t1 -> t0 -> str
	#(lambda (lambda (lambda (SCAN_LTURN (SCAN_LTURN ($0 $2 $1)))))) : t0 -> t1 -> (t0 -> t1 -> str) -> str
	#(lambda (lambda ($0 (lambda (lambda ($0 (SCAN_LTURN ($1 $3))))) SCAN_LTURN))) : t0 -> (((t0 -> str) -> (str -> t1) -> t1) -> (str -> str) -> t2) -> t2
	#(lambda ($0 (lambda (lambda ($0 (SCAN_LTURN $1)))) SCAN_LTURN)) : ((str -> (str -> t0) -> t0) -> (str -> str) -> t1) -> t1
	#(lambda (lambda ($0 (lambda (lambda ($0 ($0 ($1 $3))))) SCAN_LTURN))) : t0 -> (((t0 -> t1) -> (t1 -> t1) -> t1) -> (str -> str) -> t2) -> t2
	#(lambda ($0 (lambda (lambda ($0 ($0 $1)))) SCAN_LTURN)) : ((t0 -> (t0 -> t0) -> t0) -> (str -> str) -> t1) -> t1
	#(lambda (lambda ($1 (lambda (SCAN_LTURN (SCAN_LTURN ($1 $0))))))) : ((t0 -> str) -> t1) -> (t0 -> str) -> t1
	#(lambda ($0 SCAN_LTURN SCAN_LTURN)) : ((str -> str) -> (str -> str) -> t0) -> t0
	#(lambda (lambda (lambda (SCAN_LTURN ($2 SCAN_LTURN ($1 $0)))))) : ((str -> str) -> t0 -> str) -> (t1 -> t0) -> t1 -> str
	#(lambda (lambda (lambda (SCAN_LTURN (SCAN_LTURN ($2 $1 $0)))))) : (t0 -> t1 -> str) -> t0 -> t1 -> str
	#(lambda (lambda (lambda (SCAN_LTURN (SCAN_LTURN ($1 $2 $0)))))) : t0 -> (t0 -> t1 -> str) -> t1 -> str
	#(lambda (SCAN_LTURN ($0 (lambda (lambda (SCAN_LTURN ($1 $0))))))) : (((t0 -> str) -> t0 -> str) -> str) -> str
	#(lambda (SCAN_LTURN ($0 (lambda (lambda (SCAN_LTURN ($0 $1))))))) : ((t0 -> (t0 -> str) -> str) -> str) -> str
	#(lambda (lambda ($1 SCAN_LTURN $0 SCAN_LTURN))) : ((str -> str) -> t0 -> (str -> str) -> t1) -> t0 -> t1
	#(lambda (lambda (lambda (SCAN_LTURN (SCAN_LTURN ($2 $0 $1)))))) : (t0 -> t1 -> str) -> t1 -> t0 -> str
	#(lambda (lambda (lambda (SCAN_LTURN ($1 SCAN_LTURN ($2 $0)))))) : (t0 -> t1) -> ((str -> str) -> t1 -> str) -> t0 -> str
	#(lambda (lambda (SCAN_LTURN ($0 (lambda (lambda ($0 ($1 $3)))) SCAN_LTURN)))) : t0 -> (((t0 -> t1) -> (t1 -> t2) -> t2) -> (str -> str) -> str) -> str
	#(lambda (lambda (lambda (SCAN_LTURN ($1 SCAN_LTURN ($0 $2)))))) : t0 -> ((str -> str) -> t1 -> str) -> (t0 -> t1) -> str
	#(lambda (lambda ($0 (lambda (lambda ($0 (SCAN_LTURN ($1 $3))))) SCAN_LTURN))) : t0 -> (((t0 -> str) -> (str -> t1) -> t1) -> (str -> str) -> t2) -> t2
	#(lambda (lambda ($0 (lambda (lambda ($0 ($0 ($1 $3))))) SCAN_LTURN))) : t0 -> (((t0 -> t1) -> (t1 -> t1) -> t1) -> (str -> str) -> t2) -> t2
	#(lambda (lambda (lambda ($2 (SCAN_LTURN ($1 $0)) SCAN_LTURN)))) : (str -> (str -> str) -> t0) -> (t1 -> str) -> t1 -> t0
	#(lambda (lambda (lambda ($0 (SCAN_LTURN ($1 $2)) SCAN_LTURN)))) : t0 -> (t0 -> str) -> (str -> (str -> str) -> t1) -> t1
	#(lambda (lambda (lambda (SCAN_LTURN ($1 ($2 $0) SCAN_LTURN))))) : (t0 -> t1) -> (t1 -> (str -> str) -> str) -> t0 -> str
	#(lambda (lambda (lambda (SCAN_LTURN ($1 ($0 $2) SCAN_LTURN))))) : t0 -> (t1 -> (str -> str) -> str) -> (t0 -> t1) -> str
	#(lambda (lambda (lambda ($1 SCAN_LTURN (SCAN_LTURN ($2 $0)))))) : (t0 -> str) -> ((str -> str) -> str -> t1) -> t0 -> t1
	#(lambda (lambda (SCAN_LTURN (SCAN_LTURN ($1 (lambda (lambda ($1 $0))) $0))))) : (((t0 -> t1) -> t0 -> t1) -> t2 -> str) -> t2 -> str
	#(lambda (lambda (SCAN_LTURN ($1 $0 (lambda (SCAN_LTURN $0)))))) : (t0 -> (str -> str) -> str) -> t0 -> str
	#(lambda (lambda (lambda ($0 SCAN_LTURN (SCAN_LTURN ($1 $2)))))) : t0 -> (t0 -> str) -> ((str -> str) -> str -> t1) -> t1
	#(lambda (lambda (lambda ($1 SCAN_LTURN (SCAN_LTURN ($2 $0)))))) : (t0 -> str) -> ((str -> str) -> str -> t1) -> t0 -> t1
	#(lambda (lambda (lambda (SCAN_LTURN ($2 ($1 $0) SCAN_LTURN))))) : (t0 -> (str -> str) -> str) -> (t1 -> t0) -> t1 -> str
	#(lambda (lambda ($1 $0 (lambda (SCAN_LTURN (SCAN_LTURN $0)))))) : (t0 -> (str -> str) -> t1) -> t0 -> t1
	#(lambda (lambda ($1 SCAN_LTURN (lambda (SCAN_LTURN ($0 $1)))))) : ((str -> str) -> ((t0 -> str) -> str) -> t1) -> t0 -> t1
	#(lambda (lambda (lambda (SCAN_LTURN (SCAN_LTURN ($1 $0 $2)))))) : t0 -> (t1 -> t0 -> str) -> t1 -> str
	#(lambda (lambda (lambda (SCAN_LTURN (SCAN_LTURN ($0 $1 $2)))))) : t0 -> t1 -> (t1 -> t0 -> str) -> str
	#(lambda (lambda (SCAN_RTURN ($0 SCAN_RTURN $1)))) : t0 -> ((str -> str) -> t0 -> str) -> str
	#(lambda (lambda ($1 (lambda (lambda (SCAN_LTURN (SCAN_LTURN ($1 $0))))) $0))) : (((t0 -> str) -> t0 -> str) -> t1 -> t2) -> t1 -> t2
	#(lambda (lambda ($1 SCAN_LTURN SCAN_LTURN $0))) : ((str -> str) -> (str -> str) -> t0 -> t1) -> t0 -> t1
	#(lambda (lambda ($0 (lambda (SCAN_LTURN (SCAN_LTURN ($2 $0))))))) : (t0 -> str) -> ((t0 -> str) -> t1) -> t1
	#(lambda (lambda (SCAN_LTURN ($1 (lambda (SCAN_LTURN ($1 $0))))))) : ((t0 -> str) -> str) -> (t0 -> str) -> str
	#(lambda ($0 SCAN_LTURN (lambda (SCAN_LTURN $0)))) : ((str -> str) -> (str -> str) -> t0) -> t0
	#(lambda (lambda ($0 (lambda (lambda (SCAN_LTURN (SCAN_LTURN ($1 $0))))) $1))) : t0 -> (((t1 -> str) -> t1 -> str) -> t0 -> t2) -> t2
	#(lambda (lambda (lambda (SCAN_LTURN (SCAN_LTURN ($1 $0 $2)))))) : t0 -> (t1 -> t0 -> str) -> t1 -> str
	#(lambda (lambda (lambda (SCAN_LTURN (SCAN_LTURN ($0 $1 $2)))))) : t0 -> t1 -> (t1 -> t0 -> str) -> str
	#(lambda (lambda ($1 (lambda (SCAN_LTURN ($0 $1))) SCAN_LTURN))) : (((t0 -> str) -> str) -> (str -> str) -> t1) -> t0 -> t1
	#(lambda (lambda (lambda ($1 SCAN_LTURN (SCAN_LTURN ($0 $2)))))) : t0 -> ((str -> str) -> str -> t1) -> (t0 -> str) -> t1
	#(lambda (lambda (lambda ($2 SCAN_LTURN (SCAN_LTURN ($1 $0)))))) : ((str -> str) -> str -> t0) -> (t1 -> str) -> t1 -> t0
	#(lambda (lambda (lambda (SCAN_LTURN ($1 ($2 $0) SCAN_LTURN))))) : (t0 -> t1) -> (t1 -> (str -> str) -> str) -> t0 -> str
	#(lambda ($0 (lambda (SCAN_LTURN (SCAN_LTURN $0))))) : ((str -> str) -> t0) -> t0
	#(lambda (lambda (lambda (SCAN_LTURN (SCAN_LTURN ($2 $0 $1)))))) : (t0 -> t1 -> str) -> t1 -> t0 -> str
	#(lambda (lambda (lambda (SCAN_LTURN ($2 SCAN_LTURN ($1 $0)))))) : ((str -> str) -> t0 -> str) -> (t1 -> t0) -> t1 -> str
	#(lambda (lambda (lambda ($1 (SCAN_LTURN ($2 $0)) SCAN_LTURN)))) : (t0 -> str) -> (str -> (str -> str) -> t1) -> t0 -> t1
	#(lambda (lambda (lambda (SCAN_LTURN (SCAN_LTURN ($1 $0 $2)))))) : t0 -> (t1 -> t0 -> str) -> t1 -> str
	#(lambda (lambda (SCAN_LTURN ($1 (lambda (SCAN_LTURN ($1 $0))))))) : ((t0 -> str) -> str) -> (t0 -> str) -> str
	#(lambda (lambda (lambda (SCAN_LTURN ($1 SCAN_LTURN ($2 $0)))))) : (t0 -> t1) -> ((str -> str) -> t1 -> str) -> t0 -> str
	#(lambda (lambda (lambda ($2 SCAN_LTURN (SCAN_LTURN ($1 $0)))))) : ((str -> str) -> str -> t0) -> (t1 -> str) -> t1 -> t0
	#(lambda (SCAN_LTURN ($0 (lambda (lambda (SCAN_LTURN ($1 $0))))))) : (((t0 -> str) -> t0 -> str) -> str) -> str
	#(lambda (SCAN_LTURN ($0 (lambda (lambda (SCAN_LTURN ($0 $1))))))) : ((t0 -> (t0 -> str) -> str) -> str) -> str
	#(lambda (lambda (lambda (SCAN_LTURN ($2 ($1 $0) SCAN_LTURN))))) : (t0 -> (str -> str) -> str) -> (t1 -> t0) -> t1 -> str
	#(lambda (lambda (SCAN_LTURN (SCAN_LTURN ($0 (lambda ($2 $0))))))) : (t0 -> t1) -> ((t0 -> t1) -> str) -> str
	#(lambda (lambda (SCAN_LTURN (SCAN_LTURN ($0 (lambda ($0 $2))))))) : t0 -> (((t0 -> t1) -> t1) -> str) -> str
	#(lambda (lambda (lambda ($2 (SCAN_LTURN ($1 $0)) SCAN_LTURN)))) : (str -> (str -> str) -> t0) -> (t1 -> str) -> t1 -> t0
	#(lambda (lambda (SCAN_LTURN ($0 (lambda (SCAN_LTURN ($2 $0))))))) : (t0 -> str) -> ((t0 -> str) -> str) -> str
	#(lambda (lambda (SCAN_LTURN ($0 (lambda (SCAN_LTURN ($0 $2))))))) : t0 -> (((t0 -> str) -> str) -> str) -> str
	#(lambda (lambda (SCAN_LTURN (SCAN_LTURN ($1 (lambda ($1 $0))))))) : ((t0 -> t1) -> str) -> (t0 -> t1) -> str
	#(lambda (lambda (lambda (SCAN_LTURN ($1 ($2 $0) SCAN_LTURN))))) : (t0 -> t1) -> (t1 -> (str -> str) -> str) -> t0 -> str
	#(lambda (lambda (lambda (SCAN_LTURN (SCAN_LTURN ($2 $1 $0)))))) : (t0 -> t1 -> str) -> t0 -> t1 -> str
	#(lambda (lambda (lambda (SCAN_LTURN (SCAN_LTURN ($1 $2 $0)))))) : t0 -> (t0 -> t1 -> str) -> t1 -> str
	#(lambda (lambda ($0 (lambda (SCAN_LTURN (SCAN_LTURN ($0 $2))))))) : t0 -> (((t0 -> str) -> str) -> t1) -> t1
	#(lambda (SCAN_LTURN (SCAN_LTURN ($0 (lambda (lambda ($1 $0))))))) : (((t0 -> t1) -> t0 -> t1) -> str) -> str
	#(lambda (SCAN_LTURN (SCAN_LTURN ($0 (lambda (lambda ($0 $1))))))) : ((t0 -> (t0 -> t1) -> t1) -> str) -> str
	#(lambda (lambda ($0 (lambda (SCAN_LTURN (SCAN_LTURN ($2 $0))))))) : (t0 -> str) -> ((t0 -> str) -> t1) -> t1
	#(lambda (lambda ($1 (lambda (SCAN_LTURN (SCAN_LTURN ($1 $0))))))) : ((t0 -> str) -> t1) -> (t0 -> str) -> t1
	#(lambda ($0 (lambda (lambda (SCAN_LTURN (SCAN_LTURN ($0 $1))))))) : ((t0 -> (t0 -> str) -> str) -> t1) -> t1
	#(lambda (lambda (lambda ($1 SCAN_LTURN (SCAN_LTURN ($2 $0)))))) : (t0 -> str) -> ((str -> str) -> str -> t1) -> t0 -> t1
	#(lambda (lambda (SCAN_LTURN ($1 SCAN_LTURN (lambda ($0 $1)))))) : ((str -> str) -> ((t0 -> t1) -> t1) -> str) -> t0 -> str
	#(lambda (lambda (SCAN_LTURN ($1 (lambda ($0 $1)) SCAN_LTURN)))) : (((t0 -> t1) -> t1) -> (str -> str) -> str) -> t0 -> str
	#(lambda ($0 (lambda (lambda (SCAN_LTURN ($0 $1)))) SCAN_LTURN)) : ((t0 -> (t0 -> str) -> str) -> (str -> str) -> t1) -> t1
	#(lambda ($0 (lambda (SCAN_LTURN (SCAN_LTURN $0))))) : ((str -> str) -> t0) -> t0
	#(lambda (lambda (SCAN_LTURN ($1 SCAN_LTURN $0)))) : ((str -> str) -> t0 -> str) -> t0 -> str
	#(lambda (SCAN_LTURN ($0 (lambda (SCAN_LTURN $0))))) : ((str -> str) -> str) -> str
	#(lambda (SCAN_LTURN ($0 SCAN_LTURN))) : ((str -> str) -> str) -> str
	#(lambda (lambda (SCAN_LTURN ($1 $0 (lambda (SCAN_LTURN $0)))))) : (t0 -> (str -> str) -> str) -> t0 -> str
	#(lambda (SCAN_LTURN ($0 (lambda (lambda ($0 $1))) SCAN_LTURN))) : ((t0 -> (t0 -> t1) -> t1) -> (str -> str) -> str) -> str
	#(lambda ($0 (lambda (lambda ($0 (SCAN_LTURN $1)))) SCAN_LTURN)) : ((str -> (str -> t0) -> t0) -> (str -> str) -> t1) -> t1
	#(lambda ($0 (lambda (lambda ($0 ($0 $1)))) SCAN_LTURN)) : ((t0 -> (t0 -> t0) -> t0) -> (str -> str) -> t1) -> t1
	#(lambda (lambda (SCAN_LTURN ($1 (lambda (SCAN_LTURN $0)) $0)))) : ((str -> str) -> t0 -> str) -> t0 -> str
	#(lambda (lambda ($1 (lambda (SCAN_LTURN ($0 $1))) SCAN_LTURN))) : (((t0 -> str) -> str) -> (str -> str) -> t1) -> t0 -> t1
	#(lambda (lambda ($1 SCAN_LTURN (lambda (SCAN_LTURN ($0 $1)))))) : ((str -> str) -> ((t0 -> str) -> str) -> t1) -> t0 -> t1
	#(lambda (lambda ($1 (lambda (SCAN_LTURN (SCAN_LTURN $0))) $0))) : ((str -> str) -> t0 -> t1) -> t0 -> t1
	#(lambda (lambda ($1 $0 (lambda (SCAN_LTURN (SCAN_LTURN $0)))))) : (t0 -> (str -> str) -> t1) -> t0 -> t1
	#(lambda (lambda (SCAN_LTURN ($1 $0 SCAN_LTURN)))) : (t0 -> (str -> str) -> str) -> t0 -> str
	#(lambda (lambda ($0 (lambda ($0 ($0 (SCAN_JUMP $2))))))) : str -> (((str -> str) -> str) -> t0) -> t0
	#(lambda (lambda ($0 (lambda ($0 ($0 (SCAN_RUN $2))))))) : str -> (((str -> str) -> str) -> t0) -> t0
	#(lambda (lambda ($0 (lambda ($0 ($0 (SCAN_WALK $2))))))) : str -> (((str -> str) -> str) -> t0) -> t0
	#(lambda (lambda ($0 (lambda ($0 ($0 (SCAN_LOOK $2))))))) : str -> (((str -> str) -> str) -> t0) -> t0
	#(lambda (lambda ($0 (SCAN_LTURN $1) SCAN_LTURN))) : str -> (str -> (str -> str) -> t0) -> t0
	#(lambda (lambda ($0 SCAN_LTURN (SCAN_LTURN $1)))) : str -> ((str -> str) -> str -> t0) -> t0
	#(lambda (lambda ($1 ($1 ($0 SCAN_JUMP))))) : (t0 -> t0) -> ((str -> str) -> t0) -> t0
	#(lambda (lambda ($1 ($1 ($0 SCAN_RUN))))) : (t0 -> t0) -> ((str -> str) -> t0) -> t0
	#(lambda (lambda ($0 ($0 ($1 SCAN_LOOK))))) : ((str -> str) -> t0) -> (t0 -> t0) -> t0
	#(lambda (lambda ($0 ($0 ($1 SCAN_JUMP))))) : ((str -> str) -> t0) -> (t0 -> t0) -> t0
	#(lambda (lambda ($1 ($1 ($0 SCAN_LOOK))))) : (t0 -> t0) -> ((str -> str) -> t0) -> t0
	#(lambda (lambda ($1 ($1 ($0 SCAN_WALK))))) : (t0 -> t0) -> ((str -> str) -> t0) -> t0
	#(lambda (lambda ($0 ($0 ($1 SCAN_RUN))))) : ((str -> str) -> t0) -> (t0 -> t0) -> t0
	#(lambda (lambda ($0 ($0 ($1 SCAN_WALK))))) : ((str -> str) -> t0) -> (t0 -> t0) -> t0
	#(lambda (lambda (SCAN_RTURN ($0 (lambda (SCAN_RTURN ($0 $2))))))) : t0 -> (((t0 -> str) -> str) -> str) -> str
	#(lambda (lambda ($0 (lambda (SCAN_RTURN (SCAN_RTURN ($0 $2))))))) : t0 -> (((t0 -> str) -> str) -> t1) -> t1
	#(lambda (lambda (SCAN_RTURN (SCAN_RTURN ($0 (lambda ($0 $2))))))) : t0 -> (((t0 -> t1) -> t1) -> str) -> str
	#(lambda (lambda (lambda (SCAN_LTURN ($0 SCAN_LTURN ($1 $2)))))) : t0 -> (t0 -> t1) -> ((str -> str) -> t1 -> str) -> str
	#(lambda (lambda (lambda ($1 (SCAN_LTURN ($0 $2)) SCAN_LTURN)))) : t0 -> (str -> (str -> str) -> t1) -> (t0 -> str) -> t1
	#(lambda (lambda (lambda (SCAN_LTURN ($1 SCAN_LTURN ($0 $2)))))) : t0 -> ((str -> str) -> t1 -> str) -> (t0 -> t1) -> str
	#(lambda (lambda (lambda ($0 (SCAN_LTURN ($1 $2)) SCAN_LTURN)))) : t0 -> (t0 -> str) -> (str -> (str -> str) -> t1) -> t1
	#(lambda (lambda (lambda (SCAN_LTURN ($0 ($1 $2) SCAN_LTURN))))) : t0 -> (t0 -> t1) -> (t1 -> (str -> str) -> str) -> str
	#(lambda (lambda (lambda (SCAN_LTURN (SCAN_LTURN ($1 $0 $2)))))) : t0 -> (t1 -> t0 -> str) -> t1 -> str
	#(lambda (lambda (lambda (SCAN_LTURN (SCAN_LTURN ($0 $1 $2)))))) : t0 -> t1 -> (t1 -> t0 -> str) -> str
	#(lambda (lambda (lambda (SCAN_LTURN (SCAN_LTURN ($1 $2 $0)))))) : t0 -> (t0 -> t1 -> str) -> t1 -> str
	#(lambda (lambda (lambda (SCAN_LTURN (SCAN_LTURN ($0 $2 $1)))))) : t0 -> t1 -> (t0 -> t1 -> str) -> str
	#(lambda (lambda (lambda ($1 SCAN_LTURN (SCAN_LTURN ($0 $2)))))) : t0 -> ((str -> str) -> str -> t1) -> (t0 -> str) -> t1
	#(lambda (lambda (lambda ($0 SCAN_LTURN (SCAN_LTURN ($1 $2)))))) : t0 -> (t0 -> str) -> ((str -> str) -> str -> t1) -> t1
	#(lambda (lambda (lambda (SCAN_LTURN ($1 ($0 $2) SCAN_LTURN))))) : t0 -> (t1 -> (str -> str) -> str) -> (t0 -> t1) -> str
	#(lambda (lambda ($1 (SCAN_LTURN $0) SCAN_LTURN))) : (str -> (str -> str) -> t0) -> str -> t0
	#(lambda (lambda ($1 SCAN_LTURN (SCAN_LTURN $0)))) : ((str -> str) -> str -> t0) -> str -> t0
	#(lambda (SCAN_RTURN ($0 SCAN_RTURN))) : ((str -> str) -> str) -> str
	#(lambda ($0 (lambda (SCAN_RTURN (SCAN_RTURN $0))))) : ((str -> str) -> t0) -> t0
	#(lambda (SCAN_RTURN ($0 (lambda (SCAN_RTURN $0))))) : ((str -> str) -> str) -> str
	#(lambda (lambda (SCAN_LTURN ($0 SCAN_LTURN $1)))) : t0 -> ((str -> str) -> t0 -> str) -> str
	#(lambda (lambda ($0 (lambda (SCAN_LTURN (SCAN_LTURN $0))) $1))) : t0 -> ((str -> str) -> t0 -> t1) -> t1
	#(lambda (lambda (SCAN_LTURN ($0 $1 (lambda (SCAN_LTURN $0)))))) : t0 -> (t0 -> (str -> str) -> str) -> str
	#(lambda (lambda (SCAN_LTURN ($0 (lambda ($0 $2)) SCAN_LTURN)))) : t0 -> (((t0 -> t1) -> t1) -> (str -> str) -> str) -> str
	#(lambda (lambda ($0 (lambda (SCAN_LTURN ($0 $2))) SCAN_LTURN))) : t0 -> (((t0 -> str) -> str) -> (str -> str) -> t1) -> t1
	#(lambda (lambda ($0 SCAN_LTURN (lambda (SCAN_LTURN ($0 $2)))))) : t0 -> ((str -> str) -> ((t0 -> str) -> str) -> t1) -> t1
	#(lambda (lambda (SCAN_LTURN ($0 SCAN_LTURN (lambda ($0 $2)))))) : t0 -> ((str -> str) -> ((t0 -> t1) -> t1) -> str) -> str
	#(lambda (lambda (SCAN_LTURN ($0 (lambda (SCAN_LTURN $0)) $1)))) : t0 -> ((str -> str) -> t0 -> str) -> str
	#(lambda (lambda (SCAN_LTURN ($0 $1 SCAN_LTURN)))) : t0 -> (t0 -> (str -> str) -> str) -> str
	#(lambda (lambda ($0 $1 (lambda (SCAN_LTURN (SCAN_LTURN $0)))))) : t0 -> (t0 -> (str -> str) -> t1) -> t1
	#(lambda (lambda (SCAN_LTURN ($0 $1 SCAN_LTURN)))) : t0 -> (t0 -> (str -> str) -> str) -> str
	#(lambda ($0 SCAN_LTURN (lambda (SCAN_LTURN $0)))) : ((str -> str) -> (str -> str) -> t0) -> t0
	#(lambda (lambda ($1 SCAN_LTURN $0 SCAN_LTURN))) : ((str -> str) -> t0 -> (str -> str) -> t1) -> t0 -> t1
	#(lambda ($0 (lambda (SCAN_LTURN ($0 SCAN_LTURN))))) : ((((str -> str) -> str) -> str) -> t0) -> t0
	#(lambda (SCAN_LTURN ($0 (lambda ($0 SCAN_LTURN))))) : ((((str -> str) -> t0) -> t0) -> str) -> str
	#(lambda (lambda ($0 SCAN_LTURN (SCAN_LTURN $1)))) : str -> ((str -> str) -> str -> t0) -> t0
	#(lambda (lambda (SCAN_LTURN ($0 SCAN_LTURN $1)))) : t0 -> ((str -> str) -> t0 -> str) -> str
	#(lambda ($0 (lambda (SCAN_LTURN $0)) SCAN_LTURN)) : ((str -> str) -> (str -> str) -> t0) -> t0
	#(lambda (lambda ($1 SCAN_LTURN SCAN_LTURN $0))) : ((str -> str) -> (str -> str) -> t0 -> t1) -> t0 -> t1
	#(lambda (lambda ($1 $0 SCAN_LTURN SCAN_LTURN))) : (t0 -> (str -> str) -> (str -> str) -> t1) -> t0 -> t1
	#(lambda (lambda ($0 (SCAN_LTURN $1) SCAN_LTURN))) : str -> (str -> (str -> str) -> t0) -> t0
	#(lambda ($0 SCAN_LTURN SCAN_LTURN)) : ((str -> str) -> (str -> str) -> t0) -> t0
	#(lambda (lambda (SCAN_RTURN ($0 SCAN_RTURN $1)))) : t0 -> ((str -> str) -> t0 -> str) -> str
	#(lambda (lambda (SCAN_RTURN ($0 $1 SCAN_RTURN)))) : t0 -> (t0 -> (str -> str) -> str) -> str
	#(lambda (lambda ($0 SCAN_LTURN $1 SCAN_LTURN))) : t0 -> ((str -> str) -> t0 -> (str -> str) -> t1) -> t1
	#(lambda (lambda ($0 $1 SCAN_LTURN SCAN_LTURN))) : t0 -> (t0 -> (str -> str) -> (str -> str) -> t1) -> t1
	#(lambda (lambda ($0 SCAN_LTURN SCAN_LTURN $1))) : t0 -> ((str -> str) -> (str -> str) -> t0 -> t1) -> t1
	#(lambda ($0 SCAN_RTURN SCAN_RTURN)) : ((str -> str) -> (str -> str) -> t0) -> t0
	#(lambda (lambda ($0 ($0 ($1 SCAN_LOOK))))) : ((str -> str) -> t0) -> (t0 -> t0) -> t0
	#(lambda (lambda ($0 (lambda ($0 ($0 (SCAN_LOOK $2))))))) : str -> (((str -> str) -> str) -> t0) -> t0
	#(lambda (lambda ($1 ($1 ($0 SCAN_WALK))))) : (t0 -> t0) -> ((str -> str) -> t0) -> t0
